[2024-10-10T13:59:18.234+0000] {processor.py:186} INFO - Started process (PID=98) to work on /home/airflow/.local/lib/python3.12/site-packages/airflow/example_dags/example_dataset_alias.py
[2024-10-10T13:59:18.235+0000] {processor.py:914} INFO - Processing file /home/airflow/.local/lib/python3.12/site-packages/airflow/example_dags/example_dataset_alias.py for tasks to queue
[2024-10-10T13:59:18.236+0000] {logging_mixin.py:190} INFO - [2024-10-10T13:59:18.236+0000] {dagbag.py:588} INFO - Filling up the DagBag from /home/airflow/.local/lib/python3.12/site-packages/airflow/example_dags/example_dataset_alias.py
[2024-10-10T13:59:18.361+0000] {processor.py:925} INFO - DAG(s) 'dataset_s3_bucket_producer', 'dataset_s3_bucket_consumer', 'dataset_alias_example_alias_consumer', 'dataset_alias_example_alias_producer' retrieved from /home/airflow/.local/lib/python3.12/site-packages/airflow/example_dags/example_dataset_alias.py
[2024-10-10T13:59:18.378+0000] {logging_mixin.py:190} INFO - [2024-10-10T13:59:18.378+0000] {dag.py:3239} INFO - Sync 4 DAGs
[2024-10-10T13:59:18.398+0000] {logging_mixin.py:190} INFO - [2024-10-10T13:59:18.398+0000] {dag.py:4180} INFO - Setting next_dagrun for dataset_alias_example_alias_consumer to None, run_after=None
[2024-10-10T13:59:18.400+0000] {logging_mixin.py:190} INFO - [2024-10-10T13:59:18.400+0000] {dag.py:4180} INFO - Setting next_dagrun for dataset_alias_example_alias_producer to None, run_after=None
[2024-10-10T13:59:18.401+0000] {logging_mixin.py:190} INFO - [2024-10-10T13:59:18.401+0000] {dag.py:4180} INFO - Setting next_dagrun for dataset_s3_bucket_consumer to None, run_after=None
[2024-10-10T13:59:18.402+0000] {logging_mixin.py:190} INFO - [2024-10-10T13:59:18.402+0000] {dag.py:4180} INFO - Setting next_dagrun for dataset_s3_bucket_producer to None, run_after=None
[2024-10-10T13:59:18.418+0000] {processor.py:208} INFO - Processing /home/airflow/.local/lib/python3.12/site-packages/airflow/example_dags/example_dataset_alias.py took 0.189 seconds
[2024-10-10T13:59:49.345+0000] {processor.py:186} INFO - Started process (PID=160) to work on /home/airflow/.local/lib/python3.12/site-packages/airflow/example_dags/example_dataset_alias.py
[2024-10-10T13:59:49.346+0000] {processor.py:914} INFO - Processing file /home/airflow/.local/lib/python3.12/site-packages/airflow/example_dags/example_dataset_alias.py for tasks to queue
[2024-10-10T13:59:49.349+0000] {logging_mixin.py:190} INFO - [2024-10-10T13:59:49.349+0000] {dagbag.py:588} INFO - Filling up the DagBag from /home/airflow/.local/lib/python3.12/site-packages/airflow/example_dags/example_dataset_alias.py
[2024-10-10T13:59:49.483+0000] {processor.py:925} INFO - DAG(s) 'dataset_s3_bucket_producer', 'dataset_alias_example_alias_producer', 'dataset_alias_example_alias_consumer', 'dataset_s3_bucket_consumer' retrieved from /home/airflow/.local/lib/python3.12/site-packages/airflow/example_dags/example_dataset_alias.py
[2024-10-10T13:59:49.501+0000] {logging_mixin.py:190} INFO - [2024-10-10T13:59:49.500+0000] {dag.py:3239} INFO - Sync 4 DAGs
[2024-10-10T13:59:49.523+0000] {logging_mixin.py:190} INFO - [2024-10-10T13:59:49.523+0000] {dag.py:4180} INFO - Setting next_dagrun for dataset_alias_example_alias_consumer to None, run_after=None
[2024-10-10T13:59:49.525+0000] {logging_mixin.py:190} INFO - [2024-10-10T13:59:49.525+0000] {dag.py:4180} INFO - Setting next_dagrun for dataset_alias_example_alias_producer to None, run_after=None
[2024-10-10T13:59:49.527+0000] {logging_mixin.py:190} INFO - [2024-10-10T13:59:49.527+0000] {dag.py:4180} INFO - Setting next_dagrun for dataset_s3_bucket_consumer to None, run_after=None
[2024-10-10T13:59:49.528+0000] {logging_mixin.py:190} INFO - [2024-10-10T13:59:49.528+0000] {dag.py:4180} INFO - Setting next_dagrun for dataset_s3_bucket_producer to None, run_after=None
[2024-10-10T13:59:49.545+0000] {processor.py:208} INFO - Processing /home/airflow/.local/lib/python3.12/site-packages/airflow/example_dags/example_dataset_alias.py took 0.206 seconds
[2024-10-10T14:00:20.517+0000] {processor.py:186} INFO - Started process (PID=223) to work on /home/airflow/.local/lib/python3.12/site-packages/airflow/example_dags/example_dataset_alias.py
[2024-10-10T14:00:20.522+0000] {processor.py:914} INFO - Processing file /home/airflow/.local/lib/python3.12/site-packages/airflow/example_dags/example_dataset_alias.py for tasks to queue
[2024-10-10T14:00:20.525+0000] {logging_mixin.py:190} INFO - [2024-10-10T14:00:20.524+0000] {dagbag.py:588} INFO - Filling up the DagBag from /home/airflow/.local/lib/python3.12/site-packages/airflow/example_dags/example_dataset_alias.py
[2024-10-10T14:00:20.667+0000] {processor.py:925} INFO - DAG(s) 'dataset_s3_bucket_producer', 'dataset_alias_example_alias_consumer', 'dataset_alias_example_alias_producer', 'dataset_s3_bucket_consumer' retrieved from /home/airflow/.local/lib/python3.12/site-packages/airflow/example_dags/example_dataset_alias.py
[2024-10-10T14:00:20.687+0000] {logging_mixin.py:190} INFO - [2024-10-10T14:00:20.686+0000] {dag.py:3239} INFO - Sync 4 DAGs
[2024-10-10T14:00:20.711+0000] {logging_mixin.py:190} INFO - [2024-10-10T14:00:20.711+0000] {dag.py:4180} INFO - Setting next_dagrun for dataset_alias_example_alias_consumer to None, run_after=None
[2024-10-10T14:00:20.715+0000] {logging_mixin.py:190} INFO - [2024-10-10T14:00:20.715+0000] {dag.py:4180} INFO - Setting next_dagrun for dataset_alias_example_alias_producer to None, run_after=None
[2024-10-10T14:00:20.716+0000] {logging_mixin.py:190} INFO - [2024-10-10T14:00:20.716+0000] {dag.py:4180} INFO - Setting next_dagrun for dataset_s3_bucket_consumer to None, run_after=None
[2024-10-10T14:00:20.717+0000] {logging_mixin.py:190} INFO - [2024-10-10T14:00:20.717+0000] {dag.py:4180} INFO - Setting next_dagrun for dataset_s3_bucket_producer to None, run_after=None
[2024-10-10T14:00:20.735+0000] {processor.py:208} INFO - Processing /home/airflow/.local/lib/python3.12/site-packages/airflow/example_dags/example_dataset_alias.py took 0.222 seconds
[2024-10-10T14:00:50.903+0000] {processor.py:186} INFO - Started process (PID=285) to work on /home/airflow/.local/lib/python3.12/site-packages/airflow/example_dags/example_dataset_alias.py
[2024-10-10T14:00:50.909+0000] {processor.py:914} INFO - Processing file /home/airflow/.local/lib/python3.12/site-packages/airflow/example_dags/example_dataset_alias.py for tasks to queue
[2024-10-10T14:00:50.911+0000] {logging_mixin.py:190} INFO - [2024-10-10T14:00:50.911+0000] {dagbag.py:588} INFO - Filling up the DagBag from /home/airflow/.local/lib/python3.12/site-packages/airflow/example_dags/example_dataset_alias.py
[2024-10-10T14:00:51.051+0000] {processor.py:925} INFO - DAG(s) 'dataset_s3_bucket_producer', 'dataset_alias_example_alias_consumer', 'dataset_s3_bucket_consumer', 'dataset_alias_example_alias_producer' retrieved from /home/airflow/.local/lib/python3.12/site-packages/airflow/example_dags/example_dataset_alias.py
[2024-10-10T14:00:51.072+0000] {logging_mixin.py:190} INFO - [2024-10-10T14:00:51.072+0000] {dag.py:3239} INFO - Sync 4 DAGs
[2024-10-10T14:00:51.090+0000] {logging_mixin.py:190} INFO - [2024-10-10T14:00:51.090+0000] {dag.py:4180} INFO - Setting next_dagrun for dataset_alias_example_alias_consumer to None, run_after=None
[2024-10-10T14:00:51.093+0000] {logging_mixin.py:190} INFO - [2024-10-10T14:00:51.093+0000] {dag.py:4180} INFO - Setting next_dagrun for dataset_alias_example_alias_producer to None, run_after=None
[2024-10-10T14:00:51.094+0000] {logging_mixin.py:190} INFO - [2024-10-10T14:00:51.094+0000] {dag.py:4180} INFO - Setting next_dagrun for dataset_s3_bucket_consumer to None, run_after=None
[2024-10-10T14:00:51.095+0000] {logging_mixin.py:190} INFO - [2024-10-10T14:00:51.094+0000] {dag.py:4180} INFO - Setting next_dagrun for dataset_s3_bucket_producer to None, run_after=None
[2024-10-10T14:00:51.112+0000] {processor.py:208} INFO - Processing /home/airflow/.local/lib/python3.12/site-packages/airflow/example_dags/example_dataset_alias.py took 0.213 seconds
[2024-10-10T14:01:21.148+0000] {processor.py:186} INFO - Started process (PID=348) to work on /home/airflow/.local/lib/python3.12/site-packages/airflow/example_dags/example_dataset_alias.py
[2024-10-10T14:01:21.148+0000] {processor.py:914} INFO - Processing file /home/airflow/.local/lib/python3.12/site-packages/airflow/example_dags/example_dataset_alias.py for tasks to queue
[2024-10-10T14:01:21.150+0000] {logging_mixin.py:190} INFO - [2024-10-10T14:01:21.150+0000] {dagbag.py:588} INFO - Filling up the DagBag from /home/airflow/.local/lib/python3.12/site-packages/airflow/example_dags/example_dataset_alias.py
[2024-10-10T14:01:21.277+0000] {processor.py:925} INFO - DAG(s) 'dataset_s3_bucket_producer', 'dataset_alias_example_alias_consumer', 'dataset_s3_bucket_consumer', 'dataset_alias_example_alias_producer' retrieved from /home/airflow/.local/lib/python3.12/site-packages/airflow/example_dags/example_dataset_alias.py
[2024-10-10T14:01:21.291+0000] {logging_mixin.py:190} INFO - [2024-10-10T14:01:21.291+0000] {dag.py:3239} INFO - Sync 4 DAGs
[2024-10-10T14:01:21.310+0000] {logging_mixin.py:190} INFO - [2024-10-10T14:01:21.310+0000] {dag.py:4180} INFO - Setting next_dagrun for dataset_alias_example_alias_consumer to None, run_after=None
[2024-10-10T14:01:21.313+0000] {logging_mixin.py:190} INFO - [2024-10-10T14:01:21.313+0000] {dag.py:4180} INFO - Setting next_dagrun for dataset_alias_example_alias_producer to None, run_after=None
[2024-10-10T14:01:21.314+0000] {logging_mixin.py:190} INFO - [2024-10-10T14:01:21.314+0000] {dag.py:4180} INFO - Setting next_dagrun for dataset_s3_bucket_consumer to None, run_after=None
[2024-10-10T14:01:21.315+0000] {logging_mixin.py:190} INFO - [2024-10-10T14:01:21.314+0000] {dag.py:4180} INFO - Setting next_dagrun for dataset_s3_bucket_producer to None, run_after=None
[2024-10-10T14:01:21.330+0000] {processor.py:208} INFO - Processing /home/airflow/.local/lib/python3.12/site-packages/airflow/example_dags/example_dataset_alias.py took 0.186 seconds
[2024-10-10T14:01:51.379+0000] {processor.py:186} INFO - Started process (PID=411) to work on /home/airflow/.local/lib/python3.12/site-packages/airflow/example_dags/example_dataset_alias.py
[2024-10-10T14:01:51.379+0000] {processor.py:914} INFO - Processing file /home/airflow/.local/lib/python3.12/site-packages/airflow/example_dags/example_dataset_alias.py for tasks to queue
[2024-10-10T14:01:51.381+0000] {logging_mixin.py:190} INFO - [2024-10-10T14:01:51.381+0000] {dagbag.py:588} INFO - Filling up the DagBag from /home/airflow/.local/lib/python3.12/site-packages/airflow/example_dags/example_dataset_alias.py
[2024-10-10T14:01:51.499+0000] {processor.py:925} INFO - DAG(s) 'dataset_s3_bucket_producer', 'dataset_s3_bucket_consumer', 'dataset_alias_example_alias_consumer', 'dataset_alias_example_alias_producer' retrieved from /home/airflow/.local/lib/python3.12/site-packages/airflow/example_dags/example_dataset_alias.py
[2024-10-10T14:01:51.516+0000] {logging_mixin.py:190} INFO - [2024-10-10T14:01:51.515+0000] {dag.py:3239} INFO - Sync 4 DAGs
[2024-10-10T14:01:51.534+0000] {logging_mixin.py:190} INFO - [2024-10-10T14:01:51.534+0000] {dag.py:4180} INFO - Setting next_dagrun for dataset_alias_example_alias_consumer to None, run_after=None
[2024-10-10T14:01:51.538+0000] {logging_mixin.py:190} INFO - [2024-10-10T14:01:51.538+0000] {dag.py:4180} INFO - Setting next_dagrun for dataset_alias_example_alias_producer to None, run_after=None
[2024-10-10T14:01:51.539+0000] {logging_mixin.py:190} INFO - [2024-10-10T14:01:51.539+0000] {dag.py:4180} INFO - Setting next_dagrun for dataset_s3_bucket_consumer to None, run_after=None
[2024-10-10T14:01:51.540+0000] {logging_mixin.py:190} INFO - [2024-10-10T14:01:51.540+0000] {dag.py:4180} INFO - Setting next_dagrun for dataset_s3_bucket_producer to None, run_after=None
[2024-10-10T14:01:51.556+0000] {processor.py:208} INFO - Processing /home/airflow/.local/lib/python3.12/site-packages/airflow/example_dags/example_dataset_alias.py took 0.181 seconds
[2024-10-10T14:02:21.655+0000] {processor.py:186} INFO - Started process (PID=471) to work on /home/airflow/.local/lib/python3.12/site-packages/airflow/example_dags/example_dataset_alias.py
[2024-10-10T14:02:21.655+0000] {processor.py:914} INFO - Processing file /home/airflow/.local/lib/python3.12/site-packages/airflow/example_dags/example_dataset_alias.py for tasks to queue
[2024-10-10T14:02:21.657+0000] {logging_mixin.py:190} INFO - [2024-10-10T14:02:21.657+0000] {dagbag.py:588} INFO - Filling up the DagBag from /home/airflow/.local/lib/python3.12/site-packages/airflow/example_dags/example_dataset_alias.py
[2024-10-10T14:02:21.771+0000] {processor.py:925} INFO - DAG(s) 'dataset_s3_bucket_producer', 'dataset_alias_example_alias_producer', 'dataset_s3_bucket_consumer', 'dataset_alias_example_alias_consumer' retrieved from /home/airflow/.local/lib/python3.12/site-packages/airflow/example_dags/example_dataset_alias.py
[2024-10-10T14:02:21.787+0000] {logging_mixin.py:190} INFO - [2024-10-10T14:02:21.787+0000] {dag.py:3239} INFO - Sync 4 DAGs
[2024-10-10T14:02:21.806+0000] {logging_mixin.py:190} INFO - [2024-10-10T14:02:21.806+0000] {dag.py:4180} INFO - Setting next_dagrun for dataset_alias_example_alias_consumer to None, run_after=None
[2024-10-10T14:02:21.809+0000] {logging_mixin.py:190} INFO - [2024-10-10T14:02:21.808+0000] {dag.py:4180} INFO - Setting next_dagrun for dataset_alias_example_alias_producer to None, run_after=None
[2024-10-10T14:02:21.810+0000] {logging_mixin.py:190} INFO - [2024-10-10T14:02:21.810+0000] {dag.py:4180} INFO - Setting next_dagrun for dataset_s3_bucket_consumer to None, run_after=None
[2024-10-10T14:02:21.811+0000] {logging_mixin.py:190} INFO - [2024-10-10T14:02:21.811+0000] {dag.py:4180} INFO - Setting next_dagrun for dataset_s3_bucket_producer to None, run_after=None
[2024-10-10T14:02:21.829+0000] {processor.py:208} INFO - Processing /home/airflow/.local/lib/python3.12/site-packages/airflow/example_dags/example_dataset_alias.py took 0.178 seconds
[2024-10-10T14:02:52.335+0000] {processor.py:186} INFO - Started process (PID=533) to work on /home/airflow/.local/lib/python3.12/site-packages/airflow/example_dags/example_dataset_alias.py
[2024-10-10T14:02:52.336+0000] {processor.py:914} INFO - Processing file /home/airflow/.local/lib/python3.12/site-packages/airflow/example_dags/example_dataset_alias.py for tasks to queue
[2024-10-10T14:02:52.337+0000] {logging_mixin.py:190} INFO - [2024-10-10T14:02:52.337+0000] {dagbag.py:588} INFO - Filling up the DagBag from /home/airflow/.local/lib/python3.12/site-packages/airflow/example_dags/example_dataset_alias.py
[2024-10-10T14:02:52.459+0000] {processor.py:925} INFO - DAG(s) 'dataset_alias_example_alias_producer', 'dataset_alias_example_alias_consumer', 'dataset_s3_bucket_consumer', 'dataset_s3_bucket_producer' retrieved from /home/airflow/.local/lib/python3.12/site-packages/airflow/example_dags/example_dataset_alias.py
[2024-10-10T14:02:52.475+0000] {logging_mixin.py:190} INFO - [2024-10-10T14:02:52.475+0000] {dag.py:3239} INFO - Sync 4 DAGs
[2024-10-10T14:02:52.494+0000] {logging_mixin.py:190} INFO - [2024-10-10T14:02:52.494+0000] {dag.py:4180} INFO - Setting next_dagrun for dataset_alias_example_alias_consumer to None, run_after=None
[2024-10-10T14:02:52.496+0000] {logging_mixin.py:190} INFO - [2024-10-10T14:02:52.496+0000] {dag.py:4180} INFO - Setting next_dagrun for dataset_alias_example_alias_producer to None, run_after=None
[2024-10-10T14:02:52.497+0000] {logging_mixin.py:190} INFO - [2024-10-10T14:02:52.497+0000] {dag.py:4180} INFO - Setting next_dagrun for dataset_s3_bucket_consumer to None, run_after=None
[2024-10-10T14:02:52.498+0000] {logging_mixin.py:190} INFO - [2024-10-10T14:02:52.498+0000] {dag.py:4180} INFO - Setting next_dagrun for dataset_s3_bucket_producer to None, run_after=None
[2024-10-10T14:02:52.515+0000] {processor.py:208} INFO - Processing /home/airflow/.local/lib/python3.12/site-packages/airflow/example_dags/example_dataset_alias.py took 0.184 seconds
[2024-10-10T14:03:23.262+0000] {processor.py:186} INFO - Started process (PID=595) to work on /home/airflow/.local/lib/python3.12/site-packages/airflow/example_dags/example_dataset_alias.py
[2024-10-10T14:03:23.262+0000] {processor.py:914} INFO - Processing file /home/airflow/.local/lib/python3.12/site-packages/airflow/example_dags/example_dataset_alias.py for tasks to queue
[2024-10-10T14:03:23.264+0000] {logging_mixin.py:190} INFO - [2024-10-10T14:03:23.264+0000] {dagbag.py:588} INFO - Filling up the DagBag from /home/airflow/.local/lib/python3.12/site-packages/airflow/example_dags/example_dataset_alias.py
[2024-10-10T14:03:23.383+0000] {processor.py:925} INFO - DAG(s) 'dataset_s3_bucket_consumer', 'dataset_s3_bucket_producer', 'dataset_alias_example_alias_producer', 'dataset_alias_example_alias_consumer' retrieved from /home/airflow/.local/lib/python3.12/site-packages/airflow/example_dags/example_dataset_alias.py
[2024-10-10T14:03:23.398+0000] {logging_mixin.py:190} INFO - [2024-10-10T14:03:23.398+0000] {dag.py:3239} INFO - Sync 4 DAGs
[2024-10-10T14:03:23.417+0000] {logging_mixin.py:190} INFO - [2024-10-10T14:03:23.417+0000] {dag.py:4180} INFO - Setting next_dagrun for dataset_alias_example_alias_consumer to None, run_after=None
[2024-10-10T14:03:23.419+0000] {logging_mixin.py:190} INFO - [2024-10-10T14:03:23.419+0000] {dag.py:4180} INFO - Setting next_dagrun for dataset_alias_example_alias_producer to None, run_after=None
[2024-10-10T14:03:23.421+0000] {logging_mixin.py:190} INFO - [2024-10-10T14:03:23.420+0000] {dag.py:4180} INFO - Setting next_dagrun for dataset_s3_bucket_consumer to None, run_after=None
[2024-10-10T14:03:23.422+0000] {logging_mixin.py:190} INFO - [2024-10-10T14:03:23.422+0000] {dag.py:4180} INFO - Setting next_dagrun for dataset_s3_bucket_producer to None, run_after=None
[2024-10-10T14:03:23.439+0000] {processor.py:208} INFO - Processing /home/airflow/.local/lib/python3.12/site-packages/airflow/example_dags/example_dataset_alias.py took 0.181 seconds
[2024-10-10T14:03:53.958+0000] {processor.py:186} INFO - Started process (PID=657) to work on /home/airflow/.local/lib/python3.12/site-packages/airflow/example_dags/example_dataset_alias.py
[2024-10-10T14:03:53.959+0000] {processor.py:914} INFO - Processing file /home/airflow/.local/lib/python3.12/site-packages/airflow/example_dags/example_dataset_alias.py for tasks to queue
[2024-10-10T14:03:53.960+0000] {logging_mixin.py:190} INFO - [2024-10-10T14:03:53.960+0000] {dagbag.py:588} INFO - Filling up the DagBag from /home/airflow/.local/lib/python3.12/site-packages/airflow/example_dags/example_dataset_alias.py
[2024-10-10T14:03:54.077+0000] {processor.py:925} INFO - DAG(s) 'dataset_s3_bucket_producer', 'dataset_s3_bucket_consumer', 'dataset_alias_example_alias_producer', 'dataset_alias_example_alias_consumer' retrieved from /home/airflow/.local/lib/python3.12/site-packages/airflow/example_dags/example_dataset_alias.py
[2024-10-10T14:03:54.094+0000] {logging_mixin.py:190} INFO - [2024-10-10T14:03:54.094+0000] {dag.py:3239} INFO - Sync 4 DAGs
[2024-10-10T14:03:54.114+0000] {logging_mixin.py:190} INFO - [2024-10-10T14:03:54.114+0000] {dag.py:4180} INFO - Setting next_dagrun for dataset_alias_example_alias_consumer to None, run_after=None
[2024-10-10T14:03:54.117+0000] {logging_mixin.py:190} INFO - [2024-10-10T14:03:54.116+0000] {dag.py:4180} INFO - Setting next_dagrun for dataset_alias_example_alias_producer to None, run_after=None
[2024-10-10T14:03:54.117+0000] {logging_mixin.py:190} INFO - [2024-10-10T14:03:54.117+0000] {dag.py:4180} INFO - Setting next_dagrun for dataset_s3_bucket_consumer to None, run_after=None
[2024-10-10T14:03:54.118+0000] {logging_mixin.py:190} INFO - [2024-10-10T14:03:54.118+0000] {dag.py:4180} INFO - Setting next_dagrun for dataset_s3_bucket_producer to None, run_after=None
[2024-10-10T14:03:54.134+0000] {processor.py:208} INFO - Processing /home/airflow/.local/lib/python3.12/site-packages/airflow/example_dags/example_dataset_alias.py took 0.180 seconds
[2024-10-10T14:04:24.652+0000] {processor.py:186} INFO - Started process (PID=719) to work on /home/airflow/.local/lib/python3.12/site-packages/airflow/example_dags/example_dataset_alias.py
[2024-10-10T14:04:24.653+0000] {processor.py:914} INFO - Processing file /home/airflow/.local/lib/python3.12/site-packages/airflow/example_dags/example_dataset_alias.py for tasks to queue
[2024-10-10T14:04:24.655+0000] {logging_mixin.py:190} INFO - [2024-10-10T14:04:24.655+0000] {dagbag.py:588} INFO - Filling up the DagBag from /home/airflow/.local/lib/python3.12/site-packages/airflow/example_dags/example_dataset_alias.py
[2024-10-10T14:04:24.771+0000] {processor.py:925} INFO - DAG(s) 'dataset_alias_example_alias_producer', 'dataset_s3_bucket_consumer', 'dataset_s3_bucket_producer', 'dataset_alias_example_alias_consumer' retrieved from /home/airflow/.local/lib/python3.12/site-packages/airflow/example_dags/example_dataset_alias.py
[2024-10-10T14:04:24.787+0000] {logging_mixin.py:190} INFO - [2024-10-10T14:04:24.787+0000] {dag.py:3239} INFO - Sync 4 DAGs
[2024-10-10T14:04:24.804+0000] {logging_mixin.py:190} INFO - [2024-10-10T14:04:24.803+0000] {dag.py:4180} INFO - Setting next_dagrun for dataset_alias_example_alias_consumer to None, run_after=None
[2024-10-10T14:04:24.806+0000] {logging_mixin.py:190} INFO - [2024-10-10T14:04:24.806+0000] {dag.py:4180} INFO - Setting next_dagrun for dataset_alias_example_alias_producer to None, run_after=None
[2024-10-10T14:04:24.807+0000] {logging_mixin.py:190} INFO - [2024-10-10T14:04:24.806+0000] {dag.py:4180} INFO - Setting next_dagrun for dataset_s3_bucket_consumer to None, run_after=None
[2024-10-10T14:04:24.808+0000] {logging_mixin.py:190} INFO - [2024-10-10T14:04:24.808+0000] {dag.py:4180} INFO - Setting next_dagrun for dataset_s3_bucket_producer to None, run_after=None
[2024-10-10T14:04:24.824+0000] {processor.py:208} INFO - Processing /home/airflow/.local/lib/python3.12/site-packages/airflow/example_dags/example_dataset_alias.py took 0.176 seconds
[2024-10-10T14:04:55.509+0000] {processor.py:186} INFO - Started process (PID=781) to work on /home/airflow/.local/lib/python3.12/site-packages/airflow/example_dags/example_dataset_alias.py
[2024-10-10T14:04:55.509+0000] {processor.py:914} INFO - Processing file /home/airflow/.local/lib/python3.12/site-packages/airflow/example_dags/example_dataset_alias.py for tasks to queue
[2024-10-10T14:04:55.511+0000] {logging_mixin.py:190} INFO - [2024-10-10T14:04:55.511+0000] {dagbag.py:588} INFO - Filling up the DagBag from /home/airflow/.local/lib/python3.12/site-packages/airflow/example_dags/example_dataset_alias.py
[2024-10-10T14:04:55.627+0000] {processor.py:925} INFO - DAG(s) 'dataset_s3_bucket_producer', 'dataset_alias_example_alias_consumer', 'dataset_s3_bucket_consumer', 'dataset_alias_example_alias_producer' retrieved from /home/airflow/.local/lib/python3.12/site-packages/airflow/example_dags/example_dataset_alias.py
[2024-10-10T14:04:55.641+0000] {logging_mixin.py:190} INFO - [2024-10-10T14:04:55.641+0000] {dag.py:3239} INFO - Sync 4 DAGs
[2024-10-10T14:04:55.659+0000] {logging_mixin.py:190} INFO - [2024-10-10T14:04:55.659+0000] {dag.py:4180} INFO - Setting next_dagrun for dataset_alias_example_alias_consumer to None, run_after=None
[2024-10-10T14:04:55.661+0000] {logging_mixin.py:190} INFO - [2024-10-10T14:04:55.661+0000] {dag.py:4180} INFO - Setting next_dagrun for dataset_alias_example_alias_producer to None, run_after=None
[2024-10-10T14:04:55.662+0000] {logging_mixin.py:190} INFO - [2024-10-10T14:04:55.662+0000] {dag.py:4180} INFO - Setting next_dagrun for dataset_s3_bucket_consumer to None, run_after=None
[2024-10-10T14:04:55.663+0000] {logging_mixin.py:190} INFO - [2024-10-10T14:04:55.663+0000] {dag.py:4180} INFO - Setting next_dagrun for dataset_s3_bucket_producer to None, run_after=None
[2024-10-10T14:04:55.678+0000] {processor.py:208} INFO - Processing /home/airflow/.local/lib/python3.12/site-packages/airflow/example_dags/example_dataset_alias.py took 0.173 seconds
[2024-10-10T14:05:26.263+0000] {processor.py:186} INFO - Started process (PID=843) to work on /home/airflow/.local/lib/python3.12/site-packages/airflow/example_dags/example_dataset_alias.py
[2024-10-10T14:05:26.264+0000] {processor.py:914} INFO - Processing file /home/airflow/.local/lib/python3.12/site-packages/airflow/example_dags/example_dataset_alias.py for tasks to queue
[2024-10-10T14:05:26.265+0000] {logging_mixin.py:190} INFO - [2024-10-10T14:05:26.265+0000] {dagbag.py:588} INFO - Filling up the DagBag from /home/airflow/.local/lib/python3.12/site-packages/airflow/example_dags/example_dataset_alias.py
[2024-10-10T14:05:26.377+0000] {processor.py:925} INFO - DAG(s) 'dataset_alias_example_alias_producer', 'dataset_s3_bucket_producer', 'dataset_alias_example_alias_consumer', 'dataset_s3_bucket_consumer' retrieved from /home/airflow/.local/lib/python3.12/site-packages/airflow/example_dags/example_dataset_alias.py
[2024-10-10T14:05:26.391+0000] {logging_mixin.py:190} INFO - [2024-10-10T14:05:26.391+0000] {dag.py:3239} INFO - Sync 4 DAGs
[2024-10-10T14:05:26.410+0000] {logging_mixin.py:190} INFO - [2024-10-10T14:05:26.410+0000] {dag.py:4180} INFO - Setting next_dagrun for dataset_alias_example_alias_consumer to None, run_after=None
[2024-10-10T14:05:26.413+0000] {logging_mixin.py:190} INFO - [2024-10-10T14:05:26.413+0000] {dag.py:4180} INFO - Setting next_dagrun for dataset_alias_example_alias_producer to None, run_after=None
[2024-10-10T14:05:26.414+0000] {logging_mixin.py:190} INFO - [2024-10-10T14:05:26.414+0000] {dag.py:4180} INFO - Setting next_dagrun for dataset_s3_bucket_consumer to None, run_after=None
[2024-10-10T14:05:26.415+0000] {logging_mixin.py:190} INFO - [2024-10-10T14:05:26.415+0000] {dag.py:4180} INFO - Setting next_dagrun for dataset_s3_bucket_producer to None, run_after=None
[2024-10-10T14:05:26.432+0000] {processor.py:208} INFO - Processing /home/airflow/.local/lib/python3.12/site-packages/airflow/example_dags/example_dataset_alias.py took 0.173 seconds
[2024-10-10T14:05:56.983+0000] {processor.py:186} INFO - Started process (PID=905) to work on /home/airflow/.local/lib/python3.12/site-packages/airflow/example_dags/example_dataset_alias.py
[2024-10-10T14:05:56.984+0000] {processor.py:914} INFO - Processing file /home/airflow/.local/lib/python3.12/site-packages/airflow/example_dags/example_dataset_alias.py for tasks to queue
[2024-10-10T14:05:56.986+0000] {logging_mixin.py:190} INFO - [2024-10-10T14:05:56.985+0000] {dagbag.py:588} INFO - Filling up the DagBag from /home/airflow/.local/lib/python3.12/site-packages/airflow/example_dags/example_dataset_alias.py
[2024-10-10T14:05:57.099+0000] {processor.py:925} INFO - DAG(s) 'dataset_alias_example_alias_consumer', 'dataset_alias_example_alias_producer', 'dataset_s3_bucket_consumer', 'dataset_s3_bucket_producer' retrieved from /home/airflow/.local/lib/python3.12/site-packages/airflow/example_dags/example_dataset_alias.py
[2024-10-10T14:05:57.113+0000] {logging_mixin.py:190} INFO - [2024-10-10T14:05:57.113+0000] {dag.py:3239} INFO - Sync 4 DAGs
[2024-10-10T14:05:57.130+0000] {logging_mixin.py:190} INFO - [2024-10-10T14:05:57.130+0000] {dag.py:4180} INFO - Setting next_dagrun for dataset_alias_example_alias_consumer to None, run_after=None
[2024-10-10T14:05:57.133+0000] {logging_mixin.py:190} INFO - [2024-10-10T14:05:57.132+0000] {dag.py:4180} INFO - Setting next_dagrun for dataset_alias_example_alias_producer to None, run_after=None
[2024-10-10T14:05:57.134+0000] {logging_mixin.py:190} INFO - [2024-10-10T14:05:57.134+0000] {dag.py:4180} INFO - Setting next_dagrun for dataset_s3_bucket_consumer to None, run_after=None
[2024-10-10T14:05:57.135+0000] {logging_mixin.py:190} INFO - [2024-10-10T14:05:57.135+0000] {dag.py:4180} INFO - Setting next_dagrun for dataset_s3_bucket_producer to None, run_after=None
[2024-10-10T14:05:57.153+0000] {processor.py:208} INFO - Processing /home/airflow/.local/lib/python3.12/site-packages/airflow/example_dags/example_dataset_alias.py took 0.173 seconds
[2024-10-10T14:06:27.682+0000] {processor.py:186} INFO - Started process (PID=967) to work on /home/airflow/.local/lib/python3.12/site-packages/airflow/example_dags/example_dataset_alias.py
[2024-10-10T14:06:27.682+0000] {processor.py:914} INFO - Processing file /home/airflow/.local/lib/python3.12/site-packages/airflow/example_dags/example_dataset_alias.py for tasks to queue
[2024-10-10T14:06:27.684+0000] {logging_mixin.py:190} INFO - [2024-10-10T14:06:27.684+0000] {dagbag.py:588} INFO - Filling up the DagBag from /home/airflow/.local/lib/python3.12/site-packages/airflow/example_dags/example_dataset_alias.py
[2024-10-10T14:06:27.798+0000] {processor.py:925} INFO - DAG(s) 'dataset_alias_example_alias_consumer', 'dataset_s3_bucket_consumer', 'dataset_s3_bucket_producer', 'dataset_alias_example_alias_producer' retrieved from /home/airflow/.local/lib/python3.12/site-packages/airflow/example_dags/example_dataset_alias.py
[2024-10-10T14:06:27.813+0000] {logging_mixin.py:190} INFO - [2024-10-10T14:06:27.812+0000] {dag.py:3239} INFO - Sync 4 DAGs
[2024-10-10T14:06:27.828+0000] {logging_mixin.py:190} INFO - [2024-10-10T14:06:27.828+0000] {dag.py:4180} INFO - Setting next_dagrun for dataset_alias_example_alias_consumer to None, run_after=None
[2024-10-10T14:06:27.831+0000] {logging_mixin.py:190} INFO - [2024-10-10T14:06:27.830+0000] {dag.py:4180} INFO - Setting next_dagrun for dataset_alias_example_alias_producer to None, run_after=None
[2024-10-10T14:06:27.832+0000] {logging_mixin.py:190} INFO - [2024-10-10T14:06:27.832+0000] {dag.py:4180} INFO - Setting next_dagrun for dataset_s3_bucket_consumer to None, run_after=None
[2024-10-10T14:06:27.833+0000] {logging_mixin.py:190} INFO - [2024-10-10T14:06:27.833+0000] {dag.py:4180} INFO - Setting next_dagrun for dataset_s3_bucket_producer to None, run_after=None
[2024-10-10T14:06:27.848+0000] {processor.py:208} INFO - Processing /home/airflow/.local/lib/python3.12/site-packages/airflow/example_dags/example_dataset_alias.py took 0.171 seconds
[2024-10-10T14:06:58.413+0000] {processor.py:186} INFO - Started process (PID=1029) to work on /home/airflow/.local/lib/python3.12/site-packages/airflow/example_dags/example_dataset_alias.py
[2024-10-10T14:06:58.414+0000] {processor.py:914} INFO - Processing file /home/airflow/.local/lib/python3.12/site-packages/airflow/example_dags/example_dataset_alias.py for tasks to queue
[2024-10-10T14:06:58.416+0000] {logging_mixin.py:190} INFO - [2024-10-10T14:06:58.415+0000] {dagbag.py:588} INFO - Filling up the DagBag from /home/airflow/.local/lib/python3.12/site-packages/airflow/example_dags/example_dataset_alias.py
[2024-10-10T14:06:58.529+0000] {processor.py:925} INFO - DAG(s) 'dataset_s3_bucket_producer', 'dataset_alias_example_alias_producer', 'dataset_s3_bucket_consumer', 'dataset_alias_example_alias_consumer' retrieved from /home/airflow/.local/lib/python3.12/site-packages/airflow/example_dags/example_dataset_alias.py
[2024-10-10T14:06:58.543+0000] {logging_mixin.py:190} INFO - [2024-10-10T14:06:58.543+0000] {dag.py:3239} INFO - Sync 4 DAGs
[2024-10-10T14:06:58.560+0000] {logging_mixin.py:190} INFO - [2024-10-10T14:06:58.560+0000] {dag.py:4180} INFO - Setting next_dagrun for dataset_alias_example_alias_consumer to None, run_after=None
[2024-10-10T14:06:58.562+0000] {logging_mixin.py:190} INFO - [2024-10-10T14:06:58.562+0000] {dag.py:4180} INFO - Setting next_dagrun for dataset_alias_example_alias_producer to None, run_after=None
[2024-10-10T14:06:58.564+0000] {logging_mixin.py:190} INFO - [2024-10-10T14:06:58.564+0000] {dag.py:4180} INFO - Setting next_dagrun for dataset_s3_bucket_consumer to None, run_after=None
[2024-10-10T14:06:58.565+0000] {logging_mixin.py:190} INFO - [2024-10-10T14:06:58.565+0000] {dag.py:4180} INFO - Setting next_dagrun for dataset_s3_bucket_producer to None, run_after=None
[2024-10-10T14:06:58.583+0000] {processor.py:208} INFO - Processing /home/airflow/.local/lib/python3.12/site-packages/airflow/example_dags/example_dataset_alias.py took 0.173 seconds
[2024-10-10T14:07:29.184+0000] {processor.py:186} INFO - Started process (PID=1091) to work on /home/airflow/.local/lib/python3.12/site-packages/airflow/example_dags/example_dataset_alias.py
[2024-10-10T14:07:29.185+0000] {processor.py:914} INFO - Processing file /home/airflow/.local/lib/python3.12/site-packages/airflow/example_dags/example_dataset_alias.py for tasks to queue
[2024-10-10T14:07:29.186+0000] {logging_mixin.py:190} INFO - [2024-10-10T14:07:29.186+0000] {dagbag.py:588} INFO - Filling up the DagBag from /home/airflow/.local/lib/python3.12/site-packages/airflow/example_dags/example_dataset_alias.py
[2024-10-10T14:07:29.304+0000] {processor.py:925} INFO - DAG(s) 'dataset_alias_example_alias_consumer', 'dataset_s3_bucket_consumer', 'dataset_alias_example_alias_producer', 'dataset_s3_bucket_producer' retrieved from /home/airflow/.local/lib/python3.12/site-packages/airflow/example_dags/example_dataset_alias.py
[2024-10-10T14:07:29.321+0000] {logging_mixin.py:190} INFO - [2024-10-10T14:07:29.321+0000] {dag.py:3239} INFO - Sync 4 DAGs
[2024-10-10T14:07:29.339+0000] {logging_mixin.py:190} INFO - [2024-10-10T14:07:29.339+0000] {dag.py:4180} INFO - Setting next_dagrun for dataset_alias_example_alias_consumer to None, run_after=None
[2024-10-10T14:07:29.342+0000] {logging_mixin.py:190} INFO - [2024-10-10T14:07:29.342+0000] {dag.py:4180} INFO - Setting next_dagrun for dataset_alias_example_alias_producer to None, run_after=None
[2024-10-10T14:07:29.343+0000] {logging_mixin.py:190} INFO - [2024-10-10T14:07:29.343+0000] {dag.py:4180} INFO - Setting next_dagrun for dataset_s3_bucket_consumer to None, run_after=None
[2024-10-10T14:07:29.344+0000] {logging_mixin.py:190} INFO - [2024-10-10T14:07:29.344+0000] {dag.py:4180} INFO - Setting next_dagrun for dataset_s3_bucket_producer to None, run_after=None
[2024-10-10T14:07:29.360+0000] {processor.py:208} INFO - Processing /home/airflow/.local/lib/python3.12/site-packages/airflow/example_dags/example_dataset_alias.py took 0.181 seconds
[2024-10-10T14:07:59.978+0000] {processor.py:186} INFO - Started process (PID=1153) to work on /home/airflow/.local/lib/python3.12/site-packages/airflow/example_dags/example_dataset_alias.py
[2024-10-10T14:07:59.979+0000] {processor.py:914} INFO - Processing file /home/airflow/.local/lib/python3.12/site-packages/airflow/example_dags/example_dataset_alias.py for tasks to queue
[2024-10-10T14:07:59.980+0000] {logging_mixin.py:190} INFO - [2024-10-10T14:07:59.980+0000] {dagbag.py:588} INFO - Filling up the DagBag from /home/airflow/.local/lib/python3.12/site-packages/airflow/example_dags/example_dataset_alias.py
[2024-10-10T14:08:00.096+0000] {processor.py:925} INFO - DAG(s) 'dataset_alias_example_alias_producer', 'dataset_s3_bucket_producer', 'dataset_s3_bucket_consumer', 'dataset_alias_example_alias_consumer' retrieved from /home/airflow/.local/lib/python3.12/site-packages/airflow/example_dags/example_dataset_alias.py
[2024-10-10T14:08:00.113+0000] {logging_mixin.py:190} INFO - [2024-10-10T14:08:00.113+0000] {dag.py:3239} INFO - Sync 4 DAGs
[2024-10-10T14:08:00.134+0000] {logging_mixin.py:190} INFO - [2024-10-10T14:08:00.134+0000] {dag.py:4180} INFO - Setting next_dagrun for dataset_alias_example_alias_consumer to None, run_after=None
[2024-10-10T14:08:00.136+0000] {logging_mixin.py:190} INFO - [2024-10-10T14:08:00.136+0000] {dag.py:4180} INFO - Setting next_dagrun for dataset_alias_example_alias_producer to None, run_after=None
[2024-10-10T14:08:00.137+0000] {logging_mixin.py:190} INFO - [2024-10-10T14:08:00.137+0000] {dag.py:4180} INFO - Setting next_dagrun for dataset_s3_bucket_consumer to None, run_after=None
[2024-10-10T14:08:00.138+0000] {logging_mixin.py:190} INFO - [2024-10-10T14:08:00.138+0000] {dag.py:4180} INFO - Setting next_dagrun for dataset_s3_bucket_producer to None, run_after=None
[2024-10-10T14:08:00.154+0000] {processor.py:208} INFO - Processing /home/airflow/.local/lib/python3.12/site-packages/airflow/example_dags/example_dataset_alias.py took 0.180 seconds
[2024-10-10T14:08:30.669+0000] {processor.py:186} INFO - Started process (PID=1215) to work on /home/airflow/.local/lib/python3.12/site-packages/airflow/example_dags/example_dataset_alias.py
[2024-10-10T14:08:30.670+0000] {processor.py:914} INFO - Processing file /home/airflow/.local/lib/python3.12/site-packages/airflow/example_dags/example_dataset_alias.py for tasks to queue
[2024-10-10T14:08:30.671+0000] {logging_mixin.py:190} INFO - [2024-10-10T14:08:30.671+0000] {dagbag.py:588} INFO - Filling up the DagBag from /home/airflow/.local/lib/python3.12/site-packages/airflow/example_dags/example_dataset_alias.py
[2024-10-10T14:08:30.784+0000] {processor.py:925} INFO - DAG(s) 'dataset_alias_example_alias_consumer', 'dataset_alias_example_alias_producer', 'dataset_s3_bucket_producer', 'dataset_s3_bucket_consumer' retrieved from /home/airflow/.local/lib/python3.12/site-packages/airflow/example_dags/example_dataset_alias.py
[2024-10-10T14:08:30.798+0000] {logging_mixin.py:190} INFO - [2024-10-10T14:08:30.798+0000] {dag.py:3239} INFO - Sync 4 DAGs
[2024-10-10T14:08:30.813+0000] {logging_mixin.py:190} INFO - [2024-10-10T14:08:30.813+0000] {dag.py:4180} INFO - Setting next_dagrun for dataset_alias_example_alias_consumer to None, run_after=None
[2024-10-10T14:08:30.815+0000] {logging_mixin.py:190} INFO - [2024-10-10T14:08:30.815+0000] {dag.py:4180} INFO - Setting next_dagrun for dataset_alias_example_alias_producer to None, run_after=None
[2024-10-10T14:08:30.816+0000] {logging_mixin.py:190} INFO - [2024-10-10T14:08:30.816+0000] {dag.py:4180} INFO - Setting next_dagrun for dataset_s3_bucket_consumer to None, run_after=None
[2024-10-10T14:08:30.818+0000] {logging_mixin.py:190} INFO - [2024-10-10T14:08:30.818+0000] {dag.py:4180} INFO - Setting next_dagrun for dataset_s3_bucket_producer to None, run_after=None
[2024-10-10T14:08:30.834+0000] {processor.py:208} INFO - Processing /home/airflow/.local/lib/python3.12/site-packages/airflow/example_dags/example_dataset_alias.py took 0.169 seconds
[2024-10-10T14:09:01.384+0000] {processor.py:186} INFO - Started process (PID=1277) to work on /home/airflow/.local/lib/python3.12/site-packages/airflow/example_dags/example_dataset_alias.py
[2024-10-10T14:09:01.384+0000] {processor.py:914} INFO - Processing file /home/airflow/.local/lib/python3.12/site-packages/airflow/example_dags/example_dataset_alias.py for tasks to queue
[2024-10-10T14:09:01.386+0000] {logging_mixin.py:190} INFO - [2024-10-10T14:09:01.386+0000] {dagbag.py:588} INFO - Filling up the DagBag from /home/airflow/.local/lib/python3.12/site-packages/airflow/example_dags/example_dataset_alias.py
[2024-10-10T14:09:01.509+0000] {processor.py:925} INFO - DAG(s) 'dataset_alias_example_alias_consumer', 'dataset_s3_bucket_consumer', 'dataset_s3_bucket_producer', 'dataset_alias_example_alias_producer' retrieved from /home/airflow/.local/lib/python3.12/site-packages/airflow/example_dags/example_dataset_alias.py
[2024-10-10T14:09:01.524+0000] {logging_mixin.py:190} INFO - [2024-10-10T14:09:01.524+0000] {dag.py:3239} INFO - Sync 4 DAGs
[2024-10-10T14:09:01.543+0000] {logging_mixin.py:190} INFO - [2024-10-10T14:09:01.542+0000] {dag.py:4180} INFO - Setting next_dagrun for dataset_alias_example_alias_consumer to None, run_after=None
[2024-10-10T14:09:01.545+0000] {logging_mixin.py:190} INFO - [2024-10-10T14:09:01.545+0000] {dag.py:4180} INFO - Setting next_dagrun for dataset_alias_example_alias_producer to None, run_after=None
[2024-10-10T14:09:01.546+0000] {logging_mixin.py:190} INFO - [2024-10-10T14:09:01.546+0000] {dag.py:4180} INFO - Setting next_dagrun for dataset_s3_bucket_consumer to None, run_after=None
[2024-10-10T14:09:01.547+0000] {logging_mixin.py:190} INFO - [2024-10-10T14:09:01.547+0000] {dag.py:4180} INFO - Setting next_dagrun for dataset_s3_bucket_producer to None, run_after=None
[2024-10-10T14:09:01.562+0000] {processor.py:208} INFO - Processing /home/airflow/.local/lib/python3.12/site-packages/airflow/example_dags/example_dataset_alias.py took 0.183 seconds
[2024-10-10T14:09:32.193+0000] {processor.py:186} INFO - Started process (PID=1339) to work on /home/airflow/.local/lib/python3.12/site-packages/airflow/example_dags/example_dataset_alias.py
[2024-10-10T14:09:32.194+0000] {processor.py:914} INFO - Processing file /home/airflow/.local/lib/python3.12/site-packages/airflow/example_dags/example_dataset_alias.py for tasks to queue
[2024-10-10T14:09:32.196+0000] {logging_mixin.py:190} INFO - [2024-10-10T14:09:32.195+0000] {dagbag.py:588} INFO - Filling up the DagBag from /home/airflow/.local/lib/python3.12/site-packages/airflow/example_dags/example_dataset_alias.py
[2024-10-10T14:09:32.312+0000] {processor.py:925} INFO - DAG(s) 'dataset_alias_example_alias_producer', 'dataset_s3_bucket_producer', 'dataset_s3_bucket_consumer', 'dataset_alias_example_alias_consumer' retrieved from /home/airflow/.local/lib/python3.12/site-packages/airflow/example_dags/example_dataset_alias.py
[2024-10-10T14:09:32.332+0000] {logging_mixin.py:190} INFO - [2024-10-10T14:09:32.331+0000] {dag.py:3239} INFO - Sync 4 DAGs
[2024-10-10T14:09:32.353+0000] {logging_mixin.py:190} INFO - [2024-10-10T14:09:32.353+0000] {dag.py:4180} INFO - Setting next_dagrun for dataset_alias_example_alias_consumer to None, run_after=None
[2024-10-10T14:09:32.356+0000] {logging_mixin.py:190} INFO - [2024-10-10T14:09:32.355+0000] {dag.py:4180} INFO - Setting next_dagrun for dataset_alias_example_alias_producer to None, run_after=None
[2024-10-10T14:09:32.357+0000] {logging_mixin.py:190} INFO - [2024-10-10T14:09:32.357+0000] {dag.py:4180} INFO - Setting next_dagrun for dataset_s3_bucket_consumer to None, run_after=None
[2024-10-10T14:09:32.358+0000] {logging_mixin.py:190} INFO - [2024-10-10T14:09:32.358+0000] {dag.py:4180} INFO - Setting next_dagrun for dataset_s3_bucket_producer to None, run_after=None
[2024-10-10T14:09:32.376+0000] {processor.py:208} INFO - Processing /home/airflow/.local/lib/python3.12/site-packages/airflow/example_dags/example_dataset_alias.py took 0.187 seconds
[2024-10-10T14:10:03.157+0000] {processor.py:186} INFO - Started process (PID=1401) to work on /home/airflow/.local/lib/python3.12/site-packages/airflow/example_dags/example_dataset_alias.py
[2024-10-10T14:10:03.158+0000] {processor.py:914} INFO - Processing file /home/airflow/.local/lib/python3.12/site-packages/airflow/example_dags/example_dataset_alias.py for tasks to queue
[2024-10-10T14:10:03.159+0000] {logging_mixin.py:190} INFO - [2024-10-10T14:10:03.159+0000] {dagbag.py:588} INFO - Filling up the DagBag from /home/airflow/.local/lib/python3.12/site-packages/airflow/example_dags/example_dataset_alias.py
[2024-10-10T14:10:03.277+0000] {processor.py:925} INFO - DAG(s) 'dataset_alias_example_alias_producer', 'dataset_s3_bucket_producer', 'dataset_alias_example_alias_consumer', 'dataset_s3_bucket_consumer' retrieved from /home/airflow/.local/lib/python3.12/site-packages/airflow/example_dags/example_dataset_alias.py
[2024-10-10T14:10:03.292+0000] {logging_mixin.py:190} INFO - [2024-10-10T14:10:03.292+0000] {dag.py:3239} INFO - Sync 4 DAGs
[2024-10-10T14:10:03.311+0000] {logging_mixin.py:190} INFO - [2024-10-10T14:10:03.310+0000] {dag.py:4180} INFO - Setting next_dagrun for dataset_alias_example_alias_consumer to None, run_after=None
[2024-10-10T14:10:03.313+0000] {logging_mixin.py:190} INFO - [2024-10-10T14:10:03.313+0000] {dag.py:4180} INFO - Setting next_dagrun for dataset_alias_example_alias_producer to None, run_after=None
[2024-10-10T14:10:03.314+0000] {logging_mixin.py:190} INFO - [2024-10-10T14:10:03.314+0000] {dag.py:4180} INFO - Setting next_dagrun for dataset_s3_bucket_consumer to None, run_after=None
[2024-10-10T14:10:03.316+0000] {logging_mixin.py:190} INFO - [2024-10-10T14:10:03.315+0000] {dag.py:4180} INFO - Setting next_dagrun for dataset_s3_bucket_producer to None, run_after=None
[2024-10-10T14:10:03.332+0000] {processor.py:208} INFO - Processing /home/airflow/.local/lib/python3.12/site-packages/airflow/example_dags/example_dataset_alias.py took 0.180 seconds
[2024-10-10T14:10:33.405+0000] {processor.py:186} INFO - Started process (PID=1465) to work on /home/airflow/.local/lib/python3.12/site-packages/airflow/example_dags/example_dataset_alias.py
[2024-10-10T14:10:33.407+0000] {processor.py:914} INFO - Processing file /home/airflow/.local/lib/python3.12/site-packages/airflow/example_dags/example_dataset_alias.py for tasks to queue
[2024-10-10T14:10:33.411+0000] {logging_mixin.py:190} INFO - [2024-10-10T14:10:33.410+0000] {dagbag.py:588} INFO - Filling up the DagBag from /home/airflow/.local/lib/python3.12/site-packages/airflow/example_dags/example_dataset_alias.py
[2024-10-10T14:10:33.542+0000] {processor.py:925} INFO - DAG(s) 'dataset_s3_bucket_producer', 'dataset_s3_bucket_consumer', 'dataset_alias_example_alias_consumer', 'dataset_alias_example_alias_producer' retrieved from /home/airflow/.local/lib/python3.12/site-packages/airflow/example_dags/example_dataset_alias.py
[2024-10-10T14:10:33.560+0000] {logging_mixin.py:190} INFO - [2024-10-10T14:10:33.559+0000] {dag.py:3239} INFO - Sync 4 DAGs
[2024-10-10T14:10:33.578+0000] {logging_mixin.py:190} INFO - [2024-10-10T14:10:33.578+0000] {dag.py:4180} INFO - Setting next_dagrun for dataset_alias_example_alias_consumer to None, run_after=None
[2024-10-10T14:10:33.581+0000] {logging_mixin.py:190} INFO - [2024-10-10T14:10:33.581+0000] {dag.py:4180} INFO - Setting next_dagrun for dataset_alias_example_alias_producer to None, run_after=None
[2024-10-10T14:10:33.582+0000] {logging_mixin.py:190} INFO - [2024-10-10T14:10:33.582+0000] {dag.py:4180} INFO - Setting next_dagrun for dataset_s3_bucket_consumer to None, run_after=None
[2024-10-10T14:10:33.583+0000] {logging_mixin.py:190} INFO - [2024-10-10T14:10:33.583+0000] {dag.py:4180} INFO - Setting next_dagrun for dataset_s3_bucket_producer to None, run_after=None
[2024-10-10T14:10:33.602+0000] {processor.py:208} INFO - Processing /home/airflow/.local/lib/python3.12/site-packages/airflow/example_dags/example_dataset_alias.py took 0.201 seconds
[2024-10-10T14:11:03.653+0000] {processor.py:186} INFO - Started process (PID=1528) to work on /home/airflow/.local/lib/python3.12/site-packages/airflow/example_dags/example_dataset_alias.py
[2024-10-10T14:11:03.654+0000] {processor.py:914} INFO - Processing file /home/airflow/.local/lib/python3.12/site-packages/airflow/example_dags/example_dataset_alias.py for tasks to queue
[2024-10-10T14:11:03.656+0000] {logging_mixin.py:190} INFO - [2024-10-10T14:11:03.656+0000] {dagbag.py:588} INFO - Filling up the DagBag from /home/airflow/.local/lib/python3.12/site-packages/airflow/example_dags/example_dataset_alias.py
[2024-10-10T14:11:03.789+0000] {processor.py:925} INFO - DAG(s) 'dataset_alias_example_alias_consumer', 'dataset_alias_example_alias_producer', 'dataset_s3_bucket_producer', 'dataset_s3_bucket_consumer' retrieved from /home/airflow/.local/lib/python3.12/site-packages/airflow/example_dags/example_dataset_alias.py
[2024-10-10T14:11:03.807+0000] {logging_mixin.py:190} INFO - [2024-10-10T14:11:03.807+0000] {dag.py:3239} INFO - Sync 4 DAGs
[2024-10-10T14:11:03.826+0000] {logging_mixin.py:190} INFO - [2024-10-10T14:11:03.826+0000] {dag.py:4180} INFO - Setting next_dagrun for dataset_alias_example_alias_consumer to None, run_after=None
[2024-10-10T14:11:03.829+0000] {logging_mixin.py:190} INFO - [2024-10-10T14:11:03.829+0000] {dag.py:4180} INFO - Setting next_dagrun for dataset_alias_example_alias_producer to None, run_after=None
[2024-10-10T14:11:03.830+0000] {logging_mixin.py:190} INFO - [2024-10-10T14:11:03.830+0000] {dag.py:4180} INFO - Setting next_dagrun for dataset_s3_bucket_consumer to None, run_after=None
[2024-10-10T14:11:03.832+0000] {logging_mixin.py:190} INFO - [2024-10-10T14:11:03.832+0000] {dag.py:4180} INFO - Setting next_dagrun for dataset_s3_bucket_producer to None, run_after=None
[2024-10-10T14:11:03.851+0000] {processor.py:208} INFO - Processing /home/airflow/.local/lib/python3.12/site-packages/airflow/example_dags/example_dataset_alias.py took 0.202 seconds
[2024-10-10T14:11:34.772+0000] {processor.py:186} INFO - Started process (PID=1591) to work on /home/airflow/.local/lib/python3.12/site-packages/airflow/example_dags/example_dataset_alias.py
[2024-10-10T14:11:34.773+0000] {processor.py:914} INFO - Processing file /home/airflow/.local/lib/python3.12/site-packages/airflow/example_dags/example_dataset_alias.py for tasks to queue
[2024-10-10T14:11:34.776+0000] {logging_mixin.py:190} INFO - [2024-10-10T14:11:34.776+0000] {dagbag.py:588} INFO - Filling up the DagBag from /home/airflow/.local/lib/python3.12/site-packages/airflow/example_dags/example_dataset_alias.py
[2024-10-10T14:11:34.918+0000] {processor.py:925} INFO - DAG(s) 'dataset_alias_example_alias_producer', 'dataset_s3_bucket_producer', 'dataset_s3_bucket_consumer', 'dataset_alias_example_alias_consumer' retrieved from /home/airflow/.local/lib/python3.12/site-packages/airflow/example_dags/example_dataset_alias.py
[2024-10-10T14:11:34.935+0000] {logging_mixin.py:190} INFO - [2024-10-10T14:11:34.934+0000] {dag.py:3239} INFO - Sync 4 DAGs
[2024-10-10T14:11:34.953+0000] {logging_mixin.py:190} INFO - [2024-10-10T14:11:34.953+0000] {dag.py:4180} INFO - Setting next_dagrun for dataset_alias_example_alias_consumer to None, run_after=None
[2024-10-10T14:11:34.956+0000] {logging_mixin.py:190} INFO - [2024-10-10T14:11:34.956+0000] {dag.py:4180} INFO - Setting next_dagrun for dataset_alias_example_alias_producer to None, run_after=None
[2024-10-10T14:11:34.957+0000] {logging_mixin.py:190} INFO - [2024-10-10T14:11:34.957+0000] {dag.py:4180} INFO - Setting next_dagrun for dataset_s3_bucket_consumer to None, run_after=None
[2024-10-10T14:11:34.958+0000] {logging_mixin.py:190} INFO - [2024-10-10T14:11:34.958+0000] {dag.py:4180} INFO - Setting next_dagrun for dataset_s3_bucket_producer to None, run_after=None
[2024-10-10T14:11:34.975+0000] {processor.py:208} INFO - Processing /home/airflow/.local/lib/python3.12/site-packages/airflow/example_dags/example_dataset_alias.py took 0.210 seconds
[2024-10-10T14:12:05.562+0000] {processor.py:186} INFO - Started process (PID=1653) to work on /home/airflow/.local/lib/python3.12/site-packages/airflow/example_dags/example_dataset_alias.py
[2024-10-10T14:12:05.563+0000] {processor.py:914} INFO - Processing file /home/airflow/.local/lib/python3.12/site-packages/airflow/example_dags/example_dataset_alias.py for tasks to queue
[2024-10-10T14:12:05.565+0000] {logging_mixin.py:190} INFO - [2024-10-10T14:12:05.564+0000] {dagbag.py:588} INFO - Filling up the DagBag from /home/airflow/.local/lib/python3.12/site-packages/airflow/example_dags/example_dataset_alias.py
[2024-10-10T14:12:05.679+0000] {processor.py:925} INFO - DAG(s) 'dataset_alias_example_alias_consumer', 'dataset_alias_example_alias_producer', 'dataset_s3_bucket_producer', 'dataset_s3_bucket_consumer' retrieved from /home/airflow/.local/lib/python3.12/site-packages/airflow/example_dags/example_dataset_alias.py
[2024-10-10T14:12:05.695+0000] {logging_mixin.py:190} INFO - [2024-10-10T14:12:05.695+0000] {dag.py:3239} INFO - Sync 4 DAGs
[2024-10-10T14:12:05.715+0000] {logging_mixin.py:190} INFO - [2024-10-10T14:12:05.715+0000] {dag.py:4180} INFO - Setting next_dagrun for dataset_alias_example_alias_consumer to None, run_after=None
[2024-10-10T14:12:05.869+0000] {logging_mixin.py:190} INFO - [2024-10-10T14:12:05.869+0000] {dag.py:4180} INFO - Setting next_dagrun for dataset_alias_example_alias_producer to None, run_after=None
[2024-10-10T14:12:05.871+0000] {logging_mixin.py:190} INFO - [2024-10-10T14:12:05.870+0000] {dag.py:4180} INFO - Setting next_dagrun for dataset_s3_bucket_consumer to None, run_after=None
[2024-10-10T14:12:05.872+0000] {logging_mixin.py:190} INFO - [2024-10-10T14:12:05.872+0000] {dag.py:4180} INFO - Setting next_dagrun for dataset_s3_bucket_producer to None, run_after=None
[2024-10-10T14:12:05.886+0000] {processor.py:208} INFO - Processing /home/airflow/.local/lib/python3.12/site-packages/airflow/example_dags/example_dataset_alias.py took 0.328 seconds
[2024-10-10T14:12:36.417+0000] {processor.py:186} INFO - Started process (PID=1715) to work on /home/airflow/.local/lib/python3.12/site-packages/airflow/example_dags/example_dataset_alias.py
[2024-10-10T14:12:36.418+0000] {processor.py:914} INFO - Processing file /home/airflow/.local/lib/python3.12/site-packages/airflow/example_dags/example_dataset_alias.py for tasks to queue
[2024-10-10T14:12:36.421+0000] {logging_mixin.py:190} INFO - [2024-10-10T14:12:36.420+0000] {dagbag.py:588} INFO - Filling up the DagBag from /home/airflow/.local/lib/python3.12/site-packages/airflow/example_dags/example_dataset_alias.py
[2024-10-10T14:12:36.535+0000] {processor.py:925} INFO - DAG(s) 'dataset_alias_example_alias_producer', 'dataset_s3_bucket_consumer', 'dataset_alias_example_alias_consumer', 'dataset_s3_bucket_producer' retrieved from /home/airflow/.local/lib/python3.12/site-packages/airflow/example_dags/example_dataset_alias.py
[2024-10-10T14:12:36.549+0000] {logging_mixin.py:190} INFO - [2024-10-10T14:12:36.549+0000] {dag.py:3239} INFO - Sync 4 DAGs
[2024-10-10T14:12:36.565+0000] {logging_mixin.py:190} INFO - [2024-10-10T14:12:36.565+0000] {dag.py:4180} INFO - Setting next_dagrun for dataset_alias_example_alias_consumer to None, run_after=None
[2024-10-10T14:12:36.567+0000] {logging_mixin.py:190} INFO - [2024-10-10T14:12:36.567+0000] {dag.py:4180} INFO - Setting next_dagrun for dataset_alias_example_alias_producer to None, run_after=None
[2024-10-10T14:12:36.569+0000] {logging_mixin.py:190} INFO - [2024-10-10T14:12:36.568+0000] {dag.py:4180} INFO - Setting next_dagrun for dataset_s3_bucket_consumer to None, run_after=None
[2024-10-10T14:12:36.569+0000] {logging_mixin.py:190} INFO - [2024-10-10T14:12:36.569+0000] {dag.py:4180} INFO - Setting next_dagrun for dataset_s3_bucket_producer to None, run_after=None
[2024-10-10T14:12:36.586+0000] {processor.py:208} INFO - Processing /home/airflow/.local/lib/python3.12/site-packages/airflow/example_dags/example_dataset_alias.py took 0.172 seconds
