[2024-10-10T13:59:17.360+0000] {processor.py:186} INFO - Started process (PID=77) to work on /home/airflow/.local/lib/python3.12/site-packages/airflow/example_dags/example_skip_dag.py
[2024-10-10T13:59:17.361+0000] {processor.py:914} INFO - Processing file /home/airflow/.local/lib/python3.12/site-packages/airflow/example_dags/example_skip_dag.py for tasks to queue
[2024-10-10T13:59:17.363+0000] {logging_mixin.py:190} INFO - [2024-10-10T13:59:17.362+0000] {dagbag.py:588} INFO - Filling up the DagBag from /home/airflow/.local/lib/python3.12/site-packages/airflow/example_dags/example_skip_dag.py
[2024-10-10T13:59:17.370+0000] {processor.py:925} INFO - DAG(s) 'example_skip_dag' retrieved from /home/airflow/.local/lib/python3.12/site-packages/airflow/example_dags/example_skip_dag.py
[2024-10-10T13:59:17.391+0000] {logging_mixin.py:190} INFO - [2024-10-10T13:59:17.391+0000] {dag.py:3239} INFO - Sync 1 DAGs
[2024-10-10T13:59:17.409+0000] {logging_mixin.py:190} INFO - [2024-10-10T13:59:17.409+0000] {dag.py:4180} INFO - Setting next_dagrun for example_skip_dag to 2024-10-09 00:00:00+00:00, run_after=2024-10-10 00:00:00+00:00
[2024-10-10T13:59:17.424+0000] {processor.py:208} INFO - Processing /home/airflow/.local/lib/python3.12/site-packages/airflow/example_dags/example_skip_dag.py took 0.069 seconds
[2024-10-10T13:59:47.623+0000] {processor.py:186} INFO - Started process (PID=145) to work on /home/airflow/.local/lib/python3.12/site-packages/airflow/example_dags/example_skip_dag.py
[2024-10-10T13:59:47.624+0000] {processor.py:914} INFO - Processing file /home/airflow/.local/lib/python3.12/site-packages/airflow/example_dags/example_skip_dag.py for tasks to queue
[2024-10-10T13:59:47.626+0000] {logging_mixin.py:190} INFO - [2024-10-10T13:59:47.626+0000] {dagbag.py:588} INFO - Filling up the DagBag from /home/airflow/.local/lib/python3.12/site-packages/airflow/example_dags/example_skip_dag.py
[2024-10-10T13:59:47.632+0000] {processor.py:925} INFO - DAG(s) 'example_skip_dag' retrieved from /home/airflow/.local/lib/python3.12/site-packages/airflow/example_dags/example_skip_dag.py
[2024-10-10T13:59:47.648+0000] {logging_mixin.py:190} INFO - [2024-10-10T13:59:47.648+0000] {dag.py:3239} INFO - Sync 1 DAGs
[2024-10-10T13:59:47.665+0000] {logging_mixin.py:190} INFO - [2024-10-10T13:59:47.665+0000] {dag.py:4180} INFO - Setting next_dagrun for example_skip_dag to 2024-10-09 00:00:00+00:00, run_after=2024-10-10 00:00:00+00:00
[2024-10-10T13:59:47.681+0000] {processor.py:208} INFO - Processing /home/airflow/.local/lib/python3.12/site-packages/airflow/example_dags/example_skip_dag.py took 0.062 seconds
[2024-10-10T14:00:17.803+0000] {processor.py:186} INFO - Started process (PID=208) to work on /home/airflow/.local/lib/python3.12/site-packages/airflow/example_dags/example_skip_dag.py
[2024-10-10T14:00:17.805+0000] {processor.py:914} INFO - Processing file /home/airflow/.local/lib/python3.12/site-packages/airflow/example_dags/example_skip_dag.py for tasks to queue
[2024-10-10T14:00:17.807+0000] {logging_mixin.py:190} INFO - [2024-10-10T14:00:17.807+0000] {dagbag.py:588} INFO - Filling up the DagBag from /home/airflow/.local/lib/python3.12/site-packages/airflow/example_dags/example_skip_dag.py
[2024-10-10T14:00:17.813+0000] {processor.py:925} INFO - DAG(s) 'example_skip_dag' retrieved from /home/airflow/.local/lib/python3.12/site-packages/airflow/example_dags/example_skip_dag.py
[2024-10-10T14:00:17.830+0000] {logging_mixin.py:190} INFO - [2024-10-10T14:00:17.830+0000] {dag.py:3239} INFO - Sync 1 DAGs
[2024-10-10T14:00:17.848+0000] {logging_mixin.py:190} INFO - [2024-10-10T14:00:17.848+0000] {dag.py:4180} INFO - Setting next_dagrun for example_skip_dag to 2024-10-09 00:00:00+00:00, run_after=2024-10-10 00:00:00+00:00
[2024-10-10T14:00:17.861+0000] {processor.py:208} INFO - Processing /home/airflow/.local/lib/python3.12/site-packages/airflow/example_dags/example_skip_dag.py took 0.062 seconds
[2024-10-10T14:00:47.885+0000] {processor.py:186} INFO - Started process (PID=269) to work on /home/airflow/.local/lib/python3.12/site-packages/airflow/example_dags/example_skip_dag.py
[2024-10-10T14:00:47.886+0000] {processor.py:914} INFO - Processing file /home/airflow/.local/lib/python3.12/site-packages/airflow/example_dags/example_skip_dag.py for tasks to queue
[2024-10-10T14:00:47.888+0000] {logging_mixin.py:190} INFO - [2024-10-10T14:00:47.887+0000] {dagbag.py:588} INFO - Filling up the DagBag from /home/airflow/.local/lib/python3.12/site-packages/airflow/example_dags/example_skip_dag.py
[2024-10-10T14:00:47.893+0000] {processor.py:925} INFO - DAG(s) 'example_skip_dag' retrieved from /home/airflow/.local/lib/python3.12/site-packages/airflow/example_dags/example_skip_dag.py
[2024-10-10T14:00:47.910+0000] {logging_mixin.py:190} INFO - [2024-10-10T14:00:47.910+0000] {dag.py:3239} INFO - Sync 1 DAGs
[2024-10-10T14:00:47.929+0000] {logging_mixin.py:190} INFO - [2024-10-10T14:00:47.928+0000] {dag.py:4180} INFO - Setting next_dagrun for example_skip_dag to 2024-10-09 00:00:00+00:00, run_after=2024-10-10 00:00:00+00:00
[2024-10-10T14:00:47.942+0000] {processor.py:208} INFO - Processing /home/airflow/.local/lib/python3.12/site-packages/airflow/example_dags/example_skip_dag.py took 0.062 seconds
[2024-10-10T14:01:18.154+0000] {processor.py:186} INFO - Started process (PID=331) to work on /home/airflow/.local/lib/python3.12/site-packages/airflow/example_dags/example_skip_dag.py
[2024-10-10T14:01:18.155+0000] {processor.py:914} INFO - Processing file /home/airflow/.local/lib/python3.12/site-packages/airflow/example_dags/example_skip_dag.py for tasks to queue
[2024-10-10T14:01:18.157+0000] {logging_mixin.py:190} INFO - [2024-10-10T14:01:18.157+0000] {dagbag.py:588} INFO - Filling up the DagBag from /home/airflow/.local/lib/python3.12/site-packages/airflow/example_dags/example_skip_dag.py
[2024-10-10T14:01:18.162+0000] {processor.py:925} INFO - DAG(s) 'example_skip_dag' retrieved from /home/airflow/.local/lib/python3.12/site-packages/airflow/example_dags/example_skip_dag.py
[2024-10-10T14:01:18.177+0000] {logging_mixin.py:190} INFO - [2024-10-10T14:01:18.177+0000] {dag.py:3239} INFO - Sync 1 DAGs
[2024-10-10T14:01:18.194+0000] {logging_mixin.py:190} INFO - [2024-10-10T14:01:18.194+0000] {dag.py:4180} INFO - Setting next_dagrun for example_skip_dag to 2024-10-09 00:00:00+00:00, run_after=2024-10-10 00:00:00+00:00
[2024-10-10T14:01:18.208+0000] {processor.py:208} INFO - Processing /home/airflow/.local/lib/python3.12/site-packages/airflow/example_dags/example_skip_dag.py took 0.057 seconds
[2024-10-10T14:01:48.605+0000] {processor.py:186} INFO - Started process (PID=394) to work on /home/airflow/.local/lib/python3.12/site-packages/airflow/example_dags/example_skip_dag.py
[2024-10-10T14:01:48.606+0000] {processor.py:914} INFO - Processing file /home/airflow/.local/lib/python3.12/site-packages/airflow/example_dags/example_skip_dag.py for tasks to queue
[2024-10-10T14:01:48.608+0000] {logging_mixin.py:190} INFO - [2024-10-10T14:01:48.608+0000] {dagbag.py:588} INFO - Filling up the DagBag from /home/airflow/.local/lib/python3.12/site-packages/airflow/example_dags/example_skip_dag.py
[2024-10-10T14:01:48.614+0000] {processor.py:925} INFO - DAG(s) 'example_skip_dag' retrieved from /home/airflow/.local/lib/python3.12/site-packages/airflow/example_dags/example_skip_dag.py
[2024-10-10T14:01:48.631+0000] {logging_mixin.py:190} INFO - [2024-10-10T14:01:48.630+0000] {dag.py:3239} INFO - Sync 1 DAGs
[2024-10-10T14:01:48.648+0000] {logging_mixin.py:190} INFO - [2024-10-10T14:01:48.648+0000] {dag.py:4180} INFO - Setting next_dagrun for example_skip_dag to 2024-10-09 00:00:00+00:00, run_after=2024-10-10 00:00:00+00:00
[2024-10-10T14:01:48.663+0000] {processor.py:208} INFO - Processing /home/airflow/.local/lib/python3.12/site-packages/airflow/example_dags/example_skip_dag.py took 0.062 seconds
[2024-10-10T14:02:18.758+0000] {processor.py:186} INFO - Started process (PID=456) to work on /home/airflow/.local/lib/python3.12/site-packages/airflow/example_dags/example_skip_dag.py
[2024-10-10T14:02:18.759+0000] {processor.py:914} INFO - Processing file /home/airflow/.local/lib/python3.12/site-packages/airflow/example_dags/example_skip_dag.py for tasks to queue
[2024-10-10T14:02:18.761+0000] {logging_mixin.py:190} INFO - [2024-10-10T14:02:18.761+0000] {dagbag.py:588} INFO - Filling up the DagBag from /home/airflow/.local/lib/python3.12/site-packages/airflow/example_dags/example_skip_dag.py
[2024-10-10T14:02:18.766+0000] {processor.py:925} INFO - DAG(s) 'example_skip_dag' retrieved from /home/airflow/.local/lib/python3.12/site-packages/airflow/example_dags/example_skip_dag.py
[2024-10-10T14:02:18.782+0000] {logging_mixin.py:190} INFO - [2024-10-10T14:02:18.782+0000] {dag.py:3239} INFO - Sync 1 DAGs
[2024-10-10T14:02:18.798+0000] {logging_mixin.py:190} INFO - [2024-10-10T14:02:18.798+0000] {dag.py:4180} INFO - Setting next_dagrun for example_skip_dag to 2024-10-09 00:00:00+00:00, run_after=2024-10-10 00:00:00+00:00
[2024-10-10T14:02:18.811+0000] {processor.py:208} INFO - Processing /home/airflow/.local/lib/python3.12/site-packages/airflow/example_dags/example_skip_dag.py took 0.057 seconds
[2024-10-10T14:02:49.688+0000] {processor.py:186} INFO - Started process (PID=518) to work on /home/airflow/.local/lib/python3.12/site-packages/airflow/example_dags/example_skip_dag.py
[2024-10-10T14:02:49.689+0000] {processor.py:914} INFO - Processing file /home/airflow/.local/lib/python3.12/site-packages/airflow/example_dags/example_skip_dag.py for tasks to queue
[2024-10-10T14:02:49.691+0000] {logging_mixin.py:190} INFO - [2024-10-10T14:02:49.691+0000] {dagbag.py:588} INFO - Filling up the DagBag from /home/airflow/.local/lib/python3.12/site-packages/airflow/example_dags/example_skip_dag.py
[2024-10-10T14:02:49.696+0000] {processor.py:925} INFO - DAG(s) 'example_skip_dag' retrieved from /home/airflow/.local/lib/python3.12/site-packages/airflow/example_dags/example_skip_dag.py
[2024-10-10T14:02:49.712+0000] {logging_mixin.py:190} INFO - [2024-10-10T14:02:49.712+0000] {dag.py:3239} INFO - Sync 1 DAGs
[2024-10-10T14:02:49.731+0000] {logging_mixin.py:190} INFO - [2024-10-10T14:02:49.731+0000] {dag.py:4180} INFO - Setting next_dagrun for example_skip_dag to 2024-10-09 00:00:00+00:00, run_after=2024-10-10 00:00:00+00:00
[2024-10-10T14:02:49.747+0000] {processor.py:208} INFO - Processing /home/airflow/.local/lib/python3.12/site-packages/airflow/example_dags/example_skip_dag.py took 0.063 seconds
[2024-10-10T14:03:20.393+0000] {processor.py:186} INFO - Started process (PID=580) to work on /home/airflow/.local/lib/python3.12/site-packages/airflow/example_dags/example_skip_dag.py
[2024-10-10T14:03:20.393+0000] {processor.py:914} INFO - Processing file /home/airflow/.local/lib/python3.12/site-packages/airflow/example_dags/example_skip_dag.py for tasks to queue
[2024-10-10T14:03:20.395+0000] {logging_mixin.py:190} INFO - [2024-10-10T14:03:20.395+0000] {dagbag.py:588} INFO - Filling up the DagBag from /home/airflow/.local/lib/python3.12/site-packages/airflow/example_dags/example_skip_dag.py
[2024-10-10T14:03:20.401+0000] {processor.py:925} INFO - DAG(s) 'example_skip_dag' retrieved from /home/airflow/.local/lib/python3.12/site-packages/airflow/example_dags/example_skip_dag.py
[2024-10-10T14:03:20.416+0000] {logging_mixin.py:190} INFO - [2024-10-10T14:03:20.416+0000] {dag.py:3239} INFO - Sync 1 DAGs
[2024-10-10T14:03:20.433+0000] {logging_mixin.py:190} INFO - [2024-10-10T14:03:20.433+0000] {dag.py:4180} INFO - Setting next_dagrun for example_skip_dag to 2024-10-09 00:00:00+00:00, run_after=2024-10-10 00:00:00+00:00
[2024-10-10T14:03:20.445+0000] {processor.py:208} INFO - Processing /home/airflow/.local/lib/python3.12/site-packages/airflow/example_dags/example_skip_dag.py took 0.057 seconds
[2024-10-10T14:03:51.309+0000] {processor.py:186} INFO - Started process (PID=642) to work on /home/airflow/.local/lib/python3.12/site-packages/airflow/example_dags/example_skip_dag.py
[2024-10-10T14:03:51.310+0000] {processor.py:914} INFO - Processing file /home/airflow/.local/lib/python3.12/site-packages/airflow/example_dags/example_skip_dag.py for tasks to queue
[2024-10-10T14:03:51.312+0000] {logging_mixin.py:190} INFO - [2024-10-10T14:03:51.311+0000] {dagbag.py:588} INFO - Filling up the DagBag from /home/airflow/.local/lib/python3.12/site-packages/airflow/example_dags/example_skip_dag.py
[2024-10-10T14:03:51.318+0000] {processor.py:925} INFO - DAG(s) 'example_skip_dag' retrieved from /home/airflow/.local/lib/python3.12/site-packages/airflow/example_dags/example_skip_dag.py
[2024-10-10T14:03:51.335+0000] {logging_mixin.py:190} INFO - [2024-10-10T14:03:51.335+0000] {dag.py:3239} INFO - Sync 1 DAGs
[2024-10-10T14:03:51.354+0000] {logging_mixin.py:190} INFO - [2024-10-10T14:03:51.354+0000] {dag.py:4180} INFO - Setting next_dagrun for example_skip_dag to 2024-10-09 00:00:00+00:00, run_after=2024-10-10 00:00:00+00:00
[2024-10-10T14:03:51.369+0000] {processor.py:208} INFO - Processing /home/airflow/.local/lib/python3.12/site-packages/airflow/example_dags/example_skip_dag.py took 0.064 seconds
[2024-10-10T14:04:21.992+0000] {processor.py:186} INFO - Started process (PID=704) to work on /home/airflow/.local/lib/python3.12/site-packages/airflow/example_dags/example_skip_dag.py
[2024-10-10T14:04:21.993+0000] {processor.py:914} INFO - Processing file /home/airflow/.local/lib/python3.12/site-packages/airflow/example_dags/example_skip_dag.py for tasks to queue
[2024-10-10T14:04:21.994+0000] {logging_mixin.py:190} INFO - [2024-10-10T14:04:21.994+0000] {dagbag.py:588} INFO - Filling up the DagBag from /home/airflow/.local/lib/python3.12/site-packages/airflow/example_dags/example_skip_dag.py
[2024-10-10T14:04:22.000+0000] {processor.py:925} INFO - DAG(s) 'example_skip_dag' retrieved from /home/airflow/.local/lib/python3.12/site-packages/airflow/example_dags/example_skip_dag.py
[2024-10-10T14:04:22.017+0000] {logging_mixin.py:190} INFO - [2024-10-10T14:04:22.017+0000] {dag.py:3239} INFO - Sync 1 DAGs
[2024-10-10T14:04:22.034+0000] {logging_mixin.py:190} INFO - [2024-10-10T14:04:22.034+0000] {dag.py:4180} INFO - Setting next_dagrun for example_skip_dag to 2024-10-09 00:00:00+00:00, run_after=2024-10-10 00:00:00+00:00
[2024-10-10T14:04:22.048+0000] {processor.py:208} INFO - Processing /home/airflow/.local/lib/python3.12/site-packages/airflow/example_dags/example_skip_dag.py took 0.060 seconds
[2024-10-10T14:04:52.878+0000] {processor.py:186} INFO - Started process (PID=766) to work on /home/airflow/.local/lib/python3.12/site-packages/airflow/example_dags/example_skip_dag.py
[2024-10-10T14:04:52.879+0000] {processor.py:914} INFO - Processing file /home/airflow/.local/lib/python3.12/site-packages/airflow/example_dags/example_skip_dag.py for tasks to queue
[2024-10-10T14:04:52.880+0000] {logging_mixin.py:190} INFO - [2024-10-10T14:04:52.880+0000] {dagbag.py:588} INFO - Filling up the DagBag from /home/airflow/.local/lib/python3.12/site-packages/airflow/example_dags/example_skip_dag.py
[2024-10-10T14:04:52.887+0000] {processor.py:925} INFO - DAG(s) 'example_skip_dag' retrieved from /home/airflow/.local/lib/python3.12/site-packages/airflow/example_dags/example_skip_dag.py
[2024-10-10T14:04:52.903+0000] {logging_mixin.py:190} INFO - [2024-10-10T14:04:52.903+0000] {dag.py:3239} INFO - Sync 1 DAGs
[2024-10-10T14:04:52.920+0000] {logging_mixin.py:190} INFO - [2024-10-10T14:04:52.920+0000] {dag.py:4180} INFO - Setting next_dagrun for example_skip_dag to 2024-10-09 00:00:00+00:00, run_after=2024-10-10 00:00:00+00:00
[2024-10-10T14:04:52.934+0000] {processor.py:208} INFO - Processing /home/airflow/.local/lib/python3.12/site-packages/airflow/example_dags/example_skip_dag.py took 0.060 seconds
[2024-10-10T14:05:23.543+0000] {processor.py:186} INFO - Started process (PID=828) to work on /home/airflow/.local/lib/python3.12/site-packages/airflow/example_dags/example_skip_dag.py
[2024-10-10T14:05:23.544+0000] {processor.py:914} INFO - Processing file /home/airflow/.local/lib/python3.12/site-packages/airflow/example_dags/example_skip_dag.py for tasks to queue
[2024-10-10T14:05:23.546+0000] {logging_mixin.py:190} INFO - [2024-10-10T14:05:23.545+0000] {dagbag.py:588} INFO - Filling up the DagBag from /home/airflow/.local/lib/python3.12/site-packages/airflow/example_dags/example_skip_dag.py
[2024-10-10T14:05:23.553+0000] {processor.py:925} INFO - DAG(s) 'example_skip_dag' retrieved from /home/airflow/.local/lib/python3.12/site-packages/airflow/example_dags/example_skip_dag.py
[2024-10-10T14:05:23.570+0000] {logging_mixin.py:190} INFO - [2024-10-10T14:05:23.570+0000] {dag.py:3239} INFO - Sync 1 DAGs
[2024-10-10T14:05:23.591+0000] {logging_mixin.py:190} INFO - [2024-10-10T14:05:23.590+0000] {dag.py:4180} INFO - Setting next_dagrun for example_skip_dag to 2024-10-09 00:00:00+00:00, run_after=2024-10-10 00:00:00+00:00
[2024-10-10T14:05:23.605+0000] {processor.py:208} INFO - Processing /home/airflow/.local/lib/python3.12/site-packages/airflow/example_dags/example_skip_dag.py took 0.066 seconds
[2024-10-10T14:05:54.272+0000] {processor.py:186} INFO - Started process (PID=890) to work on /home/airflow/.local/lib/python3.12/site-packages/airflow/example_dags/example_skip_dag.py
[2024-10-10T14:05:54.273+0000] {processor.py:914} INFO - Processing file /home/airflow/.local/lib/python3.12/site-packages/airflow/example_dags/example_skip_dag.py for tasks to queue
[2024-10-10T14:05:54.275+0000] {logging_mixin.py:190} INFO - [2024-10-10T14:05:54.274+0000] {dagbag.py:588} INFO - Filling up the DagBag from /home/airflow/.local/lib/python3.12/site-packages/airflow/example_dags/example_skip_dag.py
[2024-10-10T14:05:54.280+0000] {processor.py:925} INFO - DAG(s) 'example_skip_dag' retrieved from /home/airflow/.local/lib/python3.12/site-packages/airflow/example_dags/example_skip_dag.py
[2024-10-10T14:05:54.296+0000] {logging_mixin.py:190} INFO - [2024-10-10T14:05:54.296+0000] {dag.py:3239} INFO - Sync 1 DAGs
[2024-10-10T14:05:54.314+0000] {logging_mixin.py:190} INFO - [2024-10-10T14:05:54.314+0000] {dag.py:4180} INFO - Setting next_dagrun for example_skip_dag to 2024-10-09 00:00:00+00:00, run_after=2024-10-10 00:00:00+00:00
[2024-10-10T14:05:54.329+0000] {processor.py:208} INFO - Processing /home/airflow/.local/lib/python3.12/site-packages/airflow/example_dags/example_skip_dag.py took 0.061 seconds
[2024-10-10T14:06:24.997+0000] {processor.py:186} INFO - Started process (PID=952) to work on /home/airflow/.local/lib/python3.12/site-packages/airflow/example_dags/example_skip_dag.py
[2024-10-10T14:06:24.997+0000] {processor.py:914} INFO - Processing file /home/airflow/.local/lib/python3.12/site-packages/airflow/example_dags/example_skip_dag.py for tasks to queue
[2024-10-10T14:06:24.999+0000] {logging_mixin.py:190} INFO - [2024-10-10T14:06:24.999+0000] {dagbag.py:588} INFO - Filling up the DagBag from /home/airflow/.local/lib/python3.12/site-packages/airflow/example_dags/example_skip_dag.py
[2024-10-10T14:06:25.005+0000] {processor.py:925} INFO - DAG(s) 'example_skip_dag' retrieved from /home/airflow/.local/lib/python3.12/site-packages/airflow/example_dags/example_skip_dag.py
[2024-10-10T14:06:25.021+0000] {logging_mixin.py:190} INFO - [2024-10-10T14:06:25.020+0000] {dag.py:3239} INFO - Sync 1 DAGs
[2024-10-10T14:06:25.037+0000] {logging_mixin.py:190} INFO - [2024-10-10T14:06:25.037+0000] {dag.py:4180} INFO - Setting next_dagrun for example_skip_dag to 2024-10-09 00:00:00+00:00, run_after=2024-10-10 00:00:00+00:00
[2024-10-10T14:06:25.051+0000] {processor.py:208} INFO - Processing /home/airflow/.local/lib/python3.12/site-packages/airflow/example_dags/example_skip_dag.py took 0.058 seconds
[2024-10-10T14:06:55.730+0000] {processor.py:186} INFO - Started process (PID=1014) to work on /home/airflow/.local/lib/python3.12/site-packages/airflow/example_dags/example_skip_dag.py
[2024-10-10T14:06:55.731+0000] {processor.py:914} INFO - Processing file /home/airflow/.local/lib/python3.12/site-packages/airflow/example_dags/example_skip_dag.py for tasks to queue
[2024-10-10T14:06:55.733+0000] {logging_mixin.py:190} INFO - [2024-10-10T14:06:55.732+0000] {dagbag.py:588} INFO - Filling up the DagBag from /home/airflow/.local/lib/python3.12/site-packages/airflow/example_dags/example_skip_dag.py
[2024-10-10T14:06:55.738+0000] {processor.py:925} INFO - DAG(s) 'example_skip_dag' retrieved from /home/airflow/.local/lib/python3.12/site-packages/airflow/example_dags/example_skip_dag.py
[2024-10-10T14:06:55.755+0000] {logging_mixin.py:190} INFO - [2024-10-10T14:06:55.755+0000] {dag.py:3239} INFO - Sync 1 DAGs
[2024-10-10T14:06:55.772+0000] {logging_mixin.py:190} INFO - [2024-10-10T14:06:55.772+0000] {dag.py:4180} INFO - Setting next_dagrun for example_skip_dag to 2024-10-09 00:00:00+00:00, run_after=2024-10-10 00:00:00+00:00
[2024-10-10T14:06:55.785+0000] {processor.py:208} INFO - Processing /home/airflow/.local/lib/python3.12/site-packages/airflow/example_dags/example_skip_dag.py took 0.059 seconds
[2024-10-10T14:07:26.466+0000] {processor.py:186} INFO - Started process (PID=1076) to work on /home/airflow/.local/lib/python3.12/site-packages/airflow/example_dags/example_skip_dag.py
[2024-10-10T14:07:26.467+0000] {processor.py:914} INFO - Processing file /home/airflow/.local/lib/python3.12/site-packages/airflow/example_dags/example_skip_dag.py for tasks to queue
[2024-10-10T14:07:26.469+0000] {logging_mixin.py:190} INFO - [2024-10-10T14:07:26.469+0000] {dagbag.py:588} INFO - Filling up the DagBag from /home/airflow/.local/lib/python3.12/site-packages/airflow/example_dags/example_skip_dag.py
[2024-10-10T14:07:26.475+0000] {processor.py:925} INFO - DAG(s) 'example_skip_dag' retrieved from /home/airflow/.local/lib/python3.12/site-packages/airflow/example_dags/example_skip_dag.py
[2024-10-10T14:07:26.493+0000] {logging_mixin.py:190} INFO - [2024-10-10T14:07:26.493+0000] {dag.py:3239} INFO - Sync 1 DAGs
[2024-10-10T14:07:26.511+0000] {logging_mixin.py:190} INFO - [2024-10-10T14:07:26.510+0000] {dag.py:4180} INFO - Setting next_dagrun for example_skip_dag to 2024-10-09 00:00:00+00:00, run_after=2024-10-10 00:00:00+00:00
[2024-10-10T14:07:26.526+0000] {processor.py:208} INFO - Processing /home/airflow/.local/lib/python3.12/site-packages/airflow/example_dags/example_skip_dag.py took 0.063 seconds
[2024-10-10T14:07:57.235+0000] {processor.py:186} INFO - Started process (PID=1138) to work on /home/airflow/.local/lib/python3.12/site-packages/airflow/example_dags/example_skip_dag.py
[2024-10-10T14:07:57.236+0000] {processor.py:914} INFO - Processing file /home/airflow/.local/lib/python3.12/site-packages/airflow/example_dags/example_skip_dag.py for tasks to queue
[2024-10-10T14:07:57.238+0000] {logging_mixin.py:190} INFO - [2024-10-10T14:07:57.238+0000] {dagbag.py:588} INFO - Filling up the DagBag from /home/airflow/.local/lib/python3.12/site-packages/airflow/example_dags/example_skip_dag.py
[2024-10-10T14:07:57.243+0000] {processor.py:925} INFO - DAG(s) 'example_skip_dag' retrieved from /home/airflow/.local/lib/python3.12/site-packages/airflow/example_dags/example_skip_dag.py
[2024-10-10T14:07:57.259+0000] {logging_mixin.py:190} INFO - [2024-10-10T14:07:57.259+0000] {dag.py:3239} INFO - Sync 1 DAGs
[2024-10-10T14:07:57.277+0000] {logging_mixin.py:190} INFO - [2024-10-10T14:07:57.277+0000] {dag.py:4180} INFO - Setting next_dagrun for example_skip_dag to 2024-10-09 00:00:00+00:00, run_after=2024-10-10 00:00:00+00:00
[2024-10-10T14:07:57.291+0000] {processor.py:208} INFO - Processing /home/airflow/.local/lib/python3.12/site-packages/airflow/example_dags/example_skip_dag.py took 0.060 seconds
[2024-10-10T14:08:27.977+0000] {processor.py:186} INFO - Started process (PID=1200) to work on /home/airflow/.local/lib/python3.12/site-packages/airflow/example_dags/example_skip_dag.py
[2024-10-10T14:08:27.978+0000] {processor.py:914} INFO - Processing file /home/airflow/.local/lib/python3.12/site-packages/airflow/example_dags/example_skip_dag.py for tasks to queue
[2024-10-10T14:08:27.980+0000] {logging_mixin.py:190} INFO - [2024-10-10T14:08:27.979+0000] {dagbag.py:588} INFO - Filling up the DagBag from /home/airflow/.local/lib/python3.12/site-packages/airflow/example_dags/example_skip_dag.py
[2024-10-10T14:08:27.986+0000] {processor.py:925} INFO - DAG(s) 'example_skip_dag' retrieved from /home/airflow/.local/lib/python3.12/site-packages/airflow/example_dags/example_skip_dag.py
[2024-10-10T14:08:28.001+0000] {logging_mixin.py:190} INFO - [2024-10-10T14:08:28.001+0000] {dag.py:3239} INFO - Sync 1 DAGs
[2024-10-10T14:08:28.020+0000] {logging_mixin.py:190} INFO - [2024-10-10T14:08:28.019+0000] {dag.py:4180} INFO - Setting next_dagrun for example_skip_dag to 2024-10-09 00:00:00+00:00, run_after=2024-10-10 00:00:00+00:00
[2024-10-10T14:08:28.034+0000] {processor.py:208} INFO - Processing /home/airflow/.local/lib/python3.12/site-packages/airflow/example_dags/example_skip_dag.py took 0.061 seconds
[2024-10-10T14:08:58.779+0000] {processor.py:186} INFO - Started process (PID=1262) to work on /home/airflow/.local/lib/python3.12/site-packages/airflow/example_dags/example_skip_dag.py
[2024-10-10T14:08:58.780+0000] {processor.py:914} INFO - Processing file /home/airflow/.local/lib/python3.12/site-packages/airflow/example_dags/example_skip_dag.py for tasks to queue
[2024-10-10T14:08:58.782+0000] {logging_mixin.py:190} INFO - [2024-10-10T14:08:58.782+0000] {dagbag.py:588} INFO - Filling up the DagBag from /home/airflow/.local/lib/python3.12/site-packages/airflow/example_dags/example_skip_dag.py
[2024-10-10T14:08:58.790+0000] {processor.py:925} INFO - DAG(s) 'example_skip_dag' retrieved from /home/airflow/.local/lib/python3.12/site-packages/airflow/example_dags/example_skip_dag.py
[2024-10-10T14:08:58.806+0000] {logging_mixin.py:190} INFO - [2024-10-10T14:08:58.806+0000] {dag.py:3239} INFO - Sync 1 DAGs
[2024-10-10T14:08:58.824+0000] {logging_mixin.py:190} INFO - [2024-10-10T14:08:58.823+0000] {dag.py:4180} INFO - Setting next_dagrun for example_skip_dag to 2024-10-09 00:00:00+00:00, run_after=2024-10-10 00:00:00+00:00
[2024-10-10T14:08:58.837+0000] {processor.py:208} INFO - Processing /home/airflow/.local/lib/python3.12/site-packages/airflow/example_dags/example_skip_dag.py took 0.062 seconds
[2024-10-10T14:09:29.490+0000] {processor.py:186} INFO - Started process (PID=1324) to work on /home/airflow/.local/lib/python3.12/site-packages/airflow/example_dags/example_skip_dag.py
[2024-10-10T14:09:29.491+0000] {processor.py:914} INFO - Processing file /home/airflow/.local/lib/python3.12/site-packages/airflow/example_dags/example_skip_dag.py for tasks to queue
[2024-10-10T14:09:29.493+0000] {logging_mixin.py:190} INFO - [2024-10-10T14:09:29.492+0000] {dagbag.py:588} INFO - Filling up the DagBag from /home/airflow/.local/lib/python3.12/site-packages/airflow/example_dags/example_skip_dag.py
[2024-10-10T14:09:29.499+0000] {processor.py:925} INFO - DAG(s) 'example_skip_dag' retrieved from /home/airflow/.local/lib/python3.12/site-packages/airflow/example_dags/example_skip_dag.py
[2024-10-10T14:09:29.516+0000] {logging_mixin.py:190} INFO - [2024-10-10T14:09:29.516+0000] {dag.py:3239} INFO - Sync 1 DAGs
[2024-10-10T14:09:29.534+0000] {logging_mixin.py:190} INFO - [2024-10-10T14:09:29.534+0000] {dag.py:4180} INFO - Setting next_dagrun for example_skip_dag to 2024-10-09 00:00:00+00:00, run_after=2024-10-10 00:00:00+00:00
[2024-10-10T14:09:29.547+0000] {processor.py:208} INFO - Processing /home/airflow/.local/lib/python3.12/site-packages/airflow/example_dags/example_skip_dag.py took 0.061 seconds
[2024-10-10T14:10:00.430+0000] {processor.py:186} INFO - Started process (PID=1386) to work on /home/airflow/.local/lib/python3.12/site-packages/airflow/example_dags/example_skip_dag.py
[2024-10-10T14:10:00.431+0000] {processor.py:914} INFO - Processing file /home/airflow/.local/lib/python3.12/site-packages/airflow/example_dags/example_skip_dag.py for tasks to queue
[2024-10-10T14:10:00.433+0000] {logging_mixin.py:190} INFO - [2024-10-10T14:10:00.432+0000] {dagbag.py:588} INFO - Filling up the DagBag from /home/airflow/.local/lib/python3.12/site-packages/airflow/example_dags/example_skip_dag.py
[2024-10-10T14:10:00.439+0000] {processor.py:925} INFO - DAG(s) 'example_skip_dag' retrieved from /home/airflow/.local/lib/python3.12/site-packages/airflow/example_dags/example_skip_dag.py
[2024-10-10T14:10:00.457+0000] {logging_mixin.py:190} INFO - [2024-10-10T14:10:00.457+0000] {dag.py:3239} INFO - Sync 1 DAGs
[2024-10-10T14:10:00.476+0000] {logging_mixin.py:190} INFO - [2024-10-10T14:10:00.475+0000] {dag.py:4180} INFO - Setting next_dagrun for example_skip_dag to 2024-10-09 00:00:00+00:00, run_after=2024-10-10 00:00:00+00:00
[2024-10-10T14:10:00.491+0000] {processor.py:208} INFO - Processing /home/airflow/.local/lib/python3.12/site-packages/airflow/example_dags/example_skip_dag.py took 0.065 seconds
[2024-10-10T14:10:31.546+0000] {processor.py:186} INFO - Started process (PID=1449) to work on /home/airflow/.local/lib/python3.12/site-packages/airflow/example_dags/example_skip_dag.py
[2024-10-10T14:10:31.546+0000] {processor.py:914} INFO - Processing file /home/airflow/.local/lib/python3.12/site-packages/airflow/example_dags/example_skip_dag.py for tasks to queue
[2024-10-10T14:10:31.548+0000] {logging_mixin.py:190} INFO - [2024-10-10T14:10:31.548+0000] {dagbag.py:588} INFO - Filling up the DagBag from /home/airflow/.local/lib/python3.12/site-packages/airflow/example_dags/example_skip_dag.py
[2024-10-10T14:10:31.554+0000] {processor.py:925} INFO - DAG(s) 'example_skip_dag' retrieved from /home/airflow/.local/lib/python3.12/site-packages/airflow/example_dags/example_skip_dag.py
[2024-10-10T14:10:31.571+0000] {logging_mixin.py:190} INFO - [2024-10-10T14:10:31.571+0000] {dag.py:3239} INFO - Sync 1 DAGs
[2024-10-10T14:10:31.589+0000] {logging_mixin.py:190} INFO - [2024-10-10T14:10:31.588+0000] {dag.py:4180} INFO - Setting next_dagrun for example_skip_dag to 2024-10-09 00:00:00+00:00, run_after=2024-10-10 00:00:00+00:00
[2024-10-10T14:10:31.604+0000] {processor.py:208} INFO - Processing /home/airflow/.local/lib/python3.12/site-packages/airflow/example_dags/example_skip_dag.py took 0.062 seconds
[2024-10-10T14:11:01.702+0000] {processor.py:186} INFO - Started process (PID=1510) to work on /home/airflow/.local/lib/python3.12/site-packages/airflow/example_dags/example_skip_dag.py
[2024-10-10T14:11:01.704+0000] {processor.py:914} INFO - Processing file /home/airflow/.local/lib/python3.12/site-packages/airflow/example_dags/example_skip_dag.py for tasks to queue
[2024-10-10T14:11:01.706+0000] {logging_mixin.py:190} INFO - [2024-10-10T14:11:01.705+0000] {dagbag.py:588} INFO - Filling up the DagBag from /home/airflow/.local/lib/python3.12/site-packages/airflow/example_dags/example_skip_dag.py
[2024-10-10T14:11:01.712+0000] {processor.py:925} INFO - DAG(s) 'example_skip_dag' retrieved from /home/airflow/.local/lib/python3.12/site-packages/airflow/example_dags/example_skip_dag.py
[2024-10-10T14:11:01.730+0000] {logging_mixin.py:190} INFO - [2024-10-10T14:11:01.730+0000] {dag.py:3239} INFO - Sync 1 DAGs
[2024-10-10T14:11:01.753+0000] {logging_mixin.py:190} INFO - [2024-10-10T14:11:01.752+0000] {dag.py:4180} INFO - Setting next_dagrun for example_skip_dag to 2024-10-09 00:00:00+00:00, run_after=2024-10-10 00:00:00+00:00
[2024-10-10T14:11:01.770+0000] {processor.py:208} INFO - Processing /home/airflow/.local/lib/python3.12/site-packages/airflow/example_dags/example_skip_dag.py took 0.072 seconds
[2024-10-10T14:11:32.885+0000] {processor.py:186} INFO - Started process (PID=1573) to work on /home/airflow/.local/lib/python3.12/site-packages/airflow/example_dags/example_skip_dag.py
[2024-10-10T14:11:32.886+0000] {processor.py:914} INFO - Processing file /home/airflow/.local/lib/python3.12/site-packages/airflow/example_dags/example_skip_dag.py for tasks to queue
[2024-10-10T14:11:32.889+0000] {logging_mixin.py:190} INFO - [2024-10-10T14:11:32.888+0000] {dagbag.py:588} INFO - Filling up the DagBag from /home/airflow/.local/lib/python3.12/site-packages/airflow/example_dags/example_skip_dag.py
[2024-10-10T14:11:32.895+0000] {processor.py:925} INFO - DAG(s) 'example_skip_dag' retrieved from /home/airflow/.local/lib/python3.12/site-packages/airflow/example_dags/example_skip_dag.py
[2024-10-10T14:11:32.912+0000] {logging_mixin.py:190} INFO - [2024-10-10T14:11:32.911+0000] {dag.py:3239} INFO - Sync 1 DAGs
[2024-10-10T14:11:32.931+0000] {logging_mixin.py:190} INFO - [2024-10-10T14:11:32.931+0000] {dag.py:4180} INFO - Setting next_dagrun for example_skip_dag to 2024-10-09 00:00:00+00:00, run_after=2024-10-10 00:00:00+00:00
[2024-10-10T14:11:32.947+0000] {processor.py:208} INFO - Processing /home/airflow/.local/lib/python3.12/site-packages/airflow/example_dags/example_skip_dag.py took 0.066 seconds
[2024-10-10T14:12:03.763+0000] {processor.py:186} INFO - Started process (PID=1635) to work on /home/airflow/.local/lib/python3.12/site-packages/airflow/example_dags/example_skip_dag.py
[2024-10-10T14:12:03.764+0000] {processor.py:914} INFO - Processing file /home/airflow/.local/lib/python3.12/site-packages/airflow/example_dags/example_skip_dag.py for tasks to queue
[2024-10-10T14:12:03.765+0000] {logging_mixin.py:190} INFO - [2024-10-10T14:12:03.765+0000] {dagbag.py:588} INFO - Filling up the DagBag from /home/airflow/.local/lib/python3.12/site-packages/airflow/example_dags/example_skip_dag.py
[2024-10-10T14:12:03.771+0000] {processor.py:925} INFO - DAG(s) 'example_skip_dag' retrieved from /home/airflow/.local/lib/python3.12/site-packages/airflow/example_dags/example_skip_dag.py
[2024-10-10T14:12:03.787+0000] {logging_mixin.py:190} INFO - [2024-10-10T14:12:03.787+0000] {dag.py:3239} INFO - Sync 1 DAGs
[2024-10-10T14:12:03.805+0000] {logging_mixin.py:190} INFO - [2024-10-10T14:12:03.805+0000] {dag.py:4180} INFO - Setting next_dagrun for example_skip_dag to 2024-10-09 00:00:00+00:00, run_after=2024-10-10 00:00:00+00:00
[2024-10-10T14:12:03.817+0000] {processor.py:208} INFO - Processing /home/airflow/.local/lib/python3.12/site-packages/airflow/example_dags/example_skip_dag.py took 0.058 seconds
[2024-10-10T14:12:34.557+0000] {processor.py:186} INFO - Started process (PID=1697) to work on /home/airflow/.local/lib/python3.12/site-packages/airflow/example_dags/example_skip_dag.py
[2024-10-10T14:12:34.558+0000] {processor.py:914} INFO - Processing file /home/airflow/.local/lib/python3.12/site-packages/airflow/example_dags/example_skip_dag.py for tasks to queue
[2024-10-10T14:12:34.560+0000] {logging_mixin.py:190} INFO - [2024-10-10T14:12:34.559+0000] {dagbag.py:588} INFO - Filling up the DagBag from /home/airflow/.local/lib/python3.12/site-packages/airflow/example_dags/example_skip_dag.py
[2024-10-10T14:12:34.566+0000] {processor.py:925} INFO - DAG(s) 'example_skip_dag' retrieved from /home/airflow/.local/lib/python3.12/site-packages/airflow/example_dags/example_skip_dag.py
[2024-10-10T14:12:34.583+0000] {logging_mixin.py:190} INFO - [2024-10-10T14:12:34.582+0000] {dag.py:3239} INFO - Sync 1 DAGs
[2024-10-10T14:12:34.601+0000] {logging_mixin.py:190} INFO - [2024-10-10T14:12:34.601+0000] {dag.py:4180} INFO - Setting next_dagrun for example_skip_dag to 2024-10-09 00:00:00+00:00, run_after=2024-10-10 00:00:00+00:00
[2024-10-10T14:12:34.616+0000] {processor.py:208} INFO - Processing /home/airflow/.local/lib/python3.12/site-packages/airflow/example_dags/example_skip_dag.py took 0.063 seconds
