[2024-10-10T13:59:18.371+0000] {processor.py:186} INFO - Started process (PID=100) to work on /home/airflow/.local/lib/python3.12/site-packages/airflow/example_dags/example_bash_operator.py
[2024-10-10T13:59:18.372+0000] {processor.py:914} INFO - Processing file /home/airflow/.local/lib/python3.12/site-packages/airflow/example_dags/example_bash_operator.py for tasks to queue
[2024-10-10T13:59:18.374+0000] {logging_mixin.py:190} INFO - [2024-10-10T13:59:18.373+0000] {dagbag.py:588} INFO - Filling up the DagBag from /home/airflow/.local/lib/python3.12/site-packages/airflow/example_dags/example_bash_operator.py
[2024-10-10T13:59:18.383+0000] {processor.py:925} INFO - DAG(s) 'example_bash_operator' retrieved from /home/airflow/.local/lib/python3.12/site-packages/airflow/example_dags/example_bash_operator.py
[2024-10-10T13:59:18.405+0000] {logging_mixin.py:190} INFO - [2024-10-10T13:59:18.404+0000] {dag.py:3239} INFO - Sync 1 DAGs
[2024-10-10T13:59:18.424+0000] {logging_mixin.py:190} INFO - [2024-10-10T13:59:18.424+0000] {dag.py:4180} INFO - Setting next_dagrun for example_bash_operator to 2024-10-09 00:00:00+00:00, run_after=2024-10-10 00:00:00+00:00
[2024-10-10T13:59:18.438+0000] {processor.py:208} INFO - Processing /home/airflow/.local/lib/python3.12/site-packages/airflow/example_dags/example_bash_operator.py took 0.072 seconds
[2024-10-10T13:59:49.578+0000] {processor.py:186} INFO - Started process (PID=162) to work on /home/airflow/.local/lib/python3.12/site-packages/airflow/example_dags/example_bash_operator.py
[2024-10-10T13:59:49.583+0000] {processor.py:914} INFO - Processing file /home/airflow/.local/lib/python3.12/site-packages/airflow/example_dags/example_bash_operator.py for tasks to queue
[2024-10-10T13:59:49.585+0000] {logging_mixin.py:190} INFO - [2024-10-10T13:59:49.585+0000] {dagbag.py:588} INFO - Filling up the DagBag from /home/airflow/.local/lib/python3.12/site-packages/airflow/example_dags/example_bash_operator.py
[2024-10-10T13:59:49.595+0000] {processor.py:925} INFO - DAG(s) 'example_bash_operator' retrieved from /home/airflow/.local/lib/python3.12/site-packages/airflow/example_dags/example_bash_operator.py
[2024-10-10T13:59:49.620+0000] {logging_mixin.py:190} INFO - [2024-10-10T13:59:49.619+0000] {dag.py:3239} INFO - Sync 1 DAGs
[2024-10-10T13:59:49.641+0000] {logging_mixin.py:190} INFO - [2024-10-10T13:59:49.641+0000] {dag.py:4180} INFO - Setting next_dagrun for example_bash_operator to 2024-10-09 00:00:00+00:00, run_after=2024-10-10 00:00:00+00:00
[2024-10-10T13:59:49.656+0000] {processor.py:208} INFO - Processing /home/airflow/.local/lib/python3.12/site-packages/airflow/example_dags/example_bash_operator.py took 0.083 seconds
[2024-10-10T14:00:20.607+0000] {processor.py:186} INFO - Started process (PID=225) to work on /home/airflow/.local/lib/python3.12/site-packages/airflow/example_dags/example_bash_operator.py
[2024-10-10T14:00:20.608+0000] {processor.py:914} INFO - Processing file /home/airflow/.local/lib/python3.12/site-packages/airflow/example_dags/example_bash_operator.py for tasks to queue
[2024-10-10T14:00:20.610+0000] {logging_mixin.py:190} INFO - [2024-10-10T14:00:20.610+0000] {dagbag.py:588} INFO - Filling up the DagBag from /home/airflow/.local/lib/python3.12/site-packages/airflow/example_dags/example_bash_operator.py
[2024-10-10T14:00:20.622+0000] {processor.py:925} INFO - DAG(s) 'example_bash_operator' retrieved from /home/airflow/.local/lib/python3.12/site-packages/airflow/example_dags/example_bash_operator.py
[2024-10-10T14:00:20.648+0000] {logging_mixin.py:190} INFO - [2024-10-10T14:00:20.647+0000] {dag.py:3239} INFO - Sync 1 DAGs
[2024-10-10T14:00:20.670+0000] {logging_mixin.py:190} INFO - [2024-10-10T14:00:20.670+0000] {dag.py:4180} INFO - Setting next_dagrun for example_bash_operator to 2024-10-09 00:00:00+00:00, run_after=2024-10-10 00:00:00+00:00
[2024-10-10T14:00:20.688+0000] {processor.py:208} INFO - Processing /home/airflow/.local/lib/python3.12/site-packages/airflow/example_dags/example_bash_operator.py took 0.085 seconds
[2024-10-10T14:00:51.001+0000] {processor.py:186} INFO - Started process (PID=287) to work on /home/airflow/.local/lib/python3.12/site-packages/airflow/example_dags/example_bash_operator.py
[2024-10-10T14:00:51.002+0000] {processor.py:914} INFO - Processing file /home/airflow/.local/lib/python3.12/site-packages/airflow/example_dags/example_bash_operator.py for tasks to queue
[2024-10-10T14:00:51.005+0000] {logging_mixin.py:190} INFO - [2024-10-10T14:00:51.004+0000] {dagbag.py:588} INFO - Filling up the DagBag from /home/airflow/.local/lib/python3.12/site-packages/airflow/example_dags/example_bash_operator.py
[2024-10-10T14:00:51.015+0000] {processor.py:925} INFO - DAG(s) 'example_bash_operator' retrieved from /home/airflow/.local/lib/python3.12/site-packages/airflow/example_dags/example_bash_operator.py
[2024-10-10T14:00:51.037+0000] {logging_mixin.py:190} INFO - [2024-10-10T14:00:51.037+0000] {dag.py:3239} INFO - Sync 1 DAGs
[2024-10-10T14:00:51.058+0000] {logging_mixin.py:190} INFO - [2024-10-10T14:00:51.057+0000] {dag.py:4180} INFO - Setting next_dagrun for example_bash_operator to 2024-10-09 00:00:00+00:00, run_after=2024-10-10 00:00:00+00:00
[2024-10-10T14:00:51.074+0000] {processor.py:208} INFO - Processing /home/airflow/.local/lib/python3.12/site-packages/airflow/example_dags/example_bash_operator.py took 0.077 seconds
[2024-10-10T14:01:21.148+0000] {processor.py:186} INFO - Started process (PID=349) to work on /home/airflow/.local/lib/python3.12/site-packages/airflow/example_dags/example_bash_operator.py
[2024-10-10T14:01:21.148+0000] {processor.py:914} INFO - Processing file /home/airflow/.local/lib/python3.12/site-packages/airflow/example_dags/example_bash_operator.py for tasks to queue
[2024-10-10T14:01:21.150+0000] {logging_mixin.py:190} INFO - [2024-10-10T14:01:21.150+0000] {dagbag.py:588} INFO - Filling up the DagBag from /home/airflow/.local/lib/python3.12/site-packages/airflow/example_dags/example_bash_operator.py
[2024-10-10T14:01:21.159+0000] {processor.py:925} INFO - DAG(s) 'example_bash_operator' retrieved from /home/airflow/.local/lib/python3.12/site-packages/airflow/example_dags/example_bash_operator.py
[2024-10-10T14:01:21.185+0000] {logging_mixin.py:190} INFO - [2024-10-10T14:01:21.185+0000] {dag.py:3239} INFO - Sync 1 DAGs
[2024-10-10T14:01:21.203+0000] {logging_mixin.py:190} INFO - [2024-10-10T14:01:21.203+0000] {dag.py:4180} INFO - Setting next_dagrun for example_bash_operator to 2024-10-09 00:00:00+00:00, run_after=2024-10-10 00:00:00+00:00
[2024-10-10T14:01:21.217+0000] {processor.py:208} INFO - Processing /home/airflow/.local/lib/python3.12/site-packages/airflow/example_dags/example_bash_operator.py took 0.073 seconds
[2024-10-10T14:01:51.297+0000] {processor.py:186} INFO - Started process (PID=410) to work on /home/airflow/.local/lib/python3.12/site-packages/airflow/example_dags/example_bash_operator.py
[2024-10-10T14:01:51.298+0000] {processor.py:914} INFO - Processing file /home/airflow/.local/lib/python3.12/site-packages/airflow/example_dags/example_bash_operator.py for tasks to queue
[2024-10-10T14:01:51.300+0000] {logging_mixin.py:190} INFO - [2024-10-10T14:01:51.300+0000] {dagbag.py:588} INFO - Filling up the DagBag from /home/airflow/.local/lib/python3.12/site-packages/airflow/example_dags/example_bash_operator.py
[2024-10-10T14:01:51.309+0000] {processor.py:925} INFO - DAG(s) 'example_bash_operator' retrieved from /home/airflow/.local/lib/python3.12/site-packages/airflow/example_dags/example_bash_operator.py
[2024-10-10T14:01:51.327+0000] {logging_mixin.py:190} INFO - [2024-10-10T14:01:51.327+0000] {dag.py:3239} INFO - Sync 1 DAGs
[2024-10-10T14:01:51.344+0000] {logging_mixin.py:190} INFO - [2024-10-10T14:01:51.344+0000] {dag.py:4180} INFO - Setting next_dagrun for example_bash_operator to 2024-10-09 00:00:00+00:00, run_after=2024-10-10 00:00:00+00:00
[2024-10-10T14:01:51.357+0000] {processor.py:208} INFO - Processing /home/airflow/.local/lib/python3.12/site-packages/airflow/example_dags/example_bash_operator.py took 0.065 seconds
[2024-10-10T14:02:21.738+0000] {processor.py:186} INFO - Started process (PID=473) to work on /home/airflow/.local/lib/python3.12/site-packages/airflow/example_dags/example_bash_operator.py
[2024-10-10T14:02:21.738+0000] {processor.py:914} INFO - Processing file /home/airflow/.local/lib/python3.12/site-packages/airflow/example_dags/example_bash_operator.py for tasks to queue
[2024-10-10T14:02:21.740+0000] {logging_mixin.py:190} INFO - [2024-10-10T14:02:21.740+0000] {dagbag.py:588} INFO - Filling up the DagBag from /home/airflow/.local/lib/python3.12/site-packages/airflow/example_dags/example_bash_operator.py
[2024-10-10T14:02:21.749+0000] {processor.py:925} INFO - DAG(s) 'example_bash_operator' retrieved from /home/airflow/.local/lib/python3.12/site-packages/airflow/example_dags/example_bash_operator.py
[2024-10-10T14:02:21.769+0000] {logging_mixin.py:190} INFO - [2024-10-10T14:02:21.769+0000] {dag.py:3239} INFO - Sync 1 DAGs
[2024-10-10T14:02:21.789+0000] {logging_mixin.py:190} INFO - [2024-10-10T14:02:21.789+0000] {dag.py:4180} INFO - Setting next_dagrun for example_bash_operator to 2024-10-09 00:00:00+00:00, run_after=2024-10-10 00:00:00+00:00
[2024-10-10T14:02:21.804+0000] {processor.py:208} INFO - Processing /home/airflow/.local/lib/python3.12/site-packages/airflow/example_dags/example_bash_operator.py took 0.071 seconds
[2024-10-10T14:02:52.414+0000] {processor.py:186} INFO - Started process (PID=535) to work on /home/airflow/.local/lib/python3.12/site-packages/airflow/example_dags/example_bash_operator.py
[2024-10-10T14:02:52.415+0000] {processor.py:914} INFO - Processing file /home/airflow/.local/lib/python3.12/site-packages/airflow/example_dags/example_bash_operator.py for tasks to queue
[2024-10-10T14:02:52.416+0000] {logging_mixin.py:190} INFO - [2024-10-10T14:02:52.416+0000] {dagbag.py:588} INFO - Filling up the DagBag from /home/airflow/.local/lib/python3.12/site-packages/airflow/example_dags/example_bash_operator.py
[2024-10-10T14:02:52.426+0000] {processor.py:925} INFO - DAG(s) 'example_bash_operator' retrieved from /home/airflow/.local/lib/python3.12/site-packages/airflow/example_dags/example_bash_operator.py
[2024-10-10T14:02:52.445+0000] {logging_mixin.py:190} INFO - [2024-10-10T14:02:52.444+0000] {dag.py:3239} INFO - Sync 1 DAGs
[2024-10-10T14:02:52.462+0000] {logging_mixin.py:190} INFO - [2024-10-10T14:02:52.462+0000] {dag.py:4180} INFO - Setting next_dagrun for example_bash_operator to 2024-10-09 00:00:00+00:00, run_after=2024-10-10 00:00:00+00:00
[2024-10-10T14:02:52.476+0000] {processor.py:208} INFO - Processing /home/airflow/.local/lib/python3.12/site-packages/airflow/example_dags/example_bash_operator.py took 0.066 seconds
[2024-10-10T14:03:23.343+0000] {processor.py:186} INFO - Started process (PID=597) to work on /home/airflow/.local/lib/python3.12/site-packages/airflow/example_dags/example_bash_operator.py
[2024-10-10T14:03:23.344+0000] {processor.py:914} INFO - Processing file /home/airflow/.local/lib/python3.12/site-packages/airflow/example_dags/example_bash_operator.py for tasks to queue
[2024-10-10T14:03:23.346+0000] {logging_mixin.py:190} INFO - [2024-10-10T14:03:23.346+0000] {dagbag.py:588} INFO - Filling up the DagBag from /home/airflow/.local/lib/python3.12/site-packages/airflow/example_dags/example_bash_operator.py
[2024-10-10T14:03:23.355+0000] {processor.py:925} INFO - DAG(s) 'example_bash_operator' retrieved from /home/airflow/.local/lib/python3.12/site-packages/airflow/example_dags/example_bash_operator.py
[2024-10-10T14:03:23.375+0000] {logging_mixin.py:190} INFO - [2024-10-10T14:03:23.375+0000] {dag.py:3239} INFO - Sync 1 DAGs
[2024-10-10T14:03:23.392+0000] {logging_mixin.py:190} INFO - [2024-10-10T14:03:23.392+0000] {dag.py:4180} INFO - Setting next_dagrun for example_bash_operator to 2024-10-09 00:00:00+00:00, run_after=2024-10-10 00:00:00+00:00
[2024-10-10T14:03:23.408+0000] {processor.py:208} INFO - Processing /home/airflow/.local/lib/python3.12/site-packages/airflow/example_dags/example_bash_operator.py took 0.070 seconds
[2024-10-10T14:03:54.030+0000] {processor.py:186} INFO - Started process (PID=659) to work on /home/airflow/.local/lib/python3.12/site-packages/airflow/example_dags/example_bash_operator.py
[2024-10-10T14:03:54.030+0000] {processor.py:914} INFO - Processing file /home/airflow/.local/lib/python3.12/site-packages/airflow/example_dags/example_bash_operator.py for tasks to queue
[2024-10-10T14:03:54.032+0000] {logging_mixin.py:190} INFO - [2024-10-10T14:03:54.032+0000] {dagbag.py:588} INFO - Filling up the DagBag from /home/airflow/.local/lib/python3.12/site-packages/airflow/example_dags/example_bash_operator.py
[2024-10-10T14:03:54.041+0000] {processor.py:925} INFO - DAG(s) 'example_bash_operator' retrieved from /home/airflow/.local/lib/python3.12/site-packages/airflow/example_dags/example_bash_operator.py
[2024-10-10T14:03:54.061+0000] {logging_mixin.py:190} INFO - [2024-10-10T14:03:54.061+0000] {dag.py:3239} INFO - Sync 1 DAGs
[2024-10-10T14:03:54.078+0000] {logging_mixin.py:190} INFO - [2024-10-10T14:03:54.078+0000] {dag.py:4180} INFO - Setting next_dagrun for example_bash_operator to 2024-10-09 00:00:00+00:00, run_after=2024-10-10 00:00:00+00:00
[2024-10-10T14:03:54.092+0000] {processor.py:208} INFO - Processing /home/airflow/.local/lib/python3.12/site-packages/airflow/example_dags/example_bash_operator.py took 0.067 seconds
[2024-10-10T14:04:24.852+0000] {processor.py:186} INFO - Started process (PID=721) to work on /home/airflow/.local/lib/python3.12/site-packages/airflow/example_dags/example_bash_operator.py
[2024-10-10T14:04:24.853+0000] {processor.py:914} INFO - Processing file /home/airflow/.local/lib/python3.12/site-packages/airflow/example_dags/example_bash_operator.py for tasks to queue
[2024-10-10T14:04:24.855+0000] {logging_mixin.py:190} INFO - [2024-10-10T14:04:24.854+0000] {dagbag.py:588} INFO - Filling up the DagBag from /home/airflow/.local/lib/python3.12/site-packages/airflow/example_dags/example_bash_operator.py
[2024-10-10T14:04:24.864+0000] {processor.py:925} INFO - DAG(s) 'example_bash_operator' retrieved from /home/airflow/.local/lib/python3.12/site-packages/airflow/example_dags/example_bash_operator.py
[2024-10-10T14:04:24.883+0000] {logging_mixin.py:190} INFO - [2024-10-10T14:04:24.882+0000] {dag.py:3239} INFO - Sync 1 DAGs
[2024-10-10T14:04:24.902+0000] {logging_mixin.py:190} INFO - [2024-10-10T14:04:24.901+0000] {dag.py:4180} INFO - Setting next_dagrun for example_bash_operator to 2024-10-09 00:00:00+00:00, run_after=2024-10-10 00:00:00+00:00
[2024-10-10T14:04:24.914+0000] {processor.py:208} INFO - Processing /home/airflow/.local/lib/python3.12/site-packages/airflow/example_dags/example_bash_operator.py took 0.066 seconds
[2024-10-10T14:04:55.586+0000] {processor.py:186} INFO - Started process (PID=783) to work on /home/airflow/.local/lib/python3.12/site-packages/airflow/example_dags/example_bash_operator.py
[2024-10-10T14:04:55.587+0000] {processor.py:914} INFO - Processing file /home/airflow/.local/lib/python3.12/site-packages/airflow/example_dags/example_bash_operator.py for tasks to queue
[2024-10-10T14:04:55.589+0000] {logging_mixin.py:190} INFO - [2024-10-10T14:04:55.589+0000] {dagbag.py:588} INFO - Filling up the DagBag from /home/airflow/.local/lib/python3.12/site-packages/airflow/example_dags/example_bash_operator.py
[2024-10-10T14:04:55.598+0000] {processor.py:925} INFO - DAG(s) 'example_bash_operator' retrieved from /home/airflow/.local/lib/python3.12/site-packages/airflow/example_dags/example_bash_operator.py
[2024-10-10T14:04:55.618+0000] {logging_mixin.py:190} INFO - [2024-10-10T14:04:55.618+0000] {dag.py:3239} INFO - Sync 1 DAGs
[2024-10-10T14:04:55.635+0000] {logging_mixin.py:190} INFO - [2024-10-10T14:04:55.634+0000] {dag.py:4180} INFO - Setting next_dagrun for example_bash_operator to 2024-10-09 00:00:00+00:00, run_after=2024-10-10 00:00:00+00:00
[2024-10-10T14:04:55.648+0000] {processor.py:208} INFO - Processing /home/airflow/.local/lib/python3.12/site-packages/airflow/example_dags/example_bash_operator.py took 0.066 seconds
[2024-10-10T14:05:26.341+0000] {processor.py:186} INFO - Started process (PID=845) to work on /home/airflow/.local/lib/python3.12/site-packages/airflow/example_dags/example_bash_operator.py
[2024-10-10T14:05:26.342+0000] {processor.py:914} INFO - Processing file /home/airflow/.local/lib/python3.12/site-packages/airflow/example_dags/example_bash_operator.py for tasks to queue
[2024-10-10T14:05:26.344+0000] {logging_mixin.py:190} INFO - [2024-10-10T14:05:26.343+0000] {dagbag.py:588} INFO - Filling up the DagBag from /home/airflow/.local/lib/python3.12/site-packages/airflow/example_dags/example_bash_operator.py
[2024-10-10T14:05:26.352+0000] {processor.py:925} INFO - DAG(s) 'example_bash_operator' retrieved from /home/airflow/.local/lib/python3.12/site-packages/airflow/example_dags/example_bash_operator.py
[2024-10-10T14:05:26.371+0000] {logging_mixin.py:190} INFO - [2024-10-10T14:05:26.371+0000] {dag.py:3239} INFO - Sync 1 DAGs
[2024-10-10T14:05:26.389+0000] {logging_mixin.py:190} INFO - [2024-10-10T14:05:26.389+0000] {dag.py:4180} INFO - Setting next_dagrun for example_bash_operator to 2024-10-09 00:00:00+00:00, run_after=2024-10-10 00:00:00+00:00
[2024-10-10T14:05:26.403+0000] {processor.py:208} INFO - Processing /home/airflow/.local/lib/python3.12/site-packages/airflow/example_dags/example_bash_operator.py took 0.066 seconds
[2024-10-10T14:05:57.064+0000] {processor.py:186} INFO - Started process (PID=907) to work on /home/airflow/.local/lib/python3.12/site-packages/airflow/example_dags/example_bash_operator.py
[2024-10-10T14:05:57.065+0000] {processor.py:914} INFO - Processing file /home/airflow/.local/lib/python3.12/site-packages/airflow/example_dags/example_bash_operator.py for tasks to queue
[2024-10-10T14:05:57.067+0000] {logging_mixin.py:190} INFO - [2024-10-10T14:05:57.066+0000] {dagbag.py:588} INFO - Filling up the DagBag from /home/airflow/.local/lib/python3.12/site-packages/airflow/example_dags/example_bash_operator.py
[2024-10-10T14:05:57.075+0000] {processor.py:925} INFO - DAG(s) 'example_bash_operator' retrieved from /home/airflow/.local/lib/python3.12/site-packages/airflow/example_dags/example_bash_operator.py
[2024-10-10T14:05:57.094+0000] {logging_mixin.py:190} INFO - [2024-10-10T14:05:57.094+0000] {dag.py:3239} INFO - Sync 1 DAGs
[2024-10-10T14:05:57.110+0000] {logging_mixin.py:190} INFO - [2024-10-10T14:05:57.110+0000] {dag.py:4180} INFO - Setting next_dagrun for example_bash_operator to 2024-10-09 00:00:00+00:00, run_after=2024-10-10 00:00:00+00:00
[2024-10-10T14:05:57.125+0000] {processor.py:208} INFO - Processing /home/airflow/.local/lib/python3.12/site-packages/airflow/example_dags/example_bash_operator.py took 0.064 seconds
[2024-10-10T14:06:27.765+0000] {processor.py:186} INFO - Started process (PID=969) to work on /home/airflow/.local/lib/python3.12/site-packages/airflow/example_dags/example_bash_operator.py
[2024-10-10T14:06:27.766+0000] {processor.py:914} INFO - Processing file /home/airflow/.local/lib/python3.12/site-packages/airflow/example_dags/example_bash_operator.py for tasks to queue
[2024-10-10T14:06:27.768+0000] {logging_mixin.py:190} INFO - [2024-10-10T14:06:27.768+0000] {dagbag.py:588} INFO - Filling up the DagBag from /home/airflow/.local/lib/python3.12/site-packages/airflow/example_dags/example_bash_operator.py
[2024-10-10T14:06:27.777+0000] {processor.py:925} INFO - DAG(s) 'example_bash_operator' retrieved from /home/airflow/.local/lib/python3.12/site-packages/airflow/example_dags/example_bash_operator.py
[2024-10-10T14:06:27.797+0000] {logging_mixin.py:190} INFO - [2024-10-10T14:06:27.797+0000] {dag.py:3239} INFO - Sync 1 DAGs
[2024-10-10T14:06:27.814+0000] {logging_mixin.py:190} INFO - [2024-10-10T14:06:27.814+0000] {dag.py:4180} INFO - Setting next_dagrun for example_bash_operator to 2024-10-09 00:00:00+00:00, run_after=2024-10-10 00:00:00+00:00
[2024-10-10T14:06:27.828+0000] {processor.py:208} INFO - Processing /home/airflow/.local/lib/python3.12/site-packages/airflow/example_dags/example_bash_operator.py took 0.067 seconds
[2024-10-10T14:06:58.487+0000] {processor.py:186} INFO - Started process (PID=1031) to work on /home/airflow/.local/lib/python3.12/site-packages/airflow/example_dags/example_bash_operator.py
[2024-10-10T14:06:58.488+0000] {processor.py:914} INFO - Processing file /home/airflow/.local/lib/python3.12/site-packages/airflow/example_dags/example_bash_operator.py for tasks to queue
[2024-10-10T14:06:58.490+0000] {logging_mixin.py:190} INFO - [2024-10-10T14:06:58.490+0000] {dagbag.py:588} INFO - Filling up the DagBag from /home/airflow/.local/lib/python3.12/site-packages/airflow/example_dags/example_bash_operator.py
[2024-10-10T14:06:58.499+0000] {processor.py:925} INFO - DAG(s) 'example_bash_operator' retrieved from /home/airflow/.local/lib/python3.12/site-packages/airflow/example_dags/example_bash_operator.py
[2024-10-10T14:06:58.519+0000] {logging_mixin.py:190} INFO - [2024-10-10T14:06:58.518+0000] {dag.py:3239} INFO - Sync 1 DAGs
[2024-10-10T14:06:58.535+0000] {logging_mixin.py:190} INFO - [2024-10-10T14:06:58.535+0000] {dag.py:4180} INFO - Setting next_dagrun for example_bash_operator to 2024-10-09 00:00:00+00:00, run_after=2024-10-10 00:00:00+00:00
[2024-10-10T14:06:58.550+0000] {processor.py:208} INFO - Processing /home/airflow/.local/lib/python3.12/site-packages/airflow/example_dags/example_bash_operator.py took 0.068 seconds
[2024-10-10T14:07:29.261+0000] {processor.py:186} INFO - Started process (PID=1093) to work on /home/airflow/.local/lib/python3.12/site-packages/airflow/example_dags/example_bash_operator.py
[2024-10-10T14:07:29.262+0000] {processor.py:914} INFO - Processing file /home/airflow/.local/lib/python3.12/site-packages/airflow/example_dags/example_bash_operator.py for tasks to queue
[2024-10-10T14:07:29.263+0000] {logging_mixin.py:190} INFO - [2024-10-10T14:07:29.263+0000] {dagbag.py:588} INFO - Filling up the DagBag from /home/airflow/.local/lib/python3.12/site-packages/airflow/example_dags/example_bash_operator.py
[2024-10-10T14:07:29.273+0000] {processor.py:925} INFO - DAG(s) 'example_bash_operator' retrieved from /home/airflow/.local/lib/python3.12/site-packages/airflow/example_dags/example_bash_operator.py
[2024-10-10T14:07:29.292+0000] {logging_mixin.py:190} INFO - [2024-10-10T14:07:29.292+0000] {dag.py:3239} INFO - Sync 1 DAGs
[2024-10-10T14:07:29.310+0000] {logging_mixin.py:190} INFO - [2024-10-10T14:07:29.310+0000] {dag.py:4180} INFO - Setting next_dagrun for example_bash_operator to 2024-10-09 00:00:00+00:00, run_after=2024-10-10 00:00:00+00:00
[2024-10-10T14:07:29.323+0000] {processor.py:208} INFO - Processing /home/airflow/.local/lib/python3.12/site-packages/airflow/example_dags/example_bash_operator.py took 0.067 seconds
[2024-10-10T14:08:00.054+0000] {processor.py:186} INFO - Started process (PID=1155) to work on /home/airflow/.local/lib/python3.12/site-packages/airflow/example_dags/example_bash_operator.py
[2024-10-10T14:08:00.055+0000] {processor.py:914} INFO - Processing file /home/airflow/.local/lib/python3.12/site-packages/airflow/example_dags/example_bash_operator.py for tasks to queue
[2024-10-10T14:08:00.057+0000] {logging_mixin.py:190} INFO - [2024-10-10T14:08:00.056+0000] {dagbag.py:588} INFO - Filling up the DagBag from /home/airflow/.local/lib/python3.12/site-packages/airflow/example_dags/example_bash_operator.py
[2024-10-10T14:08:00.066+0000] {processor.py:925} INFO - DAG(s) 'example_bash_operator' retrieved from /home/airflow/.local/lib/python3.12/site-packages/airflow/example_dags/example_bash_operator.py
[2024-10-10T14:08:00.085+0000] {logging_mixin.py:190} INFO - [2024-10-10T14:08:00.085+0000] {dag.py:3239} INFO - Sync 1 DAGs
[2024-10-10T14:08:00.103+0000] {logging_mixin.py:190} INFO - [2024-10-10T14:08:00.103+0000] {dag.py:4180} INFO - Setting next_dagrun for example_bash_operator to 2024-10-09 00:00:00+00:00, run_after=2024-10-10 00:00:00+00:00
[2024-10-10T14:08:00.118+0000] {processor.py:208} INFO - Processing /home/airflow/.local/lib/python3.12/site-packages/airflow/example_dags/example_bash_operator.py took 0.068 seconds
[2024-10-10T14:08:30.743+0000] {processor.py:186} INFO - Started process (PID=1217) to work on /home/airflow/.local/lib/python3.12/site-packages/airflow/example_dags/example_bash_operator.py
[2024-10-10T14:08:30.744+0000] {processor.py:914} INFO - Processing file /home/airflow/.local/lib/python3.12/site-packages/airflow/example_dags/example_bash_operator.py for tasks to queue
[2024-10-10T14:08:30.745+0000] {logging_mixin.py:190} INFO - [2024-10-10T14:08:30.745+0000] {dagbag.py:588} INFO - Filling up the DagBag from /home/airflow/.local/lib/python3.12/site-packages/airflow/example_dags/example_bash_operator.py
[2024-10-10T14:08:30.754+0000] {processor.py:925} INFO - DAG(s) 'example_bash_operator' retrieved from /home/airflow/.local/lib/python3.12/site-packages/airflow/example_dags/example_bash_operator.py
[2024-10-10T14:08:30.773+0000] {logging_mixin.py:190} INFO - [2024-10-10T14:08:30.773+0000] {dag.py:3239} INFO - Sync 1 DAGs
[2024-10-10T14:08:30.791+0000] {logging_mixin.py:190} INFO - [2024-10-10T14:08:30.790+0000] {dag.py:4180} INFO - Setting next_dagrun for example_bash_operator to 2024-10-09 00:00:00+00:00, run_after=2024-10-10 00:00:00+00:00
[2024-10-10T14:08:30.805+0000] {processor.py:208} INFO - Processing /home/airflow/.local/lib/python3.12/site-packages/airflow/example_dags/example_bash_operator.py took 0.066 seconds
[2024-10-10T14:09:01.465+0000] {processor.py:186} INFO - Started process (PID=1279) to work on /home/airflow/.local/lib/python3.12/site-packages/airflow/example_dags/example_bash_operator.py
[2024-10-10T14:09:01.466+0000] {processor.py:914} INFO - Processing file /home/airflow/.local/lib/python3.12/site-packages/airflow/example_dags/example_bash_operator.py for tasks to queue
[2024-10-10T14:09:01.468+0000] {logging_mixin.py:190} INFO - [2024-10-10T14:09:01.468+0000] {dagbag.py:588} INFO - Filling up the DagBag from /home/airflow/.local/lib/python3.12/site-packages/airflow/example_dags/example_bash_operator.py
[2024-10-10T14:09:01.477+0000] {processor.py:925} INFO - DAG(s) 'example_bash_operator' retrieved from /home/airflow/.local/lib/python3.12/site-packages/airflow/example_dags/example_bash_operator.py
[2024-10-10T14:09:01.497+0000] {logging_mixin.py:190} INFO - [2024-10-10T14:09:01.496+0000] {dag.py:3239} INFO - Sync 1 DAGs
[2024-10-10T14:09:01.514+0000] {logging_mixin.py:190} INFO - [2024-10-10T14:09:01.513+0000] {dag.py:4180} INFO - Setting next_dagrun for example_bash_operator to 2024-10-09 00:00:00+00:00, run_after=2024-10-10 00:00:00+00:00
[2024-10-10T14:09:01.526+0000] {processor.py:208} INFO - Processing /home/airflow/.local/lib/python3.12/site-packages/airflow/example_dags/example_bash_operator.py took 0.064 seconds
[2024-10-10T14:09:32.274+0000] {processor.py:186} INFO - Started process (PID=1341) to work on /home/airflow/.local/lib/python3.12/site-packages/airflow/example_dags/example_bash_operator.py
[2024-10-10T14:09:32.275+0000] {processor.py:914} INFO - Processing file /home/airflow/.local/lib/python3.12/site-packages/airflow/example_dags/example_bash_operator.py for tasks to queue
[2024-10-10T14:09:32.277+0000] {logging_mixin.py:190} INFO - [2024-10-10T14:09:32.276+0000] {dagbag.py:588} INFO - Filling up the DagBag from /home/airflow/.local/lib/python3.12/site-packages/airflow/example_dags/example_bash_operator.py
[2024-10-10T14:09:32.286+0000] {processor.py:925} INFO - DAG(s) 'example_bash_operator' retrieved from /home/airflow/.local/lib/python3.12/site-packages/airflow/example_dags/example_bash_operator.py
[2024-10-10T14:09:32.309+0000] {logging_mixin.py:190} INFO - [2024-10-10T14:09:32.309+0000] {dag.py:3239} INFO - Sync 1 DAGs
[2024-10-10T14:09:32.329+0000] {logging_mixin.py:190} INFO - [2024-10-10T14:09:32.328+0000] {dag.py:4180} INFO - Setting next_dagrun for example_bash_operator to 2024-10-09 00:00:00+00:00, run_after=2024-10-10 00:00:00+00:00
[2024-10-10T14:09:32.347+0000] {processor.py:208} INFO - Processing /home/airflow/.local/lib/python3.12/site-packages/airflow/example_dags/example_bash_operator.py took 0.077 seconds
[2024-10-10T14:10:03.243+0000] {processor.py:186} INFO - Started process (PID=1403) to work on /home/airflow/.local/lib/python3.12/site-packages/airflow/example_dags/example_bash_operator.py
[2024-10-10T14:10:03.244+0000] {processor.py:914} INFO - Processing file /home/airflow/.local/lib/python3.12/site-packages/airflow/example_dags/example_bash_operator.py for tasks to queue
[2024-10-10T14:10:03.246+0000] {logging_mixin.py:190} INFO - [2024-10-10T14:10:03.246+0000] {dagbag.py:588} INFO - Filling up the DagBag from /home/airflow/.local/lib/python3.12/site-packages/airflow/example_dags/example_bash_operator.py
[2024-10-10T14:10:03.255+0000] {processor.py:925} INFO - DAG(s) 'example_bash_operator' retrieved from /home/airflow/.local/lib/python3.12/site-packages/airflow/example_dags/example_bash_operator.py
[2024-10-10T14:10:03.275+0000] {logging_mixin.py:190} INFO - [2024-10-10T14:10:03.275+0000] {dag.py:3239} INFO - Sync 1 DAGs
[2024-10-10T14:10:03.293+0000] {logging_mixin.py:190} INFO - [2024-10-10T14:10:03.293+0000] {dag.py:4180} INFO - Setting next_dagrun for example_bash_operator to 2024-10-09 00:00:00+00:00, run_after=2024-10-10 00:00:00+00:00
[2024-10-10T14:10:03.308+0000] {processor.py:208} INFO - Processing /home/airflow/.local/lib/python3.12/site-packages/airflow/example_dags/example_bash_operator.py took 0.069 seconds
[2024-10-10T14:10:33.406+0000] {processor.py:186} INFO - Started process (PID=1466) to work on /home/airflow/.local/lib/python3.12/site-packages/airflow/example_dags/example_bash_operator.py
[2024-10-10T14:10:33.407+0000] {processor.py:914} INFO - Processing file /home/airflow/.local/lib/python3.12/site-packages/airflow/example_dags/example_bash_operator.py for tasks to queue
[2024-10-10T14:10:33.411+0000] {logging_mixin.py:190} INFO - [2024-10-10T14:10:33.410+0000] {dagbag.py:588} INFO - Filling up the DagBag from /home/airflow/.local/lib/python3.12/site-packages/airflow/example_dags/example_bash_operator.py
[2024-10-10T14:10:33.425+0000] {processor.py:925} INFO - DAG(s) 'example_bash_operator' retrieved from /home/airflow/.local/lib/python3.12/site-packages/airflow/example_dags/example_bash_operator.py
[2024-10-10T14:10:33.446+0000] {logging_mixin.py:190} INFO - [2024-10-10T14:10:33.446+0000] {dag.py:3239} INFO - Sync 1 DAGs
[2024-10-10T14:10:33.465+0000] {logging_mixin.py:190} INFO - [2024-10-10T14:10:33.465+0000] {dag.py:4180} INFO - Setting next_dagrun for example_bash_operator to 2024-10-09 00:00:00+00:00, run_after=2024-10-10 00:00:00+00:00
[2024-10-10T14:10:33.479+0000] {processor.py:208} INFO - Processing /home/airflow/.local/lib/python3.12/site-packages/airflow/example_dags/example_bash_operator.py took 0.078 seconds
[2024-10-10T14:11:03.554+0000] {processor.py:186} INFO - Started process (PID=1527) to work on /home/airflow/.local/lib/python3.12/site-packages/airflow/example_dags/example_bash_operator.py
[2024-10-10T14:11:03.555+0000] {processor.py:914} INFO - Processing file /home/airflow/.local/lib/python3.12/site-packages/airflow/example_dags/example_bash_operator.py for tasks to queue
[2024-10-10T14:11:03.557+0000] {logging_mixin.py:190} INFO - [2024-10-10T14:11:03.557+0000] {dagbag.py:588} INFO - Filling up the DagBag from /home/airflow/.local/lib/python3.12/site-packages/airflow/example_dags/example_bash_operator.py
[2024-10-10T14:11:03.567+0000] {processor.py:925} INFO - DAG(s) 'example_bash_operator' retrieved from /home/airflow/.local/lib/python3.12/site-packages/airflow/example_dags/example_bash_operator.py
[2024-10-10T14:11:03.587+0000] {logging_mixin.py:190} INFO - [2024-10-10T14:11:03.587+0000] {dag.py:3239} INFO - Sync 1 DAGs
[2024-10-10T14:11:03.605+0000] {logging_mixin.py:190} INFO - [2024-10-10T14:11:03.605+0000] {dag.py:4180} INFO - Setting next_dagrun for example_bash_operator to 2024-10-09 00:00:00+00:00, run_after=2024-10-10 00:00:00+00:00
[2024-10-10T14:11:03.622+0000] {processor.py:208} INFO - Processing /home/airflow/.local/lib/python3.12/site-packages/airflow/example_dags/example_bash_operator.py took 0.072 seconds
[2024-10-10T14:11:33.660+0000] {processor.py:186} INFO - Started process (PID=1589) to work on /home/airflow/.local/lib/python3.12/site-packages/airflow/example_dags/example_bash_operator.py
[2024-10-10T14:11:33.661+0000] {processor.py:914} INFO - Processing file /home/airflow/.local/lib/python3.12/site-packages/airflow/example_dags/example_bash_operator.py for tasks to queue
[2024-10-10T14:11:33.662+0000] {logging_mixin.py:190} INFO - [2024-10-10T14:11:33.662+0000] {dagbag.py:588} INFO - Filling up the DagBag from /home/airflow/.local/lib/python3.12/site-packages/airflow/example_dags/example_bash_operator.py
[2024-10-10T14:11:33.672+0000] {processor.py:925} INFO - DAG(s) 'example_bash_operator' retrieved from /home/airflow/.local/lib/python3.12/site-packages/airflow/example_dags/example_bash_operator.py
[2024-10-10T14:11:33.691+0000] {logging_mixin.py:190} INFO - [2024-10-10T14:11:33.690+0000] {dag.py:3239} INFO - Sync 1 DAGs
[2024-10-10T14:11:33.708+0000] {logging_mixin.py:190} INFO - [2024-10-10T14:11:33.708+0000] {dag.py:4180} INFO - Setting next_dagrun for example_bash_operator to 2024-10-09 00:00:00+00:00, run_after=2024-10-10 00:00:00+00:00
[2024-10-10T14:11:33.722+0000] {processor.py:208} INFO - Processing /home/airflow/.local/lib/python3.12/site-packages/airflow/example_dags/example_bash_operator.py took 0.066 seconds
[2024-10-10T14:12:04.456+0000] {processor.py:186} INFO - Started process (PID=1651) to work on /home/airflow/.local/lib/python3.12/site-packages/airflow/example_dags/example_bash_operator.py
[2024-10-10T14:12:04.456+0000] {processor.py:914} INFO - Processing file /home/airflow/.local/lib/python3.12/site-packages/airflow/example_dags/example_bash_operator.py for tasks to queue
[2024-10-10T14:12:04.458+0000] {logging_mixin.py:190} INFO - [2024-10-10T14:12:04.458+0000] {dagbag.py:588} INFO - Filling up the DagBag from /home/airflow/.local/lib/python3.12/site-packages/airflow/example_dags/example_bash_operator.py
[2024-10-10T14:12:04.468+0000] {processor.py:925} INFO - DAG(s) 'example_bash_operator' retrieved from /home/airflow/.local/lib/python3.12/site-packages/airflow/example_dags/example_bash_operator.py
[2024-10-10T14:12:04.491+0000] {logging_mixin.py:190} INFO - [2024-10-10T14:12:04.491+0000] {dag.py:3239} INFO - Sync 1 DAGs
[2024-10-10T14:12:04.510+0000] {logging_mixin.py:190} INFO - [2024-10-10T14:12:04.510+0000] {dag.py:4180} INFO - Setting next_dagrun for example_bash_operator to 2024-10-09 00:00:00+00:00, run_after=2024-10-10 00:00:00+00:00
[2024-10-10T14:12:04.524+0000] {processor.py:208} INFO - Processing /home/airflow/.local/lib/python3.12/site-packages/airflow/example_dags/example_bash_operator.py took 0.073 seconds
[2024-10-10T14:12:35.312+0000] {processor.py:186} INFO - Started process (PID=1713) to work on /home/airflow/.local/lib/python3.12/site-packages/airflow/example_dags/example_bash_operator.py
[2024-10-10T14:12:35.313+0000] {processor.py:914} INFO - Processing file /home/airflow/.local/lib/python3.12/site-packages/airflow/example_dags/example_bash_operator.py for tasks to queue
[2024-10-10T14:12:35.315+0000] {logging_mixin.py:190} INFO - [2024-10-10T14:12:35.314+0000] {dagbag.py:588} INFO - Filling up the DagBag from /home/airflow/.local/lib/python3.12/site-packages/airflow/example_dags/example_bash_operator.py
[2024-10-10T14:12:35.325+0000] {processor.py:925} INFO - DAG(s) 'example_bash_operator' retrieved from /home/airflow/.local/lib/python3.12/site-packages/airflow/example_dags/example_bash_operator.py
[2024-10-10T14:12:35.346+0000] {logging_mixin.py:190} INFO - [2024-10-10T14:12:35.345+0000] {dag.py:3239} INFO - Sync 1 DAGs
[2024-10-10T14:12:35.365+0000] {logging_mixin.py:190} INFO - [2024-10-10T14:12:35.364+0000] {dag.py:4180} INFO - Setting next_dagrun for example_bash_operator to 2024-10-09 00:00:00+00:00, run_after=2024-10-10 00:00:00+00:00
[2024-10-10T14:12:35.379+0000] {processor.py:208} INFO - Processing /home/airflow/.local/lib/python3.12/site-packages/airflow/example_dags/example_bash_operator.py took 0.072 seconds
