[2024-10-10T13:59:16.546+0000] {processor.py:186} INFO - Started process (PID=64) to work on /home/airflow/.local/lib/python3.12/site-packages/airflow/example_dags/example_subdag_operator.py
[2024-10-10T13:59:16.547+0000] {processor.py:914} INFO - Processing file /home/airflow/.local/lib/python3.12/site-packages/airflow/example_dags/example_subdag_operator.py for tasks to queue
[2024-10-10T13:59:16.548+0000] {logging_mixin.py:190} INFO - [2024-10-10T13:59:16.548+0000] {dagbag.py:588} INFO - Filling up the DagBag from /home/airflow/.local/lib/python3.12/site-packages/airflow/example_dags/example_subdag_operator.py
[2024-10-10T13:59:16.569+0000] {processor.py:925} INFO - DAG(s) 'example_subdag_operator.section-1', 'example_subdag_operator.section-2', 'example_subdag_operator' retrieved from /home/airflow/.local/lib/python3.12/site-packages/airflow/example_dags/example_subdag_operator.py
[2024-10-10T13:59:16.582+0000] {logging_mixin.py:190} INFO - [2024-10-10T13:59:16.582+0000] {dag.py:3239} INFO - Sync 3 DAGs
[2024-10-10T13:59:16.603+0000] {logging_mixin.py:190} INFO - [2024-10-10T13:59:16.603+0000] {dag.py:4180} INFO - Setting next_dagrun for example_subdag_operator to 2022-01-01 00:00:00+00:00, run_after=2022-01-01 00:00:00+00:00
[2024-10-10T13:59:16.606+0000] {logging_mixin.py:190} INFO - [2024-10-10T13:59:16.606+0000] {dag.py:4180} INFO - Setting next_dagrun for example_subdag_operator.section-1 to None, run_after=None
[2024-10-10T13:59:16.607+0000] {logging_mixin.py:190} INFO - [2024-10-10T13:59:16.607+0000] {dag.py:4180} INFO - Setting next_dagrun for example_subdag_operator.section-2 to None, run_after=None
[2024-10-10T13:59:16.613+0000] {logging_mixin.py:190} INFO - [2024-10-10T13:59:16.613+0000] {dag.py:3239} INFO - Sync 2 DAGs
[2024-10-10T13:59:16.617+0000] {logging_mixin.py:190} INFO - [2024-10-10T13:59:16.617+0000] {dag.py:4180} INFO - Setting next_dagrun for example_subdag_operator.section-1 to None, run_after=None
[2024-10-10T13:59:16.618+0000] {logging_mixin.py:190} INFO - [2024-10-10T13:59:16.618+0000] {dag.py:4180} INFO - Setting next_dagrun for example_subdag_operator.section-2 to None, run_after=None
[2024-10-10T13:59:16.626+0000] {processor.py:208} INFO - Processing /home/airflow/.local/lib/python3.12/site-packages/airflow/example_dags/example_subdag_operator.py took 0.085 seconds
[2024-10-10T13:59:46.820+0000] {processor.py:186} INFO - Started process (PID=126) to work on /home/airflow/.local/lib/python3.12/site-packages/airflow/example_dags/example_subdag_operator.py
[2024-10-10T13:59:46.821+0000] {processor.py:914} INFO - Processing file /home/airflow/.local/lib/python3.12/site-packages/airflow/example_dags/example_subdag_operator.py for tasks to queue
[2024-10-10T13:59:46.823+0000] {logging_mixin.py:190} INFO - [2024-10-10T13:59:46.823+0000] {dagbag.py:588} INFO - Filling up the DagBag from /home/airflow/.local/lib/python3.12/site-packages/airflow/example_dags/example_subdag_operator.py
[2024-10-10T13:59:46.842+0000] {processor.py:925} INFO - DAG(s) 'example_subdag_operator.section-1', 'example_subdag_operator.section-2', 'example_subdag_operator' retrieved from /home/airflow/.local/lib/python3.12/site-packages/airflow/example_dags/example_subdag_operator.py
[2024-10-10T13:59:46.853+0000] {logging_mixin.py:190} INFO - [2024-10-10T13:59:46.853+0000] {dag.py:3239} INFO - Sync 3 DAGs
[2024-10-10T13:59:46.871+0000] {logging_mixin.py:190} INFO - [2024-10-10T13:59:46.870+0000] {dag.py:4180} INFO - Setting next_dagrun for example_subdag_operator to 2022-01-01 00:00:00+00:00, run_after=2022-01-01 00:00:00+00:00
[2024-10-10T13:59:46.874+0000] {logging_mixin.py:190} INFO - [2024-10-10T13:59:46.874+0000] {dag.py:4180} INFO - Setting next_dagrun for example_subdag_operator.section-1 to None, run_after=None
[2024-10-10T13:59:46.875+0000] {logging_mixin.py:190} INFO - [2024-10-10T13:59:46.875+0000] {dag.py:4180} INFO - Setting next_dagrun for example_subdag_operator.section-2 to None, run_after=None
[2024-10-10T13:59:46.880+0000] {logging_mixin.py:190} INFO - [2024-10-10T13:59:46.880+0000] {dag.py:3239} INFO - Sync 2 DAGs
[2024-10-10T13:59:46.884+0000] {logging_mixin.py:190} INFO - [2024-10-10T13:59:46.884+0000] {dag.py:4180} INFO - Setting next_dagrun for example_subdag_operator.section-1 to None, run_after=None
[2024-10-10T13:59:46.884+0000] {logging_mixin.py:190} INFO - [2024-10-10T13:59:46.884+0000] {dag.py:4180} INFO - Setting next_dagrun for example_subdag_operator.section-2 to None, run_after=None
[2024-10-10T13:59:46.893+0000] {processor.py:208} INFO - Processing /home/airflow/.local/lib/python3.12/site-packages/airflow/example_dags/example_subdag_operator.py took 0.076 seconds
[2024-10-10T14:00:16.993+0000] {processor.py:186} INFO - Started process (PID=188) to work on /home/airflow/.local/lib/python3.12/site-packages/airflow/example_dags/example_subdag_operator.py
[2024-10-10T14:00:16.994+0000] {processor.py:914} INFO - Processing file /home/airflow/.local/lib/python3.12/site-packages/airflow/example_dags/example_subdag_operator.py for tasks to queue
[2024-10-10T14:00:16.996+0000] {logging_mixin.py:190} INFO - [2024-10-10T14:00:16.995+0000] {dagbag.py:588} INFO - Filling up the DagBag from /home/airflow/.local/lib/python3.12/site-packages/airflow/example_dags/example_subdag_operator.py
[2024-10-10T14:00:17.016+0000] {processor.py:925} INFO - DAG(s) 'example_subdag_operator.section-1', 'example_subdag_operator.section-2', 'example_subdag_operator' retrieved from /home/airflow/.local/lib/python3.12/site-packages/airflow/example_dags/example_subdag_operator.py
[2024-10-10T14:00:17.027+0000] {logging_mixin.py:190} INFO - [2024-10-10T14:00:17.027+0000] {dag.py:3239} INFO - Sync 3 DAGs
[2024-10-10T14:00:17.046+0000] {logging_mixin.py:190} INFO - [2024-10-10T14:00:17.046+0000] {dag.py:4180} INFO - Setting next_dagrun for example_subdag_operator to 2022-01-01 00:00:00+00:00, run_after=2022-01-01 00:00:00+00:00
[2024-10-10T14:00:17.049+0000] {logging_mixin.py:190} INFO - [2024-10-10T14:00:17.049+0000] {dag.py:4180} INFO - Setting next_dagrun for example_subdag_operator.section-1 to None, run_after=None
[2024-10-10T14:00:17.051+0000] {logging_mixin.py:190} INFO - [2024-10-10T14:00:17.050+0000] {dag.py:4180} INFO - Setting next_dagrun for example_subdag_operator.section-2 to None, run_after=None
[2024-10-10T14:00:17.056+0000] {logging_mixin.py:190} INFO - [2024-10-10T14:00:17.056+0000] {dag.py:3239} INFO - Sync 2 DAGs
[2024-10-10T14:00:17.061+0000] {logging_mixin.py:190} INFO - [2024-10-10T14:00:17.061+0000] {dag.py:4180} INFO - Setting next_dagrun for example_subdag_operator.section-1 to None, run_after=None
[2024-10-10T14:00:17.061+0000] {logging_mixin.py:190} INFO - [2024-10-10T14:00:17.061+0000] {dag.py:4180} INFO - Setting next_dagrun for example_subdag_operator.section-2 to None, run_after=None
[2024-10-10T14:00:17.071+0000] {processor.py:208} INFO - Processing /home/airflow/.local/lib/python3.12/site-packages/airflow/example_dags/example_subdag_operator.py took 0.082 seconds
[2024-10-10T14:00:47.107+0000] {processor.py:186} INFO - Started process (PID=250) to work on /home/airflow/.local/lib/python3.12/site-packages/airflow/example_dags/example_subdag_operator.py
[2024-10-10T14:00:47.108+0000] {processor.py:914} INFO - Processing file /home/airflow/.local/lib/python3.12/site-packages/airflow/example_dags/example_subdag_operator.py for tasks to queue
[2024-10-10T14:00:47.111+0000] {logging_mixin.py:190} INFO - [2024-10-10T14:00:47.110+0000] {dagbag.py:588} INFO - Filling up the DagBag from /home/airflow/.local/lib/python3.12/site-packages/airflow/example_dags/example_subdag_operator.py
[2024-10-10T14:00:47.130+0000] {processor.py:925} INFO - DAG(s) 'example_subdag_operator.section-1', 'example_subdag_operator.section-2', 'example_subdag_operator' retrieved from /home/airflow/.local/lib/python3.12/site-packages/airflow/example_dags/example_subdag_operator.py
[2024-10-10T14:00:47.142+0000] {logging_mixin.py:190} INFO - [2024-10-10T14:00:47.142+0000] {dag.py:3239} INFO - Sync 3 DAGs
[2024-10-10T14:00:47.159+0000] {logging_mixin.py:190} INFO - [2024-10-10T14:00:47.159+0000] {dag.py:4180} INFO - Setting next_dagrun for example_subdag_operator to 2022-01-01 00:00:00+00:00, run_after=2022-01-01 00:00:00+00:00
[2024-10-10T14:00:47.162+0000] {logging_mixin.py:190} INFO - [2024-10-10T14:00:47.162+0000] {dag.py:4180} INFO - Setting next_dagrun for example_subdag_operator.section-1 to None, run_after=None
[2024-10-10T14:00:47.164+0000] {logging_mixin.py:190} INFO - [2024-10-10T14:00:47.163+0000] {dag.py:4180} INFO - Setting next_dagrun for example_subdag_operator.section-2 to None, run_after=None
[2024-10-10T14:00:47.169+0000] {logging_mixin.py:190} INFO - [2024-10-10T14:00:47.168+0000] {dag.py:3239} INFO - Sync 2 DAGs
[2024-10-10T14:00:47.173+0000] {logging_mixin.py:190} INFO - [2024-10-10T14:00:47.173+0000] {dag.py:4180} INFO - Setting next_dagrun for example_subdag_operator.section-1 to None, run_after=None
[2024-10-10T14:00:47.173+0000] {logging_mixin.py:190} INFO - [2024-10-10T14:00:47.173+0000] {dag.py:4180} INFO - Setting next_dagrun for example_subdag_operator.section-2 to None, run_after=None
[2024-10-10T14:00:47.181+0000] {processor.py:208} INFO - Processing /home/airflow/.local/lib/python3.12/site-packages/airflow/example_dags/example_subdag_operator.py took 0.078 seconds
[2024-10-10T14:01:17.270+0000] {processor.py:186} INFO - Started process (PID=312) to work on /home/airflow/.local/lib/python3.12/site-packages/airflow/example_dags/example_subdag_operator.py
[2024-10-10T14:01:17.270+0000] {processor.py:914} INFO - Processing file /home/airflow/.local/lib/python3.12/site-packages/airflow/example_dags/example_subdag_operator.py for tasks to queue
[2024-10-10T14:01:17.272+0000] {logging_mixin.py:190} INFO - [2024-10-10T14:01:17.272+0000] {dagbag.py:588} INFO - Filling up the DagBag from /home/airflow/.local/lib/python3.12/site-packages/airflow/example_dags/example_subdag_operator.py
[2024-10-10T14:01:17.291+0000] {processor.py:925} INFO - DAG(s) 'example_subdag_operator.section-1', 'example_subdag_operator.section-2', 'example_subdag_operator' retrieved from /home/airflow/.local/lib/python3.12/site-packages/airflow/example_dags/example_subdag_operator.py
[2024-10-10T14:01:17.302+0000] {logging_mixin.py:190} INFO - [2024-10-10T14:01:17.301+0000] {dag.py:3239} INFO - Sync 3 DAGs
[2024-10-10T14:01:17.319+0000] {logging_mixin.py:190} INFO - [2024-10-10T14:01:17.319+0000] {dag.py:4180} INFO - Setting next_dagrun for example_subdag_operator to 2022-01-01 00:00:00+00:00, run_after=2022-01-01 00:00:00+00:00
[2024-10-10T14:01:17.322+0000] {logging_mixin.py:190} INFO - [2024-10-10T14:01:17.322+0000] {dag.py:4180} INFO - Setting next_dagrun for example_subdag_operator.section-1 to None, run_after=None
[2024-10-10T14:01:17.323+0000] {logging_mixin.py:190} INFO - [2024-10-10T14:01:17.323+0000] {dag.py:4180} INFO - Setting next_dagrun for example_subdag_operator.section-2 to None, run_after=None
[2024-10-10T14:01:17.329+0000] {logging_mixin.py:190} INFO - [2024-10-10T14:01:17.329+0000] {dag.py:3239} INFO - Sync 2 DAGs
[2024-10-10T14:01:17.333+0000] {logging_mixin.py:190} INFO - [2024-10-10T14:01:17.333+0000] {dag.py:4180} INFO - Setting next_dagrun for example_subdag_operator.section-1 to None, run_after=None
[2024-10-10T14:01:17.334+0000] {logging_mixin.py:190} INFO - [2024-10-10T14:01:17.334+0000] {dag.py:4180} INFO - Setting next_dagrun for example_subdag_operator.section-2 to None, run_after=None
[2024-10-10T14:01:17.342+0000] {processor.py:208} INFO - Processing /home/airflow/.local/lib/python3.12/site-packages/airflow/example_dags/example_subdag_operator.py took 0.077 seconds
[2024-10-10T14:01:47.433+0000] {processor.py:186} INFO - Started process (PID=374) to work on /home/airflow/.local/lib/python3.12/site-packages/airflow/example_dags/example_subdag_operator.py
[2024-10-10T14:01:47.434+0000] {processor.py:914} INFO - Processing file /home/airflow/.local/lib/python3.12/site-packages/airflow/example_dags/example_subdag_operator.py for tasks to queue
[2024-10-10T14:01:47.436+0000] {logging_mixin.py:190} INFO - [2024-10-10T14:01:47.435+0000] {dagbag.py:588} INFO - Filling up the DagBag from /home/airflow/.local/lib/python3.12/site-packages/airflow/example_dags/example_subdag_operator.py
[2024-10-10T14:01:47.455+0000] {processor.py:925} INFO - DAG(s) 'example_subdag_operator.section-1', 'example_subdag_operator.section-2', 'example_subdag_operator' retrieved from /home/airflow/.local/lib/python3.12/site-packages/airflow/example_dags/example_subdag_operator.py
[2024-10-10T14:01:47.466+0000] {logging_mixin.py:190} INFO - [2024-10-10T14:01:47.466+0000] {dag.py:3239} INFO - Sync 3 DAGs
[2024-10-10T14:01:47.483+0000] {logging_mixin.py:190} INFO - [2024-10-10T14:01:47.483+0000] {dag.py:4180} INFO - Setting next_dagrun for example_subdag_operator to 2022-01-01 00:00:00+00:00, run_after=2022-01-01 00:00:00+00:00
[2024-10-10T14:01:47.486+0000] {logging_mixin.py:190} INFO - [2024-10-10T14:01:47.485+0000] {dag.py:4180} INFO - Setting next_dagrun for example_subdag_operator.section-1 to None, run_after=None
[2024-10-10T14:01:47.487+0000] {logging_mixin.py:190} INFO - [2024-10-10T14:01:47.486+0000] {dag.py:4180} INFO - Setting next_dagrun for example_subdag_operator.section-2 to None, run_after=None
[2024-10-10T14:01:47.491+0000] {logging_mixin.py:190} INFO - [2024-10-10T14:01:47.491+0000] {dag.py:3239} INFO - Sync 2 DAGs
[2024-10-10T14:01:47.496+0000] {logging_mixin.py:190} INFO - [2024-10-10T14:01:47.496+0000] {dag.py:4180} INFO - Setting next_dagrun for example_subdag_operator.section-1 to None, run_after=None
[2024-10-10T14:01:47.497+0000] {logging_mixin.py:190} INFO - [2024-10-10T14:01:47.496+0000] {dag.py:4180} INFO - Setting next_dagrun for example_subdag_operator.section-2 to None, run_after=None
[2024-10-10T14:01:47.504+0000] {processor.py:208} INFO - Processing /home/airflow/.local/lib/python3.12/site-packages/airflow/example_dags/example_subdag_operator.py took 0.075 seconds
[2024-10-10T14:02:17.536+0000] {processor.py:186} INFO - Started process (PID=436) to work on /home/airflow/.local/lib/python3.12/site-packages/airflow/example_dags/example_subdag_operator.py
[2024-10-10T14:02:17.537+0000] {processor.py:914} INFO - Processing file /home/airflow/.local/lib/python3.12/site-packages/airflow/example_dags/example_subdag_operator.py for tasks to queue
[2024-10-10T14:02:17.538+0000] {logging_mixin.py:190} INFO - [2024-10-10T14:02:17.538+0000] {dagbag.py:588} INFO - Filling up the DagBag from /home/airflow/.local/lib/python3.12/site-packages/airflow/example_dags/example_subdag_operator.py
[2024-10-10T14:02:17.556+0000] {processor.py:925} INFO - DAG(s) 'example_subdag_operator.section-1', 'example_subdag_operator.section-2', 'example_subdag_operator' retrieved from /home/airflow/.local/lib/python3.12/site-packages/airflow/example_dags/example_subdag_operator.py
[2024-10-10T14:02:17.565+0000] {logging_mixin.py:190} INFO - [2024-10-10T14:02:17.565+0000] {dag.py:3239} INFO - Sync 3 DAGs
[2024-10-10T14:02:17.581+0000] {logging_mixin.py:190} INFO - [2024-10-10T14:02:17.581+0000] {dag.py:4180} INFO - Setting next_dagrun for example_subdag_operator to 2022-01-01 00:00:00+00:00, run_after=2022-01-01 00:00:00+00:00
[2024-10-10T14:02:17.584+0000] {logging_mixin.py:190} INFO - [2024-10-10T14:02:17.584+0000] {dag.py:4180} INFO - Setting next_dagrun for example_subdag_operator.section-1 to None, run_after=None
[2024-10-10T14:02:17.585+0000] {logging_mixin.py:190} INFO - [2024-10-10T14:02:17.585+0000] {dag.py:4180} INFO - Setting next_dagrun for example_subdag_operator.section-2 to None, run_after=None
[2024-10-10T14:02:17.590+0000] {logging_mixin.py:190} INFO - [2024-10-10T14:02:17.590+0000] {dag.py:3239} INFO - Sync 2 DAGs
[2024-10-10T14:02:17.594+0000] {logging_mixin.py:190} INFO - [2024-10-10T14:02:17.594+0000] {dag.py:4180} INFO - Setting next_dagrun for example_subdag_operator.section-1 to None, run_after=None
[2024-10-10T14:02:17.595+0000] {logging_mixin.py:190} INFO - [2024-10-10T14:02:17.595+0000] {dag.py:4180} INFO - Setting next_dagrun for example_subdag_operator.section-2 to None, run_after=None
[2024-10-10T14:02:17.602+0000] {processor.py:208} INFO - Processing /home/airflow/.local/lib/python3.12/site-packages/airflow/example_dags/example_subdag_operator.py took 0.070 seconds
[2024-10-10T14:02:47.857+0000] {processor.py:186} INFO - Started process (PID=504) to work on /home/airflow/.local/lib/python3.12/site-packages/airflow/example_dags/example_subdag_operator.py
[2024-10-10T14:02:47.858+0000] {processor.py:914} INFO - Processing file /home/airflow/.local/lib/python3.12/site-packages/airflow/example_dags/example_subdag_operator.py for tasks to queue
[2024-10-10T14:02:47.859+0000] {logging_mixin.py:190} INFO - [2024-10-10T14:02:47.859+0000] {dagbag.py:588} INFO - Filling up the DagBag from /home/airflow/.local/lib/python3.12/site-packages/airflow/example_dags/example_subdag_operator.py
[2024-10-10T14:02:47.878+0000] {processor.py:925} INFO - DAG(s) 'example_subdag_operator.section-1', 'example_subdag_operator.section-2', 'example_subdag_operator' retrieved from /home/airflow/.local/lib/python3.12/site-packages/airflow/example_dags/example_subdag_operator.py
[2024-10-10T14:02:47.889+0000] {logging_mixin.py:190} INFO - [2024-10-10T14:02:47.889+0000] {dag.py:3239} INFO - Sync 3 DAGs
[2024-10-10T14:02:47.906+0000] {logging_mixin.py:190} INFO - [2024-10-10T14:02:47.905+0000] {dag.py:4180} INFO - Setting next_dagrun for example_subdag_operator to 2022-01-01 00:00:00+00:00, run_after=2022-01-01 00:00:00+00:00
[2024-10-10T14:02:47.908+0000] {logging_mixin.py:190} INFO - [2024-10-10T14:02:47.908+0000] {dag.py:4180} INFO - Setting next_dagrun for example_subdag_operator.section-1 to None, run_after=None
[2024-10-10T14:02:47.910+0000] {logging_mixin.py:190} INFO - [2024-10-10T14:02:47.909+0000] {dag.py:4180} INFO - Setting next_dagrun for example_subdag_operator.section-2 to None, run_after=None
[2024-10-10T14:02:47.915+0000] {logging_mixin.py:190} INFO - [2024-10-10T14:02:47.915+0000] {dag.py:3239} INFO - Sync 2 DAGs
[2024-10-10T14:02:47.919+0000] {logging_mixin.py:190} INFO - [2024-10-10T14:02:47.919+0000] {dag.py:4180} INFO - Setting next_dagrun for example_subdag_operator.section-1 to None, run_after=None
[2024-10-10T14:02:47.920+0000] {logging_mixin.py:190} INFO - [2024-10-10T14:02:47.920+0000] {dag.py:4180} INFO - Setting next_dagrun for example_subdag_operator.section-2 to None, run_after=None
[2024-10-10T14:02:47.928+0000] {processor.py:208} INFO - Processing /home/airflow/.local/lib/python3.12/site-packages/airflow/example_dags/example_subdag_operator.py took 0.075 seconds
[2024-10-10T14:03:18.606+0000] {processor.py:186} INFO - Started process (PID=566) to work on /home/airflow/.local/lib/python3.12/site-packages/airflow/example_dags/example_subdag_operator.py
[2024-10-10T14:03:18.608+0000] {processor.py:914} INFO - Processing file /home/airflow/.local/lib/python3.12/site-packages/airflow/example_dags/example_subdag_operator.py for tasks to queue
[2024-10-10T14:03:18.610+0000] {logging_mixin.py:190} INFO - [2024-10-10T14:03:18.609+0000] {dagbag.py:588} INFO - Filling up the DagBag from /home/airflow/.local/lib/python3.12/site-packages/airflow/example_dags/example_subdag_operator.py
[2024-10-10T14:03:18.630+0000] {processor.py:925} INFO - DAG(s) 'example_subdag_operator.section-1', 'example_subdag_operator.section-2', 'example_subdag_operator' retrieved from /home/airflow/.local/lib/python3.12/site-packages/airflow/example_dags/example_subdag_operator.py
[2024-10-10T14:03:18.641+0000] {logging_mixin.py:190} INFO - [2024-10-10T14:03:18.641+0000] {dag.py:3239} INFO - Sync 3 DAGs
[2024-10-10T14:03:18.661+0000] {logging_mixin.py:190} INFO - [2024-10-10T14:03:18.661+0000] {dag.py:4180} INFO - Setting next_dagrun for example_subdag_operator to 2022-01-01 00:00:00+00:00, run_after=2022-01-01 00:00:00+00:00
[2024-10-10T14:03:18.664+0000] {logging_mixin.py:190} INFO - [2024-10-10T14:03:18.664+0000] {dag.py:4180} INFO - Setting next_dagrun for example_subdag_operator.section-1 to None, run_after=None
[2024-10-10T14:03:18.666+0000] {logging_mixin.py:190} INFO - [2024-10-10T14:03:18.665+0000] {dag.py:4180} INFO - Setting next_dagrun for example_subdag_operator.section-2 to None, run_after=None
[2024-10-10T14:03:18.671+0000] {logging_mixin.py:190} INFO - [2024-10-10T14:03:18.670+0000] {dag.py:3239} INFO - Sync 2 DAGs
[2024-10-10T14:03:18.676+0000] {logging_mixin.py:190} INFO - [2024-10-10T14:03:18.675+0000] {dag.py:4180} INFO - Setting next_dagrun for example_subdag_operator.section-1 to None, run_after=None
[2024-10-10T14:03:18.676+0000] {logging_mixin.py:190} INFO - [2024-10-10T14:03:18.676+0000] {dag.py:4180} INFO - Setting next_dagrun for example_subdag_operator.section-2 to None, run_after=None
[2024-10-10T14:03:18.684+0000] {processor.py:208} INFO - Processing /home/airflow/.local/lib/python3.12/site-packages/airflow/example_dags/example_subdag_operator.py took 0.083 seconds
[2024-10-10T14:03:49.490+0000] {processor.py:186} INFO - Started process (PID=628) to work on /home/airflow/.local/lib/python3.12/site-packages/airflow/example_dags/example_subdag_operator.py
[2024-10-10T14:03:49.491+0000] {processor.py:914} INFO - Processing file /home/airflow/.local/lib/python3.12/site-packages/airflow/example_dags/example_subdag_operator.py for tasks to queue
[2024-10-10T14:03:49.492+0000] {logging_mixin.py:190} INFO - [2024-10-10T14:03:49.492+0000] {dagbag.py:588} INFO - Filling up the DagBag from /home/airflow/.local/lib/python3.12/site-packages/airflow/example_dags/example_subdag_operator.py
[2024-10-10T14:03:49.512+0000] {processor.py:925} INFO - DAG(s) 'example_subdag_operator.section-1', 'example_subdag_operator.section-2', 'example_subdag_operator' retrieved from /home/airflow/.local/lib/python3.12/site-packages/airflow/example_dags/example_subdag_operator.py
[2024-10-10T14:03:49.523+0000] {logging_mixin.py:190} INFO - [2024-10-10T14:03:49.523+0000] {dag.py:3239} INFO - Sync 3 DAGs
[2024-10-10T14:03:49.541+0000] {logging_mixin.py:190} INFO - [2024-10-10T14:03:49.541+0000] {dag.py:4180} INFO - Setting next_dagrun for example_subdag_operator to 2022-01-01 00:00:00+00:00, run_after=2022-01-01 00:00:00+00:00
[2024-10-10T14:03:49.544+0000] {logging_mixin.py:190} INFO - [2024-10-10T14:03:49.544+0000] {dag.py:4180} INFO - Setting next_dagrun for example_subdag_operator.section-1 to None, run_after=None
[2024-10-10T14:03:49.545+0000] {logging_mixin.py:190} INFO - [2024-10-10T14:03:49.545+0000] {dag.py:4180} INFO - Setting next_dagrun for example_subdag_operator.section-2 to None, run_after=None
[2024-10-10T14:03:49.551+0000] {logging_mixin.py:190} INFO - [2024-10-10T14:03:49.551+0000] {dag.py:3239} INFO - Sync 2 DAGs
[2024-10-10T14:03:49.555+0000] {logging_mixin.py:190} INFO - [2024-10-10T14:03:49.555+0000] {dag.py:4180} INFO - Setting next_dagrun for example_subdag_operator.section-1 to None, run_after=None
[2024-10-10T14:03:49.556+0000] {logging_mixin.py:190} INFO - [2024-10-10T14:03:49.556+0000] {dag.py:4180} INFO - Setting next_dagrun for example_subdag_operator.section-2 to None, run_after=None
[2024-10-10T14:03:49.564+0000] {processor.py:208} INFO - Processing /home/airflow/.local/lib/python3.12/site-packages/airflow/example_dags/example_subdag_operator.py took 0.078 seconds
[2024-10-10T14:04:20.214+0000] {processor.py:186} INFO - Started process (PID=690) to work on /home/airflow/.local/lib/python3.12/site-packages/airflow/example_dags/example_subdag_operator.py
[2024-10-10T14:04:20.215+0000] {processor.py:914} INFO - Processing file /home/airflow/.local/lib/python3.12/site-packages/airflow/example_dags/example_subdag_operator.py for tasks to queue
[2024-10-10T14:04:20.217+0000] {logging_mixin.py:190} INFO - [2024-10-10T14:04:20.217+0000] {dagbag.py:588} INFO - Filling up the DagBag from /home/airflow/.local/lib/python3.12/site-packages/airflow/example_dags/example_subdag_operator.py
[2024-10-10T14:04:20.236+0000] {processor.py:925} INFO - DAG(s) 'example_subdag_operator.section-1', 'example_subdag_operator.section-2', 'example_subdag_operator' retrieved from /home/airflow/.local/lib/python3.12/site-packages/airflow/example_dags/example_subdag_operator.py
[2024-10-10T14:04:20.248+0000] {logging_mixin.py:190} INFO - [2024-10-10T14:04:20.248+0000] {dag.py:3239} INFO - Sync 3 DAGs
[2024-10-10T14:04:20.266+0000] {logging_mixin.py:190} INFO - [2024-10-10T14:04:20.266+0000] {dag.py:4180} INFO - Setting next_dagrun for example_subdag_operator to 2022-01-01 00:00:00+00:00, run_after=2022-01-01 00:00:00+00:00
[2024-10-10T14:04:20.269+0000] {logging_mixin.py:190} INFO - [2024-10-10T14:04:20.268+0000] {dag.py:4180} INFO - Setting next_dagrun for example_subdag_operator.section-1 to None, run_after=None
[2024-10-10T14:04:20.270+0000] {logging_mixin.py:190} INFO - [2024-10-10T14:04:20.270+0000] {dag.py:4180} INFO - Setting next_dagrun for example_subdag_operator.section-2 to None, run_after=None
[2024-10-10T14:04:20.275+0000] {logging_mixin.py:190} INFO - [2024-10-10T14:04:20.275+0000] {dag.py:3239} INFO - Sync 2 DAGs
[2024-10-10T14:04:20.279+0000] {logging_mixin.py:190} INFO - [2024-10-10T14:04:20.278+0000] {dag.py:4180} INFO - Setting next_dagrun for example_subdag_operator.section-1 to None, run_after=None
[2024-10-10T14:04:20.279+0000] {logging_mixin.py:190} INFO - [2024-10-10T14:04:20.279+0000] {dag.py:4180} INFO - Setting next_dagrun for example_subdag_operator.section-2 to None, run_after=None
[2024-10-10T14:04:20.287+0000] {processor.py:208} INFO - Processing /home/airflow/.local/lib/python3.12/site-packages/airflow/example_dags/example_subdag_operator.py took 0.078 seconds
[2024-10-10T14:04:51.074+0000] {processor.py:186} INFO - Started process (PID=752) to work on /home/airflow/.local/lib/python3.12/site-packages/airflow/example_dags/example_subdag_operator.py
[2024-10-10T14:04:51.075+0000] {processor.py:914} INFO - Processing file /home/airflow/.local/lib/python3.12/site-packages/airflow/example_dags/example_subdag_operator.py for tasks to queue
[2024-10-10T14:04:51.077+0000] {logging_mixin.py:190} INFO - [2024-10-10T14:04:51.076+0000] {dagbag.py:588} INFO - Filling up the DagBag from /home/airflow/.local/lib/python3.12/site-packages/airflow/example_dags/example_subdag_operator.py
[2024-10-10T14:04:51.100+0000] {processor.py:925} INFO - DAG(s) 'example_subdag_operator.section-1', 'example_subdag_operator.section-2', 'example_subdag_operator' retrieved from /home/airflow/.local/lib/python3.12/site-packages/airflow/example_dags/example_subdag_operator.py
[2024-10-10T14:04:51.113+0000] {logging_mixin.py:190} INFO - [2024-10-10T14:04:51.113+0000] {dag.py:3239} INFO - Sync 3 DAGs
[2024-10-10T14:04:51.138+0000] {logging_mixin.py:190} INFO - [2024-10-10T14:04:51.138+0000] {dag.py:4180} INFO - Setting next_dagrun for example_subdag_operator to 2022-01-01 00:00:00+00:00, run_after=2022-01-01 00:00:00+00:00
[2024-10-10T14:04:51.141+0000] {logging_mixin.py:190} INFO - [2024-10-10T14:04:51.141+0000] {dag.py:4180} INFO - Setting next_dagrun for example_subdag_operator.section-1 to None, run_after=None
[2024-10-10T14:04:51.143+0000] {logging_mixin.py:190} INFO - [2024-10-10T14:04:51.143+0000] {dag.py:4180} INFO - Setting next_dagrun for example_subdag_operator.section-2 to None, run_after=None
[2024-10-10T14:04:51.150+0000] {logging_mixin.py:190} INFO - [2024-10-10T14:04:51.150+0000] {dag.py:3239} INFO - Sync 2 DAGs
[2024-10-10T14:04:51.155+0000] {logging_mixin.py:190} INFO - [2024-10-10T14:04:51.154+0000] {dag.py:4180} INFO - Setting next_dagrun for example_subdag_operator.section-1 to None, run_after=None
[2024-10-10T14:04:51.155+0000] {logging_mixin.py:190} INFO - [2024-10-10T14:04:51.155+0000] {dag.py:4180} INFO - Setting next_dagrun for example_subdag_operator.section-2 to None, run_after=None
[2024-10-10T14:04:51.166+0000] {processor.py:208} INFO - Processing /home/airflow/.local/lib/python3.12/site-packages/airflow/example_dags/example_subdag_operator.py took 0.096 seconds
[2024-10-10T14:05:21.708+0000] {processor.py:186} INFO - Started process (PID=814) to work on /home/airflow/.local/lib/python3.12/site-packages/airflow/example_dags/example_subdag_operator.py
[2024-10-10T14:05:21.709+0000] {processor.py:914} INFO - Processing file /home/airflow/.local/lib/python3.12/site-packages/airflow/example_dags/example_subdag_operator.py for tasks to queue
[2024-10-10T14:05:21.711+0000] {logging_mixin.py:190} INFO - [2024-10-10T14:05:21.710+0000] {dagbag.py:588} INFO - Filling up the DagBag from /home/airflow/.local/lib/python3.12/site-packages/airflow/example_dags/example_subdag_operator.py
[2024-10-10T14:05:21.732+0000] {processor.py:925} INFO - DAG(s) 'example_subdag_operator.section-1', 'example_subdag_operator.section-2', 'example_subdag_operator' retrieved from /home/airflow/.local/lib/python3.12/site-packages/airflow/example_dags/example_subdag_operator.py
[2024-10-10T14:05:21.747+0000] {logging_mixin.py:190} INFO - [2024-10-10T14:05:21.746+0000] {dag.py:3239} INFO - Sync 3 DAGs
[2024-10-10T14:05:21.770+0000] {logging_mixin.py:190} INFO - [2024-10-10T14:05:21.769+0000] {dag.py:4180} INFO - Setting next_dagrun for example_subdag_operator to 2022-01-01 00:00:00+00:00, run_after=2022-01-01 00:00:00+00:00
[2024-10-10T14:05:21.773+0000] {logging_mixin.py:190} INFO - [2024-10-10T14:05:21.773+0000] {dag.py:4180} INFO - Setting next_dagrun for example_subdag_operator.section-1 to None, run_after=None
[2024-10-10T14:05:21.774+0000] {logging_mixin.py:190} INFO - [2024-10-10T14:05:21.774+0000] {dag.py:4180} INFO - Setting next_dagrun for example_subdag_operator.section-2 to None, run_after=None
[2024-10-10T14:05:21.780+0000] {logging_mixin.py:190} INFO - [2024-10-10T14:05:21.780+0000] {dag.py:3239} INFO - Sync 2 DAGs
[2024-10-10T14:05:21.785+0000] {logging_mixin.py:190} INFO - [2024-10-10T14:05:21.785+0000] {dag.py:4180} INFO - Setting next_dagrun for example_subdag_operator.section-1 to None, run_after=None
[2024-10-10T14:05:21.785+0000] {logging_mixin.py:190} INFO - [2024-10-10T14:05:21.785+0000] {dag.py:4180} INFO - Setting next_dagrun for example_subdag_operator.section-2 to None, run_after=None
[2024-10-10T14:05:21.794+0000] {processor.py:208} INFO - Processing /home/airflow/.local/lib/python3.12/site-packages/airflow/example_dags/example_subdag_operator.py took 0.092 seconds
[2024-10-10T14:05:52.469+0000] {processor.py:186} INFO - Started process (PID=876) to work on /home/airflow/.local/lib/python3.12/site-packages/airflow/example_dags/example_subdag_operator.py
[2024-10-10T14:05:52.469+0000] {processor.py:914} INFO - Processing file /home/airflow/.local/lib/python3.12/site-packages/airflow/example_dags/example_subdag_operator.py for tasks to queue
[2024-10-10T14:05:52.471+0000] {logging_mixin.py:190} INFO - [2024-10-10T14:05:52.471+0000] {dagbag.py:588} INFO - Filling up the DagBag from /home/airflow/.local/lib/python3.12/site-packages/airflow/example_dags/example_subdag_operator.py
[2024-10-10T14:05:52.489+0000] {processor.py:925} INFO - DAG(s) 'example_subdag_operator.section-1', 'example_subdag_operator.section-2', 'example_subdag_operator' retrieved from /home/airflow/.local/lib/python3.12/site-packages/airflow/example_dags/example_subdag_operator.py
[2024-10-10T14:05:52.500+0000] {logging_mixin.py:190} INFO - [2024-10-10T14:05:52.500+0000] {dag.py:3239} INFO - Sync 3 DAGs
[2024-10-10T14:05:52.519+0000] {logging_mixin.py:190} INFO - [2024-10-10T14:05:52.519+0000] {dag.py:4180} INFO - Setting next_dagrun for example_subdag_operator to 2022-01-01 00:00:00+00:00, run_after=2022-01-01 00:00:00+00:00
[2024-10-10T14:05:52.522+0000] {logging_mixin.py:190} INFO - [2024-10-10T14:05:52.522+0000] {dag.py:4180} INFO - Setting next_dagrun for example_subdag_operator.section-1 to None, run_after=None
[2024-10-10T14:05:52.523+0000] {logging_mixin.py:190} INFO - [2024-10-10T14:05:52.523+0000] {dag.py:4180} INFO - Setting next_dagrun for example_subdag_operator.section-2 to None, run_after=None
[2024-10-10T14:05:52.528+0000] {logging_mixin.py:190} INFO - [2024-10-10T14:05:52.528+0000] {dag.py:3239} INFO - Sync 2 DAGs
[2024-10-10T14:05:52.532+0000] {logging_mixin.py:190} INFO - [2024-10-10T14:05:52.532+0000] {dag.py:4180} INFO - Setting next_dagrun for example_subdag_operator.section-1 to None, run_after=None
[2024-10-10T14:05:52.532+0000] {logging_mixin.py:190} INFO - [2024-10-10T14:05:52.532+0000] {dag.py:4180} INFO - Setting next_dagrun for example_subdag_operator.section-2 to None, run_after=None
[2024-10-10T14:05:52.540+0000] {processor.py:208} INFO - Processing /home/airflow/.local/lib/python3.12/site-packages/airflow/example_dags/example_subdag_operator.py took 0.076 seconds
[2024-10-10T14:06:23.207+0000] {processor.py:186} INFO - Started process (PID=938) to work on /home/airflow/.local/lib/python3.12/site-packages/airflow/example_dags/example_subdag_operator.py
[2024-10-10T14:06:23.207+0000] {processor.py:914} INFO - Processing file /home/airflow/.local/lib/python3.12/site-packages/airflow/example_dags/example_subdag_operator.py for tasks to queue
[2024-10-10T14:06:23.209+0000] {logging_mixin.py:190} INFO - [2024-10-10T14:06:23.209+0000] {dagbag.py:588} INFO - Filling up the DagBag from /home/airflow/.local/lib/python3.12/site-packages/airflow/example_dags/example_subdag_operator.py
[2024-10-10T14:06:23.234+0000] {processor.py:925} INFO - DAG(s) 'example_subdag_operator.section-1', 'example_subdag_operator.section-2', 'example_subdag_operator' retrieved from /home/airflow/.local/lib/python3.12/site-packages/airflow/example_dags/example_subdag_operator.py
[2024-10-10T14:06:23.247+0000] {logging_mixin.py:190} INFO - [2024-10-10T14:06:23.247+0000] {dag.py:3239} INFO - Sync 3 DAGs
[2024-10-10T14:06:23.265+0000] {logging_mixin.py:190} INFO - [2024-10-10T14:06:23.265+0000] {dag.py:4180} INFO - Setting next_dagrun for example_subdag_operator to 2022-01-01 00:00:00+00:00, run_after=2022-01-01 00:00:00+00:00
[2024-10-10T14:06:23.269+0000] {logging_mixin.py:190} INFO - [2024-10-10T14:06:23.268+0000] {dag.py:4180} INFO - Setting next_dagrun for example_subdag_operator.section-1 to None, run_after=None
[2024-10-10T14:06:23.270+0000] {logging_mixin.py:190} INFO - [2024-10-10T14:06:23.270+0000] {dag.py:4180} INFO - Setting next_dagrun for example_subdag_operator.section-2 to None, run_after=None
[2024-10-10T14:06:23.276+0000] {logging_mixin.py:190} INFO - [2024-10-10T14:06:23.275+0000] {dag.py:3239} INFO - Sync 2 DAGs
[2024-10-10T14:06:23.280+0000] {logging_mixin.py:190} INFO - [2024-10-10T14:06:23.280+0000] {dag.py:4180} INFO - Setting next_dagrun for example_subdag_operator.section-1 to None, run_after=None
[2024-10-10T14:06:23.280+0000] {logging_mixin.py:190} INFO - [2024-10-10T14:06:23.280+0000] {dag.py:4180} INFO - Setting next_dagrun for example_subdag_operator.section-2 to None, run_after=None
[2024-10-10T14:06:23.289+0000] {processor.py:208} INFO - Processing /home/airflow/.local/lib/python3.12/site-packages/airflow/example_dags/example_subdag_operator.py took 0.086 seconds
[2024-10-10T14:06:53.926+0000] {processor.py:186} INFO - Started process (PID=1000) to work on /home/airflow/.local/lib/python3.12/site-packages/airflow/example_dags/example_subdag_operator.py
[2024-10-10T14:06:53.927+0000] {processor.py:914} INFO - Processing file /home/airflow/.local/lib/python3.12/site-packages/airflow/example_dags/example_subdag_operator.py for tasks to queue
[2024-10-10T14:06:53.928+0000] {logging_mixin.py:190} INFO - [2024-10-10T14:06:53.928+0000] {dagbag.py:588} INFO - Filling up the DagBag from /home/airflow/.local/lib/python3.12/site-packages/airflow/example_dags/example_subdag_operator.py
[2024-10-10T14:06:53.946+0000] {processor.py:925} INFO - DAG(s) 'example_subdag_operator.section-1', 'example_subdag_operator.section-2', 'example_subdag_operator' retrieved from /home/airflow/.local/lib/python3.12/site-packages/airflow/example_dags/example_subdag_operator.py
[2024-10-10T14:06:53.957+0000] {logging_mixin.py:190} INFO - [2024-10-10T14:06:53.956+0000] {dag.py:3239} INFO - Sync 3 DAGs
[2024-10-10T14:06:53.974+0000] {logging_mixin.py:190} INFO - [2024-10-10T14:06:53.973+0000] {dag.py:4180} INFO - Setting next_dagrun for example_subdag_operator to 2022-01-01 00:00:00+00:00, run_after=2022-01-01 00:00:00+00:00
[2024-10-10T14:06:53.976+0000] {logging_mixin.py:190} INFO - [2024-10-10T14:06:53.976+0000] {dag.py:4180} INFO - Setting next_dagrun for example_subdag_operator.section-1 to None, run_after=None
[2024-10-10T14:06:53.977+0000] {logging_mixin.py:190} INFO - [2024-10-10T14:06:53.977+0000] {dag.py:4180} INFO - Setting next_dagrun for example_subdag_operator.section-2 to None, run_after=None
[2024-10-10T14:06:53.982+0000] {logging_mixin.py:190} INFO - [2024-10-10T14:06:53.982+0000] {dag.py:3239} INFO - Sync 2 DAGs
[2024-10-10T14:06:53.986+0000] {logging_mixin.py:190} INFO - [2024-10-10T14:06:53.986+0000] {dag.py:4180} INFO - Setting next_dagrun for example_subdag_operator.section-1 to None, run_after=None
[2024-10-10T14:06:53.987+0000] {logging_mixin.py:190} INFO - [2024-10-10T14:06:53.987+0000] {dag.py:4180} INFO - Setting next_dagrun for example_subdag_operator.section-2 to None, run_after=None
[2024-10-10T14:06:53.997+0000] {processor.py:208} INFO - Processing /home/airflow/.local/lib/python3.12/site-packages/airflow/example_dags/example_subdag_operator.py took 0.074 seconds
[2024-10-10T14:07:24.673+0000] {processor.py:186} INFO - Started process (PID=1062) to work on /home/airflow/.local/lib/python3.12/site-packages/airflow/example_dags/example_subdag_operator.py
[2024-10-10T14:07:24.674+0000] {processor.py:914} INFO - Processing file /home/airflow/.local/lib/python3.12/site-packages/airflow/example_dags/example_subdag_operator.py for tasks to queue
[2024-10-10T14:07:24.675+0000] {logging_mixin.py:190} INFO - [2024-10-10T14:07:24.675+0000] {dagbag.py:588} INFO - Filling up the DagBag from /home/airflow/.local/lib/python3.12/site-packages/airflow/example_dags/example_subdag_operator.py
[2024-10-10T14:07:24.695+0000] {processor.py:925} INFO - DAG(s) 'example_subdag_operator.section-1', 'example_subdag_operator.section-2', 'example_subdag_operator' retrieved from /home/airflow/.local/lib/python3.12/site-packages/airflow/example_dags/example_subdag_operator.py
[2024-10-10T14:07:24.706+0000] {logging_mixin.py:190} INFO - [2024-10-10T14:07:24.706+0000] {dag.py:3239} INFO - Sync 3 DAGs
[2024-10-10T14:07:24.725+0000] {logging_mixin.py:190} INFO - [2024-10-10T14:07:24.724+0000] {dag.py:4180} INFO - Setting next_dagrun for example_subdag_operator to 2022-01-01 00:00:00+00:00, run_after=2022-01-01 00:00:00+00:00
[2024-10-10T14:07:24.728+0000] {logging_mixin.py:190} INFO - [2024-10-10T14:07:24.728+0000] {dag.py:4180} INFO - Setting next_dagrun for example_subdag_operator.section-1 to None, run_after=None
[2024-10-10T14:07:24.730+0000] {logging_mixin.py:190} INFO - [2024-10-10T14:07:24.729+0000] {dag.py:4180} INFO - Setting next_dagrun for example_subdag_operator.section-2 to None, run_after=None
[2024-10-10T14:07:24.735+0000] {logging_mixin.py:190} INFO - [2024-10-10T14:07:24.735+0000] {dag.py:3239} INFO - Sync 2 DAGs
[2024-10-10T14:07:24.739+0000] {logging_mixin.py:190} INFO - [2024-10-10T14:07:24.739+0000] {dag.py:4180} INFO - Setting next_dagrun for example_subdag_operator.section-1 to None, run_after=None
[2024-10-10T14:07:24.740+0000] {logging_mixin.py:190} INFO - [2024-10-10T14:07:24.739+0000] {dag.py:4180} INFO - Setting next_dagrun for example_subdag_operator.section-2 to None, run_after=None
[2024-10-10T14:07:24.749+0000] {processor.py:208} INFO - Processing /home/airflow/.local/lib/python3.12/site-packages/airflow/example_dags/example_subdag_operator.py took 0.080 seconds
[2024-10-10T14:07:55.412+0000] {processor.py:186} INFO - Started process (PID=1124) to work on /home/airflow/.local/lib/python3.12/site-packages/airflow/example_dags/example_subdag_operator.py
[2024-10-10T14:07:55.413+0000] {processor.py:914} INFO - Processing file /home/airflow/.local/lib/python3.12/site-packages/airflow/example_dags/example_subdag_operator.py for tasks to queue
[2024-10-10T14:07:55.415+0000] {logging_mixin.py:190} INFO - [2024-10-10T14:07:55.415+0000] {dagbag.py:588} INFO - Filling up the DagBag from /home/airflow/.local/lib/python3.12/site-packages/airflow/example_dags/example_subdag_operator.py
[2024-10-10T14:07:55.435+0000] {processor.py:925} INFO - DAG(s) 'example_subdag_operator.section-1', 'example_subdag_operator.section-2', 'example_subdag_operator' retrieved from /home/airflow/.local/lib/python3.12/site-packages/airflow/example_dags/example_subdag_operator.py
[2024-10-10T14:07:55.448+0000] {logging_mixin.py:190} INFO - [2024-10-10T14:07:55.447+0000] {dag.py:3239} INFO - Sync 3 DAGs
[2024-10-10T14:07:55.468+0000] {logging_mixin.py:190} INFO - [2024-10-10T14:07:55.468+0000] {dag.py:4180} INFO - Setting next_dagrun for example_subdag_operator to 2022-01-01 00:00:00+00:00, run_after=2022-01-01 00:00:00+00:00
[2024-10-10T14:07:55.472+0000] {logging_mixin.py:190} INFO - [2024-10-10T14:07:55.472+0000] {dag.py:4180} INFO - Setting next_dagrun for example_subdag_operator.section-1 to None, run_after=None
[2024-10-10T14:07:55.473+0000] {logging_mixin.py:190} INFO - [2024-10-10T14:07:55.473+0000] {dag.py:4180} INFO - Setting next_dagrun for example_subdag_operator.section-2 to None, run_after=None
[2024-10-10T14:07:55.478+0000] {logging_mixin.py:190} INFO - [2024-10-10T14:07:55.478+0000] {dag.py:3239} INFO - Sync 2 DAGs
[2024-10-10T14:07:55.483+0000] {logging_mixin.py:190} INFO - [2024-10-10T14:07:55.483+0000] {dag.py:4180} INFO - Setting next_dagrun for example_subdag_operator.section-1 to None, run_after=None
[2024-10-10T14:07:55.483+0000] {logging_mixin.py:190} INFO - [2024-10-10T14:07:55.483+0000] {dag.py:4180} INFO - Setting next_dagrun for example_subdag_operator.section-2 to None, run_after=None
[2024-10-10T14:07:55.494+0000] {processor.py:208} INFO - Processing /home/airflow/.local/lib/python3.12/site-packages/airflow/example_dags/example_subdag_operator.py took 0.086 seconds
[2024-10-10T14:08:26.217+0000] {processor.py:186} INFO - Started process (PID=1186) to work on /home/airflow/.local/lib/python3.12/site-packages/airflow/example_dags/example_subdag_operator.py
[2024-10-10T14:08:26.217+0000] {processor.py:914} INFO - Processing file /home/airflow/.local/lib/python3.12/site-packages/airflow/example_dags/example_subdag_operator.py for tasks to queue
[2024-10-10T14:08:26.219+0000] {logging_mixin.py:190} INFO - [2024-10-10T14:08:26.219+0000] {dagbag.py:588} INFO - Filling up the DagBag from /home/airflow/.local/lib/python3.12/site-packages/airflow/example_dags/example_subdag_operator.py
[2024-10-10T14:08:26.238+0000] {processor.py:925} INFO - DAG(s) 'example_subdag_operator.section-1', 'example_subdag_operator.section-2', 'example_subdag_operator' retrieved from /home/airflow/.local/lib/python3.12/site-packages/airflow/example_dags/example_subdag_operator.py
[2024-10-10T14:08:26.250+0000] {logging_mixin.py:190} INFO - [2024-10-10T14:08:26.250+0000] {dag.py:3239} INFO - Sync 3 DAGs
[2024-10-10T14:08:26.267+0000] {logging_mixin.py:190} INFO - [2024-10-10T14:08:26.266+0000] {dag.py:4180} INFO - Setting next_dagrun for example_subdag_operator to 2022-01-01 00:00:00+00:00, run_after=2022-01-01 00:00:00+00:00
[2024-10-10T14:08:26.270+0000] {logging_mixin.py:190} INFO - [2024-10-10T14:08:26.269+0000] {dag.py:4180} INFO - Setting next_dagrun for example_subdag_operator.section-1 to None, run_after=None
[2024-10-10T14:08:26.271+0000] {logging_mixin.py:190} INFO - [2024-10-10T14:08:26.271+0000] {dag.py:4180} INFO - Setting next_dagrun for example_subdag_operator.section-2 to None, run_after=None
[2024-10-10T14:08:26.276+0000] {logging_mixin.py:190} INFO - [2024-10-10T14:08:26.275+0000] {dag.py:3239} INFO - Sync 2 DAGs
[2024-10-10T14:08:26.279+0000] {logging_mixin.py:190} INFO - [2024-10-10T14:08:26.279+0000] {dag.py:4180} INFO - Setting next_dagrun for example_subdag_operator.section-1 to None, run_after=None
[2024-10-10T14:08:26.280+0000] {logging_mixin.py:190} INFO - [2024-10-10T14:08:26.280+0000] {dag.py:4180} INFO - Setting next_dagrun for example_subdag_operator.section-2 to None, run_after=None
[2024-10-10T14:08:26.288+0000] {processor.py:208} INFO - Processing /home/airflow/.local/lib/python3.12/site-packages/airflow/example_dags/example_subdag_operator.py took 0.076 seconds
[2024-10-10T14:08:56.969+0000] {processor.py:186} INFO - Started process (PID=1248) to work on /home/airflow/.local/lib/python3.12/site-packages/airflow/example_dags/example_subdag_operator.py
[2024-10-10T14:08:56.970+0000] {processor.py:914} INFO - Processing file /home/airflow/.local/lib/python3.12/site-packages/airflow/example_dags/example_subdag_operator.py for tasks to queue
[2024-10-10T14:08:56.972+0000] {logging_mixin.py:190} INFO - [2024-10-10T14:08:56.971+0000] {dagbag.py:588} INFO - Filling up the DagBag from /home/airflow/.local/lib/python3.12/site-packages/airflow/example_dags/example_subdag_operator.py
[2024-10-10T14:08:56.993+0000] {processor.py:925} INFO - DAG(s) 'example_subdag_operator.section-1', 'example_subdag_operator.section-2', 'example_subdag_operator' retrieved from /home/airflow/.local/lib/python3.12/site-packages/airflow/example_dags/example_subdag_operator.py
[2024-10-10T14:08:57.007+0000] {logging_mixin.py:190} INFO - [2024-10-10T14:08:57.007+0000] {dag.py:3239} INFO - Sync 3 DAGs
[2024-10-10T14:08:57.028+0000] {logging_mixin.py:190} INFO - [2024-10-10T14:08:57.027+0000] {dag.py:4180} INFO - Setting next_dagrun for example_subdag_operator to 2022-01-01 00:00:00+00:00, run_after=2022-01-01 00:00:00+00:00
[2024-10-10T14:08:57.031+0000] {logging_mixin.py:190} INFO - [2024-10-10T14:08:57.031+0000] {dag.py:4180} INFO - Setting next_dagrun for example_subdag_operator.section-1 to None, run_after=None
[2024-10-10T14:08:57.032+0000] {logging_mixin.py:190} INFO - [2024-10-10T14:08:57.032+0000] {dag.py:4180} INFO - Setting next_dagrun for example_subdag_operator.section-2 to None, run_after=None
[2024-10-10T14:08:57.038+0000] {logging_mixin.py:190} INFO - [2024-10-10T14:08:57.037+0000] {dag.py:3239} INFO - Sync 2 DAGs
[2024-10-10T14:08:57.042+0000] {logging_mixin.py:190} INFO - [2024-10-10T14:08:57.042+0000] {dag.py:4180} INFO - Setting next_dagrun for example_subdag_operator.section-1 to None, run_after=None
[2024-10-10T14:08:57.043+0000] {logging_mixin.py:190} INFO - [2024-10-10T14:08:57.043+0000] {dag.py:4180} INFO - Setting next_dagrun for example_subdag_operator.section-2 to None, run_after=None
[2024-10-10T14:08:57.052+0000] {processor.py:208} INFO - Processing /home/airflow/.local/lib/python3.12/site-packages/airflow/example_dags/example_subdag_operator.py took 0.088 seconds
[2024-10-10T14:09:27.651+0000] {processor.py:186} INFO - Started process (PID=1310) to work on /home/airflow/.local/lib/python3.12/site-packages/airflow/example_dags/example_subdag_operator.py
[2024-10-10T14:09:27.652+0000] {processor.py:914} INFO - Processing file /home/airflow/.local/lib/python3.12/site-packages/airflow/example_dags/example_subdag_operator.py for tasks to queue
[2024-10-10T14:09:27.654+0000] {logging_mixin.py:190} INFO - [2024-10-10T14:09:27.654+0000] {dagbag.py:588} INFO - Filling up the DagBag from /home/airflow/.local/lib/python3.12/site-packages/airflow/example_dags/example_subdag_operator.py
[2024-10-10T14:09:27.674+0000] {processor.py:925} INFO - DAG(s) 'example_subdag_operator.section-1', 'example_subdag_operator.section-2', 'example_subdag_operator' retrieved from /home/airflow/.local/lib/python3.12/site-packages/airflow/example_dags/example_subdag_operator.py
[2024-10-10T14:09:27.687+0000] {logging_mixin.py:190} INFO - [2024-10-10T14:09:27.686+0000] {dag.py:3239} INFO - Sync 3 DAGs
[2024-10-10T14:09:27.704+0000] {logging_mixin.py:190} INFO - [2024-10-10T14:09:27.704+0000] {dag.py:4180} INFO - Setting next_dagrun for example_subdag_operator to 2022-01-01 00:00:00+00:00, run_after=2022-01-01 00:00:00+00:00
[2024-10-10T14:09:27.707+0000] {logging_mixin.py:190} INFO - [2024-10-10T14:09:27.707+0000] {dag.py:4180} INFO - Setting next_dagrun for example_subdag_operator.section-1 to None, run_after=None
[2024-10-10T14:09:27.708+0000] {logging_mixin.py:190} INFO - [2024-10-10T14:09:27.708+0000] {dag.py:4180} INFO - Setting next_dagrun for example_subdag_operator.section-2 to None, run_after=None
[2024-10-10T14:09:27.713+0000] {logging_mixin.py:190} INFO - [2024-10-10T14:09:27.713+0000] {dag.py:3239} INFO - Sync 2 DAGs
[2024-10-10T14:09:27.717+0000] {logging_mixin.py:190} INFO - [2024-10-10T14:09:27.717+0000] {dag.py:4180} INFO - Setting next_dagrun for example_subdag_operator.section-1 to None, run_after=None
[2024-10-10T14:09:27.717+0000] {logging_mixin.py:190} INFO - [2024-10-10T14:09:27.717+0000] {dag.py:4180} INFO - Setting next_dagrun for example_subdag_operator.section-2 to None, run_after=None
[2024-10-10T14:09:27.725+0000] {processor.py:208} INFO - Processing /home/airflow/.local/lib/python3.12/site-packages/airflow/example_dags/example_subdag_operator.py took 0.078 seconds
[2024-10-10T14:09:58.462+0000] {processor.py:186} INFO - Started process (PID=1372) to work on /home/airflow/.local/lib/python3.12/site-packages/airflow/example_dags/example_subdag_operator.py
[2024-10-10T14:09:58.464+0000] {processor.py:914} INFO - Processing file /home/airflow/.local/lib/python3.12/site-packages/airflow/example_dags/example_subdag_operator.py for tasks to queue
[2024-10-10T14:09:58.466+0000] {logging_mixin.py:190} INFO - [2024-10-10T14:09:58.466+0000] {dagbag.py:588} INFO - Filling up the DagBag from /home/airflow/.local/lib/python3.12/site-packages/airflow/example_dags/example_subdag_operator.py
[2024-10-10T14:09:58.493+0000] {processor.py:925} INFO - DAG(s) 'example_subdag_operator.section-1', 'example_subdag_operator.section-2', 'example_subdag_operator' retrieved from /home/airflow/.local/lib/python3.12/site-packages/airflow/example_dags/example_subdag_operator.py
[2024-10-10T14:09:58.511+0000] {logging_mixin.py:190} INFO - [2024-10-10T14:09:58.510+0000] {dag.py:3239} INFO - Sync 3 DAGs
[2024-10-10T14:09:58.541+0000] {logging_mixin.py:190} INFO - [2024-10-10T14:09:58.540+0000] {dag.py:4180} INFO - Setting next_dagrun for example_subdag_operator to 2022-01-01 00:00:00+00:00, run_after=2022-01-01 00:00:00+00:00
[2024-10-10T14:09:58.546+0000] {logging_mixin.py:190} INFO - [2024-10-10T14:09:58.546+0000] {dag.py:4180} INFO - Setting next_dagrun for example_subdag_operator.section-1 to None, run_after=None
[2024-10-10T14:09:58.548+0000] {logging_mixin.py:190} INFO - [2024-10-10T14:09:58.548+0000] {dag.py:4180} INFO - Setting next_dagrun for example_subdag_operator.section-2 to None, run_after=None
[2024-10-10T14:09:58.558+0000] {logging_mixin.py:190} INFO - [2024-10-10T14:09:58.558+0000] {dag.py:3239} INFO - Sync 2 DAGs
[2024-10-10T14:09:58.566+0000] {logging_mixin.py:190} INFO - [2024-10-10T14:09:58.566+0000] {dag.py:4180} INFO - Setting next_dagrun for example_subdag_operator.section-1 to None, run_after=None
[2024-10-10T14:09:58.567+0000] {logging_mixin.py:190} INFO - [2024-10-10T14:09:58.567+0000] {dag.py:4180} INFO - Setting next_dagrun for example_subdag_operator.section-2 to None, run_after=None
[2024-10-10T14:09:58.579+0000] {processor.py:208} INFO - Processing /home/airflow/.local/lib/python3.12/site-packages/airflow/example_dags/example_subdag_operator.py took 0.122 seconds
[2024-10-10T14:10:28.642+0000] {processor.py:186} INFO - Started process (PID=1435) to work on /home/airflow/.local/lib/python3.12/site-packages/airflow/example_dags/example_subdag_operator.py
[2024-10-10T14:10:28.643+0000] {processor.py:914} INFO - Processing file /home/airflow/.local/lib/python3.12/site-packages/airflow/example_dags/example_subdag_operator.py for tasks to queue
[2024-10-10T14:10:28.645+0000] {logging_mixin.py:190} INFO - [2024-10-10T14:10:28.644+0000] {dagbag.py:588} INFO - Filling up the DagBag from /home/airflow/.local/lib/python3.12/site-packages/airflow/example_dags/example_subdag_operator.py
[2024-10-10T14:10:28.663+0000] {processor.py:925} INFO - DAG(s) 'example_subdag_operator.section-1', 'example_subdag_operator.section-2', 'example_subdag_operator' retrieved from /home/airflow/.local/lib/python3.12/site-packages/airflow/example_dags/example_subdag_operator.py
[2024-10-10T14:10:28.673+0000] {logging_mixin.py:190} INFO - [2024-10-10T14:10:28.673+0000] {dag.py:3239} INFO - Sync 3 DAGs
[2024-10-10T14:10:28.689+0000] {logging_mixin.py:190} INFO - [2024-10-10T14:10:28.689+0000] {dag.py:4180} INFO - Setting next_dagrun for example_subdag_operator to 2022-01-01 00:00:00+00:00, run_after=2022-01-01 00:00:00+00:00
[2024-10-10T14:10:28.691+0000] {logging_mixin.py:190} INFO - [2024-10-10T14:10:28.691+0000] {dag.py:4180} INFO - Setting next_dagrun for example_subdag_operator.section-1 to None, run_after=None
[2024-10-10T14:10:28.692+0000] {logging_mixin.py:190} INFO - [2024-10-10T14:10:28.692+0000] {dag.py:4180} INFO - Setting next_dagrun for example_subdag_operator.section-2 to None, run_after=None
[2024-10-10T14:10:28.697+0000] {logging_mixin.py:190} INFO - [2024-10-10T14:10:28.696+0000] {dag.py:3239} INFO - Sync 2 DAGs
[2024-10-10T14:10:28.701+0000] {logging_mixin.py:190} INFO - [2024-10-10T14:10:28.701+0000] {dag.py:4180} INFO - Setting next_dagrun for example_subdag_operator.section-1 to None, run_after=None
[2024-10-10T14:10:28.701+0000] {logging_mixin.py:190} INFO - [2024-10-10T14:10:28.701+0000] {dag.py:4180} INFO - Setting next_dagrun for example_subdag_operator.section-2 to None, run_after=None
[2024-10-10T14:10:28.708+0000] {processor.py:208} INFO - Processing /home/airflow/.local/lib/python3.12/site-packages/airflow/example_dags/example_subdag_operator.py took 0.070 seconds
[2024-10-10T14:10:58.884+0000] {processor.py:186} INFO - Started process (PID=1497) to work on /home/airflow/.local/lib/python3.12/site-packages/airflow/example_dags/example_subdag_operator.py
[2024-10-10T14:10:58.885+0000] {processor.py:914} INFO - Processing file /home/airflow/.local/lib/python3.12/site-packages/airflow/example_dags/example_subdag_operator.py for tasks to queue
[2024-10-10T14:10:58.886+0000] {logging_mixin.py:190} INFO - [2024-10-10T14:10:58.886+0000] {dagbag.py:588} INFO - Filling up the DagBag from /home/airflow/.local/lib/python3.12/site-packages/airflow/example_dags/example_subdag_operator.py
[2024-10-10T14:10:58.905+0000] {processor.py:925} INFO - DAG(s) 'example_subdag_operator.section-1', 'example_subdag_operator.section-2', 'example_subdag_operator' retrieved from /home/airflow/.local/lib/python3.12/site-packages/airflow/example_dags/example_subdag_operator.py
[2024-10-10T14:10:58.916+0000] {logging_mixin.py:190} INFO - [2024-10-10T14:10:58.915+0000] {dag.py:3239} INFO - Sync 3 DAGs
[2024-10-10T14:10:58.933+0000] {logging_mixin.py:190} INFO - [2024-10-10T14:10:58.933+0000] {dag.py:4180} INFO - Setting next_dagrun for example_subdag_operator to 2022-01-01 00:00:00+00:00, run_after=2022-01-01 00:00:00+00:00
[2024-10-10T14:10:58.936+0000] {logging_mixin.py:190} INFO - [2024-10-10T14:10:58.936+0000] {dag.py:4180} INFO - Setting next_dagrun for example_subdag_operator.section-1 to None, run_after=None
[2024-10-10T14:10:58.937+0000] {logging_mixin.py:190} INFO - [2024-10-10T14:10:58.937+0000] {dag.py:4180} INFO - Setting next_dagrun for example_subdag_operator.section-2 to None, run_after=None
[2024-10-10T14:10:58.943+0000] {logging_mixin.py:190} INFO - [2024-10-10T14:10:58.943+0000] {dag.py:3239} INFO - Sync 2 DAGs
[2024-10-10T14:10:58.948+0000] {logging_mixin.py:190} INFO - [2024-10-10T14:10:58.947+0000] {dag.py:4180} INFO - Setting next_dagrun for example_subdag_operator.section-1 to None, run_after=None
[2024-10-10T14:10:58.948+0000] {logging_mixin.py:190} INFO - [2024-10-10T14:10:58.948+0000] {dag.py:4180} INFO - Setting next_dagrun for example_subdag_operator.section-2 to None, run_after=None
[2024-10-10T14:10:58.957+0000] {processor.py:208} INFO - Processing /home/airflow/.local/lib/python3.12/site-packages/airflow/example_dags/example_subdag_operator.py took 0.077 seconds
[2024-10-10T14:11:29.042+0000] {processor.py:186} INFO - Started process (PID=1559) to work on /home/airflow/.local/lib/python3.12/site-packages/airflow/example_dags/example_subdag_operator.py
[2024-10-10T14:11:29.043+0000] {processor.py:914} INFO - Processing file /home/airflow/.local/lib/python3.12/site-packages/airflow/example_dags/example_subdag_operator.py for tasks to queue
[2024-10-10T14:11:29.045+0000] {logging_mixin.py:190} INFO - [2024-10-10T14:11:29.045+0000] {dagbag.py:588} INFO - Filling up the DagBag from /home/airflow/.local/lib/python3.12/site-packages/airflow/example_dags/example_subdag_operator.py
[2024-10-10T14:11:29.065+0000] {processor.py:925} INFO - DAG(s) 'example_subdag_operator.section-1', 'example_subdag_operator.section-2', 'example_subdag_operator' retrieved from /home/airflow/.local/lib/python3.12/site-packages/airflow/example_dags/example_subdag_operator.py
[2024-10-10T14:11:29.076+0000] {logging_mixin.py:190} INFO - [2024-10-10T14:11:29.075+0000] {dag.py:3239} INFO - Sync 3 DAGs
[2024-10-10T14:11:29.095+0000] {logging_mixin.py:190} INFO - [2024-10-10T14:11:29.095+0000] {dag.py:4180} INFO - Setting next_dagrun for example_subdag_operator to 2022-01-01 00:00:00+00:00, run_after=2022-01-01 00:00:00+00:00
[2024-10-10T14:11:29.098+0000] {logging_mixin.py:190} INFO - [2024-10-10T14:11:29.098+0000] {dag.py:4180} INFO - Setting next_dagrun for example_subdag_operator.section-1 to None, run_after=None
[2024-10-10T14:11:29.099+0000] {logging_mixin.py:190} INFO - [2024-10-10T14:11:29.099+0000] {dag.py:4180} INFO - Setting next_dagrun for example_subdag_operator.section-2 to None, run_after=None
[2024-10-10T14:11:29.106+0000] {logging_mixin.py:190} INFO - [2024-10-10T14:11:29.106+0000] {dag.py:3239} INFO - Sync 2 DAGs
[2024-10-10T14:11:29.110+0000] {logging_mixin.py:190} INFO - [2024-10-10T14:11:29.110+0000] {dag.py:4180} INFO - Setting next_dagrun for example_subdag_operator.section-1 to None, run_after=None
[2024-10-10T14:11:29.111+0000] {logging_mixin.py:190} INFO - [2024-10-10T14:11:29.111+0000] {dag.py:4180} INFO - Setting next_dagrun for example_subdag_operator.section-2 to None, run_after=None
[2024-10-10T14:11:29.123+0000] {processor.py:208} INFO - Processing /home/airflow/.local/lib/python3.12/site-packages/airflow/example_dags/example_subdag_operator.py took 0.084 seconds
[2024-10-10T14:11:59.886+0000] {processor.py:186} INFO - Started process (PID=1621) to work on /home/airflow/.local/lib/python3.12/site-packages/airflow/example_dags/example_subdag_operator.py
[2024-10-10T14:11:59.886+0000] {processor.py:914} INFO - Processing file /home/airflow/.local/lib/python3.12/site-packages/airflow/example_dags/example_subdag_operator.py for tasks to queue
[2024-10-10T14:11:59.888+0000] {logging_mixin.py:190} INFO - [2024-10-10T14:11:59.888+0000] {dagbag.py:588} INFO - Filling up the DagBag from /home/airflow/.local/lib/python3.12/site-packages/airflow/example_dags/example_subdag_operator.py
[2024-10-10T14:11:59.907+0000] {processor.py:925} INFO - DAG(s) 'example_subdag_operator.section-1', 'example_subdag_operator.section-2', 'example_subdag_operator' retrieved from /home/airflow/.local/lib/python3.12/site-packages/airflow/example_dags/example_subdag_operator.py
[2024-10-10T14:11:59.920+0000] {logging_mixin.py:190} INFO - [2024-10-10T14:11:59.919+0000] {dag.py:3239} INFO - Sync 3 DAGs
[2024-10-10T14:11:59.939+0000] {logging_mixin.py:190} INFO - [2024-10-10T14:11:59.939+0000] {dag.py:4180} INFO - Setting next_dagrun for example_subdag_operator to 2022-01-01 00:00:00+00:00, run_after=2022-01-01 00:00:00+00:00
[2024-10-10T14:11:59.942+0000] {logging_mixin.py:190} INFO - [2024-10-10T14:11:59.941+0000] {dag.py:4180} INFO - Setting next_dagrun for example_subdag_operator.section-1 to None, run_after=None
[2024-10-10T14:11:59.943+0000] {logging_mixin.py:190} INFO - [2024-10-10T14:11:59.942+0000] {dag.py:4180} INFO - Setting next_dagrun for example_subdag_operator.section-2 to None, run_after=None
[2024-10-10T14:11:59.948+0000] {logging_mixin.py:190} INFO - [2024-10-10T14:11:59.947+0000] {dag.py:3239} INFO - Sync 2 DAGs
[2024-10-10T14:11:59.952+0000] {logging_mixin.py:190} INFO - [2024-10-10T14:11:59.952+0000] {dag.py:4180} INFO - Setting next_dagrun for example_subdag_operator.section-1 to None, run_after=None
[2024-10-10T14:11:59.953+0000] {logging_mixin.py:190} INFO - [2024-10-10T14:11:59.952+0000] {dag.py:4180} INFO - Setting next_dagrun for example_subdag_operator.section-2 to None, run_after=None
[2024-10-10T14:11:59.960+0000] {processor.py:208} INFO - Processing /home/airflow/.local/lib/python3.12/site-packages/airflow/example_dags/example_subdag_operator.py took 0.079 seconds
[2024-10-10T14:12:30.753+0000] {processor.py:186} INFO - Started process (PID=1683) to work on /home/airflow/.local/lib/python3.12/site-packages/airflow/example_dags/example_subdag_operator.py
[2024-10-10T14:12:30.754+0000] {processor.py:914} INFO - Processing file /home/airflow/.local/lib/python3.12/site-packages/airflow/example_dags/example_subdag_operator.py for tasks to queue
[2024-10-10T14:12:30.756+0000] {logging_mixin.py:190} INFO - [2024-10-10T14:12:30.756+0000] {dagbag.py:588} INFO - Filling up the DagBag from /home/airflow/.local/lib/python3.12/site-packages/airflow/example_dags/example_subdag_operator.py
[2024-10-10T14:12:30.778+0000] {processor.py:925} INFO - DAG(s) 'example_subdag_operator.section-1', 'example_subdag_operator.section-2', 'example_subdag_operator' retrieved from /home/airflow/.local/lib/python3.12/site-packages/airflow/example_dags/example_subdag_operator.py
[2024-10-10T14:12:30.791+0000] {logging_mixin.py:190} INFO - [2024-10-10T14:12:30.791+0000] {dag.py:3239} INFO - Sync 3 DAGs
[2024-10-10T14:12:30.810+0000] {logging_mixin.py:190} INFO - [2024-10-10T14:12:30.810+0000] {dag.py:4180} INFO - Setting next_dagrun for example_subdag_operator to 2022-01-01 00:00:00+00:00, run_after=2022-01-01 00:00:00+00:00
[2024-10-10T14:12:30.813+0000] {logging_mixin.py:190} INFO - [2024-10-10T14:12:30.813+0000] {dag.py:4180} INFO - Setting next_dagrun for example_subdag_operator.section-1 to None, run_after=None
[2024-10-10T14:12:30.814+0000] {logging_mixin.py:190} INFO - [2024-10-10T14:12:30.814+0000] {dag.py:4180} INFO - Setting next_dagrun for example_subdag_operator.section-2 to None, run_after=None
[2024-10-10T14:12:30.820+0000] {logging_mixin.py:190} INFO - [2024-10-10T14:12:30.820+0000] {dag.py:3239} INFO - Sync 2 DAGs
[2024-10-10T14:12:30.825+0000] {logging_mixin.py:190} INFO - [2024-10-10T14:12:30.825+0000] {dag.py:4180} INFO - Setting next_dagrun for example_subdag_operator.section-1 to None, run_after=None
[2024-10-10T14:12:30.825+0000] {logging_mixin.py:190} INFO - [2024-10-10T14:12:30.825+0000] {dag.py:4180} INFO - Setting next_dagrun for example_subdag_operator.section-2 to None, run_after=None
[2024-10-10T14:12:30.835+0000] {processor.py:208} INFO - Processing /home/airflow/.local/lib/python3.12/site-packages/airflow/example_dags/example_subdag_operator.py took 0.086 seconds
