[2024-10-10T13:59:16.953+0000] {processor.py:186} INFO - Started process (PID=70) to work on /home/airflow/.local/lib/python3.12/site-packages/airflow/example_dags/example_task_group.py
[2024-10-10T13:59:16.954+0000] {processor.py:914} INFO - Processing file /home/airflow/.local/lib/python3.12/site-packages/airflow/example_dags/example_task_group.py for tasks to queue
[2024-10-10T13:59:16.956+0000] {logging_mixin.py:190} INFO - [2024-10-10T13:59:16.956+0000] {dagbag.py:588} INFO - Filling up the DagBag from /home/airflow/.local/lib/python3.12/site-packages/airflow/example_dags/example_task_group.py
[2024-10-10T13:59:16.962+0000] {processor.py:925} INFO - DAG(s) 'example_task_group' retrieved from /home/airflow/.local/lib/python3.12/site-packages/airflow/example_dags/example_task_group.py
[2024-10-10T13:59:16.979+0000] {logging_mixin.py:190} INFO - [2024-10-10T13:59:16.979+0000] {dag.py:3239} INFO - Sync 1 DAGs
[2024-10-10T13:59:16.991+0000] {logging_mixin.py:190} INFO - [2024-10-10T13:59:16.991+0000] {dag.py:4180} INFO - Setting next_dagrun for example_task_group to None, run_after=None
[2024-10-10T13:59:17.005+0000] {processor.py:208} INFO - Processing /home/airflow/.local/lib/python3.12/site-packages/airflow/example_dags/example_task_group.py took 0.056 seconds
[2024-10-10T13:59:47.229+0000] {processor.py:186} INFO - Started process (PID=132) to work on /home/airflow/.local/lib/python3.12/site-packages/airflow/example_dags/example_task_group.py
[2024-10-10T13:59:47.230+0000] {processor.py:914} INFO - Processing file /home/airflow/.local/lib/python3.12/site-packages/airflow/example_dags/example_task_group.py for tasks to queue
[2024-10-10T13:59:47.231+0000] {logging_mixin.py:190} INFO - [2024-10-10T13:59:47.231+0000] {dagbag.py:588} INFO - Filling up the DagBag from /home/airflow/.local/lib/python3.12/site-packages/airflow/example_dags/example_task_group.py
[2024-10-10T13:59:47.238+0000] {processor.py:925} INFO - DAG(s) 'example_task_group' retrieved from /home/airflow/.local/lib/python3.12/site-packages/airflow/example_dags/example_task_group.py
[2024-10-10T13:59:47.255+0000] {logging_mixin.py:190} INFO - [2024-10-10T13:59:47.255+0000] {dag.py:3239} INFO - Sync 1 DAGs
[2024-10-10T13:59:47.267+0000] {logging_mixin.py:190} INFO - [2024-10-10T13:59:47.267+0000] {dag.py:4180} INFO - Setting next_dagrun for example_task_group to None, run_after=None
[2024-10-10T13:59:47.283+0000] {processor.py:208} INFO - Processing /home/airflow/.local/lib/python3.12/site-packages/airflow/example_dags/example_task_group.py took 0.059 seconds
[2024-10-10T14:00:17.393+0000] {processor.py:186} INFO - Started process (PID=194) to work on /home/airflow/.local/lib/python3.12/site-packages/airflow/example_dags/example_task_group.py
[2024-10-10T14:00:17.394+0000] {processor.py:914} INFO - Processing file /home/airflow/.local/lib/python3.12/site-packages/airflow/example_dags/example_task_group.py for tasks to queue
[2024-10-10T14:00:17.396+0000] {logging_mixin.py:190} INFO - [2024-10-10T14:00:17.396+0000] {dagbag.py:588} INFO - Filling up the DagBag from /home/airflow/.local/lib/python3.12/site-packages/airflow/example_dags/example_task_group.py
[2024-10-10T14:00:17.404+0000] {processor.py:925} INFO - DAG(s) 'example_task_group' retrieved from /home/airflow/.local/lib/python3.12/site-packages/airflow/example_dags/example_task_group.py
[2024-10-10T14:00:17.422+0000] {logging_mixin.py:190} INFO - [2024-10-10T14:00:17.422+0000] {dag.py:3239} INFO - Sync 1 DAGs
[2024-10-10T14:00:17.434+0000] {logging_mixin.py:190} INFO - [2024-10-10T14:00:17.434+0000] {dag.py:4180} INFO - Setting next_dagrun for example_task_group to None, run_after=None
[2024-10-10T14:00:17.451+0000] {processor.py:208} INFO - Processing /home/airflow/.local/lib/python3.12/site-packages/airflow/example_dags/example_task_group.py took 0.062 seconds
[2024-10-10T14:00:47.547+0000] {processor.py:186} INFO - Started process (PID=257) to work on /home/airflow/.local/lib/python3.12/site-packages/airflow/example_dags/example_task_group.py
[2024-10-10T14:00:47.548+0000] {processor.py:914} INFO - Processing file /home/airflow/.local/lib/python3.12/site-packages/airflow/example_dags/example_task_group.py for tasks to queue
[2024-10-10T14:00:47.551+0000] {logging_mixin.py:190} INFO - [2024-10-10T14:00:47.550+0000] {dagbag.py:588} INFO - Filling up the DagBag from /home/airflow/.local/lib/python3.12/site-packages/airflow/example_dags/example_task_group.py
[2024-10-10T14:00:47.557+0000] {processor.py:925} INFO - DAG(s) 'example_task_group' retrieved from /home/airflow/.local/lib/python3.12/site-packages/airflow/example_dags/example_task_group.py
[2024-10-10T14:00:47.573+0000] {logging_mixin.py:190} INFO - [2024-10-10T14:00:47.573+0000] {dag.py:3239} INFO - Sync 1 DAGs
[2024-10-10T14:00:47.584+0000] {logging_mixin.py:190} INFO - [2024-10-10T14:00:47.584+0000] {dag.py:4180} INFO - Setting next_dagrun for example_task_group to None, run_after=None
[2024-10-10T14:00:47.605+0000] {processor.py:208} INFO - Processing /home/airflow/.local/lib/python3.12/site-packages/airflow/example_dags/example_task_group.py took 0.062 seconds
[2024-10-10T14:01:17.902+0000] {processor.py:186} INFO - Started process (PID=325) to work on /home/airflow/.local/lib/python3.12/site-packages/airflow/example_dags/example_task_group.py
[2024-10-10T14:01:17.903+0000] {processor.py:914} INFO - Processing file /home/airflow/.local/lib/python3.12/site-packages/airflow/example_dags/example_task_group.py for tasks to queue
[2024-10-10T14:01:17.905+0000] {logging_mixin.py:190} INFO - [2024-10-10T14:01:17.904+0000] {dagbag.py:588} INFO - Filling up the DagBag from /home/airflow/.local/lib/python3.12/site-packages/airflow/example_dags/example_task_group.py
[2024-10-10T14:01:17.911+0000] {processor.py:925} INFO - DAG(s) 'example_task_group' retrieved from /home/airflow/.local/lib/python3.12/site-packages/airflow/example_dags/example_task_group.py
[2024-10-10T14:01:17.927+0000] {logging_mixin.py:190} INFO - [2024-10-10T14:01:17.927+0000] {dag.py:3239} INFO - Sync 1 DAGs
[2024-10-10T14:01:17.938+0000] {logging_mixin.py:190} INFO - [2024-10-10T14:01:17.937+0000] {dag.py:4180} INFO - Setting next_dagrun for example_task_group to None, run_after=None
[2024-10-10T14:01:17.950+0000] {processor.py:208} INFO - Processing /home/airflow/.local/lib/python3.12/site-packages/airflow/example_dags/example_task_group.py took 0.052 seconds
[2024-10-10T14:01:48.153+0000] {processor.py:186} INFO - Started process (PID=387) to work on /home/airflow/.local/lib/python3.12/site-packages/airflow/example_dags/example_task_group.py
[2024-10-10T14:01:48.154+0000] {processor.py:914} INFO - Processing file /home/airflow/.local/lib/python3.12/site-packages/airflow/example_dags/example_task_group.py for tasks to queue
[2024-10-10T14:01:48.156+0000] {logging_mixin.py:190} INFO - [2024-10-10T14:01:48.155+0000] {dagbag.py:588} INFO - Filling up the DagBag from /home/airflow/.local/lib/python3.12/site-packages/airflow/example_dags/example_task_group.py
[2024-10-10T14:01:48.161+0000] {processor.py:925} INFO - DAG(s) 'example_task_group' retrieved from /home/airflow/.local/lib/python3.12/site-packages/airflow/example_dags/example_task_group.py
[2024-10-10T14:01:48.177+0000] {logging_mixin.py:190} INFO - [2024-10-10T14:01:48.176+0000] {dag.py:3239} INFO - Sync 1 DAGs
[2024-10-10T14:01:48.187+0000] {logging_mixin.py:190} INFO - [2024-10-10T14:01:48.186+0000] {dag.py:4180} INFO - Setting next_dagrun for example_task_group to None, run_after=None
[2024-10-10T14:01:48.203+0000] {processor.py:208} INFO - Processing /home/airflow/.local/lib/python3.12/site-packages/airflow/example_dags/example_task_group.py took 0.053 seconds
[2024-10-10T14:02:18.399+0000] {processor.py:186} INFO - Started process (PID=449) to work on /home/airflow/.local/lib/python3.12/site-packages/airflow/example_dags/example_task_group.py
[2024-10-10T14:02:18.400+0000] {processor.py:914} INFO - Processing file /home/airflow/.local/lib/python3.12/site-packages/airflow/example_dags/example_task_group.py for tasks to queue
[2024-10-10T14:02:18.402+0000] {logging_mixin.py:190} INFO - [2024-10-10T14:02:18.402+0000] {dagbag.py:588} INFO - Filling up the DagBag from /home/airflow/.local/lib/python3.12/site-packages/airflow/example_dags/example_task_group.py
[2024-10-10T14:02:18.408+0000] {processor.py:925} INFO - DAG(s) 'example_task_group' retrieved from /home/airflow/.local/lib/python3.12/site-packages/airflow/example_dags/example_task_group.py
[2024-10-10T14:02:18.423+0000] {logging_mixin.py:190} INFO - [2024-10-10T14:02:18.422+0000] {dag.py:3239} INFO - Sync 1 DAGs
[2024-10-10T14:02:18.433+0000] {logging_mixin.py:190} INFO - [2024-10-10T14:02:18.432+0000] {dag.py:4180} INFO - Setting next_dagrun for example_task_group to None, run_after=None
[2024-10-10T14:02:18.445+0000] {processor.py:208} INFO - Processing /home/airflow/.local/lib/python3.12/site-packages/airflow/example_dags/example_task_group.py took 0.050 seconds
[2024-10-10T14:02:49.325+0000] {processor.py:186} INFO - Started process (PID=511) to work on /home/airflow/.local/lib/python3.12/site-packages/airflow/example_dags/example_task_group.py
[2024-10-10T14:02:49.326+0000] {processor.py:914} INFO - Processing file /home/airflow/.local/lib/python3.12/site-packages/airflow/example_dags/example_task_group.py for tasks to queue
[2024-10-10T14:02:49.328+0000] {logging_mixin.py:190} INFO - [2024-10-10T14:02:49.328+0000] {dagbag.py:588} INFO - Filling up the DagBag from /home/airflow/.local/lib/python3.12/site-packages/airflow/example_dags/example_task_group.py
[2024-10-10T14:02:49.335+0000] {processor.py:925} INFO - DAG(s) 'example_task_group' retrieved from /home/airflow/.local/lib/python3.12/site-packages/airflow/example_dags/example_task_group.py
[2024-10-10T14:02:49.353+0000] {logging_mixin.py:190} INFO - [2024-10-10T14:02:49.353+0000] {dag.py:3239} INFO - Sync 1 DAGs
[2024-10-10T14:02:49.365+0000] {logging_mixin.py:190} INFO - [2024-10-10T14:02:49.365+0000] {dag.py:4180} INFO - Setting next_dagrun for example_task_group to None, run_after=None
[2024-10-10T14:02:49.381+0000] {processor.py:208} INFO - Processing /home/airflow/.local/lib/python3.12/site-packages/airflow/example_dags/example_task_group.py took 0.061 seconds
[2024-10-10T14:03:20.049+0000] {processor.py:186} INFO - Started process (PID=573) to work on /home/airflow/.local/lib/python3.12/site-packages/airflow/example_dags/example_task_group.py
[2024-10-10T14:03:20.049+0000] {processor.py:914} INFO - Processing file /home/airflow/.local/lib/python3.12/site-packages/airflow/example_dags/example_task_group.py for tasks to queue
[2024-10-10T14:03:20.051+0000] {logging_mixin.py:190} INFO - [2024-10-10T14:03:20.051+0000] {dagbag.py:588} INFO - Filling up the DagBag from /home/airflow/.local/lib/python3.12/site-packages/airflow/example_dags/example_task_group.py
[2024-10-10T14:03:20.057+0000] {processor.py:925} INFO - DAG(s) 'example_task_group' retrieved from /home/airflow/.local/lib/python3.12/site-packages/airflow/example_dags/example_task_group.py
[2024-10-10T14:03:20.073+0000] {logging_mixin.py:190} INFO - [2024-10-10T14:03:20.072+0000] {dag.py:3239} INFO - Sync 1 DAGs
[2024-10-10T14:03:20.083+0000] {logging_mixin.py:190} INFO - [2024-10-10T14:03:20.083+0000] {dag.py:4180} INFO - Setting next_dagrun for example_task_group to None, run_after=None
[2024-10-10T14:03:20.097+0000] {processor.py:208} INFO - Processing /home/airflow/.local/lib/python3.12/site-packages/airflow/example_dags/example_task_group.py took 0.053 seconds
[2024-10-10T14:03:50.907+0000] {processor.py:186} INFO - Started process (PID=635) to work on /home/airflow/.local/lib/python3.12/site-packages/airflow/example_dags/example_task_group.py
[2024-10-10T14:03:50.908+0000] {processor.py:914} INFO - Processing file /home/airflow/.local/lib/python3.12/site-packages/airflow/example_dags/example_task_group.py for tasks to queue
[2024-10-10T14:03:50.910+0000] {logging_mixin.py:190} INFO - [2024-10-10T14:03:50.909+0000] {dagbag.py:588} INFO - Filling up the DagBag from /home/airflow/.local/lib/python3.12/site-packages/airflow/example_dags/example_task_group.py
[2024-10-10T14:03:50.916+0000] {processor.py:925} INFO - DAG(s) 'example_task_group' retrieved from /home/airflow/.local/lib/python3.12/site-packages/airflow/example_dags/example_task_group.py
[2024-10-10T14:03:50.934+0000] {logging_mixin.py:190} INFO - [2024-10-10T14:03:50.933+0000] {dag.py:3239} INFO - Sync 1 DAGs
[2024-10-10T14:03:50.946+0000] {logging_mixin.py:190} INFO - [2024-10-10T14:03:50.946+0000] {dag.py:4180} INFO - Setting next_dagrun for example_task_group to None, run_after=None
[2024-10-10T14:03:50.964+0000] {processor.py:208} INFO - Processing /home/airflow/.local/lib/python3.12/site-packages/airflow/example_dags/example_task_group.py took 0.061 seconds
[2024-10-10T14:04:21.640+0000] {processor.py:186} INFO - Started process (PID=697) to work on /home/airflow/.local/lib/python3.12/site-packages/airflow/example_dags/example_task_group.py
[2024-10-10T14:04:21.640+0000] {processor.py:914} INFO - Processing file /home/airflow/.local/lib/python3.12/site-packages/airflow/example_dags/example_task_group.py for tasks to queue
[2024-10-10T14:04:21.642+0000] {logging_mixin.py:190} INFO - [2024-10-10T14:04:21.642+0000] {dagbag.py:588} INFO - Filling up the DagBag from /home/airflow/.local/lib/python3.12/site-packages/airflow/example_dags/example_task_group.py
[2024-10-10T14:04:21.648+0000] {processor.py:925} INFO - DAG(s) 'example_task_group' retrieved from /home/airflow/.local/lib/python3.12/site-packages/airflow/example_dags/example_task_group.py
[2024-10-10T14:04:21.665+0000] {logging_mixin.py:190} INFO - [2024-10-10T14:04:21.665+0000] {dag.py:3239} INFO - Sync 1 DAGs
[2024-10-10T14:04:21.676+0000] {logging_mixin.py:190} INFO - [2024-10-10T14:04:21.676+0000] {dag.py:4180} INFO - Setting next_dagrun for example_task_group to None, run_after=None
[2024-10-10T14:04:21.692+0000] {processor.py:208} INFO - Processing /home/airflow/.local/lib/python3.12/site-packages/airflow/example_dags/example_task_group.py took 0.057 seconds
[2024-10-10T14:04:52.518+0000] {processor.py:186} INFO - Started process (PID=759) to work on /home/airflow/.local/lib/python3.12/site-packages/airflow/example_dags/example_task_group.py
[2024-10-10T14:04:52.518+0000] {processor.py:914} INFO - Processing file /home/airflow/.local/lib/python3.12/site-packages/airflow/example_dags/example_task_group.py for tasks to queue
[2024-10-10T14:04:52.520+0000] {logging_mixin.py:190} INFO - [2024-10-10T14:04:52.520+0000] {dagbag.py:588} INFO - Filling up the DagBag from /home/airflow/.local/lib/python3.12/site-packages/airflow/example_dags/example_task_group.py
[2024-10-10T14:04:52.526+0000] {processor.py:925} INFO - DAG(s) 'example_task_group' retrieved from /home/airflow/.local/lib/python3.12/site-packages/airflow/example_dags/example_task_group.py
[2024-10-10T14:04:52.543+0000] {logging_mixin.py:190} INFO - [2024-10-10T14:04:52.543+0000] {dag.py:3239} INFO - Sync 1 DAGs
[2024-10-10T14:04:52.554+0000] {logging_mixin.py:190} INFO - [2024-10-10T14:04:52.554+0000] {dag.py:4180} INFO - Setting next_dagrun for example_task_group to None, run_after=None
[2024-10-10T14:04:52.567+0000] {processor.py:208} INFO - Processing /home/airflow/.local/lib/python3.12/site-packages/airflow/example_dags/example_task_group.py took 0.054 seconds
[2024-10-10T14:05:23.174+0000] {processor.py:186} INFO - Started process (PID=821) to work on /home/airflow/.local/lib/python3.12/site-packages/airflow/example_dags/example_task_group.py
[2024-10-10T14:05:23.175+0000] {processor.py:914} INFO - Processing file /home/airflow/.local/lib/python3.12/site-packages/airflow/example_dags/example_task_group.py for tasks to queue
[2024-10-10T14:05:23.176+0000] {logging_mixin.py:190} INFO - [2024-10-10T14:05:23.176+0000] {dagbag.py:588} INFO - Filling up the DagBag from /home/airflow/.local/lib/python3.12/site-packages/airflow/example_dags/example_task_group.py
[2024-10-10T14:05:23.183+0000] {processor.py:925} INFO - DAG(s) 'example_task_group' retrieved from /home/airflow/.local/lib/python3.12/site-packages/airflow/example_dags/example_task_group.py
[2024-10-10T14:05:23.200+0000] {logging_mixin.py:190} INFO - [2024-10-10T14:05:23.199+0000] {dag.py:3239} INFO - Sync 1 DAGs
[2024-10-10T14:05:23.212+0000] {logging_mixin.py:190} INFO - [2024-10-10T14:05:23.211+0000] {dag.py:4180} INFO - Setting next_dagrun for example_task_group to None, run_after=None
[2024-10-10T14:05:23.225+0000] {processor.py:208} INFO - Processing /home/airflow/.local/lib/python3.12/site-packages/airflow/example_dags/example_task_group.py took 0.056 seconds
[2024-10-10T14:05:53.907+0000] {processor.py:186} INFO - Started process (PID=883) to work on /home/airflow/.local/lib/python3.12/site-packages/airflow/example_dags/example_task_group.py
[2024-10-10T14:05:53.908+0000] {processor.py:914} INFO - Processing file /home/airflow/.local/lib/python3.12/site-packages/airflow/example_dags/example_task_group.py for tasks to queue
[2024-10-10T14:05:53.910+0000] {logging_mixin.py:190} INFO - [2024-10-10T14:05:53.909+0000] {dagbag.py:588} INFO - Filling up the DagBag from /home/airflow/.local/lib/python3.12/site-packages/airflow/example_dags/example_task_group.py
[2024-10-10T14:05:53.916+0000] {processor.py:925} INFO - DAG(s) 'example_task_group' retrieved from /home/airflow/.local/lib/python3.12/site-packages/airflow/example_dags/example_task_group.py
[2024-10-10T14:05:53.933+0000] {logging_mixin.py:190} INFO - [2024-10-10T14:05:53.933+0000] {dag.py:3239} INFO - Sync 1 DAGs
[2024-10-10T14:05:53.943+0000] {logging_mixin.py:190} INFO - [2024-10-10T14:05:53.943+0000] {dag.py:4180} INFO - Setting next_dagrun for example_task_group to None, run_after=None
[2024-10-10T14:05:53.958+0000] {processor.py:208} INFO - Processing /home/airflow/.local/lib/python3.12/site-packages/airflow/example_dags/example_task_group.py took 0.055 seconds
[2024-10-10T14:06:24.631+0000] {processor.py:186} INFO - Started process (PID=945) to work on /home/airflow/.local/lib/python3.12/site-packages/airflow/example_dags/example_task_group.py
[2024-10-10T14:06:24.632+0000] {processor.py:914} INFO - Processing file /home/airflow/.local/lib/python3.12/site-packages/airflow/example_dags/example_task_group.py for tasks to queue
[2024-10-10T14:06:24.633+0000] {logging_mixin.py:190} INFO - [2024-10-10T14:06:24.633+0000] {dagbag.py:588} INFO - Filling up the DagBag from /home/airflow/.local/lib/python3.12/site-packages/airflow/example_dags/example_task_group.py
[2024-10-10T14:06:24.640+0000] {processor.py:925} INFO - DAG(s) 'example_task_group' retrieved from /home/airflow/.local/lib/python3.12/site-packages/airflow/example_dags/example_task_group.py
[2024-10-10T14:06:24.657+0000] {logging_mixin.py:190} INFO - [2024-10-10T14:06:24.657+0000] {dag.py:3239} INFO - Sync 1 DAGs
[2024-10-10T14:06:24.669+0000] {logging_mixin.py:190} INFO - [2024-10-10T14:06:24.668+0000] {dag.py:4180} INFO - Setting next_dagrun for example_task_group to None, run_after=None
[2024-10-10T14:06:24.684+0000] {processor.py:208} INFO - Processing /home/airflow/.local/lib/python3.12/site-packages/airflow/example_dags/example_task_group.py took 0.058 seconds
[2024-10-10T14:06:55.374+0000] {processor.py:186} INFO - Started process (PID=1007) to work on /home/airflow/.local/lib/python3.12/site-packages/airflow/example_dags/example_task_group.py
[2024-10-10T14:06:55.375+0000] {processor.py:914} INFO - Processing file /home/airflow/.local/lib/python3.12/site-packages/airflow/example_dags/example_task_group.py for tasks to queue
[2024-10-10T14:06:55.377+0000] {logging_mixin.py:190} INFO - [2024-10-10T14:06:55.376+0000] {dagbag.py:588} INFO - Filling up the DagBag from /home/airflow/.local/lib/python3.12/site-packages/airflow/example_dags/example_task_group.py
[2024-10-10T14:06:55.383+0000] {processor.py:925} INFO - DAG(s) 'example_task_group' retrieved from /home/airflow/.local/lib/python3.12/site-packages/airflow/example_dags/example_task_group.py
[2024-10-10T14:06:55.398+0000] {logging_mixin.py:190} INFO - [2024-10-10T14:06:55.398+0000] {dag.py:3239} INFO - Sync 1 DAGs
[2024-10-10T14:06:55.408+0000] {logging_mixin.py:190} INFO - [2024-10-10T14:06:55.408+0000] {dag.py:4180} INFO - Setting next_dagrun for example_task_group to None, run_after=None
[2024-10-10T14:06:55.422+0000] {processor.py:208} INFO - Processing /home/airflow/.local/lib/python3.12/site-packages/airflow/example_dags/example_task_group.py took 0.052 seconds
[2024-10-10T14:07:26.095+0000] {processor.py:186} INFO - Started process (PID=1069) to work on /home/airflow/.local/lib/python3.12/site-packages/airflow/example_dags/example_task_group.py
[2024-10-10T14:07:26.096+0000] {processor.py:914} INFO - Processing file /home/airflow/.local/lib/python3.12/site-packages/airflow/example_dags/example_task_group.py for tasks to queue
[2024-10-10T14:07:26.098+0000] {logging_mixin.py:190} INFO - [2024-10-10T14:07:26.097+0000] {dagbag.py:588} INFO - Filling up the DagBag from /home/airflow/.local/lib/python3.12/site-packages/airflow/example_dags/example_task_group.py
[2024-10-10T14:07:26.104+0000] {processor.py:925} INFO - DAG(s) 'example_task_group' retrieved from /home/airflow/.local/lib/python3.12/site-packages/airflow/example_dags/example_task_group.py
[2024-10-10T14:07:26.121+0000] {logging_mixin.py:190} INFO - [2024-10-10T14:07:26.120+0000] {dag.py:3239} INFO - Sync 1 DAGs
[2024-10-10T14:07:26.131+0000] {logging_mixin.py:190} INFO - [2024-10-10T14:07:26.131+0000] {dag.py:4180} INFO - Setting next_dagrun for example_task_group to None, run_after=None
[2024-10-10T14:07:26.145+0000] {processor.py:208} INFO - Processing /home/airflow/.local/lib/python3.12/site-packages/airflow/example_dags/example_task_group.py took 0.054 seconds
[2024-10-10T14:07:56.849+0000] {processor.py:186} INFO - Started process (PID=1131) to work on /home/airflow/.local/lib/python3.12/site-packages/airflow/example_dags/example_task_group.py
[2024-10-10T14:07:56.850+0000] {processor.py:914} INFO - Processing file /home/airflow/.local/lib/python3.12/site-packages/airflow/example_dags/example_task_group.py for tasks to queue
[2024-10-10T14:07:56.851+0000] {logging_mixin.py:190} INFO - [2024-10-10T14:07:56.851+0000] {dagbag.py:588} INFO - Filling up the DagBag from /home/airflow/.local/lib/python3.12/site-packages/airflow/example_dags/example_task_group.py
[2024-10-10T14:07:56.857+0000] {processor.py:925} INFO - DAG(s) 'example_task_group' retrieved from /home/airflow/.local/lib/python3.12/site-packages/airflow/example_dags/example_task_group.py
[2024-10-10T14:07:56.875+0000] {logging_mixin.py:190} INFO - [2024-10-10T14:07:56.874+0000] {dag.py:3239} INFO - Sync 1 DAGs
[2024-10-10T14:07:56.886+0000] {logging_mixin.py:190} INFO - [2024-10-10T14:07:56.886+0000] {dag.py:4180} INFO - Setting next_dagrun for example_task_group to None, run_after=None
[2024-10-10T14:07:56.903+0000] {processor.py:208} INFO - Processing /home/airflow/.local/lib/python3.12/site-packages/airflow/example_dags/example_task_group.py took 0.058 seconds
[2024-10-10T14:08:27.622+0000] {processor.py:186} INFO - Started process (PID=1193) to work on /home/airflow/.local/lib/python3.12/site-packages/airflow/example_dags/example_task_group.py
[2024-10-10T14:08:27.622+0000] {processor.py:914} INFO - Processing file /home/airflow/.local/lib/python3.12/site-packages/airflow/example_dags/example_task_group.py for tasks to queue
[2024-10-10T14:08:27.624+0000] {logging_mixin.py:190} INFO - [2024-10-10T14:08:27.624+0000] {dagbag.py:588} INFO - Filling up the DagBag from /home/airflow/.local/lib/python3.12/site-packages/airflow/example_dags/example_task_group.py
[2024-10-10T14:08:27.631+0000] {processor.py:925} INFO - DAG(s) 'example_task_group' retrieved from /home/airflow/.local/lib/python3.12/site-packages/airflow/example_dags/example_task_group.py
[2024-10-10T14:08:27.647+0000] {logging_mixin.py:190} INFO - [2024-10-10T14:08:27.647+0000] {dag.py:3239} INFO - Sync 1 DAGs
[2024-10-10T14:08:27.657+0000] {logging_mixin.py:190} INFO - [2024-10-10T14:08:27.657+0000] {dag.py:4180} INFO - Setting next_dagrun for example_task_group to None, run_after=None
[2024-10-10T14:08:27.671+0000] {processor.py:208} INFO - Processing /home/airflow/.local/lib/python3.12/site-packages/airflow/example_dags/example_task_group.py took 0.054 seconds
[2024-10-10T14:08:58.417+0000] {processor.py:186} INFO - Started process (PID=1255) to work on /home/airflow/.local/lib/python3.12/site-packages/airflow/example_dags/example_task_group.py
[2024-10-10T14:08:58.418+0000] {processor.py:914} INFO - Processing file /home/airflow/.local/lib/python3.12/site-packages/airflow/example_dags/example_task_group.py for tasks to queue
[2024-10-10T14:08:58.420+0000] {logging_mixin.py:190} INFO - [2024-10-10T14:08:58.420+0000] {dagbag.py:588} INFO - Filling up the DagBag from /home/airflow/.local/lib/python3.12/site-packages/airflow/example_dags/example_task_group.py
[2024-10-10T14:08:58.426+0000] {processor.py:925} INFO - DAG(s) 'example_task_group' retrieved from /home/airflow/.local/lib/python3.12/site-packages/airflow/example_dags/example_task_group.py
[2024-10-10T14:08:58.441+0000] {logging_mixin.py:190} INFO - [2024-10-10T14:08:58.441+0000] {dag.py:3239} INFO - Sync 1 DAGs
[2024-10-10T14:08:58.451+0000] {logging_mixin.py:190} INFO - [2024-10-10T14:08:58.451+0000] {dag.py:4180} INFO - Setting next_dagrun for example_task_group to None, run_after=None
[2024-10-10T14:08:58.465+0000] {processor.py:208} INFO - Processing /home/airflow/.local/lib/python3.12/site-packages/airflow/example_dags/example_task_group.py took 0.051 seconds
[2024-10-10T14:09:29.115+0000] {processor.py:186} INFO - Started process (PID=1317) to work on /home/airflow/.local/lib/python3.12/site-packages/airflow/example_dags/example_task_group.py
[2024-10-10T14:09:29.115+0000] {processor.py:914} INFO - Processing file /home/airflow/.local/lib/python3.12/site-packages/airflow/example_dags/example_task_group.py for tasks to queue
[2024-10-10T14:09:29.117+0000] {logging_mixin.py:190} INFO - [2024-10-10T14:09:29.117+0000] {dagbag.py:588} INFO - Filling up the DagBag from /home/airflow/.local/lib/python3.12/site-packages/airflow/example_dags/example_task_group.py
[2024-10-10T14:09:29.124+0000] {processor.py:925} INFO - DAG(s) 'example_task_group' retrieved from /home/airflow/.local/lib/python3.12/site-packages/airflow/example_dags/example_task_group.py
[2024-10-10T14:09:29.142+0000] {logging_mixin.py:190} INFO - [2024-10-10T14:09:29.142+0000] {dag.py:3239} INFO - Sync 1 DAGs
[2024-10-10T14:09:29.153+0000] {logging_mixin.py:190} INFO - [2024-10-10T14:09:29.153+0000] {dag.py:4180} INFO - Setting next_dagrun for example_task_group to None, run_after=None
[2024-10-10T14:09:29.168+0000] {processor.py:208} INFO - Processing /home/airflow/.local/lib/python3.12/site-packages/airflow/example_dags/example_task_group.py took 0.059 seconds
[2024-10-10T14:09:59.989+0000] {processor.py:186} INFO - Started process (PID=1379) to work on /home/airflow/.local/lib/python3.12/site-packages/airflow/example_dags/example_task_group.py
[2024-10-10T14:09:59.990+0000] {processor.py:914} INFO - Processing file /home/airflow/.local/lib/python3.12/site-packages/airflow/example_dags/example_task_group.py for tasks to queue
[2024-10-10T14:09:59.992+0000] {logging_mixin.py:190} INFO - [2024-10-10T14:09:59.992+0000] {dagbag.py:588} INFO - Filling up the DagBag from /home/airflow/.local/lib/python3.12/site-packages/airflow/example_dags/example_task_group.py
[2024-10-10T14:10:00.000+0000] {processor.py:925} INFO - DAG(s) 'example_task_group' retrieved from /home/airflow/.local/lib/python3.12/site-packages/airflow/example_dags/example_task_group.py
[2024-10-10T14:10:00.020+0000] {logging_mixin.py:190} INFO - [2024-10-10T14:10:00.019+0000] {dag.py:3239} INFO - Sync 1 DAGs
[2024-10-10T14:10:00.037+0000] {logging_mixin.py:190} INFO - [2024-10-10T14:10:00.037+0000] {dag.py:4180} INFO - Setting next_dagrun for example_task_group to None, run_after=None
[2024-10-10T14:10:00.058+0000] {processor.py:208} INFO - Processing /home/airflow/.local/lib/python3.12/site-packages/airflow/example_dags/example_task_group.py took 0.073 seconds
[2024-10-10T14:10:31.132+0000] {processor.py:186} INFO - Started process (PID=1442) to work on /home/airflow/.local/lib/python3.12/site-packages/airflow/example_dags/example_task_group.py
[2024-10-10T14:10:31.133+0000] {processor.py:914} INFO - Processing file /home/airflow/.local/lib/python3.12/site-packages/airflow/example_dags/example_task_group.py for tasks to queue
[2024-10-10T14:10:31.135+0000] {logging_mixin.py:190} INFO - [2024-10-10T14:10:31.135+0000] {dagbag.py:588} INFO - Filling up the DagBag from /home/airflow/.local/lib/python3.12/site-packages/airflow/example_dags/example_task_group.py
[2024-10-10T14:10:31.141+0000] {processor.py:925} INFO - DAG(s) 'example_task_group' retrieved from /home/airflow/.local/lib/python3.12/site-packages/airflow/example_dags/example_task_group.py
[2024-10-10T14:10:31.158+0000] {logging_mixin.py:190} INFO - [2024-10-10T14:10:31.158+0000] {dag.py:3239} INFO - Sync 1 DAGs
[2024-10-10T14:10:31.169+0000] {logging_mixin.py:190} INFO - [2024-10-10T14:10:31.169+0000] {dag.py:4180} INFO - Setting next_dagrun for example_task_group to None, run_after=None
[2024-10-10T14:10:31.185+0000] {processor.py:208} INFO - Processing /home/airflow/.local/lib/python3.12/site-packages/airflow/example_dags/example_task_group.py took 0.057 seconds
[2024-10-10T14:11:01.419+0000] {processor.py:186} INFO - Started process (PID=1504) to work on /home/airflow/.local/lib/python3.12/site-packages/airflow/example_dags/example_task_group.py
[2024-10-10T14:11:01.421+0000] {processor.py:914} INFO - Processing file /home/airflow/.local/lib/python3.12/site-packages/airflow/example_dags/example_task_group.py for tasks to queue
[2024-10-10T14:11:01.423+0000] {logging_mixin.py:190} INFO - [2024-10-10T14:11:01.422+0000] {dagbag.py:588} INFO - Filling up the DagBag from /home/airflow/.local/lib/python3.12/site-packages/airflow/example_dags/example_task_group.py
[2024-10-10T14:11:01.430+0000] {processor.py:925} INFO - DAG(s) 'example_task_group' retrieved from /home/airflow/.local/lib/python3.12/site-packages/airflow/example_dags/example_task_group.py
[2024-10-10T14:11:01.449+0000] {logging_mixin.py:190} INFO - [2024-10-10T14:11:01.449+0000] {dag.py:3239} INFO - Sync 1 DAGs
[2024-10-10T14:11:01.461+0000] {logging_mixin.py:190} INFO - [2024-10-10T14:11:01.460+0000] {dag.py:4180} INFO - Setting next_dagrun for example_task_group to None, run_after=None
[2024-10-10T14:11:01.476+0000] {processor.py:208} INFO - Processing /home/airflow/.local/lib/python3.12/site-packages/airflow/example_dags/example_task_group.py took 0.062 seconds
[2024-10-10T14:11:32.506+0000] {processor.py:186} INFO - Started process (PID=1566) to work on /home/airflow/.local/lib/python3.12/site-packages/airflow/example_dags/example_task_group.py
[2024-10-10T14:11:32.506+0000] {processor.py:914} INFO - Processing file /home/airflow/.local/lib/python3.12/site-packages/airflow/example_dags/example_task_group.py for tasks to queue
[2024-10-10T14:11:32.508+0000] {logging_mixin.py:190} INFO - [2024-10-10T14:11:32.508+0000] {dagbag.py:588} INFO - Filling up the DagBag from /home/airflow/.local/lib/python3.12/site-packages/airflow/example_dags/example_task_group.py
[2024-10-10T14:11:32.515+0000] {processor.py:925} INFO - DAG(s) 'example_task_group' retrieved from /home/airflow/.local/lib/python3.12/site-packages/airflow/example_dags/example_task_group.py
[2024-10-10T14:11:32.531+0000] {logging_mixin.py:190} INFO - [2024-10-10T14:11:32.531+0000] {dag.py:3239} INFO - Sync 1 DAGs
[2024-10-10T14:11:32.542+0000] {logging_mixin.py:190} INFO - [2024-10-10T14:11:32.542+0000] {dag.py:4180} INFO - Setting next_dagrun for example_task_group to None, run_after=None
[2024-10-10T14:11:32.557+0000] {processor.py:208} INFO - Processing /home/airflow/.local/lib/python3.12/site-packages/airflow/example_dags/example_task_group.py took 0.055 seconds
[2024-10-10T14:12:03.315+0000] {processor.py:186} INFO - Started process (PID=1628) to work on /home/airflow/.local/lib/python3.12/site-packages/airflow/example_dags/example_task_group.py
[2024-10-10T14:12:03.316+0000] {processor.py:914} INFO - Processing file /home/airflow/.local/lib/python3.12/site-packages/airflow/example_dags/example_task_group.py for tasks to queue
[2024-10-10T14:12:03.317+0000] {logging_mixin.py:190} INFO - [2024-10-10T14:12:03.317+0000] {dagbag.py:588} INFO - Filling up the DagBag from /home/airflow/.local/lib/python3.12/site-packages/airflow/example_dags/example_task_group.py
[2024-10-10T14:12:03.324+0000] {processor.py:925} INFO - DAG(s) 'example_task_group' retrieved from /home/airflow/.local/lib/python3.12/site-packages/airflow/example_dags/example_task_group.py
[2024-10-10T14:12:03.340+0000] {logging_mixin.py:190} INFO - [2024-10-10T14:12:03.340+0000] {dag.py:3239} INFO - Sync 1 DAGs
[2024-10-10T14:12:03.350+0000] {logging_mixin.py:190} INFO - [2024-10-10T14:12:03.350+0000] {dag.py:4180} INFO - Setting next_dagrun for example_task_group to None, run_after=None
[2024-10-10T14:12:03.366+0000] {processor.py:208} INFO - Processing /home/airflow/.local/lib/python3.12/site-packages/airflow/example_dags/example_task_group.py took 0.055 seconds
[2024-10-10T14:12:34.197+0000] {processor.py:186} INFO - Started process (PID=1690) to work on /home/airflow/.local/lib/python3.12/site-packages/airflow/example_dags/example_task_group.py
[2024-10-10T14:12:34.198+0000] {processor.py:914} INFO - Processing file /home/airflow/.local/lib/python3.12/site-packages/airflow/example_dags/example_task_group.py for tasks to queue
[2024-10-10T14:12:34.199+0000] {logging_mixin.py:190} INFO - [2024-10-10T14:12:34.199+0000] {dagbag.py:588} INFO - Filling up the DagBag from /home/airflow/.local/lib/python3.12/site-packages/airflow/example_dags/example_task_group.py
[2024-10-10T14:12:34.206+0000] {processor.py:925} INFO - DAG(s) 'example_task_group' retrieved from /home/airflow/.local/lib/python3.12/site-packages/airflow/example_dags/example_task_group.py
[2024-10-10T14:12:34.223+0000] {logging_mixin.py:190} INFO - [2024-10-10T14:12:34.222+0000] {dag.py:3239} INFO - Sync 1 DAGs
[2024-10-10T14:12:34.235+0000] {logging_mixin.py:190} INFO - [2024-10-10T14:12:34.235+0000] {dag.py:4180} INFO - Setting next_dagrun for example_task_group to None, run_after=None
[2024-10-10T14:12:34.248+0000] {processor.py:208} INFO - Processing /home/airflow/.local/lib/python3.12/site-packages/airflow/example_dags/example_task_group.py took 0.056 seconds
