[2024-10-10T13:59:18.447+0000] {processor.py:186} INFO - Started process (PID=101) to work on /home/airflow/.local/lib/python3.12/site-packages/airflow/example_dags/example_latest_only.py
[2024-10-10T13:59:18.448+0000] {processor.py:914} INFO - Processing file /home/airflow/.local/lib/python3.12/site-packages/airflow/example_dags/example_latest_only.py for tasks to queue
[2024-10-10T13:59:18.450+0000] {logging_mixin.py:190} INFO - [2024-10-10T13:59:18.450+0000] {dagbag.py:588} INFO - Filling up the DagBag from /home/airflow/.local/lib/python3.12/site-packages/airflow/example_dags/example_latest_only.py
[2024-10-10T13:59:18.456+0000] {processor.py:925} INFO - DAG(s) 'latest_only' retrieved from /home/airflow/.local/lib/python3.12/site-packages/airflow/example_dags/example_latest_only.py
[2024-10-10T13:59:18.472+0000] {logging_mixin.py:190} INFO - [2024-10-10T13:59:18.471+0000] {dag.py:3239} INFO - Sync 1 DAGs
[2024-10-10T13:59:18.490+0000] {logging_mixin.py:190} INFO - [2024-10-10T13:59:18.490+0000] {dag.py:4180} INFO - Setting next_dagrun for latest_only to 2024-10-10 08:00:00+00:00, run_after=2024-10-10 12:00:00+00:00
[2024-10-10T13:59:18.503+0000] {processor.py:208} INFO - Processing /home/airflow/.local/lib/python3.12/site-packages/airflow/example_dags/example_latest_only.py took 0.060 seconds
[2024-10-10T13:59:49.671+0000] {processor.py:186} INFO - Started process (PID=163) to work on /home/airflow/.local/lib/python3.12/site-packages/airflow/example_dags/example_latest_only.py
[2024-10-10T13:59:49.672+0000] {processor.py:914} INFO - Processing file /home/airflow/.local/lib/python3.12/site-packages/airflow/example_dags/example_latest_only.py for tasks to queue
[2024-10-10T13:59:49.675+0000] {logging_mixin.py:190} INFO - [2024-10-10T13:59:49.674+0000] {dagbag.py:588} INFO - Filling up the DagBag from /home/airflow/.local/lib/python3.12/site-packages/airflow/example_dags/example_latest_only.py
[2024-10-10T13:59:49.680+0000] {processor.py:925} INFO - DAG(s) 'latest_only' retrieved from /home/airflow/.local/lib/python3.12/site-packages/airflow/example_dags/example_latest_only.py
[2024-10-10T13:59:49.697+0000] {logging_mixin.py:190} INFO - [2024-10-10T13:59:49.696+0000] {dag.py:3239} INFO - Sync 1 DAGs
[2024-10-10T13:59:49.718+0000] {logging_mixin.py:190} INFO - [2024-10-10T13:59:49.718+0000] {dag.py:4180} INFO - Setting next_dagrun for latest_only to 2024-10-10 08:00:00+00:00, run_after=2024-10-10 12:00:00+00:00
[2024-10-10T13:59:49.732+0000] {processor.py:208} INFO - Processing /home/airflow/.local/lib/python3.12/site-packages/airflow/example_dags/example_latest_only.py took 0.066 seconds
[2024-10-10T14:00:20.717+0000] {processor.py:186} INFO - Started process (PID=226) to work on /home/airflow/.local/lib/python3.12/site-packages/airflow/example_dags/example_latest_only.py
[2024-10-10T14:00:20.718+0000] {processor.py:914} INFO - Processing file /home/airflow/.local/lib/python3.12/site-packages/airflow/example_dags/example_latest_only.py for tasks to queue
[2024-10-10T14:00:20.720+0000] {logging_mixin.py:190} INFO - [2024-10-10T14:00:20.720+0000] {dagbag.py:588} INFO - Filling up the DagBag from /home/airflow/.local/lib/python3.12/site-packages/airflow/example_dags/example_latest_only.py
[2024-10-10T14:00:20.726+0000] {processor.py:925} INFO - DAG(s) 'latest_only' retrieved from /home/airflow/.local/lib/python3.12/site-packages/airflow/example_dags/example_latest_only.py
[2024-10-10T14:00:20.741+0000] {logging_mixin.py:190} INFO - [2024-10-10T14:00:20.741+0000] {dag.py:3239} INFO - Sync 1 DAGs
[2024-10-10T14:00:20.762+0000] {logging_mixin.py:190} INFO - [2024-10-10T14:00:20.762+0000] {dag.py:4180} INFO - Setting next_dagrun for latest_only to 2024-10-10 08:00:00+00:00, run_after=2024-10-10 12:00:00+00:00
[2024-10-10T14:00:20.780+0000] {processor.py:208} INFO - Processing /home/airflow/.local/lib/python3.12/site-packages/airflow/example_dags/example_latest_only.py took 0.068 seconds
[2024-10-10T14:00:51.099+0000] {processor.py:186} INFO - Started process (PID=288) to work on /home/airflow/.local/lib/python3.12/site-packages/airflow/example_dags/example_latest_only.py
[2024-10-10T14:00:51.100+0000] {processor.py:914} INFO - Processing file /home/airflow/.local/lib/python3.12/site-packages/airflow/example_dags/example_latest_only.py for tasks to queue
[2024-10-10T14:00:51.102+0000] {logging_mixin.py:190} INFO - [2024-10-10T14:00:51.101+0000] {dagbag.py:588} INFO - Filling up the DagBag from /home/airflow/.local/lib/python3.12/site-packages/airflow/example_dags/example_latest_only.py
[2024-10-10T14:00:51.107+0000] {processor.py:925} INFO - DAG(s) 'latest_only' retrieved from /home/airflow/.local/lib/python3.12/site-packages/airflow/example_dags/example_latest_only.py
[2024-10-10T14:00:51.123+0000] {logging_mixin.py:190} INFO - [2024-10-10T14:00:51.122+0000] {dag.py:3239} INFO - Sync 1 DAGs
[2024-10-10T14:00:51.142+0000] {logging_mixin.py:190} INFO - [2024-10-10T14:00:51.142+0000] {dag.py:4180} INFO - Setting next_dagrun for latest_only to 2024-10-10 08:00:00+00:00, run_after=2024-10-10 12:00:00+00:00
[2024-10-10T14:00:51.157+0000] {processor.py:208} INFO - Processing /home/airflow/.local/lib/python3.12/site-packages/airflow/example_dags/example_latest_only.py took 0.063 seconds
[2024-10-10T14:01:21.244+0000] {processor.py:186} INFO - Started process (PID=350) to work on /home/airflow/.local/lib/python3.12/site-packages/airflow/example_dags/example_latest_only.py
[2024-10-10T14:01:21.245+0000] {processor.py:914} INFO - Processing file /home/airflow/.local/lib/python3.12/site-packages/airflow/example_dags/example_latest_only.py for tasks to queue
[2024-10-10T14:01:21.247+0000] {logging_mixin.py:190} INFO - [2024-10-10T14:01:21.246+0000] {dagbag.py:588} INFO - Filling up the DagBag from /home/airflow/.local/lib/python3.12/site-packages/airflow/example_dags/example_latest_only.py
[2024-10-10T14:01:21.251+0000] {processor.py:925} INFO - DAG(s) 'latest_only' retrieved from /home/airflow/.local/lib/python3.12/site-packages/airflow/example_dags/example_latest_only.py
[2024-10-10T14:01:21.266+0000] {logging_mixin.py:190} INFO - [2024-10-10T14:01:21.265+0000] {dag.py:3239} INFO - Sync 1 DAGs
[2024-10-10T14:01:21.283+0000] {logging_mixin.py:190} INFO - [2024-10-10T14:01:21.282+0000] {dag.py:4180} INFO - Setting next_dagrun for latest_only to 2024-10-10 08:00:00+00:00, run_after=2024-10-10 12:00:00+00:00
[2024-10-10T14:01:21.295+0000] {processor.py:208} INFO - Processing /home/airflow/.local/lib/python3.12/site-packages/airflow/example_dags/example_latest_only.py took 0.056 seconds
[2024-10-10T14:01:51.384+0000] {processor.py:186} INFO - Started process (PID=412) to work on /home/airflow/.local/lib/python3.12/site-packages/airflow/example_dags/example_latest_only.py
[2024-10-10T14:01:51.385+0000] {processor.py:914} INFO - Processing file /home/airflow/.local/lib/python3.12/site-packages/airflow/example_dags/example_latest_only.py for tasks to queue
[2024-10-10T14:01:51.387+0000] {logging_mixin.py:190} INFO - [2024-10-10T14:01:51.387+0000] {dagbag.py:588} INFO - Filling up the DagBag from /home/airflow/.local/lib/python3.12/site-packages/airflow/example_dags/example_latest_only.py
[2024-10-10T14:01:51.393+0000] {processor.py:925} INFO - DAG(s) 'latest_only' retrieved from /home/airflow/.local/lib/python3.12/site-packages/airflow/example_dags/example_latest_only.py
[2024-10-10T14:01:51.408+0000] {logging_mixin.py:190} INFO - [2024-10-10T14:01:51.408+0000] {dag.py:3239} INFO - Sync 1 DAGs
[2024-10-10T14:01:51.426+0000] {logging_mixin.py:190} INFO - [2024-10-10T14:01:51.426+0000] {dag.py:4180} INFO - Setting next_dagrun for latest_only to 2024-10-10 08:00:00+00:00, run_after=2024-10-10 12:00:00+00:00
[2024-10-10T14:01:51.442+0000] {processor.py:208} INFO - Processing /home/airflow/.local/lib/python3.12/site-packages/airflow/example_dags/example_latest_only.py took 0.062 seconds
[2024-10-10T14:02:21.830+0000] {processor.py:186} INFO - Started process (PID=474) to work on /home/airflow/.local/lib/python3.12/site-packages/airflow/example_dags/example_latest_only.py
[2024-10-10T14:02:21.831+0000] {processor.py:914} INFO - Processing file /home/airflow/.local/lib/python3.12/site-packages/airflow/example_dags/example_latest_only.py for tasks to queue
[2024-10-10T14:02:21.833+0000] {logging_mixin.py:190} INFO - [2024-10-10T14:02:21.833+0000] {dagbag.py:588} INFO - Filling up the DagBag from /home/airflow/.local/lib/python3.12/site-packages/airflow/example_dags/example_latest_only.py
[2024-10-10T14:02:21.839+0000] {processor.py:925} INFO - DAG(s) 'latest_only' retrieved from /home/airflow/.local/lib/python3.12/site-packages/airflow/example_dags/example_latest_only.py
[2024-10-10T14:02:21.853+0000] {logging_mixin.py:190} INFO - [2024-10-10T14:02:21.853+0000] {dag.py:3239} INFO - Sync 1 DAGs
[2024-10-10T14:02:21.872+0000] {logging_mixin.py:190} INFO - [2024-10-10T14:02:21.872+0000] {dag.py:4180} INFO - Setting next_dagrun for latest_only to 2024-10-10 08:00:00+00:00, run_after=2024-10-10 12:00:00+00:00
[2024-10-10T14:02:21.888+0000] {processor.py:208} INFO - Processing /home/airflow/.local/lib/python3.12/site-packages/airflow/example_dags/example_latest_only.py took 0.061 seconds
[2024-10-10T14:02:52.501+0000] {processor.py:186} INFO - Started process (PID=536) to work on /home/airflow/.local/lib/python3.12/site-packages/airflow/example_dags/example_latest_only.py
[2024-10-10T14:02:52.502+0000] {processor.py:914} INFO - Processing file /home/airflow/.local/lib/python3.12/site-packages/airflow/example_dags/example_latest_only.py for tasks to queue
[2024-10-10T14:02:52.504+0000] {logging_mixin.py:190} INFO - [2024-10-10T14:02:52.503+0000] {dagbag.py:588} INFO - Filling up the DagBag from /home/airflow/.local/lib/python3.12/site-packages/airflow/example_dags/example_latest_only.py
[2024-10-10T14:02:52.509+0000] {processor.py:925} INFO - DAG(s) 'latest_only' retrieved from /home/airflow/.local/lib/python3.12/site-packages/airflow/example_dags/example_latest_only.py
[2024-10-10T14:02:52.523+0000] {logging_mixin.py:190} INFO - [2024-10-10T14:02:52.523+0000] {dag.py:3239} INFO - Sync 1 DAGs
[2024-10-10T14:02:52.542+0000] {logging_mixin.py:190} INFO - [2024-10-10T14:02:52.542+0000] {dag.py:4180} INFO - Setting next_dagrun for latest_only to 2024-10-10 08:00:00+00:00, run_after=2024-10-10 12:00:00+00:00
[2024-10-10T14:02:52.556+0000] {processor.py:208} INFO - Processing /home/airflow/.local/lib/python3.12/site-packages/airflow/example_dags/example_latest_only.py took 0.059 seconds
[2024-10-10T14:03:23.433+0000] {processor.py:186} INFO - Started process (PID=598) to work on /home/airflow/.local/lib/python3.12/site-packages/airflow/example_dags/example_latest_only.py
[2024-10-10T14:03:23.434+0000] {processor.py:914} INFO - Processing file /home/airflow/.local/lib/python3.12/site-packages/airflow/example_dags/example_latest_only.py for tasks to queue
[2024-10-10T14:03:23.436+0000] {logging_mixin.py:190} INFO - [2024-10-10T14:03:23.436+0000] {dagbag.py:588} INFO - Filling up the DagBag from /home/airflow/.local/lib/python3.12/site-packages/airflow/example_dags/example_latest_only.py
[2024-10-10T14:03:23.441+0000] {processor.py:925} INFO - DAG(s) 'latest_only' retrieved from /home/airflow/.local/lib/python3.12/site-packages/airflow/example_dags/example_latest_only.py
[2024-10-10T14:03:23.457+0000] {logging_mixin.py:190} INFO - [2024-10-10T14:03:23.457+0000] {dag.py:3239} INFO - Sync 1 DAGs
[2024-10-10T14:03:23.476+0000] {logging_mixin.py:190} INFO - [2024-10-10T14:03:23.476+0000] {dag.py:4180} INFO - Setting next_dagrun for latest_only to 2024-10-10 08:00:00+00:00, run_after=2024-10-10 12:00:00+00:00
[2024-10-10T14:03:23.491+0000] {processor.py:208} INFO - Processing /home/airflow/.local/lib/python3.12/site-packages/airflow/example_dags/example_latest_only.py took 0.062 seconds
[2024-10-10T14:03:54.117+0000] {processor.py:186} INFO - Started process (PID=660) to work on /home/airflow/.local/lib/python3.12/site-packages/airflow/example_dags/example_latest_only.py
[2024-10-10T14:03:54.118+0000] {processor.py:914} INFO - Processing file /home/airflow/.local/lib/python3.12/site-packages/airflow/example_dags/example_latest_only.py for tasks to queue
[2024-10-10T14:03:54.120+0000] {logging_mixin.py:190} INFO - [2024-10-10T14:03:54.119+0000] {dagbag.py:588} INFO - Filling up the DagBag from /home/airflow/.local/lib/python3.12/site-packages/airflow/example_dags/example_latest_only.py
[2024-10-10T14:03:54.125+0000] {processor.py:925} INFO - DAG(s) 'latest_only' retrieved from /home/airflow/.local/lib/python3.12/site-packages/airflow/example_dags/example_latest_only.py
[2024-10-10T14:03:54.140+0000] {logging_mixin.py:190} INFO - [2024-10-10T14:03:54.140+0000] {dag.py:3239} INFO - Sync 1 DAGs
[2024-10-10T14:03:54.158+0000] {logging_mixin.py:190} INFO - [2024-10-10T14:03:54.158+0000] {dag.py:4180} INFO - Setting next_dagrun for latest_only to 2024-10-10 08:00:00+00:00, run_after=2024-10-10 12:00:00+00:00
[2024-10-10T14:03:54.172+0000] {processor.py:208} INFO - Processing /home/airflow/.local/lib/python3.12/site-packages/airflow/example_dags/example_latest_only.py took 0.059 seconds
[2024-10-10T14:04:24.852+0000] {processor.py:186} INFO - Started process (PID=722) to work on /home/airflow/.local/lib/python3.12/site-packages/airflow/example_dags/example_latest_only.py
[2024-10-10T14:04:24.853+0000] {processor.py:914} INFO - Processing file /home/airflow/.local/lib/python3.12/site-packages/airflow/example_dags/example_latest_only.py for tasks to queue
[2024-10-10T14:04:24.855+0000] {logging_mixin.py:190} INFO - [2024-10-10T14:04:24.855+0000] {dagbag.py:588} INFO - Filling up the DagBag from /home/airflow/.local/lib/python3.12/site-packages/airflow/example_dags/example_latest_only.py
[2024-10-10T14:04:24.860+0000] {processor.py:925} INFO - DAG(s) 'latest_only' retrieved from /home/airflow/.local/lib/python3.12/site-packages/airflow/example_dags/example_latest_only.py
[2024-10-10T14:04:24.874+0000] {logging_mixin.py:190} INFO - [2024-10-10T14:04:24.874+0000] {dag.py:3239} INFO - Sync 1 DAGs
[2024-10-10T14:04:24.892+0000] {logging_mixin.py:190} INFO - [2024-10-10T14:04:24.892+0000] {dag.py:4180} INFO - Setting next_dagrun for latest_only to 2024-10-10 08:00:00+00:00, run_after=2024-10-10 12:00:00+00:00
[2024-10-10T14:04:24.906+0000] {processor.py:208} INFO - Processing /home/airflow/.local/lib/python3.12/site-packages/airflow/example_dags/example_latest_only.py took 0.057 seconds
[2024-10-10T14:04:55.674+0000] {processor.py:186} INFO - Started process (PID=784) to work on /home/airflow/.local/lib/python3.12/site-packages/airflow/example_dags/example_latest_only.py
[2024-10-10T14:04:55.674+0000] {processor.py:914} INFO - Processing file /home/airflow/.local/lib/python3.12/site-packages/airflow/example_dags/example_latest_only.py for tasks to queue
[2024-10-10T14:04:55.676+0000] {logging_mixin.py:190} INFO - [2024-10-10T14:04:55.676+0000] {dagbag.py:588} INFO - Filling up the DagBag from /home/airflow/.local/lib/python3.12/site-packages/airflow/example_dags/example_latest_only.py
[2024-10-10T14:04:55.681+0000] {processor.py:925} INFO - DAG(s) 'latest_only' retrieved from /home/airflow/.local/lib/python3.12/site-packages/airflow/example_dags/example_latest_only.py
[2024-10-10T14:04:55.697+0000] {logging_mixin.py:190} INFO - [2024-10-10T14:04:55.696+0000] {dag.py:3239} INFO - Sync 1 DAGs
[2024-10-10T14:04:55.714+0000] {logging_mixin.py:190} INFO - [2024-10-10T14:04:55.714+0000] {dag.py:4180} INFO - Setting next_dagrun for latest_only to 2024-10-10 08:00:00+00:00, run_after=2024-10-10 12:00:00+00:00
[2024-10-10T14:04:55.727+0000] {processor.py:208} INFO - Processing /home/airflow/.local/lib/python3.12/site-packages/airflow/example_dags/example_latest_only.py took 0.058 seconds
[2024-10-10T14:05:26.429+0000] {processor.py:186} INFO - Started process (PID=846) to work on /home/airflow/.local/lib/python3.12/site-packages/airflow/example_dags/example_latest_only.py
[2024-10-10T14:05:26.429+0000] {processor.py:914} INFO - Processing file /home/airflow/.local/lib/python3.12/site-packages/airflow/example_dags/example_latest_only.py for tasks to queue
[2024-10-10T14:05:26.431+0000] {logging_mixin.py:190} INFO - [2024-10-10T14:05:26.431+0000] {dagbag.py:588} INFO - Filling up the DagBag from /home/airflow/.local/lib/python3.12/site-packages/airflow/example_dags/example_latest_only.py
[2024-10-10T14:05:26.436+0000] {processor.py:925} INFO - DAG(s) 'latest_only' retrieved from /home/airflow/.local/lib/python3.12/site-packages/airflow/example_dags/example_latest_only.py
[2024-10-10T14:05:26.452+0000] {logging_mixin.py:190} INFO - [2024-10-10T14:05:26.451+0000] {dag.py:3239} INFO - Sync 1 DAGs
[2024-10-10T14:05:26.469+0000] {logging_mixin.py:190} INFO - [2024-10-10T14:05:26.469+0000] {dag.py:4180} INFO - Setting next_dagrun for latest_only to 2024-10-10 08:00:00+00:00, run_after=2024-10-10 12:00:00+00:00
[2024-10-10T14:05:26.482+0000] {processor.py:208} INFO - Processing /home/airflow/.local/lib/python3.12/site-packages/airflow/example_dags/example_latest_only.py took 0.058 seconds
[2024-10-10T14:05:57.149+0000] {processor.py:186} INFO - Started process (PID=908) to work on /home/airflow/.local/lib/python3.12/site-packages/airflow/example_dags/example_latest_only.py
[2024-10-10T14:05:57.150+0000] {processor.py:914} INFO - Processing file /home/airflow/.local/lib/python3.12/site-packages/airflow/example_dags/example_latest_only.py for tasks to queue
[2024-10-10T14:05:57.151+0000] {logging_mixin.py:190} INFO - [2024-10-10T14:05:57.151+0000] {dagbag.py:588} INFO - Filling up the DagBag from /home/airflow/.local/lib/python3.12/site-packages/airflow/example_dags/example_latest_only.py
[2024-10-10T14:05:57.156+0000] {processor.py:925} INFO - DAG(s) 'latest_only' retrieved from /home/airflow/.local/lib/python3.12/site-packages/airflow/example_dags/example_latest_only.py
[2024-10-10T14:05:57.171+0000] {logging_mixin.py:190} INFO - [2024-10-10T14:05:57.171+0000] {dag.py:3239} INFO - Sync 1 DAGs
[2024-10-10T14:05:57.188+0000] {logging_mixin.py:190} INFO - [2024-10-10T14:05:57.188+0000] {dag.py:4180} INFO - Setting next_dagrun for latest_only to 2024-10-10 08:00:00+00:00, run_after=2024-10-10 12:00:00+00:00
[2024-10-10T14:05:57.202+0000] {processor.py:208} INFO - Processing /home/airflow/.local/lib/python3.12/site-packages/airflow/example_dags/example_latest_only.py took 0.057 seconds
[2024-10-10T14:06:27.854+0000] {processor.py:186} INFO - Started process (PID=970) to work on /home/airflow/.local/lib/python3.12/site-packages/airflow/example_dags/example_latest_only.py
[2024-10-10T14:06:27.855+0000] {processor.py:914} INFO - Processing file /home/airflow/.local/lib/python3.12/site-packages/airflow/example_dags/example_latest_only.py for tasks to queue
[2024-10-10T14:06:27.857+0000] {logging_mixin.py:190} INFO - [2024-10-10T14:06:27.856+0000] {dagbag.py:588} INFO - Filling up the DagBag from /home/airflow/.local/lib/python3.12/site-packages/airflow/example_dags/example_latest_only.py
[2024-10-10T14:06:27.862+0000] {processor.py:925} INFO - DAG(s) 'latest_only' retrieved from /home/airflow/.local/lib/python3.12/site-packages/airflow/example_dags/example_latest_only.py
[2024-10-10T14:06:27.882+0000] {logging_mixin.py:190} INFO - [2024-10-10T14:06:27.882+0000] {dag.py:3239} INFO - Sync 1 DAGs
[2024-10-10T14:06:27.902+0000] {logging_mixin.py:190} INFO - [2024-10-10T14:06:27.901+0000] {dag.py:4180} INFO - Setting next_dagrun for latest_only to 2024-10-10 08:00:00+00:00, run_after=2024-10-10 12:00:00+00:00
[2024-10-10T14:06:27.920+0000] {processor.py:208} INFO - Processing /home/airflow/.local/lib/python3.12/site-packages/airflow/example_dags/example_latest_only.py took 0.070 seconds
[2024-10-10T14:06:58.576+0000] {processor.py:186} INFO - Started process (PID=1032) to work on /home/airflow/.local/lib/python3.12/site-packages/airflow/example_dags/example_latest_only.py
[2024-10-10T14:06:58.577+0000] {processor.py:914} INFO - Processing file /home/airflow/.local/lib/python3.12/site-packages/airflow/example_dags/example_latest_only.py for tasks to queue
[2024-10-10T14:06:58.579+0000] {logging_mixin.py:190} INFO - [2024-10-10T14:06:58.578+0000] {dagbag.py:588} INFO - Filling up the DagBag from /home/airflow/.local/lib/python3.12/site-packages/airflow/example_dags/example_latest_only.py
[2024-10-10T14:06:58.584+0000] {processor.py:925} INFO - DAG(s) 'latest_only' retrieved from /home/airflow/.local/lib/python3.12/site-packages/airflow/example_dags/example_latest_only.py
[2024-10-10T14:06:58.601+0000] {logging_mixin.py:190} INFO - [2024-10-10T14:06:58.600+0000] {dag.py:3239} INFO - Sync 1 DAGs
[2024-10-10T14:06:58.618+0000] {logging_mixin.py:190} INFO - [2024-10-10T14:06:58.618+0000] {dag.py:4180} INFO - Setting next_dagrun for latest_only to 2024-10-10 08:00:00+00:00, run_after=2024-10-10 12:00:00+00:00
[2024-10-10T14:06:58.633+0000] {processor.py:208} INFO - Processing /home/airflow/.local/lib/python3.12/site-packages/airflow/example_dags/example_latest_only.py took 0.061 seconds
[2024-10-10T14:07:29.349+0000] {processor.py:186} INFO - Started process (PID=1094) to work on /home/airflow/.local/lib/python3.12/site-packages/airflow/example_dags/example_latest_only.py
[2024-10-10T14:07:29.349+0000] {processor.py:914} INFO - Processing file /home/airflow/.local/lib/python3.12/site-packages/airflow/example_dags/example_latest_only.py for tasks to queue
[2024-10-10T14:07:29.351+0000] {logging_mixin.py:190} INFO - [2024-10-10T14:07:29.351+0000] {dagbag.py:588} INFO - Filling up the DagBag from /home/airflow/.local/lib/python3.12/site-packages/airflow/example_dags/example_latest_only.py
[2024-10-10T14:07:29.357+0000] {processor.py:925} INFO - DAG(s) 'latest_only' retrieved from /home/airflow/.local/lib/python3.12/site-packages/airflow/example_dags/example_latest_only.py
[2024-10-10T14:07:29.371+0000] {logging_mixin.py:190} INFO - [2024-10-10T14:07:29.371+0000] {dag.py:3239} INFO - Sync 1 DAGs
[2024-10-10T14:07:29.389+0000] {logging_mixin.py:190} INFO - [2024-10-10T14:07:29.389+0000] {dag.py:4180} INFO - Setting next_dagrun for latest_only to 2024-10-10 08:00:00+00:00, run_after=2024-10-10 12:00:00+00:00
[2024-10-10T14:07:29.403+0000] {processor.py:208} INFO - Processing /home/airflow/.local/lib/python3.12/site-packages/airflow/example_dags/example_latest_only.py took 0.058 seconds
[2024-10-10T14:08:00.142+0000] {processor.py:186} INFO - Started process (PID=1156) to work on /home/airflow/.local/lib/python3.12/site-packages/airflow/example_dags/example_latest_only.py
[2024-10-10T14:08:00.143+0000] {processor.py:914} INFO - Processing file /home/airflow/.local/lib/python3.12/site-packages/airflow/example_dags/example_latest_only.py for tasks to queue
[2024-10-10T14:08:00.145+0000] {logging_mixin.py:190} INFO - [2024-10-10T14:08:00.144+0000] {dagbag.py:588} INFO - Filling up the DagBag from /home/airflow/.local/lib/python3.12/site-packages/airflow/example_dags/example_latest_only.py
[2024-10-10T14:08:00.150+0000] {processor.py:925} INFO - DAG(s) 'latest_only' retrieved from /home/airflow/.local/lib/python3.12/site-packages/airflow/example_dags/example_latest_only.py
[2024-10-10T14:08:00.164+0000] {logging_mixin.py:190} INFO - [2024-10-10T14:08:00.164+0000] {dag.py:3239} INFO - Sync 1 DAGs
[2024-10-10T14:08:00.181+0000] {logging_mixin.py:190} INFO - [2024-10-10T14:08:00.181+0000] {dag.py:4180} INFO - Setting next_dagrun for latest_only to 2024-10-10 08:00:00+00:00, run_after=2024-10-10 12:00:00+00:00
[2024-10-10T14:08:00.196+0000] {processor.py:208} INFO - Processing /home/airflow/.local/lib/python3.12/site-packages/airflow/example_dags/example_latest_only.py took 0.058 seconds
[2024-10-10T14:08:30.829+0000] {processor.py:186} INFO - Started process (PID=1218) to work on /home/airflow/.local/lib/python3.12/site-packages/airflow/example_dags/example_latest_only.py
[2024-10-10T14:08:30.830+0000] {processor.py:914} INFO - Processing file /home/airflow/.local/lib/python3.12/site-packages/airflow/example_dags/example_latest_only.py for tasks to queue
[2024-10-10T14:08:30.832+0000] {logging_mixin.py:190} INFO - [2024-10-10T14:08:30.831+0000] {dagbag.py:588} INFO - Filling up the DagBag from /home/airflow/.local/lib/python3.12/site-packages/airflow/example_dags/example_latest_only.py
[2024-10-10T14:08:30.837+0000] {processor.py:925} INFO - DAG(s) 'latest_only' retrieved from /home/airflow/.local/lib/python3.12/site-packages/airflow/example_dags/example_latest_only.py
[2024-10-10T14:08:30.851+0000] {logging_mixin.py:190} INFO - [2024-10-10T14:08:30.851+0000] {dag.py:3239} INFO - Sync 1 DAGs
[2024-10-10T14:08:30.869+0000] {logging_mixin.py:190} INFO - [2024-10-10T14:08:30.868+0000] {dag.py:4180} INFO - Setting next_dagrun for latest_only to 2024-10-10 08:00:00+00:00, run_after=2024-10-10 12:00:00+00:00
[2024-10-10T14:08:30.881+0000] {processor.py:208} INFO - Processing /home/airflow/.local/lib/python3.12/site-packages/airflow/example_dags/example_latest_only.py took 0.056 seconds
[2024-10-10T14:09:01.550+0000] {processor.py:186} INFO - Started process (PID=1280) to work on /home/airflow/.local/lib/python3.12/site-packages/airflow/example_dags/example_latest_only.py
[2024-10-10T14:09:01.551+0000] {processor.py:914} INFO - Processing file /home/airflow/.local/lib/python3.12/site-packages/airflow/example_dags/example_latest_only.py for tasks to queue
[2024-10-10T14:09:01.552+0000] {logging_mixin.py:190} INFO - [2024-10-10T14:09:01.552+0000] {dagbag.py:588} INFO - Filling up the DagBag from /home/airflow/.local/lib/python3.12/site-packages/airflow/example_dags/example_latest_only.py
[2024-10-10T14:09:01.557+0000] {processor.py:925} INFO - DAG(s) 'latest_only' retrieved from /home/airflow/.local/lib/python3.12/site-packages/airflow/example_dags/example_latest_only.py
[2024-10-10T14:09:01.572+0000] {logging_mixin.py:190} INFO - [2024-10-10T14:09:01.571+0000] {dag.py:3239} INFO - Sync 1 DAGs
[2024-10-10T14:09:01.589+0000] {logging_mixin.py:190} INFO - [2024-10-10T14:09:01.589+0000] {dag.py:4180} INFO - Setting next_dagrun for latest_only to 2024-10-10 08:00:00+00:00, run_after=2024-10-10 12:00:00+00:00
[2024-10-10T14:09:01.601+0000] {processor.py:208} INFO - Processing /home/airflow/.local/lib/python3.12/site-packages/airflow/example_dags/example_latest_only.py took 0.055 seconds
[2024-10-10T14:09:32.375+0000] {processor.py:186} INFO - Started process (PID=1342) to work on /home/airflow/.local/lib/python3.12/site-packages/airflow/example_dags/example_latest_only.py
[2024-10-10T14:09:32.376+0000] {processor.py:914} INFO - Processing file /home/airflow/.local/lib/python3.12/site-packages/airflow/example_dags/example_latest_only.py for tasks to queue
[2024-10-10T14:09:32.378+0000] {logging_mixin.py:190} INFO - [2024-10-10T14:09:32.378+0000] {dagbag.py:588} INFO - Filling up the DagBag from /home/airflow/.local/lib/python3.12/site-packages/airflow/example_dags/example_latest_only.py
[2024-10-10T14:09:32.385+0000] {processor.py:925} INFO - DAG(s) 'latest_only' retrieved from /home/airflow/.local/lib/python3.12/site-packages/airflow/example_dags/example_latest_only.py
[2024-10-10T14:09:32.400+0000] {logging_mixin.py:190} INFO - [2024-10-10T14:09:32.400+0000] {dag.py:3239} INFO - Sync 1 DAGs
[2024-10-10T14:09:32.417+0000] {logging_mixin.py:190} INFO - [2024-10-10T14:09:32.417+0000] {dag.py:4180} INFO - Setting next_dagrun for latest_only to 2024-10-10 08:00:00+00:00, run_after=2024-10-10 12:00:00+00:00
[2024-10-10T14:09:32.432+0000] {processor.py:208} INFO - Processing /home/airflow/.local/lib/python3.12/site-packages/airflow/example_dags/example_latest_only.py took 0.062 seconds
[2024-10-10T14:10:03.335+0000] {processor.py:186} INFO - Started process (PID=1404) to work on /home/airflow/.local/lib/python3.12/site-packages/airflow/example_dags/example_latest_only.py
[2024-10-10T14:10:03.335+0000] {processor.py:914} INFO - Processing file /home/airflow/.local/lib/python3.12/site-packages/airflow/example_dags/example_latest_only.py for tasks to queue
[2024-10-10T14:10:03.337+0000] {logging_mixin.py:190} INFO - [2024-10-10T14:10:03.337+0000] {dagbag.py:588} INFO - Filling up the DagBag from /home/airflow/.local/lib/python3.12/site-packages/airflow/example_dags/example_latest_only.py
[2024-10-10T14:10:03.342+0000] {processor.py:925} INFO - DAG(s) 'latest_only' retrieved from /home/airflow/.local/lib/python3.12/site-packages/airflow/example_dags/example_latest_only.py
[2024-10-10T14:10:03.357+0000] {logging_mixin.py:190} INFO - [2024-10-10T14:10:03.357+0000] {dag.py:3239} INFO - Sync 1 DAGs
[2024-10-10T14:10:03.376+0000] {logging_mixin.py:190} INFO - [2024-10-10T14:10:03.376+0000] {dag.py:4180} INFO - Setting next_dagrun for latest_only to 2024-10-10 08:00:00+00:00, run_after=2024-10-10 12:00:00+00:00
[2024-10-10T14:10:03.390+0000] {processor.py:208} INFO - Processing /home/airflow/.local/lib/python3.12/site-packages/airflow/example_dags/example_latest_only.py took 0.060 seconds
[2024-10-10T14:10:33.507+0000] {processor.py:186} INFO - Started process (PID=1467) to work on /home/airflow/.local/lib/python3.12/site-packages/airflow/example_dags/example_latest_only.py
[2024-10-10T14:10:33.508+0000] {processor.py:914} INFO - Processing file /home/airflow/.local/lib/python3.12/site-packages/airflow/example_dags/example_latest_only.py for tasks to queue
[2024-10-10T14:10:33.510+0000] {logging_mixin.py:190} INFO - [2024-10-10T14:10:33.510+0000] {dagbag.py:588} INFO - Filling up the DagBag from /home/airflow/.local/lib/python3.12/site-packages/airflow/example_dags/example_latest_only.py
[2024-10-10T14:10:33.515+0000] {processor.py:925} INFO - DAG(s) 'latest_only' retrieved from /home/airflow/.local/lib/python3.12/site-packages/airflow/example_dags/example_latest_only.py
[2024-10-10T14:10:33.531+0000] {logging_mixin.py:190} INFO - [2024-10-10T14:10:33.531+0000] {dag.py:3239} INFO - Sync 1 DAGs
[2024-10-10T14:10:33.550+0000] {logging_mixin.py:190} INFO - [2024-10-10T14:10:33.549+0000] {dag.py:4180} INFO - Setting next_dagrun for latest_only to 2024-10-10 08:00:00+00:00, run_after=2024-10-10 12:00:00+00:00
[2024-10-10T14:10:33.565+0000] {processor.py:208} INFO - Processing /home/airflow/.local/lib/python3.12/site-packages/airflow/example_dags/example_latest_only.py took 0.063 seconds
[2024-10-10T14:11:03.653+0000] {processor.py:186} INFO - Started process (PID=1529) to work on /home/airflow/.local/lib/python3.12/site-packages/airflow/example_dags/example_latest_only.py
[2024-10-10T14:11:03.654+0000] {processor.py:914} INFO - Processing file /home/airflow/.local/lib/python3.12/site-packages/airflow/example_dags/example_latest_only.py for tasks to queue
[2024-10-10T14:11:03.656+0000] {logging_mixin.py:190} INFO - [2024-10-10T14:11:03.656+0000] {dagbag.py:588} INFO - Filling up the DagBag from /home/airflow/.local/lib/python3.12/site-packages/airflow/example_dags/example_latest_only.py
[2024-10-10T14:11:03.662+0000] {processor.py:925} INFO - DAG(s) 'latest_only' retrieved from /home/airflow/.local/lib/python3.12/site-packages/airflow/example_dags/example_latest_only.py
[2024-10-10T14:11:03.677+0000] {logging_mixin.py:190} INFO - [2024-10-10T14:11:03.677+0000] {dag.py:3239} INFO - Sync 1 DAGs
[2024-10-10T14:11:03.695+0000] {logging_mixin.py:190} INFO - [2024-10-10T14:11:03.695+0000] {dag.py:4180} INFO - Setting next_dagrun for latest_only to 2024-10-10 08:00:00+00:00, run_after=2024-10-10 12:00:00+00:00
[2024-10-10T14:11:03.709+0000] {processor.py:208} INFO - Processing /home/airflow/.local/lib/python3.12/site-packages/airflow/example_dags/example_latest_only.py took 0.060 seconds
[2024-10-10T14:11:33.737+0000] {processor.py:186} INFO - Started process (PID=1590) to work on /home/airflow/.local/lib/python3.12/site-packages/airflow/example_dags/example_latest_only.py
[2024-10-10T14:11:33.738+0000] {processor.py:914} INFO - Processing file /home/airflow/.local/lib/python3.12/site-packages/airflow/example_dags/example_latest_only.py for tasks to queue
[2024-10-10T14:11:33.739+0000] {logging_mixin.py:190} INFO - [2024-10-10T14:11:33.739+0000] {dagbag.py:588} INFO - Filling up the DagBag from /home/airflow/.local/lib/python3.12/site-packages/airflow/example_dags/example_latest_only.py
[2024-10-10T14:11:33.744+0000] {processor.py:925} INFO - DAG(s) 'latest_only' retrieved from /home/airflow/.local/lib/python3.12/site-packages/airflow/example_dags/example_latest_only.py
[2024-10-10T14:11:33.758+0000] {logging_mixin.py:190} INFO - [2024-10-10T14:11:33.758+0000] {dag.py:3239} INFO - Sync 1 DAGs
[2024-10-10T14:11:33.775+0000] {logging_mixin.py:190} INFO - [2024-10-10T14:11:33.775+0000] {dag.py:4180} INFO - Setting next_dagrun for latest_only to 2024-10-10 08:00:00+00:00, run_after=2024-10-10 12:00:00+00:00
[2024-10-10T14:11:33.788+0000] {processor.py:208} INFO - Processing /home/airflow/.local/lib/python3.12/site-packages/airflow/example_dags/example_latest_only.py took 0.055 seconds
[2024-10-10T14:12:04.498+0000] {processor.py:186} INFO - Started process (PID=1652) to work on /home/airflow/.local/lib/python3.12/site-packages/airflow/example_dags/example_latest_only.py
[2024-10-10T14:12:04.499+0000] {processor.py:914} INFO - Processing file /home/airflow/.local/lib/python3.12/site-packages/airflow/example_dags/example_latest_only.py for tasks to queue
[2024-10-10T14:12:04.501+0000] {logging_mixin.py:190} INFO - [2024-10-10T14:12:04.501+0000] {dagbag.py:588} INFO - Filling up the DagBag from /home/airflow/.local/lib/python3.12/site-packages/airflow/example_dags/example_latest_only.py
[2024-10-10T14:12:04.507+0000] {processor.py:925} INFO - DAG(s) 'latest_only' retrieved from /home/airflow/.local/lib/python3.12/site-packages/airflow/example_dags/example_latest_only.py
[2024-10-10T14:12:04.522+0000] {logging_mixin.py:190} INFO - [2024-10-10T14:12:04.522+0000] {dag.py:3239} INFO - Sync 1 DAGs
[2024-10-10T14:12:04.541+0000] {logging_mixin.py:190} INFO - [2024-10-10T14:12:04.540+0000] {dag.py:4180} INFO - Setting next_dagrun for latest_only to 2024-10-10 08:00:00+00:00, run_after=2024-10-10 12:00:00+00:00
[2024-10-10T14:12:04.554+0000] {processor.py:208} INFO - Processing /home/airflow/.local/lib/python3.12/site-packages/airflow/example_dags/example_latest_only.py took 0.060 seconds
[2024-10-10T14:12:35.350+0000] {processor.py:186} INFO - Started process (PID=1714) to work on /home/airflow/.local/lib/python3.12/site-packages/airflow/example_dags/example_latest_only.py
[2024-10-10T14:12:35.351+0000] {processor.py:914} INFO - Processing file /home/airflow/.local/lib/python3.12/site-packages/airflow/example_dags/example_latest_only.py for tasks to queue
[2024-10-10T14:12:35.353+0000] {logging_mixin.py:190} INFO - [2024-10-10T14:12:35.352+0000] {dagbag.py:588} INFO - Filling up the DagBag from /home/airflow/.local/lib/python3.12/site-packages/airflow/example_dags/example_latest_only.py
[2024-10-10T14:12:35.358+0000] {processor.py:925} INFO - DAG(s) 'latest_only' retrieved from /home/airflow/.local/lib/python3.12/site-packages/airflow/example_dags/example_latest_only.py
[2024-10-10T14:12:35.373+0000] {logging_mixin.py:190} INFO - [2024-10-10T14:12:35.372+0000] {dag.py:3239} INFO - Sync 1 DAGs
[2024-10-10T14:12:35.392+0000] {logging_mixin.py:190} INFO - [2024-10-10T14:12:35.392+0000] {dag.py:4180} INFO - Setting next_dagrun for latest_only to 2024-10-10 08:00:00+00:00, run_after=2024-10-10 12:00:00+00:00
[2024-10-10T14:12:35.407+0000] {processor.py:208} INFO - Processing /home/airflow/.local/lib/python3.12/site-packages/airflow/example_dags/example_latest_only.py took 0.061 seconds
