[2024-10-10T13:59:16.082+0000] {processor.py:186} INFO - Started process (PID=60) to work on /home/airflow/.local/lib/python3.12/site-packages/airflow/example_dags/example_branch_operator.py
[2024-10-10T13:59:16.083+0000] {processor.py:914} INFO - Processing file /home/airflow/.local/lib/python3.12/site-packages/airflow/example_dags/example_branch_operator.py for tasks to queue
[2024-10-10T13:59:16.085+0000] {logging_mixin.py:190} INFO - [2024-10-10T13:59:16.085+0000] {dagbag.py:588} INFO - Filling up the DagBag from /home/airflow/.local/lib/python3.12/site-packages/airflow/example_dags/example_branch_operator.py
[2024-10-10T13:59:16.101+0000] {processor.py:925} INFO - DAG(s) 'example_branch_operator' retrieved from /home/airflow/.local/lib/python3.12/site-packages/airflow/example_dags/example_branch_operator.py
[2024-10-10T13:59:16.201+0000] {logging_mixin.py:190} INFO - [2024-10-10T13:59:16.201+0000] {dag.py:3239} INFO - Sync 1 DAGs
[2024-10-10T13:59:16.220+0000] {logging_mixin.py:190} INFO - [2024-10-10T13:59:16.220+0000] {dag.py:4180} INFO - Setting next_dagrun for example_branch_operator to 2024-10-09 00:00:00+00:00, run_after=2024-10-10 00:00:00+00:00
[2024-10-10T13:59:16.240+0000] {processor.py:208} INFO - Processing /home/airflow/.local/lib/python3.12/site-packages/airflow/example_dags/example_branch_operator.py took 0.162 seconds
[2024-10-10T13:59:46.500+0000] {processor.py:186} INFO - Started process (PID=121) to work on /home/airflow/.local/lib/python3.12/site-packages/airflow/example_dags/example_branch_operator.py
[2024-10-10T13:59:46.502+0000] {processor.py:914} INFO - Processing file /home/airflow/.local/lib/python3.12/site-packages/airflow/example_dags/example_branch_operator.py for tasks to queue
[2024-10-10T13:59:46.504+0000] {logging_mixin.py:190} INFO - [2024-10-10T13:59:46.504+0000] {dagbag.py:588} INFO - Filling up the DagBag from /home/airflow/.local/lib/python3.12/site-packages/airflow/example_dags/example_branch_operator.py
[2024-10-10T13:59:46.517+0000] {processor.py:925} INFO - DAG(s) 'example_branch_operator' retrieved from /home/airflow/.local/lib/python3.12/site-packages/airflow/example_dags/example_branch_operator.py
[2024-10-10T13:59:46.539+0000] {logging_mixin.py:190} INFO - [2024-10-10T13:59:46.538+0000] {dag.py:3239} INFO - Sync 1 DAGs
[2024-10-10T13:59:46.562+0000] {logging_mixin.py:190} INFO - [2024-10-10T13:59:46.561+0000] {dag.py:4180} INFO - Setting next_dagrun for example_branch_operator to 2024-10-09 00:00:00+00:00, run_after=2024-10-10 00:00:00+00:00
[2024-10-10T13:59:46.580+0000] {processor.py:208} INFO - Processing /home/airflow/.local/lib/python3.12/site-packages/airflow/example_dags/example_branch_operator.py took 0.087 seconds
[2024-10-10T14:00:16.725+0000] {processor.py:186} INFO - Started process (PID=183) to work on /home/airflow/.local/lib/python3.12/site-packages/airflow/example_dags/example_branch_operator.py
[2024-10-10T14:00:16.726+0000] {processor.py:914} INFO - Processing file /home/airflow/.local/lib/python3.12/site-packages/airflow/example_dags/example_branch_operator.py for tasks to queue
[2024-10-10T14:00:16.728+0000] {logging_mixin.py:190} INFO - [2024-10-10T14:00:16.728+0000] {dagbag.py:588} INFO - Filling up the DagBag from /home/airflow/.local/lib/python3.12/site-packages/airflow/example_dags/example_branch_operator.py
[2024-10-10T14:00:16.741+0000] {processor.py:925} INFO - DAG(s) 'example_branch_operator' retrieved from /home/airflow/.local/lib/python3.12/site-packages/airflow/example_dags/example_branch_operator.py
[2024-10-10T14:00:16.762+0000] {logging_mixin.py:190} INFO - [2024-10-10T14:00:16.762+0000] {dag.py:3239} INFO - Sync 1 DAGs
[2024-10-10T14:00:16.781+0000] {logging_mixin.py:190} INFO - [2024-10-10T14:00:16.781+0000] {dag.py:4180} INFO - Setting next_dagrun for example_branch_operator to 2024-10-09 00:00:00+00:00, run_after=2024-10-10 00:00:00+00:00
[2024-10-10T14:00:16.797+0000] {processor.py:208} INFO - Processing /home/airflow/.local/lib/python3.12/site-packages/airflow/example_dags/example_branch_operator.py took 0.076 seconds
[2024-10-10T14:00:46.873+0000] {processor.py:186} INFO - Started process (PID=246) to work on /home/airflow/.local/lib/python3.12/site-packages/airflow/example_dags/example_branch_operator.py
[2024-10-10T14:00:46.874+0000] {processor.py:914} INFO - Processing file /home/airflow/.local/lib/python3.12/site-packages/airflow/example_dags/example_branch_operator.py for tasks to queue
[2024-10-10T14:00:46.876+0000] {logging_mixin.py:190} INFO - [2024-10-10T14:00:46.875+0000] {dagbag.py:588} INFO - Filling up the DagBag from /home/airflow/.local/lib/python3.12/site-packages/airflow/example_dags/example_branch_operator.py
[2024-10-10T14:00:46.888+0000] {processor.py:925} INFO - DAG(s) 'example_branch_operator' retrieved from /home/airflow/.local/lib/python3.12/site-packages/airflow/example_dags/example_branch_operator.py
[2024-10-10T14:00:46.911+0000] {logging_mixin.py:190} INFO - [2024-10-10T14:00:46.911+0000] {dag.py:3239} INFO - Sync 1 DAGs
[2024-10-10T14:00:46.930+0000] {logging_mixin.py:190} INFO - [2024-10-10T14:00:46.930+0000] {dag.py:4180} INFO - Setting next_dagrun for example_branch_operator to 2024-10-09 00:00:00+00:00, run_after=2024-10-10 00:00:00+00:00
[2024-10-10T14:00:46.944+0000] {processor.py:208} INFO - Processing /home/airflow/.local/lib/python3.12/site-packages/airflow/example_dags/example_branch_operator.py took 0.075 seconds
[2024-10-10T14:01:17.002+0000] {processor.py:186} INFO - Started process (PID=307) to work on /home/airflow/.local/lib/python3.12/site-packages/airflow/example_dags/example_branch_operator.py
[2024-10-10T14:01:17.003+0000] {processor.py:914} INFO - Processing file /home/airflow/.local/lib/python3.12/site-packages/airflow/example_dags/example_branch_operator.py for tasks to queue
[2024-10-10T14:01:17.004+0000] {logging_mixin.py:190} INFO - [2024-10-10T14:01:17.004+0000] {dagbag.py:588} INFO - Filling up the DagBag from /home/airflow/.local/lib/python3.12/site-packages/airflow/example_dags/example_branch_operator.py
[2024-10-10T14:01:17.016+0000] {processor.py:925} INFO - DAG(s) 'example_branch_operator' retrieved from /home/airflow/.local/lib/python3.12/site-packages/airflow/example_dags/example_branch_operator.py
[2024-10-10T14:01:17.035+0000] {logging_mixin.py:190} INFO - [2024-10-10T14:01:17.035+0000] {dag.py:3239} INFO - Sync 1 DAGs
[2024-10-10T14:01:17.052+0000] {logging_mixin.py:190} INFO - [2024-10-10T14:01:17.052+0000] {dag.py:4180} INFO - Setting next_dagrun for example_branch_operator to 2024-10-09 00:00:00+00:00, run_after=2024-10-10 00:00:00+00:00
[2024-10-10T14:01:17.064+0000] {processor.py:208} INFO - Processing /home/airflow/.local/lib/python3.12/site-packages/airflow/example_dags/example_branch_operator.py took 0.066 seconds
[2024-10-10T14:01:47.161+0000] {processor.py:186} INFO - Started process (PID=369) to work on /home/airflow/.local/lib/python3.12/site-packages/airflow/example_dags/example_branch_operator.py
[2024-10-10T14:01:47.162+0000] {processor.py:914} INFO - Processing file /home/airflow/.local/lib/python3.12/site-packages/airflow/example_dags/example_branch_operator.py for tasks to queue
[2024-10-10T14:01:47.164+0000] {logging_mixin.py:190} INFO - [2024-10-10T14:01:47.164+0000] {dagbag.py:588} INFO - Filling up the DagBag from /home/airflow/.local/lib/python3.12/site-packages/airflow/example_dags/example_branch_operator.py
[2024-10-10T14:01:47.179+0000] {processor.py:925} INFO - DAG(s) 'example_branch_operator' retrieved from /home/airflow/.local/lib/python3.12/site-packages/airflow/example_dags/example_branch_operator.py
[2024-10-10T14:01:47.201+0000] {logging_mixin.py:190} INFO - [2024-10-10T14:01:47.200+0000] {dag.py:3239} INFO - Sync 1 DAGs
[2024-10-10T14:01:47.219+0000] {logging_mixin.py:190} INFO - [2024-10-10T14:01:47.219+0000] {dag.py:4180} INFO - Setting next_dagrun for example_branch_operator to 2024-10-09 00:00:00+00:00, run_after=2024-10-10 00:00:00+00:00
[2024-10-10T14:01:47.233+0000] {processor.py:208} INFO - Processing /home/airflow/.local/lib/python3.12/site-packages/airflow/example_dags/example_branch_operator.py took 0.076 seconds
[2024-10-10T14:02:17.295+0000] {processor.py:186} INFO - Started process (PID=431) to work on /home/airflow/.local/lib/python3.12/site-packages/airflow/example_dags/example_branch_operator.py
[2024-10-10T14:02:17.296+0000] {processor.py:914} INFO - Processing file /home/airflow/.local/lib/python3.12/site-packages/airflow/example_dags/example_branch_operator.py for tasks to queue
[2024-10-10T14:02:17.298+0000] {logging_mixin.py:190} INFO - [2024-10-10T14:02:17.297+0000] {dagbag.py:588} INFO - Filling up the DagBag from /home/airflow/.local/lib/python3.12/site-packages/airflow/example_dags/example_branch_operator.py
[2024-10-10T14:02:17.309+0000] {processor.py:925} INFO - DAG(s) 'example_branch_operator' retrieved from /home/airflow/.local/lib/python3.12/site-packages/airflow/example_dags/example_branch_operator.py
[2024-10-10T14:02:17.329+0000] {logging_mixin.py:190} INFO - [2024-10-10T14:02:17.329+0000] {dag.py:3239} INFO - Sync 1 DAGs
[2024-10-10T14:02:17.347+0000] {logging_mixin.py:190} INFO - [2024-10-10T14:02:17.347+0000] {dag.py:4180} INFO - Setting next_dagrun for example_branch_operator to 2024-10-09 00:00:00+00:00, run_after=2024-10-10 00:00:00+00:00
[2024-10-10T14:02:17.359+0000] {processor.py:208} INFO - Processing /home/airflow/.local/lib/python3.12/site-packages/airflow/example_dags/example_branch_operator.py took 0.067 seconds
[2024-10-10T14:02:47.664+0000] {processor.py:186} INFO - Started process (PID=494) to work on /home/airflow/.local/lib/python3.12/site-packages/airflow/example_dags/example_branch_operator.py
[2024-10-10T14:02:47.665+0000] {processor.py:914} INFO - Processing file /home/airflow/.local/lib/python3.12/site-packages/airflow/example_dags/example_branch_operator.py for tasks to queue
[2024-10-10T14:02:47.666+0000] {logging_mixin.py:190} INFO - [2024-10-10T14:02:47.666+0000] {dagbag.py:588} INFO - Filling up the DagBag from /home/airflow/.local/lib/python3.12/site-packages/airflow/example_dags/example_branch_operator.py
[2024-10-10T14:02:47.679+0000] {processor.py:925} INFO - DAG(s) 'example_branch_operator' retrieved from /home/airflow/.local/lib/python3.12/site-packages/airflow/example_dags/example_branch_operator.py
[2024-10-10T14:02:47.699+0000] {logging_mixin.py:190} INFO - [2024-10-10T14:02:47.699+0000] {dag.py:3239} INFO - Sync 1 DAGs
[2024-10-10T14:02:47.723+0000] {logging_mixin.py:190} INFO - [2024-10-10T14:02:47.722+0000] {dag.py:4180} INFO - Setting next_dagrun for example_branch_operator to 2024-10-09 00:00:00+00:00, run_after=2024-10-10 00:00:00+00:00
[2024-10-10T14:02:47.740+0000] {processor.py:208} INFO - Processing /home/airflow/.local/lib/python3.12/site-packages/airflow/example_dags/example_branch_operator.py took 0.080 seconds
[2024-10-10T14:03:18.384+0000] {processor.py:186} INFO - Started process (PID=562) to work on /home/airflow/.local/lib/python3.12/site-packages/airflow/example_dags/example_branch_operator.py
[2024-10-10T14:03:18.385+0000] {processor.py:914} INFO - Processing file /home/airflow/.local/lib/python3.12/site-packages/airflow/example_dags/example_branch_operator.py for tasks to queue
[2024-10-10T14:03:18.387+0000] {logging_mixin.py:190} INFO - [2024-10-10T14:03:18.387+0000] {dagbag.py:588} INFO - Filling up the DagBag from /home/airflow/.local/lib/python3.12/site-packages/airflow/example_dags/example_branch_operator.py
[2024-10-10T14:03:18.408+0000] {processor.py:925} INFO - DAG(s) 'example_branch_operator' retrieved from /home/airflow/.local/lib/python3.12/site-packages/airflow/example_dags/example_branch_operator.py
[2024-10-10T14:03:18.432+0000] {logging_mixin.py:190} INFO - [2024-10-10T14:03:18.432+0000] {dag.py:3239} INFO - Sync 1 DAGs
[2024-10-10T14:03:18.460+0000] {logging_mixin.py:190} INFO - [2024-10-10T14:03:18.460+0000] {dag.py:4180} INFO - Setting next_dagrun for example_branch_operator to 2024-10-09 00:00:00+00:00, run_after=2024-10-10 00:00:00+00:00
[2024-10-10T14:03:18.479+0000] {processor.py:208} INFO - Processing /home/airflow/.local/lib/python3.12/site-packages/airflow/example_dags/example_branch_operator.py took 0.103 seconds
[2024-10-10T14:03:49.317+0000] {processor.py:186} INFO - Started process (PID=624) to work on /home/airflow/.local/lib/python3.12/site-packages/airflow/example_dags/example_branch_operator.py
[2024-10-10T14:03:49.317+0000] {processor.py:914} INFO - Processing file /home/airflow/.local/lib/python3.12/site-packages/airflow/example_dags/example_branch_operator.py for tasks to queue
[2024-10-10T14:03:49.319+0000] {logging_mixin.py:190} INFO - [2024-10-10T14:03:49.319+0000] {dagbag.py:588} INFO - Filling up the DagBag from /home/airflow/.local/lib/python3.12/site-packages/airflow/example_dags/example_branch_operator.py
[2024-10-10T14:03:49.332+0000] {processor.py:925} INFO - DAG(s) 'example_branch_operator' retrieved from /home/airflow/.local/lib/python3.12/site-packages/airflow/example_dags/example_branch_operator.py
[2024-10-10T14:03:49.352+0000] {logging_mixin.py:190} INFO - [2024-10-10T14:03:49.352+0000] {dag.py:3239} INFO - Sync 1 DAGs
[2024-10-10T14:03:49.372+0000] {logging_mixin.py:190} INFO - [2024-10-10T14:03:49.372+0000] {dag.py:4180} INFO - Setting next_dagrun for example_branch_operator to 2024-10-09 00:00:00+00:00, run_after=2024-10-10 00:00:00+00:00
[2024-10-10T14:03:49.385+0000] {processor.py:208} INFO - Processing /home/airflow/.local/lib/python3.12/site-packages/airflow/example_dags/example_branch_operator.py took 0.073 seconds
[2024-10-10T14:04:20.038+0000] {processor.py:186} INFO - Started process (PID=686) to work on /home/airflow/.local/lib/python3.12/site-packages/airflow/example_dags/example_branch_operator.py
[2024-10-10T14:04:20.039+0000] {processor.py:914} INFO - Processing file /home/airflow/.local/lib/python3.12/site-packages/airflow/example_dags/example_branch_operator.py for tasks to queue
[2024-10-10T14:04:20.041+0000] {logging_mixin.py:190} INFO - [2024-10-10T14:04:20.041+0000] {dagbag.py:588} INFO - Filling up the DagBag from /home/airflow/.local/lib/python3.12/site-packages/airflow/example_dags/example_branch_operator.py
[2024-10-10T14:04:20.053+0000] {processor.py:925} INFO - DAG(s) 'example_branch_operator' retrieved from /home/airflow/.local/lib/python3.12/site-packages/airflow/example_dags/example_branch_operator.py
[2024-10-10T14:04:20.074+0000] {logging_mixin.py:190} INFO - [2024-10-10T14:04:20.073+0000] {dag.py:3239} INFO - Sync 1 DAGs
[2024-10-10T14:04:20.092+0000] {logging_mixin.py:190} INFO - [2024-10-10T14:04:20.092+0000] {dag.py:4180} INFO - Setting next_dagrun for example_branch_operator to 2024-10-09 00:00:00+00:00, run_after=2024-10-10 00:00:00+00:00
[2024-10-10T14:04:20.107+0000] {processor.py:208} INFO - Processing /home/airflow/.local/lib/python3.12/site-packages/airflow/example_dags/example_branch_operator.py took 0.073 seconds
[2024-10-10T14:04:50.870+0000] {processor.py:186} INFO - Started process (PID=748) to work on /home/airflow/.local/lib/python3.12/site-packages/airflow/example_dags/example_branch_operator.py
[2024-10-10T14:04:50.871+0000] {processor.py:914} INFO - Processing file /home/airflow/.local/lib/python3.12/site-packages/airflow/example_dags/example_branch_operator.py for tasks to queue
[2024-10-10T14:04:50.873+0000] {logging_mixin.py:190} INFO - [2024-10-10T14:04:50.872+0000] {dagbag.py:588} INFO - Filling up the DagBag from /home/airflow/.local/lib/python3.12/site-packages/airflow/example_dags/example_branch_operator.py
[2024-10-10T14:04:50.885+0000] {processor.py:925} INFO - DAG(s) 'example_branch_operator' retrieved from /home/airflow/.local/lib/python3.12/site-packages/airflow/example_dags/example_branch_operator.py
[2024-10-10T14:04:50.906+0000] {logging_mixin.py:190} INFO - [2024-10-10T14:04:50.906+0000] {dag.py:3239} INFO - Sync 1 DAGs
[2024-10-10T14:04:50.926+0000] {logging_mixin.py:190} INFO - [2024-10-10T14:04:50.925+0000] {dag.py:4180} INFO - Setting next_dagrun for example_branch_operator to 2024-10-09 00:00:00+00:00, run_after=2024-10-10 00:00:00+00:00
[2024-10-10T14:04:50.942+0000] {processor.py:208} INFO - Processing /home/airflow/.local/lib/python3.12/site-packages/airflow/example_dags/example_branch_operator.py took 0.075 seconds
[2024-10-10T14:05:21.523+0000] {processor.py:186} INFO - Started process (PID=810) to work on /home/airflow/.local/lib/python3.12/site-packages/airflow/example_dags/example_branch_operator.py
[2024-10-10T14:05:21.523+0000] {processor.py:914} INFO - Processing file /home/airflow/.local/lib/python3.12/site-packages/airflow/example_dags/example_branch_operator.py for tasks to queue
[2024-10-10T14:05:21.525+0000] {logging_mixin.py:190} INFO - [2024-10-10T14:05:21.525+0000] {dagbag.py:588} INFO - Filling up the DagBag from /home/airflow/.local/lib/python3.12/site-packages/airflow/example_dags/example_branch_operator.py
[2024-10-10T14:05:21.539+0000] {processor.py:925} INFO - DAG(s) 'example_branch_operator' retrieved from /home/airflow/.local/lib/python3.12/site-packages/airflow/example_dags/example_branch_operator.py
[2024-10-10T14:05:21.562+0000] {logging_mixin.py:190} INFO - [2024-10-10T14:05:21.562+0000] {dag.py:3239} INFO - Sync 1 DAGs
[2024-10-10T14:05:21.581+0000] {logging_mixin.py:190} INFO - [2024-10-10T14:05:21.580+0000] {dag.py:4180} INFO - Setting next_dagrun for example_branch_operator to 2024-10-09 00:00:00+00:00, run_after=2024-10-10 00:00:00+00:00
[2024-10-10T14:05:21.597+0000] {processor.py:208} INFO - Processing /home/airflow/.local/lib/python3.12/site-packages/airflow/example_dags/example_branch_operator.py took 0.079 seconds
[2024-10-10T14:05:52.300+0000] {processor.py:186} INFO - Started process (PID=872) to work on /home/airflow/.local/lib/python3.12/site-packages/airflow/example_dags/example_branch_operator.py
[2024-10-10T14:05:52.301+0000] {processor.py:914} INFO - Processing file /home/airflow/.local/lib/python3.12/site-packages/airflow/example_dags/example_branch_operator.py for tasks to queue
[2024-10-10T14:05:52.302+0000] {logging_mixin.py:190} INFO - [2024-10-10T14:05:52.302+0000] {dagbag.py:588} INFO - Filling up the DagBag from /home/airflow/.local/lib/python3.12/site-packages/airflow/example_dags/example_branch_operator.py
[2024-10-10T14:05:52.314+0000] {processor.py:925} INFO - DAG(s) 'example_branch_operator' retrieved from /home/airflow/.local/lib/python3.12/site-packages/airflow/example_dags/example_branch_operator.py
[2024-10-10T14:05:52.337+0000] {logging_mixin.py:190} INFO - [2024-10-10T14:05:52.337+0000] {dag.py:3239} INFO - Sync 1 DAGs
[2024-10-10T14:05:52.355+0000] {logging_mixin.py:190} INFO - [2024-10-10T14:05:52.355+0000] {dag.py:4180} INFO - Setting next_dagrun for example_branch_operator to 2024-10-09 00:00:00+00:00, run_after=2024-10-10 00:00:00+00:00
[2024-10-10T14:05:52.368+0000] {processor.py:208} INFO - Processing /home/airflow/.local/lib/python3.12/site-packages/airflow/example_dags/example_branch_operator.py took 0.072 seconds
[2024-10-10T14:06:23.028+0000] {processor.py:186} INFO - Started process (PID=934) to work on /home/airflow/.local/lib/python3.12/site-packages/airflow/example_dags/example_branch_operator.py
[2024-10-10T14:06:23.029+0000] {processor.py:914} INFO - Processing file /home/airflow/.local/lib/python3.12/site-packages/airflow/example_dags/example_branch_operator.py for tasks to queue
[2024-10-10T14:06:23.031+0000] {logging_mixin.py:190} INFO - [2024-10-10T14:06:23.031+0000] {dagbag.py:588} INFO - Filling up the DagBag from /home/airflow/.local/lib/python3.12/site-packages/airflow/example_dags/example_branch_operator.py
[2024-10-10T14:06:23.044+0000] {processor.py:925} INFO - DAG(s) 'example_branch_operator' retrieved from /home/airflow/.local/lib/python3.12/site-packages/airflow/example_dags/example_branch_operator.py
[2024-10-10T14:06:23.065+0000] {logging_mixin.py:190} INFO - [2024-10-10T14:06:23.064+0000] {dag.py:3239} INFO - Sync 1 DAGs
[2024-10-10T14:06:23.085+0000] {logging_mixin.py:190} INFO - [2024-10-10T14:06:23.085+0000] {dag.py:4180} INFO - Setting next_dagrun for example_branch_operator to 2024-10-09 00:00:00+00:00, run_after=2024-10-10 00:00:00+00:00
[2024-10-10T14:06:23.101+0000] {processor.py:208} INFO - Processing /home/airflow/.local/lib/python3.12/site-packages/airflow/example_dags/example_branch_operator.py took 0.077 seconds
[2024-10-10T14:06:53.746+0000] {processor.py:186} INFO - Started process (PID=996) to work on /home/airflow/.local/lib/python3.12/site-packages/airflow/example_dags/example_branch_operator.py
[2024-10-10T14:06:53.747+0000] {processor.py:914} INFO - Processing file /home/airflow/.local/lib/python3.12/site-packages/airflow/example_dags/example_branch_operator.py for tasks to queue
[2024-10-10T14:06:53.748+0000] {logging_mixin.py:190} INFO - [2024-10-10T14:06:53.748+0000] {dagbag.py:588} INFO - Filling up the DagBag from /home/airflow/.local/lib/python3.12/site-packages/airflow/example_dags/example_branch_operator.py
[2024-10-10T14:06:53.762+0000] {processor.py:925} INFO - DAG(s) 'example_branch_operator' retrieved from /home/airflow/.local/lib/python3.12/site-packages/airflow/example_dags/example_branch_operator.py
[2024-10-10T14:06:53.784+0000] {logging_mixin.py:190} INFO - [2024-10-10T14:06:53.783+0000] {dag.py:3239} INFO - Sync 1 DAGs
[2024-10-10T14:06:53.802+0000] {logging_mixin.py:190} INFO - [2024-10-10T14:06:53.802+0000] {dag.py:4180} INFO - Setting next_dagrun for example_branch_operator to 2024-10-09 00:00:00+00:00, run_after=2024-10-10 00:00:00+00:00
[2024-10-10T14:06:53.815+0000] {processor.py:208} INFO - Processing /home/airflow/.local/lib/python3.12/site-packages/airflow/example_dags/example_branch_operator.py took 0.074 seconds
[2024-10-10T14:07:24.483+0000] {processor.py:186} INFO - Started process (PID=1058) to work on /home/airflow/.local/lib/python3.12/site-packages/airflow/example_dags/example_branch_operator.py
[2024-10-10T14:07:24.484+0000] {processor.py:914} INFO - Processing file /home/airflow/.local/lib/python3.12/site-packages/airflow/example_dags/example_branch_operator.py for tasks to queue
[2024-10-10T14:07:24.486+0000] {logging_mixin.py:190} INFO - [2024-10-10T14:07:24.485+0000] {dagbag.py:588} INFO - Filling up the DagBag from /home/airflow/.local/lib/python3.12/site-packages/airflow/example_dags/example_branch_operator.py
[2024-10-10T14:07:24.500+0000] {processor.py:925} INFO - DAG(s) 'example_branch_operator' retrieved from /home/airflow/.local/lib/python3.12/site-packages/airflow/example_dags/example_branch_operator.py
[2024-10-10T14:07:24.522+0000] {logging_mixin.py:190} INFO - [2024-10-10T14:07:24.522+0000] {dag.py:3239} INFO - Sync 1 DAGs
[2024-10-10T14:07:24.545+0000] {logging_mixin.py:190} INFO - [2024-10-10T14:07:24.545+0000] {dag.py:4180} INFO - Setting next_dagrun for example_branch_operator to 2024-10-09 00:00:00+00:00, run_after=2024-10-10 00:00:00+00:00
[2024-10-10T14:07:24.561+0000] {processor.py:208} INFO - Processing /home/airflow/.local/lib/python3.12/site-packages/airflow/example_dags/example_branch_operator.py took 0.082 seconds
[2024-10-10T14:07:55.223+0000] {processor.py:186} INFO - Started process (PID=1120) to work on /home/airflow/.local/lib/python3.12/site-packages/airflow/example_dags/example_branch_operator.py
[2024-10-10T14:07:55.224+0000] {processor.py:914} INFO - Processing file /home/airflow/.local/lib/python3.12/site-packages/airflow/example_dags/example_branch_operator.py for tasks to queue
[2024-10-10T14:07:55.225+0000] {logging_mixin.py:190} INFO - [2024-10-10T14:07:55.225+0000] {dagbag.py:588} INFO - Filling up the DagBag from /home/airflow/.local/lib/python3.12/site-packages/airflow/example_dags/example_branch_operator.py
[2024-10-10T14:07:55.238+0000] {processor.py:925} INFO - DAG(s) 'example_branch_operator' retrieved from /home/airflow/.local/lib/python3.12/site-packages/airflow/example_dags/example_branch_operator.py
[2024-10-10T14:07:55.259+0000] {logging_mixin.py:190} INFO - [2024-10-10T14:07:55.259+0000] {dag.py:3239} INFO - Sync 1 DAGs
[2024-10-10T14:07:55.278+0000] {logging_mixin.py:190} INFO - [2024-10-10T14:07:55.278+0000] {dag.py:4180} INFO - Setting next_dagrun for example_branch_operator to 2024-10-09 00:00:00+00:00, run_after=2024-10-10 00:00:00+00:00
[2024-10-10T14:07:55.293+0000] {processor.py:208} INFO - Processing /home/airflow/.local/lib/python3.12/site-packages/airflow/example_dags/example_branch_operator.py took 0.074 seconds
[2024-10-10T14:08:26.026+0000] {processor.py:186} INFO - Started process (PID=1182) to work on /home/airflow/.local/lib/python3.12/site-packages/airflow/example_dags/example_branch_operator.py
[2024-10-10T14:08:26.027+0000] {processor.py:914} INFO - Processing file /home/airflow/.local/lib/python3.12/site-packages/airflow/example_dags/example_branch_operator.py for tasks to queue
[2024-10-10T14:08:26.029+0000] {logging_mixin.py:190} INFO - [2024-10-10T14:08:26.029+0000] {dagbag.py:588} INFO - Filling up the DagBag from /home/airflow/.local/lib/python3.12/site-packages/airflow/example_dags/example_branch_operator.py
[2024-10-10T14:08:26.044+0000] {processor.py:925} INFO - DAG(s) 'example_branch_operator' retrieved from /home/airflow/.local/lib/python3.12/site-packages/airflow/example_dags/example_branch_operator.py
[2024-10-10T14:08:26.067+0000] {logging_mixin.py:190} INFO - [2024-10-10T14:08:26.066+0000] {dag.py:3239} INFO - Sync 1 DAGs
[2024-10-10T14:08:26.087+0000] {logging_mixin.py:190} INFO - [2024-10-10T14:08:26.087+0000] {dag.py:4180} INFO - Setting next_dagrun for example_branch_operator to 2024-10-09 00:00:00+00:00, run_after=2024-10-10 00:00:00+00:00
[2024-10-10T14:08:26.103+0000] {processor.py:208} INFO - Processing /home/airflow/.local/lib/python3.12/site-packages/airflow/example_dags/example_branch_operator.py took 0.081 seconds
[2024-10-10T14:08:56.782+0000] {processor.py:186} INFO - Started process (PID=1244) to work on /home/airflow/.local/lib/python3.12/site-packages/airflow/example_dags/example_branch_operator.py
[2024-10-10T14:08:56.782+0000] {processor.py:914} INFO - Processing file /home/airflow/.local/lib/python3.12/site-packages/airflow/example_dags/example_branch_operator.py for tasks to queue
[2024-10-10T14:08:56.784+0000] {logging_mixin.py:190} INFO - [2024-10-10T14:08:56.784+0000] {dagbag.py:588} INFO - Filling up the DagBag from /home/airflow/.local/lib/python3.12/site-packages/airflow/example_dags/example_branch_operator.py
[2024-10-10T14:08:56.798+0000] {processor.py:925} INFO - DAG(s) 'example_branch_operator' retrieved from /home/airflow/.local/lib/python3.12/site-packages/airflow/example_dags/example_branch_operator.py
[2024-10-10T14:08:56.819+0000] {logging_mixin.py:190} INFO - [2024-10-10T14:08:56.819+0000] {dag.py:3239} INFO - Sync 1 DAGs
[2024-10-10T14:08:56.838+0000] {logging_mixin.py:190} INFO - [2024-10-10T14:08:56.838+0000] {dag.py:4180} INFO - Setting next_dagrun for example_branch_operator to 2024-10-09 00:00:00+00:00, run_after=2024-10-10 00:00:00+00:00
[2024-10-10T14:08:56.855+0000] {processor.py:208} INFO - Processing /home/airflow/.local/lib/python3.12/site-packages/airflow/example_dags/example_branch_operator.py took 0.077 seconds
[2024-10-10T14:09:27.472+0000] {processor.py:186} INFO - Started process (PID=1306) to work on /home/airflow/.local/lib/python3.12/site-packages/airflow/example_dags/example_branch_operator.py
[2024-10-10T14:09:27.472+0000] {processor.py:914} INFO - Processing file /home/airflow/.local/lib/python3.12/site-packages/airflow/example_dags/example_branch_operator.py for tasks to queue
[2024-10-10T14:09:27.474+0000] {logging_mixin.py:190} INFO - [2024-10-10T14:09:27.474+0000] {dagbag.py:588} INFO - Filling up the DagBag from /home/airflow/.local/lib/python3.12/site-packages/airflow/example_dags/example_branch_operator.py
[2024-10-10T14:09:27.487+0000] {processor.py:925} INFO - DAG(s) 'example_branch_operator' retrieved from /home/airflow/.local/lib/python3.12/site-packages/airflow/example_dags/example_branch_operator.py
[2024-10-10T14:09:27.510+0000] {logging_mixin.py:190} INFO - [2024-10-10T14:09:27.509+0000] {dag.py:3239} INFO - Sync 1 DAGs
[2024-10-10T14:09:27.529+0000] {logging_mixin.py:190} INFO - [2024-10-10T14:09:27.529+0000] {dag.py:4180} INFO - Setting next_dagrun for example_branch_operator to 2024-10-09 00:00:00+00:00, run_after=2024-10-10 00:00:00+00:00
[2024-10-10T14:09:27.544+0000] {processor.py:208} INFO - Processing /home/airflow/.local/lib/python3.12/site-packages/airflow/example_dags/example_branch_operator.py took 0.077 seconds
[2024-10-10T14:09:58.252+0000] {processor.py:186} INFO - Started process (PID=1368) to work on /home/airflow/.local/lib/python3.12/site-packages/airflow/example_dags/example_branch_operator.py
[2024-10-10T14:09:58.253+0000] {processor.py:914} INFO - Processing file /home/airflow/.local/lib/python3.12/site-packages/airflow/example_dags/example_branch_operator.py for tasks to queue
[2024-10-10T14:09:58.256+0000] {logging_mixin.py:190} INFO - [2024-10-10T14:09:58.255+0000] {dagbag.py:588} INFO - Filling up the DagBag from /home/airflow/.local/lib/python3.12/site-packages/airflow/example_dags/example_branch_operator.py
[2024-10-10T14:09:58.271+0000] {processor.py:925} INFO - DAG(s) 'example_branch_operator' retrieved from /home/airflow/.local/lib/python3.12/site-packages/airflow/example_dags/example_branch_operator.py
[2024-10-10T14:09:58.298+0000] {logging_mixin.py:190} INFO - [2024-10-10T14:09:58.297+0000] {dag.py:3239} INFO - Sync 1 DAGs
[2024-10-10T14:09:58.321+0000] {logging_mixin.py:190} INFO - [2024-10-10T14:09:58.321+0000] {dag.py:4180} INFO - Setting next_dagrun for example_branch_operator to 2024-10-09 00:00:00+00:00, run_after=2024-10-10 00:00:00+00:00
[2024-10-10T14:09:58.338+0000] {processor.py:208} INFO - Processing /home/airflow/.local/lib/python3.12/site-packages/airflow/example_dags/example_branch_operator.py took 0.092 seconds
[2024-10-10T14:10:28.374+0000] {processor.py:186} INFO - Started process (PID=1431) to work on /home/airflow/.local/lib/python3.12/site-packages/airflow/example_dags/example_branch_operator.py
[2024-10-10T14:10:28.375+0000] {processor.py:914} INFO - Processing file /home/airflow/.local/lib/python3.12/site-packages/airflow/example_dags/example_branch_operator.py for tasks to queue
[2024-10-10T14:10:28.376+0000] {logging_mixin.py:190} INFO - [2024-10-10T14:10:28.376+0000] {dagbag.py:588} INFO - Filling up the DagBag from /home/airflow/.local/lib/python3.12/site-packages/airflow/example_dags/example_branch_operator.py
[2024-10-10T14:10:28.389+0000] {processor.py:925} INFO - DAG(s) 'example_branch_operator' retrieved from /home/airflow/.local/lib/python3.12/site-packages/airflow/example_dags/example_branch_operator.py
[2024-10-10T14:10:28.412+0000] {logging_mixin.py:190} INFO - [2024-10-10T14:10:28.411+0000] {dag.py:3239} INFO - Sync 1 DAGs
[2024-10-10T14:10:28.430+0000] {logging_mixin.py:190} INFO - [2024-10-10T14:10:28.429+0000] {dag.py:4180} INFO - Setting next_dagrun for example_branch_operator to 2024-10-09 00:00:00+00:00, run_after=2024-10-10 00:00:00+00:00
[2024-10-10T14:10:28.445+0000] {processor.py:208} INFO - Processing /home/airflow/.local/lib/python3.12/site-packages/airflow/example_dags/example_branch_operator.py took 0.074 seconds
[2024-10-10T14:10:58.497+0000] {processor.py:186} INFO - Started process (PID=1492) to work on /home/airflow/.local/lib/python3.12/site-packages/airflow/example_dags/example_branch_operator.py
[2024-10-10T14:10:58.498+0000] {processor.py:914} INFO - Processing file /home/airflow/.local/lib/python3.12/site-packages/airflow/example_dags/example_branch_operator.py for tasks to queue
[2024-10-10T14:10:58.500+0000] {logging_mixin.py:190} INFO - [2024-10-10T14:10:58.500+0000] {dagbag.py:588} INFO - Filling up the DagBag from /home/airflow/.local/lib/python3.12/site-packages/airflow/example_dags/example_branch_operator.py
[2024-10-10T14:10:58.512+0000] {processor.py:925} INFO - DAG(s) 'example_branch_operator' retrieved from /home/airflow/.local/lib/python3.12/site-packages/airflow/example_dags/example_branch_operator.py
[2024-10-10T14:10:58.532+0000] {logging_mixin.py:190} INFO - [2024-10-10T14:10:58.531+0000] {dag.py:3239} INFO - Sync 1 DAGs
[2024-10-10T14:10:58.548+0000] {logging_mixin.py:190} INFO - [2024-10-10T14:10:58.548+0000] {dag.py:4180} INFO - Setting next_dagrun for example_branch_operator to 2024-10-09 00:00:00+00:00, run_after=2024-10-10 00:00:00+00:00
[2024-10-10T14:10:58.560+0000] {processor.py:208} INFO - Processing /home/airflow/.local/lib/python3.12/site-packages/airflow/example_dags/example_branch_operator.py took 0.066 seconds
[2024-10-10T14:11:28.865+0000] {processor.py:186} INFO - Started process (PID=1555) to work on /home/airflow/.local/lib/python3.12/site-packages/airflow/example_dags/example_branch_operator.py
[2024-10-10T14:11:28.865+0000] {processor.py:914} INFO - Processing file /home/airflow/.local/lib/python3.12/site-packages/airflow/example_dags/example_branch_operator.py for tasks to queue
[2024-10-10T14:11:28.867+0000] {logging_mixin.py:190} INFO - [2024-10-10T14:11:28.867+0000] {dagbag.py:588} INFO - Filling up the DagBag from /home/airflow/.local/lib/python3.12/site-packages/airflow/example_dags/example_branch_operator.py
[2024-10-10T14:11:28.880+0000] {processor.py:925} INFO - DAG(s) 'example_branch_operator' retrieved from /home/airflow/.local/lib/python3.12/site-packages/airflow/example_dags/example_branch_operator.py
[2024-10-10T14:11:28.902+0000] {logging_mixin.py:190} INFO - [2024-10-10T14:11:28.902+0000] {dag.py:3239} INFO - Sync 1 DAGs
[2024-10-10T14:11:28.921+0000] {logging_mixin.py:190} INFO - [2024-10-10T14:11:28.920+0000] {dag.py:4180} INFO - Setting next_dagrun for example_branch_operator to 2024-10-09 00:00:00+00:00, run_after=2024-10-10 00:00:00+00:00
[2024-10-10T14:11:28.934+0000] {processor.py:208} INFO - Processing /home/airflow/.local/lib/python3.12/site-packages/airflow/example_dags/example_branch_operator.py took 0.074 seconds
[2024-10-10T14:11:59.714+0000] {processor.py:186} INFO - Started process (PID=1617) to work on /home/airflow/.local/lib/python3.12/site-packages/airflow/example_dags/example_branch_operator.py
[2024-10-10T14:11:59.715+0000] {processor.py:914} INFO - Processing file /home/airflow/.local/lib/python3.12/site-packages/airflow/example_dags/example_branch_operator.py for tasks to queue
[2024-10-10T14:11:59.717+0000] {logging_mixin.py:190} INFO - [2024-10-10T14:11:59.716+0000] {dagbag.py:588} INFO - Filling up the DagBag from /home/airflow/.local/lib/python3.12/site-packages/airflow/example_dags/example_branch_operator.py
[2024-10-10T14:11:59.729+0000] {processor.py:925} INFO - DAG(s) 'example_branch_operator' retrieved from /home/airflow/.local/lib/python3.12/site-packages/airflow/example_dags/example_branch_operator.py
[2024-10-10T14:11:59.749+0000] {logging_mixin.py:190} INFO - [2024-10-10T14:11:59.749+0000] {dag.py:3239} INFO - Sync 1 DAGs
[2024-10-10T14:11:59.768+0000] {logging_mixin.py:190} INFO - [2024-10-10T14:11:59.768+0000] {dag.py:4180} INFO - Setting next_dagrun for example_branch_operator to 2024-10-09 00:00:00+00:00, run_after=2024-10-10 00:00:00+00:00
[2024-10-10T14:11:59.782+0000] {processor.py:208} INFO - Processing /home/airflow/.local/lib/python3.12/site-packages/airflow/example_dags/example_branch_operator.py took 0.072 seconds
[2024-10-10T14:12:30.561+0000] {processor.py:186} INFO - Started process (PID=1679) to work on /home/airflow/.local/lib/python3.12/site-packages/airflow/example_dags/example_branch_operator.py
[2024-10-10T14:12:30.562+0000] {processor.py:914} INFO - Processing file /home/airflow/.local/lib/python3.12/site-packages/airflow/example_dags/example_branch_operator.py for tasks to queue
[2024-10-10T14:12:30.564+0000] {logging_mixin.py:190} INFO - [2024-10-10T14:12:30.564+0000] {dagbag.py:588} INFO - Filling up the DagBag from /home/airflow/.local/lib/python3.12/site-packages/airflow/example_dags/example_branch_operator.py
[2024-10-10T14:12:30.578+0000] {processor.py:925} INFO - DAG(s) 'example_branch_operator' retrieved from /home/airflow/.local/lib/python3.12/site-packages/airflow/example_dags/example_branch_operator.py
[2024-10-10T14:12:30.599+0000] {logging_mixin.py:190} INFO - [2024-10-10T14:12:30.599+0000] {dag.py:3239} INFO - Sync 1 DAGs
[2024-10-10T14:12:30.619+0000] {logging_mixin.py:190} INFO - [2024-10-10T14:12:30.619+0000] {dag.py:4180} INFO - Setting next_dagrun for example_branch_operator to 2024-10-09 00:00:00+00:00, run_after=2024-10-10 00:00:00+00:00
[2024-10-10T14:12:30.635+0000] {processor.py:208} INFO - Processing /home/airflow/.local/lib/python3.12/site-packages/airflow/example_dags/example_branch_operator.py took 0.077 seconds
