[2024-10-10T13:59:16.613+0000] {processor.py:186} INFO - Started process (PID=65) to work on /home/airflow/.local/lib/python3.12/site-packages/airflow/example_dags/example_outlet_event_extra.py
[2024-10-10T13:59:16.614+0000] {processor.py:914} INFO - Processing file /home/airflow/.local/lib/python3.12/site-packages/airflow/example_dags/example_outlet_event_extra.py for tasks to queue
[2024-10-10T13:59:16.616+0000] {logging_mixin.py:190} INFO - [2024-10-10T13:59:16.616+0000] {dagbag.py:588} INFO - Filling up the DagBag from /home/airflow/.local/lib/python3.12/site-packages/airflow/example_dags/example_outlet_event_extra.py
[2024-10-10T13:59:16.748+0000] {processor.py:925} INFO - DAG(s) 'dataset_with_extra_from_classic_operator', 'dataset_with_extra_by_context', 'dataset_with_extra_by_yield' retrieved from /home/airflow/.local/lib/python3.12/site-packages/airflow/example_dags/example_outlet_event_extra.py
[2024-10-10T13:59:16.769+0000] {logging_mixin.py:190} INFO - [2024-10-10T13:59:16.769+0000] {dag.py:3239} INFO - Sync 3 DAGs
[2024-10-10T13:59:16.791+0000] {logging_mixin.py:190} INFO - [2024-10-10T13:59:16.791+0000] {dag.py:4180} INFO - Setting next_dagrun for dataset_with_extra_by_context to 2024-10-09 00:00:00+00:00, run_after=2024-10-10 00:00:00+00:00
[2024-10-10T13:59:16.796+0000] {logging_mixin.py:190} INFO - [2024-10-10T13:59:16.795+0000] {dag.py:4180} INFO - Setting next_dagrun for dataset_with_extra_by_yield to 2024-10-09 00:00:00+00:00, run_after=2024-10-10 00:00:00+00:00
[2024-10-10T13:59:16.798+0000] {logging_mixin.py:190} INFO - [2024-10-10T13:59:16.798+0000] {dag.py:4180} INFO - Setting next_dagrun for dataset_with_extra_from_classic_operator to 2024-10-09 00:00:00+00:00, run_after=2024-10-10 00:00:00+00:00
[2024-10-10T13:59:16.818+0000] {processor.py:208} INFO - Processing /home/airflow/.local/lib/python3.12/site-packages/airflow/example_dags/example_outlet_event_extra.py took 0.208 seconds
[2024-10-10T13:59:46.919+0000] {processor.py:186} INFO - Started process (PID=128) to work on /home/airflow/.local/lib/python3.12/site-packages/airflow/example_dags/example_outlet_event_extra.py
[2024-10-10T13:59:46.920+0000] {processor.py:914} INFO - Processing file /home/airflow/.local/lib/python3.12/site-packages/airflow/example_dags/example_outlet_event_extra.py for tasks to queue
[2024-10-10T13:59:46.922+0000] {logging_mixin.py:190} INFO - [2024-10-10T13:59:46.922+0000] {dagbag.py:588} INFO - Filling up the DagBag from /home/airflow/.local/lib/python3.12/site-packages/airflow/example_dags/example_outlet_event_extra.py
[2024-10-10T13:59:47.042+0000] {processor.py:925} INFO - DAG(s) 'dataset_with_extra_by_yield', 'dataset_with_extra_by_context', 'dataset_with_extra_from_classic_operator' retrieved from /home/airflow/.local/lib/python3.12/site-packages/airflow/example_dags/example_outlet_event_extra.py
[2024-10-10T13:59:47.063+0000] {logging_mixin.py:190} INFO - [2024-10-10T13:59:47.063+0000] {dag.py:3239} INFO - Sync 3 DAGs
[2024-10-10T13:59:47.084+0000] {logging_mixin.py:190} INFO - [2024-10-10T13:59:47.084+0000] {dag.py:4180} INFO - Setting next_dagrun for dataset_with_extra_by_context to 2024-10-09 00:00:00+00:00, run_after=2024-10-10 00:00:00+00:00
[2024-10-10T13:59:47.088+0000] {logging_mixin.py:190} INFO - [2024-10-10T13:59:47.088+0000] {dag.py:4180} INFO - Setting next_dagrun for dataset_with_extra_by_yield to 2024-10-09 00:00:00+00:00, run_after=2024-10-10 00:00:00+00:00
[2024-10-10T13:59:47.091+0000] {logging_mixin.py:190} INFO - [2024-10-10T13:59:47.090+0000] {dag.py:4180} INFO - Setting next_dagrun for dataset_with_extra_from_classic_operator to 2024-10-09 00:00:00+00:00, run_after=2024-10-10 00:00:00+00:00
[2024-10-10T13:59:47.108+0000] {processor.py:208} INFO - Processing /home/airflow/.local/lib/python3.12/site-packages/airflow/example_dags/example_outlet_event_extra.py took 0.193 seconds
[2024-10-10T14:00:17.204+0000] {processor.py:186} INFO - Started process (PID=191) to work on /home/airflow/.local/lib/python3.12/site-packages/airflow/example_dags/example_outlet_event_extra.py
[2024-10-10T14:00:17.205+0000] {processor.py:914} INFO - Processing file /home/airflow/.local/lib/python3.12/site-packages/airflow/example_dags/example_outlet_event_extra.py for tasks to queue
[2024-10-10T14:00:17.207+0000] {logging_mixin.py:190} INFO - [2024-10-10T14:00:17.207+0000] {dagbag.py:588} INFO - Filling up the DagBag from /home/airflow/.local/lib/python3.12/site-packages/airflow/example_dags/example_outlet_event_extra.py
[2024-10-10T14:00:17.325+0000] {processor.py:925} INFO - DAG(s) 'dataset_with_extra_from_classic_operator', 'dataset_with_extra_by_context', 'dataset_with_extra_by_yield' retrieved from /home/airflow/.local/lib/python3.12/site-packages/airflow/example_dags/example_outlet_event_extra.py
[2024-10-10T14:00:17.344+0000] {logging_mixin.py:190} INFO - [2024-10-10T14:00:17.344+0000] {dag.py:3239} INFO - Sync 3 DAGs
[2024-10-10T14:00:17.363+0000] {logging_mixin.py:190} INFO - [2024-10-10T14:00:17.363+0000] {dag.py:4180} INFO - Setting next_dagrun for dataset_with_extra_by_context to 2024-10-09 00:00:00+00:00, run_after=2024-10-10 00:00:00+00:00
[2024-10-10T14:00:17.367+0000] {logging_mixin.py:190} INFO - [2024-10-10T14:00:17.367+0000] {dag.py:4180} INFO - Setting next_dagrun for dataset_with_extra_by_yield to 2024-10-09 00:00:00+00:00, run_after=2024-10-10 00:00:00+00:00
[2024-10-10T14:00:17.370+0000] {logging_mixin.py:190} INFO - [2024-10-10T14:00:17.370+0000] {dag.py:4180} INFO - Setting next_dagrun for dataset_with_extra_from_classic_operator to 2024-10-09 00:00:00+00:00, run_after=2024-10-10 00:00:00+00:00
[2024-10-10T14:00:17.387+0000] {processor.py:208} INFO - Processing /home/airflow/.local/lib/python3.12/site-packages/airflow/example_dags/example_outlet_event_extra.py took 0.191 seconds
[2024-10-10T14:00:47.471+0000] {processor.py:186} INFO - Started process (PID=255) to work on /home/airflow/.local/lib/python3.12/site-packages/airflow/example_dags/example_outlet_event_extra.py
[2024-10-10T14:00:47.473+0000] {processor.py:914} INFO - Processing file /home/airflow/.local/lib/python3.12/site-packages/airflow/example_dags/example_outlet_event_extra.py for tasks to queue
[2024-10-10T14:00:47.474+0000] {logging_mixin.py:190} INFO - [2024-10-10T14:00:47.474+0000] {dagbag.py:588} INFO - Filling up the DagBag from /home/airflow/.local/lib/python3.12/site-packages/airflow/example_dags/example_outlet_event_extra.py
[2024-10-10T14:00:47.585+0000] {processor.py:925} INFO - DAG(s) 'dataset_with_extra_by_yield', 'dataset_with_extra_by_context', 'dataset_with_extra_from_classic_operator' retrieved from /home/airflow/.local/lib/python3.12/site-packages/airflow/example_dags/example_outlet_event_extra.py
[2024-10-10T14:00:47.612+0000] {logging_mixin.py:190} INFO - [2024-10-10T14:00:47.612+0000] {dag.py:3239} INFO - Sync 3 DAGs
[2024-10-10T14:00:47.641+0000] {logging_mixin.py:190} INFO - [2024-10-10T14:00:47.641+0000] {dag.py:4180} INFO - Setting next_dagrun for dataset_with_extra_by_context to 2024-10-09 00:00:00+00:00, run_after=2024-10-10 00:00:00+00:00
[2024-10-10T14:00:47.647+0000] {logging_mixin.py:190} INFO - [2024-10-10T14:00:47.646+0000] {dag.py:4180} INFO - Setting next_dagrun for dataset_with_extra_by_yield to 2024-10-09 00:00:00+00:00, run_after=2024-10-10 00:00:00+00:00
[2024-10-10T14:00:47.650+0000] {logging_mixin.py:190} INFO - [2024-10-10T14:00:47.650+0000] {dag.py:4180} INFO - Setting next_dagrun for dataset_with_extra_from_classic_operator to 2024-10-09 00:00:00+00:00, run_after=2024-10-10 00:00:00+00:00
[2024-10-10T14:00:47.669+0000] {processor.py:208} INFO - Processing /home/airflow/.local/lib/python3.12/site-packages/airflow/example_dags/example_outlet_event_extra.py took 0.203 seconds
[2024-10-10T14:01:17.710+0000] {processor.py:186} INFO - Started process (PID=324) to work on /home/airflow/.local/lib/python3.12/site-packages/airflow/example_dags/example_outlet_event_extra.py
[2024-10-10T14:01:17.711+0000] {processor.py:914} INFO - Processing file /home/airflow/.local/lib/python3.12/site-packages/airflow/example_dags/example_outlet_event_extra.py for tasks to queue
[2024-10-10T14:01:17.712+0000] {logging_mixin.py:190} INFO - [2024-10-10T14:01:17.712+0000] {dagbag.py:588} INFO - Filling up the DagBag from /home/airflow/.local/lib/python3.12/site-packages/airflow/example_dags/example_outlet_event_extra.py
[2024-10-10T14:01:17.815+0000] {processor.py:925} INFO - DAG(s) 'dataset_with_extra_by_yield', 'dataset_with_extra_from_classic_operator', 'dataset_with_extra_by_context' retrieved from /home/airflow/.local/lib/python3.12/site-packages/airflow/example_dags/example_outlet_event_extra.py
[2024-10-10T14:01:17.832+0000] {logging_mixin.py:190} INFO - [2024-10-10T14:01:17.832+0000] {dag.py:3239} INFO - Sync 3 DAGs
[2024-10-10T14:01:17.850+0000] {logging_mixin.py:190} INFO - [2024-10-10T14:01:17.850+0000] {dag.py:4180} INFO - Setting next_dagrun for dataset_with_extra_by_context to 2024-10-09 00:00:00+00:00, run_after=2024-10-10 00:00:00+00:00
[2024-10-10T14:01:17.854+0000] {logging_mixin.py:190} INFO - [2024-10-10T14:01:17.854+0000] {dag.py:4180} INFO - Setting next_dagrun for dataset_with_extra_by_yield to 2024-10-09 00:00:00+00:00, run_after=2024-10-10 00:00:00+00:00
[2024-10-10T14:01:17.855+0000] {logging_mixin.py:190} INFO - [2024-10-10T14:01:17.855+0000] {dag.py:4180} INFO - Setting next_dagrun for dataset_with_extra_from_classic_operator to 2024-10-09 00:00:00+00:00, run_after=2024-10-10 00:00:00+00:00
[2024-10-10T14:01:17.870+0000] {processor.py:208} INFO - Processing /home/airflow/.local/lib/python3.12/site-packages/airflow/example_dags/example_outlet_event_extra.py took 0.164 seconds
[2024-10-10T14:01:47.962+0000] {processor.py:186} INFO - Started process (PID=386) to work on /home/airflow/.local/lib/python3.12/site-packages/airflow/example_dags/example_outlet_event_extra.py
[2024-10-10T14:01:47.962+0000] {processor.py:914} INFO - Processing file /home/airflow/.local/lib/python3.12/site-packages/airflow/example_dags/example_outlet_event_extra.py for tasks to queue
[2024-10-10T14:01:47.964+0000] {logging_mixin.py:190} INFO - [2024-10-10T14:01:47.964+0000] {dagbag.py:588} INFO - Filling up the DagBag from /home/airflow/.local/lib/python3.12/site-packages/airflow/example_dags/example_outlet_event_extra.py
[2024-10-10T14:01:48.069+0000] {processor.py:925} INFO - DAG(s) 'dataset_with_extra_from_classic_operator', 'dataset_with_extra_by_yield', 'dataset_with_extra_by_context' retrieved from /home/airflow/.local/lib/python3.12/site-packages/airflow/example_dags/example_outlet_event_extra.py
[2024-10-10T14:01:48.086+0000] {logging_mixin.py:190} INFO - [2024-10-10T14:01:48.086+0000] {dag.py:3239} INFO - Sync 3 DAGs
[2024-10-10T14:01:48.104+0000] {logging_mixin.py:190} INFO - [2024-10-10T14:01:48.103+0000] {dag.py:4180} INFO - Setting next_dagrun for dataset_with_extra_by_context to 2024-10-09 00:00:00+00:00, run_after=2024-10-10 00:00:00+00:00
[2024-10-10T14:01:48.107+0000] {logging_mixin.py:190} INFO - [2024-10-10T14:01:48.107+0000] {dag.py:4180} INFO - Setting next_dagrun for dataset_with_extra_by_yield to 2024-10-09 00:00:00+00:00, run_after=2024-10-10 00:00:00+00:00
[2024-10-10T14:01:48.109+0000] {logging_mixin.py:190} INFO - [2024-10-10T14:01:48.109+0000] {dag.py:4180} INFO - Setting next_dagrun for dataset_with_extra_from_classic_operator to 2024-10-09 00:00:00+00:00, run_after=2024-10-10 00:00:00+00:00
[2024-10-10T14:01:48.123+0000] {processor.py:208} INFO - Processing /home/airflow/.local/lib/python3.12/site-packages/airflow/example_dags/example_outlet_event_extra.py took 0.165 seconds
[2024-10-10T14:02:18.199+0000] {processor.py:186} INFO - Started process (PID=448) to work on /home/airflow/.local/lib/python3.12/site-packages/airflow/example_dags/example_outlet_event_extra.py
[2024-10-10T14:02:18.200+0000] {processor.py:914} INFO - Processing file /home/airflow/.local/lib/python3.12/site-packages/airflow/example_dags/example_outlet_event_extra.py for tasks to queue
[2024-10-10T14:02:18.201+0000] {logging_mixin.py:190} INFO - [2024-10-10T14:02:18.201+0000] {dagbag.py:588} INFO - Filling up the DagBag from /home/airflow/.local/lib/python3.12/site-packages/airflow/example_dags/example_outlet_event_extra.py
[2024-10-10T14:02:18.310+0000] {processor.py:925} INFO - DAG(s) 'dataset_with_extra_by_yield', 'dataset_with_extra_from_classic_operator', 'dataset_with_extra_by_context' retrieved from /home/airflow/.local/lib/python3.12/site-packages/airflow/example_dags/example_outlet_event_extra.py
[2024-10-10T14:02:18.329+0000] {logging_mixin.py:190} INFO - [2024-10-10T14:02:18.329+0000] {dag.py:3239} INFO - Sync 3 DAGs
[2024-10-10T14:02:18.347+0000] {logging_mixin.py:190} INFO - [2024-10-10T14:02:18.347+0000] {dag.py:4180} INFO - Setting next_dagrun for dataset_with_extra_by_context to 2024-10-09 00:00:00+00:00, run_after=2024-10-10 00:00:00+00:00
[2024-10-10T14:02:18.350+0000] {logging_mixin.py:190} INFO - [2024-10-10T14:02:18.350+0000] {dag.py:4180} INFO - Setting next_dagrun for dataset_with_extra_by_yield to 2024-10-09 00:00:00+00:00, run_after=2024-10-10 00:00:00+00:00
[2024-10-10T14:02:18.352+0000] {logging_mixin.py:190} INFO - [2024-10-10T14:02:18.352+0000] {dag.py:4180} INFO - Setting next_dagrun for dataset_with_extra_from_classic_operator to 2024-10-09 00:00:00+00:00, run_after=2024-10-10 00:00:00+00:00
[2024-10-10T14:02:18.368+0000] {processor.py:208} INFO - Processing /home/airflow/.local/lib/python3.12/site-packages/airflow/example_dags/example_outlet_event_extra.py took 0.174 seconds
[2024-10-10T14:02:49.116+0000] {processor.py:186} INFO - Started process (PID=510) to work on /home/airflow/.local/lib/python3.12/site-packages/airflow/example_dags/example_outlet_event_extra.py
[2024-10-10T14:02:49.117+0000] {processor.py:914} INFO - Processing file /home/airflow/.local/lib/python3.12/site-packages/airflow/example_dags/example_outlet_event_extra.py for tasks to queue
[2024-10-10T14:02:49.119+0000] {logging_mixin.py:190} INFO - [2024-10-10T14:02:49.119+0000] {dagbag.py:588} INFO - Filling up the DagBag from /home/airflow/.local/lib/python3.12/site-packages/airflow/example_dags/example_outlet_event_extra.py
[2024-10-10T14:02:49.231+0000] {processor.py:925} INFO - DAG(s) 'dataset_with_extra_from_classic_operator', 'dataset_with_extra_by_context', 'dataset_with_extra_by_yield' retrieved from /home/airflow/.local/lib/python3.12/site-packages/airflow/example_dags/example_outlet_event_extra.py
[2024-10-10T14:02:49.249+0000] {logging_mixin.py:190} INFO - [2024-10-10T14:02:49.249+0000] {dag.py:3239} INFO - Sync 3 DAGs
[2024-10-10T14:02:49.271+0000] {logging_mixin.py:190} INFO - [2024-10-10T14:02:49.271+0000] {dag.py:4180} INFO - Setting next_dagrun for dataset_with_extra_by_context to 2024-10-09 00:00:00+00:00, run_after=2024-10-10 00:00:00+00:00
[2024-10-10T14:02:49.275+0000] {logging_mixin.py:190} INFO - [2024-10-10T14:02:49.275+0000] {dag.py:4180} INFO - Setting next_dagrun for dataset_with_extra_by_yield to 2024-10-09 00:00:00+00:00, run_after=2024-10-10 00:00:00+00:00
[2024-10-10T14:02:49.277+0000] {logging_mixin.py:190} INFO - [2024-10-10T14:02:49.277+0000] {dag.py:4180} INFO - Setting next_dagrun for dataset_with_extra_from_classic_operator to 2024-10-09 00:00:00+00:00, run_after=2024-10-10 00:00:00+00:00
[2024-10-10T14:02:49.296+0000] {processor.py:208} INFO - Processing /home/airflow/.local/lib/python3.12/site-packages/airflow/example_dags/example_outlet_event_extra.py took 0.185 seconds
[2024-10-10T14:03:19.844+0000] {processor.py:186} INFO - Started process (PID=572) to work on /home/airflow/.local/lib/python3.12/site-packages/airflow/example_dags/example_outlet_event_extra.py
[2024-10-10T14:03:19.845+0000] {processor.py:914} INFO - Processing file /home/airflow/.local/lib/python3.12/site-packages/airflow/example_dags/example_outlet_event_extra.py for tasks to queue
[2024-10-10T14:03:19.847+0000] {logging_mixin.py:190} INFO - [2024-10-10T14:03:19.847+0000] {dagbag.py:588} INFO - Filling up the DagBag from /home/airflow/.local/lib/python3.12/site-packages/airflow/example_dags/example_outlet_event_extra.py
[2024-10-10T14:03:19.949+0000] {processor.py:925} INFO - DAG(s) 'dataset_with_extra_from_classic_operator', 'dataset_with_extra_by_context', 'dataset_with_extra_by_yield' retrieved from /home/airflow/.local/lib/python3.12/site-packages/airflow/example_dags/example_outlet_event_extra.py
[2024-10-10T14:03:19.971+0000] {logging_mixin.py:190} INFO - [2024-10-10T14:03:19.970+0000] {dag.py:3239} INFO - Sync 3 DAGs
[2024-10-10T14:03:19.993+0000] {logging_mixin.py:190} INFO - [2024-10-10T14:03:19.992+0000] {dag.py:4180} INFO - Setting next_dagrun for dataset_with_extra_by_context to 2024-10-09 00:00:00+00:00, run_after=2024-10-10 00:00:00+00:00
[2024-10-10T14:03:19.996+0000] {logging_mixin.py:190} INFO - [2024-10-10T14:03:19.996+0000] {dag.py:4180} INFO - Setting next_dagrun for dataset_with_extra_by_yield to 2024-10-09 00:00:00+00:00, run_after=2024-10-10 00:00:00+00:00
[2024-10-10T14:03:19.998+0000] {logging_mixin.py:190} INFO - [2024-10-10T14:03:19.998+0000] {dag.py:4180} INFO - Setting next_dagrun for dataset_with_extra_from_classic_operator to 2024-10-09 00:00:00+00:00, run_after=2024-10-10 00:00:00+00:00
[2024-10-10T14:03:20.023+0000] {processor.py:208} INFO - Processing /home/airflow/.local/lib/python3.12/site-packages/airflow/example_dags/example_outlet_event_extra.py took 0.182 seconds
[2024-10-10T14:03:50.716+0000] {processor.py:186} INFO - Started process (PID=634) to work on /home/airflow/.local/lib/python3.12/site-packages/airflow/example_dags/example_outlet_event_extra.py
[2024-10-10T14:03:50.717+0000] {processor.py:914} INFO - Processing file /home/airflow/.local/lib/python3.12/site-packages/airflow/example_dags/example_outlet_event_extra.py for tasks to queue
[2024-10-10T14:03:50.719+0000] {logging_mixin.py:190} INFO - [2024-10-10T14:03:50.718+0000] {dagbag.py:588} INFO - Filling up the DagBag from /home/airflow/.local/lib/python3.12/site-packages/airflow/example_dags/example_outlet_event_extra.py
[2024-10-10T14:03:50.822+0000] {processor.py:925} INFO - DAG(s) 'dataset_with_extra_by_yield', 'dataset_with_extra_by_context', 'dataset_with_extra_from_classic_operator' retrieved from /home/airflow/.local/lib/python3.12/site-packages/airflow/example_dags/example_outlet_event_extra.py
[2024-10-10T14:03:50.840+0000] {logging_mixin.py:190} INFO - [2024-10-10T14:03:50.840+0000] {dag.py:3239} INFO - Sync 3 DAGs
[2024-10-10T14:03:50.859+0000] {logging_mixin.py:190} INFO - [2024-10-10T14:03:50.859+0000] {dag.py:4180} INFO - Setting next_dagrun for dataset_with_extra_by_context to 2024-10-09 00:00:00+00:00, run_after=2024-10-10 00:00:00+00:00
[2024-10-10T14:03:50.864+0000] {logging_mixin.py:190} INFO - [2024-10-10T14:03:50.863+0000] {dag.py:4180} INFO - Setting next_dagrun for dataset_with_extra_by_yield to 2024-10-09 00:00:00+00:00, run_after=2024-10-10 00:00:00+00:00
[2024-10-10T14:03:50.865+0000] {logging_mixin.py:190} INFO - [2024-10-10T14:03:50.865+0000] {dag.py:4180} INFO - Setting next_dagrun for dataset_with_extra_from_classic_operator to 2024-10-09 00:00:00+00:00, run_after=2024-10-10 00:00:00+00:00
[2024-10-10T14:03:50.880+0000] {processor.py:208} INFO - Processing /home/airflow/.local/lib/python3.12/site-packages/airflow/example_dags/example_outlet_event_extra.py took 0.168 seconds
[2024-10-10T14:04:21.442+0000] {processor.py:186} INFO - Started process (PID=696) to work on /home/airflow/.local/lib/python3.12/site-packages/airflow/example_dags/example_outlet_event_extra.py
[2024-10-10T14:04:21.442+0000] {processor.py:914} INFO - Processing file /home/airflow/.local/lib/python3.12/site-packages/airflow/example_dags/example_outlet_event_extra.py for tasks to queue
[2024-10-10T14:04:21.444+0000] {logging_mixin.py:190} INFO - [2024-10-10T14:04:21.444+0000] {dagbag.py:588} INFO - Filling up the DagBag from /home/airflow/.local/lib/python3.12/site-packages/airflow/example_dags/example_outlet_event_extra.py
[2024-10-10T14:04:21.554+0000] {processor.py:925} INFO - DAG(s) 'dataset_with_extra_from_classic_operator', 'dataset_with_extra_by_yield', 'dataset_with_extra_by_context' retrieved from /home/airflow/.local/lib/python3.12/site-packages/airflow/example_dags/example_outlet_event_extra.py
[2024-10-10T14:04:21.572+0000] {logging_mixin.py:190} INFO - [2024-10-10T14:04:21.572+0000] {dag.py:3239} INFO - Sync 3 DAGs
[2024-10-10T14:04:21.591+0000] {logging_mixin.py:190} INFO - [2024-10-10T14:04:21.591+0000] {dag.py:4180} INFO - Setting next_dagrun for dataset_with_extra_by_context to 2024-10-09 00:00:00+00:00, run_after=2024-10-10 00:00:00+00:00
[2024-10-10T14:04:21.595+0000] {logging_mixin.py:190} INFO - [2024-10-10T14:04:21.595+0000] {dag.py:4180} INFO - Setting next_dagrun for dataset_with_extra_by_yield to 2024-10-09 00:00:00+00:00, run_after=2024-10-10 00:00:00+00:00
[2024-10-10T14:04:21.597+0000] {logging_mixin.py:190} INFO - [2024-10-10T14:04:21.597+0000] {dag.py:4180} INFO - Setting next_dagrun for dataset_with_extra_from_classic_operator to 2024-10-09 00:00:00+00:00, run_after=2024-10-10 00:00:00+00:00
[2024-10-10T14:04:21.614+0000] {processor.py:208} INFO - Processing /home/airflow/.local/lib/python3.12/site-packages/airflow/example_dags/example_outlet_event_extra.py took 0.177 seconds
[2024-10-10T14:04:52.327+0000] {processor.py:186} INFO - Started process (PID=758) to work on /home/airflow/.local/lib/python3.12/site-packages/airflow/example_dags/example_outlet_event_extra.py
[2024-10-10T14:04:52.328+0000] {processor.py:914} INFO - Processing file /home/airflow/.local/lib/python3.12/site-packages/airflow/example_dags/example_outlet_event_extra.py for tasks to queue
[2024-10-10T14:04:52.329+0000] {logging_mixin.py:190} INFO - [2024-10-10T14:04:52.329+0000] {dagbag.py:588} INFO - Filling up the DagBag from /home/airflow/.local/lib/python3.12/site-packages/airflow/example_dags/example_outlet_event_extra.py
[2024-10-10T14:04:52.432+0000] {processor.py:925} INFO - DAG(s) 'dataset_with_extra_by_yield', 'dataset_with_extra_by_context', 'dataset_with_extra_from_classic_operator' retrieved from /home/airflow/.local/lib/python3.12/site-packages/airflow/example_dags/example_outlet_event_extra.py
[2024-10-10T14:04:52.454+0000] {logging_mixin.py:190} INFO - [2024-10-10T14:04:52.453+0000] {dag.py:3239} INFO - Sync 3 DAGs
[2024-10-10T14:04:52.471+0000] {logging_mixin.py:190} INFO - [2024-10-10T14:04:52.471+0000] {dag.py:4180} INFO - Setting next_dagrun for dataset_with_extra_by_context to 2024-10-09 00:00:00+00:00, run_after=2024-10-10 00:00:00+00:00
[2024-10-10T14:04:52.475+0000] {logging_mixin.py:190} INFO - [2024-10-10T14:04:52.474+0000] {dag.py:4180} INFO - Setting next_dagrun for dataset_with_extra_by_yield to 2024-10-09 00:00:00+00:00, run_after=2024-10-10 00:00:00+00:00
[2024-10-10T14:04:52.476+0000] {logging_mixin.py:190} INFO - [2024-10-10T14:04:52.476+0000] {dag.py:4180} INFO - Setting next_dagrun for dataset_with_extra_from_classic_operator to 2024-10-09 00:00:00+00:00, run_after=2024-10-10 00:00:00+00:00
[2024-10-10T14:04:52.491+0000] {processor.py:208} INFO - Processing /home/airflow/.local/lib/python3.12/site-packages/airflow/example_dags/example_outlet_event_extra.py took 0.168 seconds
[2024-10-10T14:05:22.964+0000] {processor.py:186} INFO - Started process (PID=820) to work on /home/airflow/.local/lib/python3.12/site-packages/airflow/example_dags/example_outlet_event_extra.py
[2024-10-10T14:05:22.965+0000] {processor.py:914} INFO - Processing file /home/airflow/.local/lib/python3.12/site-packages/airflow/example_dags/example_outlet_event_extra.py for tasks to queue
[2024-10-10T14:05:22.966+0000] {logging_mixin.py:190} INFO - [2024-10-10T14:05:22.966+0000] {dagbag.py:588} INFO - Filling up the DagBag from /home/airflow/.local/lib/python3.12/site-packages/airflow/example_dags/example_outlet_event_extra.py
[2024-10-10T14:05:23.073+0000] {processor.py:925} INFO - DAG(s) 'dataset_with_extra_from_classic_operator', 'dataset_with_extra_by_yield', 'dataset_with_extra_by_context' retrieved from /home/airflow/.local/lib/python3.12/site-packages/airflow/example_dags/example_outlet_event_extra.py
[2024-10-10T14:05:23.094+0000] {logging_mixin.py:190} INFO - [2024-10-10T14:05:23.094+0000] {dag.py:3239} INFO - Sync 3 DAGs
[2024-10-10T14:05:23.118+0000] {logging_mixin.py:190} INFO - [2024-10-10T14:05:23.117+0000] {dag.py:4180} INFO - Setting next_dagrun for dataset_with_extra_by_context to 2024-10-09 00:00:00+00:00, run_after=2024-10-10 00:00:00+00:00
[2024-10-10T14:05:23.123+0000] {logging_mixin.py:190} INFO - [2024-10-10T14:05:23.122+0000] {dag.py:4180} INFO - Setting next_dagrun for dataset_with_extra_by_yield to 2024-10-09 00:00:00+00:00, run_after=2024-10-10 00:00:00+00:00
[2024-10-10T14:05:23.125+0000] {logging_mixin.py:190} INFO - [2024-10-10T14:05:23.125+0000] {dag.py:4180} INFO - Setting next_dagrun for dataset_with_extra_from_classic_operator to 2024-10-09 00:00:00+00:00, run_after=2024-10-10 00:00:00+00:00
[2024-10-10T14:05:23.145+0000] {processor.py:208} INFO - Processing /home/airflow/.local/lib/python3.12/site-packages/airflow/example_dags/example_outlet_event_extra.py took 0.185 seconds
[2024-10-10T14:05:53.692+0000] {processor.py:186} INFO - Started process (PID=882) to work on /home/airflow/.local/lib/python3.12/site-packages/airflow/example_dags/example_outlet_event_extra.py
[2024-10-10T14:05:53.692+0000] {processor.py:914} INFO - Processing file /home/airflow/.local/lib/python3.12/site-packages/airflow/example_dags/example_outlet_event_extra.py for tasks to queue
[2024-10-10T14:05:53.694+0000] {logging_mixin.py:190} INFO - [2024-10-10T14:05:53.694+0000] {dagbag.py:588} INFO - Filling up the DagBag from /home/airflow/.local/lib/python3.12/site-packages/airflow/example_dags/example_outlet_event_extra.py
[2024-10-10T14:05:53.817+0000] {processor.py:925} INFO - DAG(s) 'dataset_with_extra_by_yield', 'dataset_with_extra_by_context', 'dataset_with_extra_from_classic_operator' retrieved from /home/airflow/.local/lib/python3.12/site-packages/airflow/example_dags/example_outlet_event_extra.py
[2024-10-10T14:05:53.836+0000] {logging_mixin.py:190} INFO - [2024-10-10T14:05:53.835+0000] {dag.py:3239} INFO - Sync 3 DAGs
[2024-10-10T14:05:53.853+0000] {logging_mixin.py:190} INFO - [2024-10-10T14:05:53.853+0000] {dag.py:4180} INFO - Setting next_dagrun for dataset_with_extra_by_context to 2024-10-09 00:00:00+00:00, run_after=2024-10-10 00:00:00+00:00
[2024-10-10T14:05:53.856+0000] {logging_mixin.py:190} INFO - [2024-10-10T14:05:53.856+0000] {dag.py:4180} INFO - Setting next_dagrun for dataset_with_extra_by_yield to 2024-10-09 00:00:00+00:00, run_after=2024-10-10 00:00:00+00:00
[2024-10-10T14:05:53.858+0000] {logging_mixin.py:190} INFO - [2024-10-10T14:05:53.858+0000] {dag.py:4180} INFO - Setting next_dagrun for dataset_with_extra_from_classic_operator to 2024-10-09 00:00:00+00:00, run_after=2024-10-10 00:00:00+00:00
[2024-10-10T14:05:53.882+0000] {processor.py:208} INFO - Processing /home/airflow/.local/lib/python3.12/site-packages/airflow/example_dags/example_outlet_event_extra.py took 0.194 seconds
[2024-10-10T14:06:24.444+0000] {processor.py:186} INFO - Started process (PID=944) to work on /home/airflow/.local/lib/python3.12/site-packages/airflow/example_dags/example_outlet_event_extra.py
[2024-10-10T14:06:24.445+0000] {processor.py:914} INFO - Processing file /home/airflow/.local/lib/python3.12/site-packages/airflow/example_dags/example_outlet_event_extra.py for tasks to queue
[2024-10-10T14:06:24.447+0000] {logging_mixin.py:190} INFO - [2024-10-10T14:06:24.446+0000] {dagbag.py:588} INFO - Filling up the DagBag from /home/airflow/.local/lib/python3.12/site-packages/airflow/example_dags/example_outlet_event_extra.py
[2024-10-10T14:06:24.548+0000] {processor.py:925} INFO - DAG(s) 'dataset_with_extra_by_yield', 'dataset_with_extra_from_classic_operator', 'dataset_with_extra_by_context' retrieved from /home/airflow/.local/lib/python3.12/site-packages/airflow/example_dags/example_outlet_event_extra.py
[2024-10-10T14:06:24.567+0000] {logging_mixin.py:190} INFO - [2024-10-10T14:06:24.566+0000] {dag.py:3239} INFO - Sync 3 DAGs
[2024-10-10T14:06:24.584+0000] {logging_mixin.py:190} INFO - [2024-10-10T14:06:24.583+0000] {dag.py:4180} INFO - Setting next_dagrun for dataset_with_extra_by_context to 2024-10-09 00:00:00+00:00, run_after=2024-10-10 00:00:00+00:00
[2024-10-10T14:06:24.587+0000] {logging_mixin.py:190} INFO - [2024-10-10T14:06:24.587+0000] {dag.py:4180} INFO - Setting next_dagrun for dataset_with_extra_by_yield to 2024-10-09 00:00:00+00:00, run_after=2024-10-10 00:00:00+00:00
[2024-10-10T14:06:24.589+0000] {logging_mixin.py:190} INFO - [2024-10-10T14:06:24.588+0000] {dag.py:4180} INFO - Setting next_dagrun for dataset_with_extra_from_classic_operator to 2024-10-09 00:00:00+00:00, run_after=2024-10-10 00:00:00+00:00
[2024-10-10T14:06:24.605+0000] {processor.py:208} INFO - Processing /home/airflow/.local/lib/python3.12/site-packages/airflow/example_dags/example_outlet_event_extra.py took 0.164 seconds
[2024-10-10T14:06:55.181+0000] {processor.py:186} INFO - Started process (PID=1006) to work on /home/airflow/.local/lib/python3.12/site-packages/airflow/example_dags/example_outlet_event_extra.py
[2024-10-10T14:06:55.182+0000] {processor.py:914} INFO - Processing file /home/airflow/.local/lib/python3.12/site-packages/airflow/example_dags/example_outlet_event_extra.py for tasks to queue
[2024-10-10T14:06:55.183+0000] {logging_mixin.py:190} INFO - [2024-10-10T14:06:55.183+0000] {dagbag.py:588} INFO - Filling up the DagBag from /home/airflow/.local/lib/python3.12/site-packages/airflow/example_dags/example_outlet_event_extra.py
[2024-10-10T14:06:55.286+0000] {processor.py:925} INFO - DAG(s) 'dataset_with_extra_by_context', 'dataset_with_extra_from_classic_operator', 'dataset_with_extra_by_yield' retrieved from /home/airflow/.local/lib/python3.12/site-packages/airflow/example_dags/example_outlet_event_extra.py
[2024-10-10T14:06:55.303+0000] {logging_mixin.py:190} INFO - [2024-10-10T14:06:55.303+0000] {dag.py:3239} INFO - Sync 3 DAGs
[2024-10-10T14:06:55.321+0000] {logging_mixin.py:190} INFO - [2024-10-10T14:06:55.321+0000] {dag.py:4180} INFO - Setting next_dagrun for dataset_with_extra_by_context to 2024-10-09 00:00:00+00:00, run_after=2024-10-10 00:00:00+00:00
[2024-10-10T14:06:55.325+0000] {logging_mixin.py:190} INFO - [2024-10-10T14:06:55.325+0000] {dag.py:4180} INFO - Setting next_dagrun for dataset_with_extra_by_yield to 2024-10-09 00:00:00+00:00, run_after=2024-10-10 00:00:00+00:00
[2024-10-10T14:06:55.327+0000] {logging_mixin.py:190} INFO - [2024-10-10T14:06:55.326+0000] {dag.py:4180} INFO - Setting next_dagrun for dataset_with_extra_from_classic_operator to 2024-10-09 00:00:00+00:00, run_after=2024-10-10 00:00:00+00:00
[2024-10-10T14:06:55.350+0000] {processor.py:208} INFO - Processing /home/airflow/.local/lib/python3.12/site-packages/airflow/example_dags/example_outlet_event_extra.py took 0.172 seconds
[2024-10-10T14:07:25.901+0000] {processor.py:186} INFO - Started process (PID=1068) to work on /home/airflow/.local/lib/python3.12/site-packages/airflow/example_dags/example_outlet_event_extra.py
[2024-10-10T14:07:25.902+0000] {processor.py:914} INFO - Processing file /home/airflow/.local/lib/python3.12/site-packages/airflow/example_dags/example_outlet_event_extra.py for tasks to queue
[2024-10-10T14:07:25.904+0000] {logging_mixin.py:190} INFO - [2024-10-10T14:07:25.903+0000] {dagbag.py:588} INFO - Filling up the DagBag from /home/airflow/.local/lib/python3.12/site-packages/airflow/example_dags/example_outlet_event_extra.py
[2024-10-10T14:07:26.012+0000] {processor.py:925} INFO - DAG(s) 'dataset_with_extra_from_classic_operator', 'dataset_with_extra_by_yield', 'dataset_with_extra_by_context' retrieved from /home/airflow/.local/lib/python3.12/site-packages/airflow/example_dags/example_outlet_event_extra.py
[2024-10-10T14:07:26.031+0000] {logging_mixin.py:190} INFO - [2024-10-10T14:07:26.031+0000] {dag.py:3239} INFO - Sync 3 DAGs
[2024-10-10T14:07:26.050+0000] {logging_mixin.py:190} INFO - [2024-10-10T14:07:26.050+0000] {dag.py:4180} INFO - Setting next_dagrun for dataset_with_extra_by_context to 2024-10-09 00:00:00+00:00, run_after=2024-10-10 00:00:00+00:00
[2024-10-10T14:07:26.054+0000] {logging_mixin.py:190} INFO - [2024-10-10T14:07:26.053+0000] {dag.py:4180} INFO - Setting next_dagrun for dataset_with_extra_by_yield to 2024-10-09 00:00:00+00:00, run_after=2024-10-10 00:00:00+00:00
[2024-10-10T14:07:26.055+0000] {logging_mixin.py:190} INFO - [2024-10-10T14:07:26.055+0000] {dag.py:4180} INFO - Setting next_dagrun for dataset_with_extra_from_classic_operator to 2024-10-09 00:00:00+00:00, run_after=2024-10-10 00:00:00+00:00
[2024-10-10T14:07:26.070+0000] {processor.py:208} INFO - Processing /home/airflow/.local/lib/python3.12/site-packages/airflow/example_dags/example_outlet_event_extra.py took 0.173 seconds
[2024-10-10T14:07:56.649+0000] {processor.py:186} INFO - Started process (PID=1130) to work on /home/airflow/.local/lib/python3.12/site-packages/airflow/example_dags/example_outlet_event_extra.py
[2024-10-10T14:07:56.649+0000] {processor.py:914} INFO - Processing file /home/airflow/.local/lib/python3.12/site-packages/airflow/example_dags/example_outlet_event_extra.py for tasks to queue
[2024-10-10T14:07:56.651+0000] {logging_mixin.py:190} INFO - [2024-10-10T14:07:56.651+0000] {dagbag.py:588} INFO - Filling up the DagBag from /home/airflow/.local/lib/python3.12/site-packages/airflow/example_dags/example_outlet_event_extra.py
[2024-10-10T14:07:56.755+0000] {processor.py:925} INFO - DAG(s) 'dataset_with_extra_by_yield', 'dataset_with_extra_from_classic_operator', 'dataset_with_extra_by_context' retrieved from /home/airflow/.local/lib/python3.12/site-packages/airflow/example_dags/example_outlet_event_extra.py
[2024-10-10T14:07:56.773+0000] {logging_mixin.py:190} INFO - [2024-10-10T14:07:56.773+0000] {dag.py:3239} INFO - Sync 3 DAGs
[2024-10-10T14:07:56.791+0000] {logging_mixin.py:190} INFO - [2024-10-10T14:07:56.791+0000] {dag.py:4180} INFO - Setting next_dagrun for dataset_with_extra_by_context to 2024-10-09 00:00:00+00:00, run_after=2024-10-10 00:00:00+00:00
[2024-10-10T14:07:56.796+0000] {logging_mixin.py:190} INFO - [2024-10-10T14:07:56.795+0000] {dag.py:4180} INFO - Setting next_dagrun for dataset_with_extra_by_yield to 2024-10-09 00:00:00+00:00, run_after=2024-10-10 00:00:00+00:00
[2024-10-10T14:07:56.798+0000] {logging_mixin.py:190} INFO - [2024-10-10T14:07:56.798+0000] {dag.py:4180} INFO - Setting next_dagrun for dataset_with_extra_from_classic_operator to 2024-10-09 00:00:00+00:00, run_after=2024-10-10 00:00:00+00:00
[2024-10-10T14:07:56.822+0000] {processor.py:208} INFO - Processing /home/airflow/.local/lib/python3.12/site-packages/airflow/example_dags/example_outlet_event_extra.py took 0.177 seconds
[2024-10-10T14:08:27.433+0000] {processor.py:186} INFO - Started process (PID=1192) to work on /home/airflow/.local/lib/python3.12/site-packages/airflow/example_dags/example_outlet_event_extra.py
[2024-10-10T14:08:27.434+0000] {processor.py:914} INFO - Processing file /home/airflow/.local/lib/python3.12/site-packages/airflow/example_dags/example_outlet_event_extra.py for tasks to queue
[2024-10-10T14:08:27.435+0000] {logging_mixin.py:190} INFO - [2024-10-10T14:08:27.435+0000] {dagbag.py:588} INFO - Filling up the DagBag from /home/airflow/.local/lib/python3.12/site-packages/airflow/example_dags/example_outlet_event_extra.py
[2024-10-10T14:08:27.540+0000] {processor.py:925} INFO - DAG(s) 'dataset_with_extra_by_yield', 'dataset_with_extra_by_context', 'dataset_with_extra_from_classic_operator' retrieved from /home/airflow/.local/lib/python3.12/site-packages/airflow/example_dags/example_outlet_event_extra.py
[2024-10-10T14:08:27.559+0000] {logging_mixin.py:190} INFO - [2024-10-10T14:08:27.559+0000] {dag.py:3239} INFO - Sync 3 DAGs
[2024-10-10T14:08:27.577+0000] {logging_mixin.py:190} INFO - [2024-10-10T14:08:27.577+0000] {dag.py:4180} INFO - Setting next_dagrun for dataset_with_extra_by_context to 2024-10-09 00:00:00+00:00, run_after=2024-10-10 00:00:00+00:00
[2024-10-10T14:08:27.580+0000] {logging_mixin.py:190} INFO - [2024-10-10T14:08:27.580+0000] {dag.py:4180} INFO - Setting next_dagrun for dataset_with_extra_by_yield to 2024-10-09 00:00:00+00:00, run_after=2024-10-10 00:00:00+00:00
[2024-10-10T14:08:27.582+0000] {logging_mixin.py:190} INFO - [2024-10-10T14:08:27.582+0000] {dag.py:4180} INFO - Setting next_dagrun for dataset_with_extra_from_classic_operator to 2024-10-09 00:00:00+00:00, run_after=2024-10-10 00:00:00+00:00
[2024-10-10T14:08:27.597+0000] {processor.py:208} INFO - Processing /home/airflow/.local/lib/python3.12/site-packages/airflow/example_dags/example_outlet_event_extra.py took 0.167 seconds
[2024-10-10T14:08:58.219+0000] {processor.py:186} INFO - Started process (PID=1254) to work on /home/airflow/.local/lib/python3.12/site-packages/airflow/example_dags/example_outlet_event_extra.py
[2024-10-10T14:08:58.220+0000] {processor.py:914} INFO - Processing file /home/airflow/.local/lib/python3.12/site-packages/airflow/example_dags/example_outlet_event_extra.py for tasks to queue
[2024-10-10T14:08:58.222+0000] {logging_mixin.py:190} INFO - [2024-10-10T14:08:58.221+0000] {dagbag.py:588} INFO - Filling up the DagBag from /home/airflow/.local/lib/python3.12/site-packages/airflow/example_dags/example_outlet_event_extra.py
[2024-10-10T14:08:58.328+0000] {processor.py:925} INFO - DAG(s) 'dataset_with_extra_by_context', 'dataset_with_extra_by_yield', 'dataset_with_extra_from_classic_operator' retrieved from /home/airflow/.local/lib/python3.12/site-packages/airflow/example_dags/example_outlet_event_extra.py
[2024-10-10T14:08:58.348+0000] {logging_mixin.py:190} INFO - [2024-10-10T14:08:58.347+0000] {dag.py:3239} INFO - Sync 3 DAGs
[2024-10-10T14:08:58.369+0000] {logging_mixin.py:190} INFO - [2024-10-10T14:08:58.369+0000] {dag.py:4180} INFO - Setting next_dagrun for dataset_with_extra_by_context to 2024-10-09 00:00:00+00:00, run_after=2024-10-10 00:00:00+00:00
[2024-10-10T14:08:58.373+0000] {logging_mixin.py:190} INFO - [2024-10-10T14:08:58.372+0000] {dag.py:4180} INFO - Setting next_dagrun for dataset_with_extra_by_yield to 2024-10-09 00:00:00+00:00, run_after=2024-10-10 00:00:00+00:00
[2024-10-10T14:08:58.375+0000] {logging_mixin.py:190} INFO - [2024-10-10T14:08:58.375+0000] {dag.py:4180} INFO - Setting next_dagrun for dataset_with_extra_from_classic_operator to 2024-10-09 00:00:00+00:00, run_after=2024-10-10 00:00:00+00:00
[2024-10-10T14:08:58.393+0000] {processor.py:208} INFO - Processing /home/airflow/.local/lib/python3.12/site-packages/airflow/example_dags/example_outlet_event_extra.py took 0.178 seconds
[2024-10-10T14:09:28.902+0000] {processor.py:186} INFO - Started process (PID=1316) to work on /home/airflow/.local/lib/python3.12/site-packages/airflow/example_dags/example_outlet_event_extra.py
[2024-10-10T14:09:28.903+0000] {processor.py:914} INFO - Processing file /home/airflow/.local/lib/python3.12/site-packages/airflow/example_dags/example_outlet_event_extra.py for tasks to queue
[2024-10-10T14:09:28.904+0000] {logging_mixin.py:190} INFO - [2024-10-10T14:09:28.904+0000] {dagbag.py:588} INFO - Filling up the DagBag from /home/airflow/.local/lib/python3.12/site-packages/airflow/example_dags/example_outlet_event_extra.py
[2024-10-10T14:09:29.027+0000] {processor.py:925} INFO - DAG(s) 'dataset_with_extra_from_classic_operator', 'dataset_with_extra_by_yield', 'dataset_with_extra_by_context' retrieved from /home/airflow/.local/lib/python3.12/site-packages/airflow/example_dags/example_outlet_event_extra.py
[2024-10-10T14:09:29.047+0000] {logging_mixin.py:190} INFO - [2024-10-10T14:09:29.046+0000] {dag.py:3239} INFO - Sync 3 DAGs
[2024-10-10T14:09:29.065+0000] {logging_mixin.py:190} INFO - [2024-10-10T14:09:29.065+0000] {dag.py:4180} INFO - Setting next_dagrun for dataset_with_extra_by_context to 2024-10-09 00:00:00+00:00, run_after=2024-10-10 00:00:00+00:00
[2024-10-10T14:09:29.069+0000] {logging_mixin.py:190} INFO - [2024-10-10T14:09:29.069+0000] {dag.py:4180} INFO - Setting next_dagrun for dataset_with_extra_by_yield to 2024-10-09 00:00:00+00:00, run_after=2024-10-10 00:00:00+00:00
[2024-10-10T14:09:29.071+0000] {logging_mixin.py:190} INFO - [2024-10-10T14:09:29.071+0000] {dag.py:4180} INFO - Setting next_dagrun for dataset_with_extra_from_classic_operator to 2024-10-09 00:00:00+00:00, run_after=2024-10-10 00:00:00+00:00
[2024-10-10T14:09:29.086+0000] {processor.py:208} INFO - Processing /home/airflow/.local/lib/python3.12/site-packages/airflow/example_dags/example_outlet_event_extra.py took 0.189 seconds
[2024-10-10T14:09:59.766+0000] {processor.py:186} INFO - Started process (PID=1378) to work on /home/airflow/.local/lib/python3.12/site-packages/airflow/example_dags/example_outlet_event_extra.py
[2024-10-10T14:09:59.767+0000] {processor.py:914} INFO - Processing file /home/airflow/.local/lib/python3.12/site-packages/airflow/example_dags/example_outlet_event_extra.py for tasks to queue
[2024-10-10T14:09:59.769+0000] {logging_mixin.py:190} INFO - [2024-10-10T14:09:59.768+0000] {dagbag.py:588} INFO - Filling up the DagBag from /home/airflow/.local/lib/python3.12/site-packages/airflow/example_dags/example_outlet_event_extra.py
[2024-10-10T14:09:59.892+0000] {processor.py:925} INFO - DAG(s) 'dataset_with_extra_from_classic_operator', 'dataset_with_extra_by_context', 'dataset_with_extra_by_yield' retrieved from /home/airflow/.local/lib/python3.12/site-packages/airflow/example_dags/example_outlet_event_extra.py
[2024-10-10T14:09:59.913+0000] {logging_mixin.py:190} INFO - [2024-10-10T14:09:59.912+0000] {dag.py:3239} INFO - Sync 3 DAGs
[2024-10-10T14:09:59.934+0000] {logging_mixin.py:190} INFO - [2024-10-10T14:09:59.934+0000] {dag.py:4180} INFO - Setting next_dagrun for dataset_with_extra_by_context to 2024-10-09 00:00:00+00:00, run_after=2024-10-10 00:00:00+00:00
[2024-10-10T14:09:59.938+0000] {logging_mixin.py:190} INFO - [2024-10-10T14:09:59.938+0000] {dag.py:4180} INFO - Setting next_dagrun for dataset_with_extra_by_yield to 2024-10-09 00:00:00+00:00, run_after=2024-10-10 00:00:00+00:00
[2024-10-10T14:09:59.940+0000] {logging_mixin.py:190} INFO - [2024-10-10T14:09:59.940+0000] {dag.py:4180} INFO - Setting next_dagrun for dataset_with_extra_from_classic_operator to 2024-10-09 00:00:00+00:00, run_after=2024-10-10 00:00:00+00:00
[2024-10-10T14:09:59.961+0000] {processor.py:208} INFO - Processing /home/airflow/.local/lib/python3.12/site-packages/airflow/example_dags/example_outlet_event_extra.py took 0.200 seconds
[2024-10-10T14:10:30.918+0000] {processor.py:186} INFO - Started process (PID=1441) to work on /home/airflow/.local/lib/python3.12/site-packages/airflow/example_dags/example_outlet_event_extra.py
[2024-10-10T14:10:30.918+0000] {processor.py:914} INFO - Processing file /home/airflow/.local/lib/python3.12/site-packages/airflow/example_dags/example_outlet_event_extra.py for tasks to queue
[2024-10-10T14:10:30.920+0000] {logging_mixin.py:190} INFO - [2024-10-10T14:10:30.920+0000] {dagbag.py:588} INFO - Filling up the DagBag from /home/airflow/.local/lib/python3.12/site-packages/airflow/example_dags/example_outlet_event_extra.py
[2024-10-10T14:10:31.032+0000] {processor.py:925} INFO - DAG(s) 'dataset_with_extra_by_yield', 'dataset_with_extra_from_classic_operator', 'dataset_with_extra_by_context' retrieved from /home/airflow/.local/lib/python3.12/site-packages/airflow/example_dags/example_outlet_event_extra.py
[2024-10-10T14:10:31.053+0000] {logging_mixin.py:190} INFO - [2024-10-10T14:10:31.052+0000] {dag.py:3239} INFO - Sync 3 DAGs
[2024-10-10T14:10:31.073+0000] {logging_mixin.py:190} INFO - [2024-10-10T14:10:31.073+0000] {dag.py:4180} INFO - Setting next_dagrun for dataset_with_extra_by_context to 2024-10-09 00:00:00+00:00, run_after=2024-10-10 00:00:00+00:00
[2024-10-10T14:10:31.077+0000] {logging_mixin.py:190} INFO - [2024-10-10T14:10:31.077+0000] {dag.py:4180} INFO - Setting next_dagrun for dataset_with_extra_by_yield to 2024-10-09 00:00:00+00:00, run_after=2024-10-10 00:00:00+00:00
[2024-10-10T14:10:31.079+0000] {logging_mixin.py:190} INFO - [2024-10-10T14:10:31.079+0000] {dag.py:4180} INFO - Setting next_dagrun for dataset_with_extra_from_classic_operator to 2024-10-09 00:00:00+00:00, run_after=2024-10-10 00:00:00+00:00
[2024-10-10T14:10:31.105+0000] {processor.py:208} INFO - Processing /home/airflow/.local/lib/python3.12/site-packages/airflow/example_dags/example_outlet_event_extra.py took 0.192 seconds
[2024-10-10T14:11:01.197+0000] {processor.py:186} INFO - Started process (PID=1503) to work on /home/airflow/.local/lib/python3.12/site-packages/airflow/example_dags/example_outlet_event_extra.py
[2024-10-10T14:11:01.202+0000] {processor.py:914} INFO - Processing file /home/airflow/.local/lib/python3.12/site-packages/airflow/example_dags/example_outlet_event_extra.py for tasks to queue
[2024-10-10T14:11:01.204+0000] {logging_mixin.py:190} INFO - [2024-10-10T14:11:01.204+0000] {dagbag.py:588} INFO - Filling up the DagBag from /home/airflow/.local/lib/python3.12/site-packages/airflow/example_dags/example_outlet_event_extra.py
[2024-10-10T14:11:01.315+0000] {processor.py:925} INFO - DAG(s) 'dataset_with_extra_from_classic_operator', 'dataset_with_extra_by_yield', 'dataset_with_extra_by_context' retrieved from /home/airflow/.local/lib/python3.12/site-packages/airflow/example_dags/example_outlet_event_extra.py
[2024-10-10T14:11:01.340+0000] {logging_mixin.py:190} INFO - [2024-10-10T14:11:01.339+0000] {dag.py:3239} INFO - Sync 3 DAGs
[2024-10-10T14:11:01.363+0000] {logging_mixin.py:190} INFO - [2024-10-10T14:11:01.363+0000] {dag.py:4180} INFO - Setting next_dagrun for dataset_with_extra_by_context to 2024-10-09 00:00:00+00:00, run_after=2024-10-10 00:00:00+00:00
[2024-10-10T14:11:01.368+0000] {logging_mixin.py:190} INFO - [2024-10-10T14:11:01.368+0000] {dag.py:4180} INFO - Setting next_dagrun for dataset_with_extra_by_yield to 2024-10-09 00:00:00+00:00, run_after=2024-10-10 00:00:00+00:00
[2024-10-10T14:11:01.371+0000] {logging_mixin.py:190} INFO - [2024-10-10T14:11:01.371+0000] {dag.py:4180} INFO - Setting next_dagrun for dataset_with_extra_from_classic_operator to 2024-10-09 00:00:00+00:00, run_after=2024-10-10 00:00:00+00:00
[2024-10-10T14:11:01.389+0000] {processor.py:208} INFO - Processing /home/airflow/.local/lib/python3.12/site-packages/airflow/example_dags/example_outlet_event_extra.py took 0.196 seconds
[2024-10-10T14:11:32.303+0000] {processor.py:186} INFO - Started process (PID=1565) to work on /home/airflow/.local/lib/python3.12/site-packages/airflow/example_dags/example_outlet_event_extra.py
[2024-10-10T14:11:32.304+0000] {processor.py:914} INFO - Processing file /home/airflow/.local/lib/python3.12/site-packages/airflow/example_dags/example_outlet_event_extra.py for tasks to queue
[2024-10-10T14:11:32.306+0000] {logging_mixin.py:190} INFO - [2024-10-10T14:11:32.305+0000] {dagbag.py:588} INFO - Filling up the DagBag from /home/airflow/.local/lib/python3.12/site-packages/airflow/example_dags/example_outlet_event_extra.py
[2024-10-10T14:11:32.410+0000] {processor.py:925} INFO - DAG(s) 'dataset_with_extra_from_classic_operator', 'dataset_with_extra_by_context', 'dataset_with_extra_by_yield' retrieved from /home/airflow/.local/lib/python3.12/site-packages/airflow/example_dags/example_outlet_event_extra.py
[2024-10-10T14:11:32.428+0000] {logging_mixin.py:190} INFO - [2024-10-10T14:11:32.428+0000] {dag.py:3239} INFO - Sync 3 DAGs
[2024-10-10T14:11:32.447+0000] {logging_mixin.py:190} INFO - [2024-10-10T14:11:32.446+0000] {dag.py:4180} INFO - Setting next_dagrun for dataset_with_extra_by_context to 2024-10-09 00:00:00+00:00, run_after=2024-10-10 00:00:00+00:00
[2024-10-10T14:11:32.451+0000] {logging_mixin.py:190} INFO - [2024-10-10T14:11:32.451+0000] {dag.py:4180} INFO - Setting next_dagrun for dataset_with_extra_by_yield to 2024-10-09 00:00:00+00:00, run_after=2024-10-10 00:00:00+00:00
[2024-10-10T14:11:32.453+0000] {logging_mixin.py:190} INFO - [2024-10-10T14:11:32.453+0000] {dag.py:4180} INFO - Setting next_dagrun for dataset_with_extra_from_classic_operator to 2024-10-09 00:00:00+00:00, run_after=2024-10-10 00:00:00+00:00
[2024-10-10T14:11:32.480+0000] {processor.py:208} INFO - Processing /home/airflow/.local/lib/python3.12/site-packages/airflow/example_dags/example_outlet_event_extra.py took 0.180 seconds
[2024-10-10T14:12:03.123+0000] {processor.py:186} INFO - Started process (PID=1627) to work on /home/airflow/.local/lib/python3.12/site-packages/airflow/example_dags/example_outlet_event_extra.py
[2024-10-10T14:12:03.124+0000] {processor.py:914} INFO - Processing file /home/airflow/.local/lib/python3.12/site-packages/airflow/example_dags/example_outlet_event_extra.py for tasks to queue
[2024-10-10T14:12:03.125+0000] {logging_mixin.py:190} INFO - [2024-10-10T14:12:03.125+0000] {dagbag.py:588} INFO - Filling up the DagBag from /home/airflow/.local/lib/python3.12/site-packages/airflow/example_dags/example_outlet_event_extra.py
[2024-10-10T14:12:03.226+0000] {processor.py:925} INFO - DAG(s) 'dataset_with_extra_by_yield', 'dataset_with_extra_by_context', 'dataset_with_extra_from_classic_operator' retrieved from /home/airflow/.local/lib/python3.12/site-packages/airflow/example_dags/example_outlet_event_extra.py
[2024-10-10T14:12:03.244+0000] {logging_mixin.py:190} INFO - [2024-10-10T14:12:03.244+0000] {dag.py:3239} INFO - Sync 3 DAGs
[2024-10-10T14:12:03.261+0000] {logging_mixin.py:190} INFO - [2024-10-10T14:12:03.261+0000] {dag.py:4180} INFO - Setting next_dagrun for dataset_with_extra_by_context to 2024-10-09 00:00:00+00:00, run_after=2024-10-10 00:00:00+00:00
[2024-10-10T14:12:03.265+0000] {logging_mixin.py:190} INFO - [2024-10-10T14:12:03.264+0000] {dag.py:4180} INFO - Setting next_dagrun for dataset_with_extra_by_yield to 2024-10-09 00:00:00+00:00, run_after=2024-10-10 00:00:00+00:00
[2024-10-10T14:12:03.266+0000] {logging_mixin.py:190} INFO - [2024-10-10T14:12:03.266+0000] {dag.py:4180} INFO - Setting next_dagrun for dataset_with_extra_from_classic_operator to 2024-10-09 00:00:00+00:00, run_after=2024-10-10 00:00:00+00:00
[2024-10-10T14:12:03.290+0000] {processor.py:208} INFO - Processing /home/airflow/.local/lib/python3.12/site-packages/airflow/example_dags/example_outlet_event_extra.py took 0.170 seconds
[2024-10-10T14:12:33.995+0000] {processor.py:186} INFO - Started process (PID=1689) to work on /home/airflow/.local/lib/python3.12/site-packages/airflow/example_dags/example_outlet_event_extra.py
[2024-10-10T14:12:33.996+0000] {processor.py:914} INFO - Processing file /home/airflow/.local/lib/python3.12/site-packages/airflow/example_dags/example_outlet_event_extra.py for tasks to queue
[2024-10-10T14:12:33.998+0000] {logging_mixin.py:190} INFO - [2024-10-10T14:12:33.997+0000] {dagbag.py:588} INFO - Filling up the DagBag from /home/airflow/.local/lib/python3.12/site-packages/airflow/example_dags/example_outlet_event_extra.py
[2024-10-10T14:12:34.115+0000] {processor.py:925} INFO - DAG(s) 'dataset_with_extra_by_yield', 'dataset_with_extra_from_classic_operator', 'dataset_with_extra_by_context' retrieved from /home/airflow/.local/lib/python3.12/site-packages/airflow/example_dags/example_outlet_event_extra.py
[2024-10-10T14:12:34.134+0000] {logging_mixin.py:190} INFO - [2024-10-10T14:12:34.134+0000] {dag.py:3239} INFO - Sync 3 DAGs
[2024-10-10T14:12:34.151+0000] {logging_mixin.py:190} INFO - [2024-10-10T14:12:34.151+0000] {dag.py:4180} INFO - Setting next_dagrun for dataset_with_extra_by_context to 2024-10-09 00:00:00+00:00, run_after=2024-10-10 00:00:00+00:00
[2024-10-10T14:12:34.155+0000] {logging_mixin.py:190} INFO - [2024-10-10T14:12:34.155+0000] {dag.py:4180} INFO - Setting next_dagrun for dataset_with_extra_by_yield to 2024-10-09 00:00:00+00:00, run_after=2024-10-10 00:00:00+00:00
[2024-10-10T14:12:34.157+0000] {logging_mixin.py:190} INFO - [2024-10-10T14:12:34.157+0000] {dag.py:4180} INFO - Setting next_dagrun for dataset_with_extra_from_classic_operator to 2024-10-09 00:00:00+00:00, run_after=2024-10-10 00:00:00+00:00
[2024-10-10T14:12:34.172+0000] {processor.py:208} INFO - Processing /home/airflow/.local/lib/python3.12/site-packages/airflow/example_dags/example_outlet_event_extra.py took 0.181 seconds
