[2024-10-10T13:59:16.524+0000] {processor.py:186} INFO - Started process (PID=63) to work on /home/airflow/.local/lib/python3.12/site-packages/airflow/example_dags/example_branch_labels.py
[2024-10-10T13:59:16.525+0000] {processor.py:914} INFO - Processing file /home/airflow/.local/lib/python3.12/site-packages/airflow/example_dags/example_branch_labels.py for tasks to queue
[2024-10-10T13:59:16.527+0000] {logging_mixin.py:190} INFO - [2024-10-10T13:59:16.526+0000] {dagbag.py:588} INFO - Filling up the DagBag from /home/airflow/.local/lib/python3.12/site-packages/airflow/example_dags/example_branch_labels.py
[2024-10-10T13:59:16.535+0000] {processor.py:925} INFO - DAG(s) 'example_branch_labels' retrieved from /home/airflow/.local/lib/python3.12/site-packages/airflow/example_dags/example_branch_labels.py
[2024-10-10T13:59:16.552+0000] {logging_mixin.py:190} INFO - [2024-10-10T13:59:16.552+0000] {dag.py:3239} INFO - Sync 1 DAGs
[2024-10-10T13:59:16.571+0000] {logging_mixin.py:190} INFO - [2024-10-10T13:59:16.570+0000] {dag.py:4180} INFO - Setting next_dagrun for example_branch_labels to 2024-10-09 00:00:00+00:00, run_after=2024-10-10 00:00:00+00:00
[2024-10-10T13:59:16.584+0000] {processor.py:208} INFO - Processing /home/airflow/.local/lib/python3.12/site-packages/airflow/example_dags/example_branch_labels.py took 0.065 seconds
[2024-10-10T13:59:46.782+0000] {processor.py:186} INFO - Started process (PID=125) to work on /home/airflow/.local/lib/python3.12/site-packages/airflow/example_dags/example_branch_labels.py
[2024-10-10T13:59:46.783+0000] {processor.py:914} INFO - Processing file /home/airflow/.local/lib/python3.12/site-packages/airflow/example_dags/example_branch_labels.py for tasks to queue
[2024-10-10T13:59:46.785+0000] {logging_mixin.py:190} INFO - [2024-10-10T13:59:46.785+0000] {dagbag.py:588} INFO - Filling up the DagBag from /home/airflow/.local/lib/python3.12/site-packages/airflow/example_dags/example_branch_labels.py
[2024-10-10T13:59:46.792+0000] {processor.py:925} INFO - DAG(s) 'example_branch_labels' retrieved from /home/airflow/.local/lib/python3.12/site-packages/airflow/example_dags/example_branch_labels.py
[2024-10-10T13:59:46.808+0000] {logging_mixin.py:190} INFO - [2024-10-10T13:59:46.808+0000] {dag.py:3239} INFO - Sync 1 DAGs
[2024-10-10T13:59:46.829+0000] {logging_mixin.py:190} INFO - [2024-10-10T13:59:46.829+0000] {dag.py:4180} INFO - Setting next_dagrun for example_branch_labels to 2024-10-09 00:00:00+00:00, run_after=2024-10-10 00:00:00+00:00
[2024-10-10T13:59:46.843+0000] {processor.py:208} INFO - Processing /home/airflow/.local/lib/python3.12/site-packages/airflow/example_dags/example_branch_labels.py took 0.064 seconds
[2024-10-10T14:00:16.904+0000] {processor.py:186} INFO - Started process (PID=187) to work on /home/airflow/.local/lib/python3.12/site-packages/airflow/example_dags/example_branch_labels.py
[2024-10-10T14:00:16.905+0000] {processor.py:914} INFO - Processing file /home/airflow/.local/lib/python3.12/site-packages/airflow/example_dags/example_branch_labels.py for tasks to queue
[2024-10-10T14:00:16.907+0000] {logging_mixin.py:190} INFO - [2024-10-10T14:00:16.907+0000] {dagbag.py:588} INFO - Filling up the DagBag from /home/airflow/.local/lib/python3.12/site-packages/airflow/example_dags/example_branch_labels.py
[2024-10-10T14:00:16.914+0000] {processor.py:925} INFO - DAG(s) 'example_branch_labels' retrieved from /home/airflow/.local/lib/python3.12/site-packages/airflow/example_dags/example_branch_labels.py
[2024-10-10T14:00:16.931+0000] {logging_mixin.py:190} INFO - [2024-10-10T14:00:16.931+0000] {dag.py:3239} INFO - Sync 1 DAGs
[2024-10-10T14:00:16.951+0000] {logging_mixin.py:190} INFO - [2024-10-10T14:00:16.951+0000] {dag.py:4180} INFO - Setting next_dagrun for example_branch_labels to 2024-10-09 00:00:00+00:00, run_after=2024-10-10 00:00:00+00:00
[2024-10-10T14:00:16.966+0000] {processor.py:208} INFO - Processing /home/airflow/.local/lib/python3.12/site-packages/airflow/example_dags/example_branch_labels.py took 0.067 seconds
[2024-10-10T14:00:47.057+0000] {processor.py:186} INFO - Started process (PID=249) to work on /home/airflow/.local/lib/python3.12/site-packages/airflow/example_dags/example_branch_labels.py
[2024-10-10T14:00:47.058+0000] {processor.py:914} INFO - Processing file /home/airflow/.local/lib/python3.12/site-packages/airflow/example_dags/example_branch_labels.py for tasks to queue
[2024-10-10T14:00:47.060+0000] {logging_mixin.py:190} INFO - [2024-10-10T14:00:47.059+0000] {dagbag.py:588} INFO - Filling up the DagBag from /home/airflow/.local/lib/python3.12/site-packages/airflow/example_dags/example_branch_labels.py
[2024-10-10T14:00:47.067+0000] {processor.py:925} INFO - DAG(s) 'example_branch_labels' retrieved from /home/airflow/.local/lib/python3.12/site-packages/airflow/example_dags/example_branch_labels.py
[2024-10-10T14:00:47.082+0000] {logging_mixin.py:190} INFO - [2024-10-10T14:00:47.082+0000] {dag.py:3239} INFO - Sync 1 DAGs
[2024-10-10T14:00:47.102+0000] {logging_mixin.py:190} INFO - [2024-10-10T14:00:47.101+0000] {dag.py:4180} INFO - Setting next_dagrun for example_branch_labels to 2024-10-09 00:00:00+00:00, run_after=2024-10-10 00:00:00+00:00
[2024-10-10T14:00:47.115+0000] {processor.py:208} INFO - Processing /home/airflow/.local/lib/python3.12/site-packages/airflow/example_dags/example_branch_labels.py took 0.062 seconds
[2024-10-10T14:01:17.177+0000] {processor.py:186} INFO - Started process (PID=311) to work on /home/airflow/.local/lib/python3.12/site-packages/airflow/example_dags/example_branch_labels.py
[2024-10-10T14:01:17.178+0000] {processor.py:914} INFO - Processing file /home/airflow/.local/lib/python3.12/site-packages/airflow/example_dags/example_branch_labels.py for tasks to queue
[2024-10-10T14:01:17.179+0000] {logging_mixin.py:190} INFO - [2024-10-10T14:01:17.179+0000] {dagbag.py:588} INFO - Filling up the DagBag from /home/airflow/.local/lib/python3.12/site-packages/airflow/example_dags/example_branch_labels.py
[2024-10-10T14:01:17.188+0000] {processor.py:925} INFO - DAG(s) 'example_branch_labels' retrieved from /home/airflow/.local/lib/python3.12/site-packages/airflow/example_dags/example_branch_labels.py
[2024-10-10T14:01:17.204+0000] {logging_mixin.py:190} INFO - [2024-10-10T14:01:17.204+0000] {dag.py:3239} INFO - Sync 1 DAGs
[2024-10-10T14:01:17.225+0000] {logging_mixin.py:190} INFO - [2024-10-10T14:01:17.225+0000] {dag.py:4180} INFO - Setting next_dagrun for example_branch_labels to 2024-10-09 00:00:00+00:00, run_after=2024-10-10 00:00:00+00:00
[2024-10-10T14:01:17.238+0000] {processor.py:208} INFO - Processing /home/airflow/.local/lib/python3.12/site-packages/airflow/example_dags/example_branch_labels.py took 0.065 seconds
[2024-10-10T14:01:47.350+0000] {processor.py:186} INFO - Started process (PID=373) to work on /home/airflow/.local/lib/python3.12/site-packages/airflow/example_dags/example_branch_labels.py
[2024-10-10T14:01:47.350+0000] {processor.py:914} INFO - Processing file /home/airflow/.local/lib/python3.12/site-packages/airflow/example_dags/example_branch_labels.py for tasks to queue
[2024-10-10T14:01:47.352+0000] {logging_mixin.py:190} INFO - [2024-10-10T14:01:47.352+0000] {dagbag.py:588} INFO - Filling up the DagBag from /home/airflow/.local/lib/python3.12/site-packages/airflow/example_dags/example_branch_labels.py
[2024-10-10T14:01:47.359+0000] {processor.py:925} INFO - DAG(s) 'example_branch_labels' retrieved from /home/airflow/.local/lib/python3.12/site-packages/airflow/example_dags/example_branch_labels.py
[2024-10-10T14:01:47.374+0000] {logging_mixin.py:190} INFO - [2024-10-10T14:01:47.374+0000] {dag.py:3239} INFO - Sync 1 DAGs
[2024-10-10T14:01:47.391+0000] {logging_mixin.py:190} INFO - [2024-10-10T14:01:47.390+0000] {dag.py:4180} INFO - Setting next_dagrun for example_branch_labels to 2024-10-09 00:00:00+00:00, run_after=2024-10-10 00:00:00+00:00
[2024-10-10T14:01:47.403+0000] {processor.py:208} INFO - Processing /home/airflow/.local/lib/python3.12/site-packages/airflow/example_dags/example_branch_labels.py took 0.059 seconds
[2024-10-10T14:02:17.530+0000] {processor.py:186} INFO - Started process (PID=435) to work on /home/airflow/.local/lib/python3.12/site-packages/airflow/example_dags/example_branch_labels.py
[2024-10-10T14:02:17.531+0000] {processor.py:914} INFO - Processing file /home/airflow/.local/lib/python3.12/site-packages/airflow/example_dags/example_branch_labels.py for tasks to queue
[2024-10-10T14:02:17.533+0000] {logging_mixin.py:190} INFO - [2024-10-10T14:02:17.532+0000] {dagbag.py:588} INFO - Filling up the DagBag from /home/airflow/.local/lib/python3.12/site-packages/airflow/example_dags/example_branch_labels.py
[2024-10-10T14:02:17.539+0000] {processor.py:925} INFO - DAG(s) 'example_branch_labels' retrieved from /home/airflow/.local/lib/python3.12/site-packages/airflow/example_dags/example_branch_labels.py
[2024-10-10T14:02:17.554+0000] {logging_mixin.py:190} INFO - [2024-10-10T14:02:17.553+0000] {dag.py:3239} INFO - Sync 1 DAGs
[2024-10-10T14:02:17.570+0000] {logging_mixin.py:190} INFO - [2024-10-10T14:02:17.570+0000] {dag.py:4180} INFO - Setting next_dagrun for example_branch_labels to 2024-10-09 00:00:00+00:00, run_after=2024-10-10 00:00:00+00:00
[2024-10-10T14:02:17.582+0000] {processor.py:208} INFO - Processing /home/airflow/.local/lib/python3.12/site-packages/airflow/example_dags/example_branch_labels.py took 0.055 seconds
[2024-10-10T14:02:47.857+0000] {processor.py:186} INFO - Started process (PID=503) to work on /home/airflow/.local/lib/python3.12/site-packages/airflow/example_dags/example_branch_labels.py
[2024-10-10T14:02:47.858+0000] {processor.py:914} INFO - Processing file /home/airflow/.local/lib/python3.12/site-packages/airflow/example_dags/example_branch_labels.py for tasks to queue
[2024-10-10T14:02:47.859+0000] {logging_mixin.py:190} INFO - [2024-10-10T14:02:47.859+0000] {dagbag.py:588} INFO - Filling up the DagBag from /home/airflow/.local/lib/python3.12/site-packages/airflow/example_dags/example_branch_labels.py
[2024-10-10T14:02:47.866+0000] {processor.py:925} INFO - DAG(s) 'example_branch_labels' retrieved from /home/airflow/.local/lib/python3.12/site-packages/airflow/example_dags/example_branch_labels.py
[2024-10-10T14:02:47.880+0000] {logging_mixin.py:190} INFO - [2024-10-10T14:02:47.880+0000] {dag.py:3239} INFO - Sync 1 DAGs
[2024-10-10T14:02:47.898+0000] {logging_mixin.py:190} INFO - [2024-10-10T14:02:47.898+0000] {dag.py:4180} INFO - Setting next_dagrun for example_branch_labels to 2024-10-09 00:00:00+00:00, run_after=2024-10-10 00:00:00+00:00
[2024-10-10T14:02:47.911+0000] {processor.py:208} INFO - Processing /home/airflow/.local/lib/python3.12/site-packages/airflow/example_dags/example_branch_labels.py took 0.059 seconds
[2024-10-10T14:03:18.566+0000] {processor.py:186} INFO - Started process (PID=565) to work on /home/airflow/.local/lib/python3.12/site-packages/airflow/example_dags/example_branch_labels.py
[2024-10-10T14:03:18.567+0000] {processor.py:914} INFO - Processing file /home/airflow/.local/lib/python3.12/site-packages/airflow/example_dags/example_branch_labels.py for tasks to queue
[2024-10-10T14:03:18.569+0000] {logging_mixin.py:190} INFO - [2024-10-10T14:03:18.569+0000] {dagbag.py:588} INFO - Filling up the DagBag from /home/airflow/.local/lib/python3.12/site-packages/airflow/example_dags/example_branch_labels.py
[2024-10-10T14:03:18.576+0000] {processor.py:925} INFO - DAG(s) 'example_branch_labels' retrieved from /home/airflow/.local/lib/python3.12/site-packages/airflow/example_dags/example_branch_labels.py
[2024-10-10T14:03:18.594+0000] {logging_mixin.py:190} INFO - [2024-10-10T14:03:18.593+0000] {dag.py:3239} INFO - Sync 1 DAGs
[2024-10-10T14:03:18.614+0000] {logging_mixin.py:190} INFO - [2024-10-10T14:03:18.614+0000] {dag.py:4180} INFO - Setting next_dagrun for example_branch_labels to 2024-10-09 00:00:00+00:00, run_after=2024-10-10 00:00:00+00:00
[2024-10-10T14:03:18.629+0000] {processor.py:208} INFO - Processing /home/airflow/.local/lib/python3.12/site-packages/airflow/example_dags/example_branch_labels.py took 0.069 seconds
[2024-10-10T14:03:49.453+0000] {processor.py:186} INFO - Started process (PID=627) to work on /home/airflow/.local/lib/python3.12/site-packages/airflow/example_dags/example_branch_labels.py
[2024-10-10T14:03:49.454+0000] {processor.py:914} INFO - Processing file /home/airflow/.local/lib/python3.12/site-packages/airflow/example_dags/example_branch_labels.py for tasks to queue
[2024-10-10T14:03:49.455+0000] {logging_mixin.py:190} INFO - [2024-10-10T14:03:49.455+0000] {dagbag.py:588} INFO - Filling up the DagBag from /home/airflow/.local/lib/python3.12/site-packages/airflow/example_dags/example_branch_labels.py
[2024-10-10T14:03:49.463+0000] {processor.py:925} INFO - DAG(s) 'example_branch_labels' retrieved from /home/airflow/.local/lib/python3.12/site-packages/airflow/example_dags/example_branch_labels.py
[2024-10-10T14:03:49.479+0000] {logging_mixin.py:190} INFO - [2024-10-10T14:03:49.479+0000] {dag.py:3239} INFO - Sync 1 DAGs
[2024-10-10T14:03:49.498+0000] {logging_mixin.py:190} INFO - [2024-10-10T14:03:49.497+0000] {dag.py:4180} INFO - Setting next_dagrun for example_branch_labels to 2024-10-09 00:00:00+00:00, run_after=2024-10-10 00:00:00+00:00
[2024-10-10T14:03:49.512+0000] {processor.py:208} INFO - Processing /home/airflow/.local/lib/python3.12/site-packages/airflow/example_dags/example_branch_labels.py took 0.065 seconds
[2024-10-10T14:04:20.174+0000] {processor.py:186} INFO - Started process (PID=689) to work on /home/airflow/.local/lib/python3.12/site-packages/airflow/example_dags/example_branch_labels.py
[2024-10-10T14:04:20.175+0000] {processor.py:914} INFO - Processing file /home/airflow/.local/lib/python3.12/site-packages/airflow/example_dags/example_branch_labels.py for tasks to queue
[2024-10-10T14:04:20.176+0000] {logging_mixin.py:190} INFO - [2024-10-10T14:04:20.176+0000] {dagbag.py:588} INFO - Filling up the DagBag from /home/airflow/.local/lib/python3.12/site-packages/airflow/example_dags/example_branch_labels.py
[2024-10-10T14:04:20.183+0000] {processor.py:925} INFO - DAG(s) 'example_branch_labels' retrieved from /home/airflow/.local/lib/python3.12/site-packages/airflow/example_dags/example_branch_labels.py
[2024-10-10T14:04:20.198+0000] {logging_mixin.py:190} INFO - [2024-10-10T14:04:20.198+0000] {dag.py:3239} INFO - Sync 1 DAGs
[2024-10-10T14:04:20.217+0000] {logging_mixin.py:190} INFO - [2024-10-10T14:04:20.217+0000] {dag.py:4180} INFO - Setting next_dagrun for example_branch_labels to 2024-10-09 00:00:00+00:00, run_after=2024-10-10 00:00:00+00:00
[2024-10-10T14:04:20.232+0000] {processor.py:208} INFO - Processing /home/airflow/.local/lib/python3.12/site-packages/airflow/example_dags/example_branch_labels.py took 0.062 seconds
[2024-10-10T14:04:51.026+0000] {processor.py:186} INFO - Started process (PID=751) to work on /home/airflow/.local/lib/python3.12/site-packages/airflow/example_dags/example_branch_labels.py
[2024-10-10T14:04:51.027+0000] {processor.py:914} INFO - Processing file /home/airflow/.local/lib/python3.12/site-packages/airflow/example_dags/example_branch_labels.py for tasks to queue
[2024-10-10T14:04:51.029+0000] {logging_mixin.py:190} INFO - [2024-10-10T14:04:51.029+0000] {dagbag.py:588} INFO - Filling up the DagBag from /home/airflow/.local/lib/python3.12/site-packages/airflow/example_dags/example_branch_labels.py
[2024-10-10T14:04:51.039+0000] {processor.py:925} INFO - DAG(s) 'example_branch_labels' retrieved from /home/airflow/.local/lib/python3.12/site-packages/airflow/example_dags/example_branch_labels.py
[2024-10-10T14:04:51.062+0000] {logging_mixin.py:190} INFO - [2024-10-10T14:04:51.062+0000] {dag.py:3239} INFO - Sync 1 DAGs
[2024-10-10T14:04:51.085+0000] {logging_mixin.py:190} INFO - [2024-10-10T14:04:51.084+0000] {dag.py:4180} INFO - Setting next_dagrun for example_branch_labels to 2024-10-09 00:00:00+00:00, run_after=2024-10-10 00:00:00+00:00
[2024-10-10T14:04:51.104+0000] {processor.py:208} INFO - Processing /home/airflow/.local/lib/python3.12/site-packages/airflow/example_dags/example_branch_labels.py took 0.084 seconds
[2024-10-10T14:05:21.661+0000] {processor.py:186} INFO - Started process (PID=813) to work on /home/airflow/.local/lib/python3.12/site-packages/airflow/example_dags/example_branch_labels.py
[2024-10-10T14:05:21.662+0000] {processor.py:914} INFO - Processing file /home/airflow/.local/lib/python3.12/site-packages/airflow/example_dags/example_branch_labels.py for tasks to queue
[2024-10-10T14:05:21.664+0000] {logging_mixin.py:190} INFO - [2024-10-10T14:05:21.664+0000] {dagbag.py:588} INFO - Filling up the DagBag from /home/airflow/.local/lib/python3.12/site-packages/airflow/example_dags/example_branch_labels.py
[2024-10-10T14:05:21.671+0000] {processor.py:925} INFO - DAG(s) 'example_branch_labels' retrieved from /home/airflow/.local/lib/python3.12/site-packages/airflow/example_dags/example_branch_labels.py
[2024-10-10T14:05:21.688+0000] {logging_mixin.py:190} INFO - [2024-10-10T14:05:21.688+0000] {dag.py:3239} INFO - Sync 1 DAGs
[2024-10-10T14:05:21.711+0000] {logging_mixin.py:190} INFO - [2024-10-10T14:05:21.711+0000] {dag.py:4180} INFO - Setting next_dagrun for example_branch_labels to 2024-10-09 00:00:00+00:00, run_after=2024-10-10 00:00:00+00:00
[2024-10-10T14:05:21.727+0000] {processor.py:208} INFO - Processing /home/airflow/.local/lib/python3.12/site-packages/airflow/example_dags/example_branch_labels.py took 0.070 seconds
[2024-10-10T14:05:52.434+0000] {processor.py:186} INFO - Started process (PID=875) to work on /home/airflow/.local/lib/python3.12/site-packages/airflow/example_dags/example_branch_labels.py
[2024-10-10T14:05:52.435+0000] {processor.py:914} INFO - Processing file /home/airflow/.local/lib/python3.12/site-packages/airflow/example_dags/example_branch_labels.py for tasks to queue
[2024-10-10T14:05:52.436+0000] {logging_mixin.py:190} INFO - [2024-10-10T14:05:52.436+0000] {dagbag.py:588} INFO - Filling up the DagBag from /home/airflow/.local/lib/python3.12/site-packages/airflow/example_dags/example_branch_labels.py
[2024-10-10T14:05:52.443+0000] {processor.py:925} INFO - DAG(s) 'example_branch_labels' retrieved from /home/airflow/.local/lib/python3.12/site-packages/airflow/example_dags/example_branch_labels.py
[2024-10-10T14:05:52.459+0000] {logging_mixin.py:190} INFO - [2024-10-10T14:05:52.459+0000] {dag.py:3239} INFO - Sync 1 DAGs
[2024-10-10T14:05:52.477+0000] {logging_mixin.py:190} INFO - [2024-10-10T14:05:52.477+0000] {dag.py:4180} INFO - Setting next_dagrun for example_branch_labels to 2024-10-09 00:00:00+00:00, run_after=2024-10-10 00:00:00+00:00
[2024-10-10T14:05:52.491+0000] {processor.py:208} INFO - Processing /home/airflow/.local/lib/python3.12/site-packages/airflow/example_dags/example_branch_labels.py took 0.061 seconds
[2024-10-10T14:06:23.165+0000] {processor.py:186} INFO - Started process (PID=937) to work on /home/airflow/.local/lib/python3.12/site-packages/airflow/example_dags/example_branch_labels.py
[2024-10-10T14:06:23.166+0000] {processor.py:914} INFO - Processing file /home/airflow/.local/lib/python3.12/site-packages/airflow/example_dags/example_branch_labels.py for tasks to queue
[2024-10-10T14:06:23.168+0000] {logging_mixin.py:190} INFO - [2024-10-10T14:06:23.167+0000] {dagbag.py:588} INFO - Filling up the DagBag from /home/airflow/.local/lib/python3.12/site-packages/airflow/example_dags/example_branch_labels.py
[2024-10-10T14:06:23.175+0000] {processor.py:925} INFO - DAG(s) 'example_branch_labels' retrieved from /home/airflow/.local/lib/python3.12/site-packages/airflow/example_dags/example_branch_labels.py
[2024-10-10T14:06:23.190+0000] {logging_mixin.py:190} INFO - [2024-10-10T14:06:23.190+0000] {dag.py:3239} INFO - Sync 1 DAGs
[2024-10-10T14:06:23.209+0000] {logging_mixin.py:190} INFO - [2024-10-10T14:06:23.209+0000] {dag.py:4180} INFO - Setting next_dagrun for example_branch_labels to 2024-10-09 00:00:00+00:00, run_after=2024-10-10 00:00:00+00:00
[2024-10-10T14:06:23.230+0000] {processor.py:208} INFO - Processing /home/airflow/.local/lib/python3.12/site-packages/airflow/example_dags/example_branch_labels.py took 0.069 seconds
[2024-10-10T14:06:53.926+0000] {processor.py:186} INFO - Started process (PID=999) to work on /home/airflow/.local/lib/python3.12/site-packages/airflow/example_dags/example_branch_labels.py
[2024-10-10T14:06:53.927+0000] {processor.py:914} INFO - Processing file /home/airflow/.local/lib/python3.12/site-packages/airflow/example_dags/example_branch_labels.py for tasks to queue
[2024-10-10T14:06:53.928+0000] {logging_mixin.py:190} INFO - [2024-10-10T14:06:53.928+0000] {dagbag.py:588} INFO - Filling up the DagBag from /home/airflow/.local/lib/python3.12/site-packages/airflow/example_dags/example_branch_labels.py
[2024-10-10T14:06:53.935+0000] {processor.py:925} INFO - DAG(s) 'example_branch_labels' retrieved from /home/airflow/.local/lib/python3.12/site-packages/airflow/example_dags/example_branch_labels.py
[2024-10-10T14:06:53.949+0000] {logging_mixin.py:190} INFO - [2024-10-10T14:06:53.949+0000] {dag.py:3239} INFO - Sync 1 DAGs
[2024-10-10T14:06:53.967+0000] {logging_mixin.py:190} INFO - [2024-10-10T14:06:53.966+0000] {dag.py:4180} INFO - Setting next_dagrun for example_branch_labels to 2024-10-09 00:00:00+00:00, run_after=2024-10-10 00:00:00+00:00
[2024-10-10T14:06:53.980+0000] {processor.py:208} INFO - Processing /home/airflow/.local/lib/python3.12/site-packages/airflow/example_dags/example_branch_labels.py took 0.058 seconds
[2024-10-10T14:07:24.632+0000] {processor.py:186} INFO - Started process (PID=1061) to work on /home/airflow/.local/lib/python3.12/site-packages/airflow/example_dags/example_branch_labels.py
[2024-10-10T14:07:24.633+0000] {processor.py:914} INFO - Processing file /home/airflow/.local/lib/python3.12/site-packages/airflow/example_dags/example_branch_labels.py for tasks to queue
[2024-10-10T14:07:24.635+0000] {logging_mixin.py:190} INFO - [2024-10-10T14:07:24.635+0000] {dagbag.py:588} INFO - Filling up the DagBag from /home/airflow/.local/lib/python3.12/site-packages/airflow/example_dags/example_branch_labels.py
[2024-10-10T14:07:24.642+0000] {processor.py:925} INFO - DAG(s) 'example_branch_labels' retrieved from /home/airflow/.local/lib/python3.12/site-packages/airflow/example_dags/example_branch_labels.py
[2024-10-10T14:07:24.657+0000] {logging_mixin.py:190} INFO - [2024-10-10T14:07:24.657+0000] {dag.py:3239} INFO - Sync 1 DAGs
[2024-10-10T14:07:24.677+0000] {logging_mixin.py:190} INFO - [2024-10-10T14:07:24.677+0000] {dag.py:4180} INFO - Setting next_dagrun for example_branch_labels to 2024-10-09 00:00:00+00:00, run_after=2024-10-10 00:00:00+00:00
[2024-10-10T14:07:24.692+0000] {processor.py:208} INFO - Processing /home/airflow/.local/lib/python3.12/site-packages/airflow/example_dags/example_branch_labels.py took 0.064 seconds
[2024-10-10T14:07:55.356+0000] {processor.py:186} INFO - Started process (PID=1123) to work on /home/airflow/.local/lib/python3.12/site-packages/airflow/example_dags/example_branch_labels.py
[2024-10-10T14:07:55.357+0000] {processor.py:914} INFO - Processing file /home/airflow/.local/lib/python3.12/site-packages/airflow/example_dags/example_branch_labels.py for tasks to queue
[2024-10-10T14:07:55.359+0000] {logging_mixin.py:190} INFO - [2024-10-10T14:07:55.359+0000] {dagbag.py:588} INFO - Filling up the DagBag from /home/airflow/.local/lib/python3.12/site-packages/airflow/example_dags/example_branch_labels.py
[2024-10-10T14:07:55.366+0000] {processor.py:925} INFO - DAG(s) 'example_branch_labels' retrieved from /home/airflow/.local/lib/python3.12/site-packages/airflow/example_dags/example_branch_labels.py
[2024-10-10T14:07:55.383+0000] {logging_mixin.py:190} INFO - [2024-10-10T14:07:55.383+0000] {dag.py:3239} INFO - Sync 1 DAGs
[2024-10-10T14:07:55.403+0000] {logging_mixin.py:190} INFO - [2024-10-10T14:07:55.403+0000] {dag.py:4180} INFO - Setting next_dagrun for example_branch_labels to 2024-10-09 00:00:00+00:00, run_after=2024-10-10 00:00:00+00:00
[2024-10-10T14:07:55.420+0000] {processor.py:208} INFO - Processing /home/airflow/.local/lib/python3.12/site-packages/airflow/example_dags/example_branch_labels.py took 0.068 seconds
[2024-10-10T14:08:26.169+0000] {processor.py:186} INFO - Started process (PID=1185) to work on /home/airflow/.local/lib/python3.12/site-packages/airflow/example_dags/example_branch_labels.py
[2024-10-10T14:08:26.170+0000] {processor.py:914} INFO - Processing file /home/airflow/.local/lib/python3.12/site-packages/airflow/example_dags/example_branch_labels.py for tasks to queue
[2024-10-10T14:08:26.171+0000] {logging_mixin.py:190} INFO - [2024-10-10T14:08:26.171+0000] {dagbag.py:588} INFO - Filling up the DagBag from /home/airflow/.local/lib/python3.12/site-packages/airflow/example_dags/example_branch_labels.py
[2024-10-10T14:08:26.179+0000] {processor.py:925} INFO - DAG(s) 'example_branch_labels' retrieved from /home/airflow/.local/lib/python3.12/site-packages/airflow/example_dags/example_branch_labels.py
[2024-10-10T14:08:26.196+0000] {logging_mixin.py:190} INFO - [2024-10-10T14:08:26.196+0000] {dag.py:3239} INFO - Sync 1 DAGs
[2024-10-10T14:08:26.216+0000] {logging_mixin.py:190} INFO - [2024-10-10T14:08:26.216+0000] {dag.py:4180} INFO - Setting next_dagrun for example_branch_labels to 2024-10-09 00:00:00+00:00, run_after=2024-10-10 00:00:00+00:00
[2024-10-10T14:08:26.230+0000] {processor.py:208} INFO - Processing /home/airflow/.local/lib/python3.12/site-packages/airflow/example_dags/example_branch_labels.py took 0.066 seconds
[2024-10-10T14:08:56.920+0000] {processor.py:186} INFO - Started process (PID=1247) to work on /home/airflow/.local/lib/python3.12/site-packages/airflow/example_dags/example_branch_labels.py
[2024-10-10T14:08:56.921+0000] {processor.py:914} INFO - Processing file /home/airflow/.local/lib/python3.12/site-packages/airflow/example_dags/example_branch_labels.py for tasks to queue
[2024-10-10T14:08:56.923+0000] {logging_mixin.py:190} INFO - [2024-10-10T14:08:56.923+0000] {dagbag.py:588} INFO - Filling up the DagBag from /home/airflow/.local/lib/python3.12/site-packages/airflow/example_dags/example_branch_labels.py
[2024-10-10T14:08:56.930+0000] {processor.py:925} INFO - DAG(s) 'example_branch_labels' retrieved from /home/airflow/.local/lib/python3.12/site-packages/airflow/example_dags/example_branch_labels.py
[2024-10-10T14:08:56.948+0000] {logging_mixin.py:190} INFO - [2024-10-10T14:08:56.948+0000] {dag.py:3239} INFO - Sync 1 DAGs
[2024-10-10T14:08:56.969+0000] {logging_mixin.py:190} INFO - [2024-10-10T14:08:56.968+0000] {dag.py:4180} INFO - Setting next_dagrun for example_branch_labels to 2024-10-09 00:00:00+00:00, run_after=2024-10-10 00:00:00+00:00
[2024-10-10T14:08:56.983+0000] {processor.py:208} INFO - Processing /home/airflow/.local/lib/python3.12/site-packages/airflow/example_dags/example_branch_labels.py took 0.069 seconds
[2024-10-10T14:09:27.613+0000] {processor.py:186} INFO - Started process (PID=1309) to work on /home/airflow/.local/lib/python3.12/site-packages/airflow/example_dags/example_branch_labels.py
[2024-10-10T14:09:27.613+0000] {processor.py:914} INFO - Processing file /home/airflow/.local/lib/python3.12/site-packages/airflow/example_dags/example_branch_labels.py for tasks to queue
[2024-10-10T14:09:27.615+0000] {logging_mixin.py:190} INFO - [2024-10-10T14:09:27.615+0000] {dagbag.py:588} INFO - Filling up the DagBag from /home/airflow/.local/lib/python3.12/site-packages/airflow/example_dags/example_branch_labels.py
[2024-10-10T14:09:27.622+0000] {processor.py:925} INFO - DAG(s) 'example_branch_labels' retrieved from /home/airflow/.local/lib/python3.12/site-packages/airflow/example_dags/example_branch_labels.py
[2024-10-10T14:09:27.640+0000] {logging_mixin.py:190} INFO - [2024-10-10T14:09:27.640+0000] {dag.py:3239} INFO - Sync 1 DAGs
[2024-10-10T14:09:27.663+0000] {logging_mixin.py:190} INFO - [2024-10-10T14:09:27.663+0000] {dag.py:4180} INFO - Setting next_dagrun for example_branch_labels to 2024-10-09 00:00:00+00:00, run_after=2024-10-10 00:00:00+00:00
[2024-10-10T14:09:27.679+0000] {processor.py:208} INFO - Processing /home/airflow/.local/lib/python3.12/site-packages/airflow/example_dags/example_branch_labels.py took 0.070 seconds
[2024-10-10T14:09:58.422+0000] {processor.py:186} INFO - Started process (PID=1371) to work on /home/airflow/.local/lib/python3.12/site-packages/airflow/example_dags/example_branch_labels.py
[2024-10-10T14:09:58.423+0000] {processor.py:914} INFO - Processing file /home/airflow/.local/lib/python3.12/site-packages/airflow/example_dags/example_branch_labels.py for tasks to queue
[2024-10-10T14:09:58.426+0000] {logging_mixin.py:190} INFO - [2024-10-10T14:09:58.425+0000] {dagbag.py:588} INFO - Filling up the DagBag from /home/airflow/.local/lib/python3.12/site-packages/airflow/example_dags/example_branch_labels.py
[2024-10-10T14:09:58.433+0000] {processor.py:925} INFO - DAG(s) 'example_branch_labels' retrieved from /home/airflow/.local/lib/python3.12/site-packages/airflow/example_dags/example_branch_labels.py
[2024-10-10T14:09:58.454+0000] {logging_mixin.py:190} INFO - [2024-10-10T14:09:58.454+0000] {dag.py:3239} INFO - Sync 1 DAGs
[2024-10-10T14:09:58.484+0000] {logging_mixin.py:190} INFO - [2024-10-10T14:09:58.484+0000] {dag.py:4180} INFO - Setting next_dagrun for example_branch_labels to 2024-10-09 00:00:00+00:00, run_after=2024-10-10 00:00:00+00:00
[2024-10-10T14:09:58.506+0000] {processor.py:208} INFO - Processing /home/airflow/.local/lib/python3.12/site-packages/airflow/example_dags/example_branch_labels.py took 0.088 seconds
[2024-10-10T14:10:28.552+0000] {processor.py:186} INFO - Started process (PID=1434) to work on /home/airflow/.local/lib/python3.12/site-packages/airflow/example_dags/example_branch_labels.py
[2024-10-10T14:10:28.553+0000] {processor.py:914} INFO - Processing file /home/airflow/.local/lib/python3.12/site-packages/airflow/example_dags/example_branch_labels.py for tasks to queue
[2024-10-10T14:10:28.555+0000] {logging_mixin.py:190} INFO - [2024-10-10T14:10:28.555+0000] {dagbag.py:588} INFO - Filling up the DagBag from /home/airflow/.local/lib/python3.12/site-packages/airflow/example_dags/example_branch_labels.py
[2024-10-10T14:10:28.564+0000] {processor.py:925} INFO - DAG(s) 'example_branch_labels' retrieved from /home/airflow/.local/lib/python3.12/site-packages/airflow/example_dags/example_branch_labels.py
[2024-10-10T14:10:28.580+0000] {logging_mixin.py:190} INFO - [2024-10-10T14:10:28.580+0000] {dag.py:3239} INFO - Sync 1 DAGs
[2024-10-10T14:10:28.598+0000] {logging_mixin.py:190} INFO - [2024-10-10T14:10:28.597+0000] {dag.py:4180} INFO - Setting next_dagrun for example_branch_labels to 2024-10-09 00:00:00+00:00, run_after=2024-10-10 00:00:00+00:00
[2024-10-10T14:10:28.610+0000] {processor.py:208} INFO - Processing /home/airflow/.local/lib/python3.12/site-packages/airflow/example_dags/example_branch_labels.py took 0.061 seconds
[2024-10-10T14:10:58.803+0000] {processor.py:186} INFO - Started process (PID=1496) to work on /home/airflow/.local/lib/python3.12/site-packages/airflow/example_dags/example_branch_labels.py
[2024-10-10T14:10:58.804+0000] {processor.py:914} INFO - Processing file /home/airflow/.local/lib/python3.12/site-packages/airflow/example_dags/example_branch_labels.py for tasks to queue
[2024-10-10T14:10:58.806+0000] {logging_mixin.py:190} INFO - [2024-10-10T14:10:58.805+0000] {dagbag.py:588} INFO - Filling up the DagBag from /home/airflow/.local/lib/python3.12/site-packages/airflow/example_dags/example_branch_labels.py
[2024-10-10T14:10:58.812+0000] {processor.py:925} INFO - DAG(s) 'example_branch_labels' retrieved from /home/airflow/.local/lib/python3.12/site-packages/airflow/example_dags/example_branch_labels.py
[2024-10-10T14:10:58.826+0000] {logging_mixin.py:190} INFO - [2024-10-10T14:10:58.826+0000] {dag.py:3239} INFO - Sync 1 DAGs
[2024-10-10T14:10:58.841+0000] {logging_mixin.py:190} INFO - [2024-10-10T14:10:58.841+0000] {dag.py:4180} INFO - Setting next_dagrun for example_branch_labels to 2024-10-09 00:00:00+00:00, run_after=2024-10-10 00:00:00+00:00
[2024-10-10T14:10:58.854+0000] {processor.py:208} INFO - Processing /home/airflow/.local/lib/python3.12/site-packages/airflow/example_dags/example_branch_labels.py took 0.054 seconds
[2024-10-10T14:11:29.003+0000] {processor.py:186} INFO - Started process (PID=1558) to work on /home/airflow/.local/lib/python3.12/site-packages/airflow/example_dags/example_branch_labels.py
[2024-10-10T14:11:29.003+0000] {processor.py:914} INFO - Processing file /home/airflow/.local/lib/python3.12/site-packages/airflow/example_dags/example_branch_labels.py for tasks to queue
[2024-10-10T14:11:29.005+0000] {logging_mixin.py:190} INFO - [2024-10-10T14:11:29.005+0000] {dagbag.py:588} INFO - Filling up the DagBag from /home/airflow/.local/lib/python3.12/site-packages/airflow/example_dags/example_branch_labels.py
[2024-10-10T14:11:29.013+0000] {processor.py:925} INFO - DAG(s) 'example_branch_labels' retrieved from /home/airflow/.local/lib/python3.12/site-packages/airflow/example_dags/example_branch_labels.py
[2024-10-10T14:11:29.028+0000] {logging_mixin.py:190} INFO - [2024-10-10T14:11:29.028+0000] {dag.py:3239} INFO - Sync 1 DAGs
[2024-10-10T14:11:29.047+0000] {logging_mixin.py:190} INFO - [2024-10-10T14:11:29.047+0000] {dag.py:4180} INFO - Setting next_dagrun for example_branch_labels to 2024-10-09 00:00:00+00:00, run_after=2024-10-10 00:00:00+00:00
[2024-10-10T14:11:29.062+0000] {processor.py:208} INFO - Processing /home/airflow/.local/lib/python3.12/site-packages/airflow/example_dags/example_branch_labels.py took 0.063 seconds
[2024-10-10T14:11:59.850+0000] {processor.py:186} INFO - Started process (PID=1620) to work on /home/airflow/.local/lib/python3.12/site-packages/airflow/example_dags/example_branch_labels.py
[2024-10-10T14:11:59.850+0000] {processor.py:914} INFO - Processing file /home/airflow/.local/lib/python3.12/site-packages/airflow/example_dags/example_branch_labels.py for tasks to queue
[2024-10-10T14:11:59.852+0000] {logging_mixin.py:190} INFO - [2024-10-10T14:11:59.852+0000] {dagbag.py:588} INFO - Filling up the DagBag from /home/airflow/.local/lib/python3.12/site-packages/airflow/example_dags/example_branch_labels.py
[2024-10-10T14:11:59.859+0000] {processor.py:925} INFO - DAG(s) 'example_branch_labels' retrieved from /home/airflow/.local/lib/python3.12/site-packages/airflow/example_dags/example_branch_labels.py
[2024-10-10T14:11:59.874+0000] {logging_mixin.py:190} INFO - [2024-10-10T14:11:59.874+0000] {dag.py:3239} INFO - Sync 1 DAGs
[2024-10-10T14:11:59.892+0000] {logging_mixin.py:190} INFO - [2024-10-10T14:11:59.891+0000] {dag.py:4180} INFO - Setting next_dagrun for example_branch_labels to 2024-10-09 00:00:00+00:00, run_after=2024-10-10 00:00:00+00:00
[2024-10-10T14:11:59.905+0000] {processor.py:208} INFO - Processing /home/airflow/.local/lib/python3.12/site-packages/airflow/example_dags/example_branch_labels.py took 0.060 seconds
[2024-10-10T14:12:30.698+0000] {processor.py:186} INFO - Started process (PID=1682) to work on /home/airflow/.local/lib/python3.12/site-packages/airflow/example_dags/example_branch_labels.py
[2024-10-10T14:12:30.699+0000] {processor.py:914} INFO - Processing file /home/airflow/.local/lib/python3.12/site-packages/airflow/example_dags/example_branch_labels.py for tasks to queue
[2024-10-10T14:12:30.701+0000] {logging_mixin.py:190} INFO - [2024-10-10T14:12:30.701+0000] {dagbag.py:588} INFO - Filling up the DagBag from /home/airflow/.local/lib/python3.12/site-packages/airflow/example_dags/example_branch_labels.py
[2024-10-10T14:12:30.710+0000] {processor.py:925} INFO - DAG(s) 'example_branch_labels' retrieved from /home/airflow/.local/lib/python3.12/site-packages/airflow/example_dags/example_branch_labels.py
[2024-10-10T14:12:30.726+0000] {logging_mixin.py:190} INFO - [2024-10-10T14:12:30.726+0000] {dag.py:3239} INFO - Sync 1 DAGs
[2024-10-10T14:12:30.746+0000] {logging_mixin.py:190} INFO - [2024-10-10T14:12:30.746+0000] {dag.py:4180} INFO - Setting next_dagrun for example_branch_labels to 2024-10-09 00:00:00+00:00, run_after=2024-10-10 00:00:00+00:00
[2024-10-10T14:12:30.763+0000] {processor.py:208} INFO - Processing /home/airflow/.local/lib/python3.12/site-packages/airflow/example_dags/example_branch_labels.py took 0.069 seconds
