[2024-10-10T13:59:17.167+0000] {processor.py:186} INFO - Started process (PID=74) to work on /home/airflow/.local/lib/python3.12/site-packages/airflow/example_dags/example_display_name.py
[2024-10-10T13:59:17.168+0000] {processor.py:914} INFO - Processing file /home/airflow/.local/lib/python3.12/site-packages/airflow/example_dags/example_display_name.py for tasks to queue
[2024-10-10T13:59:17.171+0000] {logging_mixin.py:190} INFO - [2024-10-10T13:59:17.170+0000] {dagbag.py:588} INFO - Filling up the DagBag from /home/airflow/.local/lib/python3.12/site-packages/airflow/example_dags/example_display_name.py
[2024-10-10T13:59:17.177+0000] {processor.py:925} INFO - DAG(s) 'example_display_name' retrieved from /home/airflow/.local/lib/python3.12/site-packages/airflow/example_dags/example_display_name.py
[2024-10-10T13:59:17.196+0000] {logging_mixin.py:190} INFO - [2024-10-10T13:59:17.196+0000] {dag.py:3239} INFO - Sync 1 DAGs
[2024-10-10T13:59:17.210+0000] {logging_mixin.py:190} INFO - [2024-10-10T13:59:17.210+0000] {dag.py:4180} INFO - Setting next_dagrun for example_display_name to None, run_after=None
[2024-10-10T13:59:17.225+0000] {processor.py:208} INFO - Processing /home/airflow/.local/lib/python3.12/site-packages/airflow/example_dags/example_display_name.py took 0.062 seconds
[2024-10-10T13:59:47.432+0000] {processor.py:186} INFO - Started process (PID=136) to work on /home/airflow/.local/lib/python3.12/site-packages/airflow/example_dags/example_display_name.py
[2024-10-10T13:59:47.433+0000] {processor.py:914} INFO - Processing file /home/airflow/.local/lib/python3.12/site-packages/airflow/example_dags/example_display_name.py for tasks to queue
[2024-10-10T13:59:47.435+0000] {logging_mixin.py:190} INFO - [2024-10-10T13:59:47.435+0000] {dagbag.py:588} INFO - Filling up the DagBag from /home/airflow/.local/lib/python3.12/site-packages/airflow/example_dags/example_display_name.py
[2024-10-10T13:59:47.440+0000] {processor.py:925} INFO - DAG(s) 'example_display_name' retrieved from /home/airflow/.local/lib/python3.12/site-packages/airflow/example_dags/example_display_name.py
[2024-10-10T13:59:47.454+0000] {logging_mixin.py:190} INFO - [2024-10-10T13:59:47.454+0000] {dag.py:3239} INFO - Sync 1 DAGs
[2024-10-10T13:59:47.468+0000] {logging_mixin.py:190} INFO - [2024-10-10T13:59:47.467+0000] {dag.py:4180} INFO - Setting next_dagrun for example_display_name to None, run_after=None
[2024-10-10T13:59:47.483+0000] {processor.py:208} INFO - Processing /home/airflow/.local/lib/python3.12/site-packages/airflow/example_dags/example_display_name.py took 0.055 seconds
[2024-10-10T14:00:17.607+0000] {processor.py:186} INFO - Started process (PID=205) to work on /home/airflow/.local/lib/python3.12/site-packages/airflow/example_dags/example_display_name.py
[2024-10-10T14:00:17.608+0000] {processor.py:914} INFO - Processing file /home/airflow/.local/lib/python3.12/site-packages/airflow/example_dags/example_display_name.py for tasks to queue
[2024-10-10T14:00:17.611+0000] {logging_mixin.py:190} INFO - [2024-10-10T14:00:17.611+0000] {dagbag.py:588} INFO - Filling up the DagBag from /home/airflow/.local/lib/python3.12/site-packages/airflow/example_dags/example_display_name.py
[2024-10-10T14:00:17.617+0000] {processor.py:925} INFO - DAG(s) 'example_display_name' retrieved from /home/airflow/.local/lib/python3.12/site-packages/airflow/example_dags/example_display_name.py
[2024-10-10T14:00:17.634+0000] {logging_mixin.py:190} INFO - [2024-10-10T14:00:17.634+0000] {dag.py:3239} INFO - Sync 1 DAGs
[2024-10-10T14:00:17.646+0000] {logging_mixin.py:190} INFO - [2024-10-10T14:00:17.646+0000] {dag.py:4180} INFO - Setting next_dagrun for example_display_name to None, run_after=None
[2024-10-10T14:00:17.661+0000] {processor.py:208} INFO - Processing /home/airflow/.local/lib/python3.12/site-packages/airflow/example_dags/example_display_name.py took 0.059 seconds
[2024-10-10T14:00:47.811+0000] {processor.py:186} INFO - Started process (PID=267) to work on /home/airflow/.local/lib/python3.12/site-packages/airflow/example_dags/example_display_name.py
[2024-10-10T14:00:47.811+0000] {processor.py:914} INFO - Processing file /home/airflow/.local/lib/python3.12/site-packages/airflow/example_dags/example_display_name.py for tasks to queue
[2024-10-10T14:00:47.813+0000] {logging_mixin.py:190} INFO - [2024-10-10T14:00:47.813+0000] {dagbag.py:588} INFO - Filling up the DagBag from /home/airflow/.local/lib/python3.12/site-packages/airflow/example_dags/example_display_name.py
[2024-10-10T14:00:47.819+0000] {processor.py:925} INFO - DAG(s) 'example_display_name' retrieved from /home/airflow/.local/lib/python3.12/site-packages/airflow/example_dags/example_display_name.py
[2024-10-10T14:00:47.834+0000] {logging_mixin.py:190} INFO - [2024-10-10T14:00:47.834+0000] {dag.py:3239} INFO - Sync 1 DAGs
[2024-10-10T14:00:47.845+0000] {logging_mixin.py:190} INFO - [2024-10-10T14:00:47.845+0000] {dag.py:4180} INFO - Setting next_dagrun for example_display_name to None, run_after=None
[2024-10-10T14:00:47.858+0000] {processor.py:208} INFO - Processing /home/airflow/.local/lib/python3.12/site-packages/airflow/example_dags/example_display_name.py took 0.052 seconds
[2024-10-10T14:01:18.083+0000] {processor.py:186} INFO - Started process (PID=329) to work on /home/airflow/.local/lib/python3.12/site-packages/airflow/example_dags/example_display_name.py
[2024-10-10T14:01:18.084+0000] {processor.py:914} INFO - Processing file /home/airflow/.local/lib/python3.12/site-packages/airflow/example_dags/example_display_name.py for tasks to queue
[2024-10-10T14:01:18.086+0000] {logging_mixin.py:190} INFO - [2024-10-10T14:01:18.085+0000] {dagbag.py:588} INFO - Filling up the DagBag from /home/airflow/.local/lib/python3.12/site-packages/airflow/example_dags/example_display_name.py
[2024-10-10T14:01:18.091+0000] {processor.py:925} INFO - DAG(s) 'example_display_name' retrieved from /home/airflow/.local/lib/python3.12/site-packages/airflow/example_dags/example_display_name.py
[2024-10-10T14:01:18.105+0000] {logging_mixin.py:190} INFO - [2024-10-10T14:01:18.105+0000] {dag.py:3239} INFO - Sync 1 DAGs
[2024-10-10T14:01:18.116+0000] {logging_mixin.py:190} INFO - [2024-10-10T14:01:18.116+0000] {dag.py:4180} INFO - Setting next_dagrun for example_display_name to None, run_after=None
[2024-10-10T14:01:18.129+0000] {processor.py:208} INFO - Processing /home/airflow/.local/lib/python3.12/site-packages/airflow/example_dags/example_display_name.py took 0.050 seconds
[2024-10-10T14:01:48.435+0000] {processor.py:186} INFO - Started process (PID=391) to work on /home/airflow/.local/lib/python3.12/site-packages/airflow/example_dags/example_display_name.py
[2024-10-10T14:01:48.435+0000] {processor.py:914} INFO - Processing file /home/airflow/.local/lib/python3.12/site-packages/airflow/example_dags/example_display_name.py for tasks to queue
[2024-10-10T14:01:48.437+0000] {logging_mixin.py:190} INFO - [2024-10-10T14:01:48.437+0000] {dagbag.py:588} INFO - Filling up the DagBag from /home/airflow/.local/lib/python3.12/site-packages/airflow/example_dags/example_display_name.py
[2024-10-10T14:01:48.443+0000] {processor.py:925} INFO - DAG(s) 'example_display_name' retrieved from /home/airflow/.local/lib/python3.12/site-packages/airflow/example_dags/example_display_name.py
[2024-10-10T14:01:48.458+0000] {logging_mixin.py:190} INFO - [2024-10-10T14:01:48.458+0000] {dag.py:3239} INFO - Sync 1 DAGs
[2024-10-10T14:01:48.469+0000] {logging_mixin.py:190} INFO - [2024-10-10T14:01:48.468+0000] {dag.py:4180} INFO - Setting next_dagrun for example_display_name to None, run_after=None
[2024-10-10T14:01:48.483+0000] {processor.py:208} INFO - Processing /home/airflow/.local/lib/python3.12/site-packages/airflow/example_dags/example_display_name.py took 0.052 seconds
[2024-10-10T14:02:18.585+0000] {processor.py:186} INFO - Started process (PID=453) to work on /home/airflow/.local/lib/python3.12/site-packages/airflow/example_dags/example_display_name.py
[2024-10-10T14:02:18.586+0000] {processor.py:914} INFO - Processing file /home/airflow/.local/lib/python3.12/site-packages/airflow/example_dags/example_display_name.py for tasks to queue
[2024-10-10T14:02:18.587+0000] {logging_mixin.py:190} INFO - [2024-10-10T14:02:18.587+0000] {dagbag.py:588} INFO - Filling up the DagBag from /home/airflow/.local/lib/python3.12/site-packages/airflow/example_dags/example_display_name.py
[2024-10-10T14:02:18.593+0000] {processor.py:925} INFO - DAG(s) 'example_display_name' retrieved from /home/airflow/.local/lib/python3.12/site-packages/airflow/example_dags/example_display_name.py
[2024-10-10T14:02:18.607+0000] {logging_mixin.py:190} INFO - [2024-10-10T14:02:18.606+0000] {dag.py:3239} INFO - Sync 1 DAGs
[2024-10-10T14:02:18.617+0000] {logging_mixin.py:190} INFO - [2024-10-10T14:02:18.617+0000] {dag.py:4180} INFO - Setting next_dagrun for example_display_name to None, run_after=None
[2024-10-10T14:02:18.630+0000] {processor.py:208} INFO - Processing /home/airflow/.local/lib/python3.12/site-packages/airflow/example_dags/example_display_name.py took 0.049 seconds
[2024-10-10T14:02:49.520+0000] {processor.py:186} INFO - Started process (PID=515) to work on /home/airflow/.local/lib/python3.12/site-packages/airflow/example_dags/example_display_name.py
[2024-10-10T14:02:49.521+0000] {processor.py:914} INFO - Processing file /home/airflow/.local/lib/python3.12/site-packages/airflow/example_dags/example_display_name.py for tasks to queue
[2024-10-10T14:02:49.523+0000] {logging_mixin.py:190} INFO - [2024-10-10T14:02:49.522+0000] {dagbag.py:588} INFO - Filling up the DagBag from /home/airflow/.local/lib/python3.12/site-packages/airflow/example_dags/example_display_name.py
[2024-10-10T14:02:49.529+0000] {processor.py:925} INFO - DAG(s) 'example_display_name' retrieved from /home/airflow/.local/lib/python3.12/site-packages/airflow/example_dags/example_display_name.py
[2024-10-10T14:02:49.543+0000] {logging_mixin.py:190} INFO - [2024-10-10T14:02:49.542+0000] {dag.py:3239} INFO - Sync 1 DAGs
[2024-10-10T14:02:49.553+0000] {logging_mixin.py:190} INFO - [2024-10-10T14:02:49.553+0000] {dag.py:4180} INFO - Setting next_dagrun for example_display_name to None, run_after=None
[2024-10-10T14:02:49.568+0000] {processor.py:208} INFO - Processing /home/airflow/.local/lib/python3.12/site-packages/airflow/example_dags/example_display_name.py took 0.052 seconds
[2024-10-10T14:03:20.228+0000] {processor.py:186} INFO - Started process (PID=577) to work on /home/airflow/.local/lib/python3.12/site-packages/airflow/example_dags/example_display_name.py
[2024-10-10T14:03:20.228+0000] {processor.py:914} INFO - Processing file /home/airflow/.local/lib/python3.12/site-packages/airflow/example_dags/example_display_name.py for tasks to queue
[2024-10-10T14:03:20.230+0000] {logging_mixin.py:190} INFO - [2024-10-10T14:03:20.230+0000] {dagbag.py:588} INFO - Filling up the DagBag from /home/airflow/.local/lib/python3.12/site-packages/airflow/example_dags/example_display_name.py
[2024-10-10T14:03:20.236+0000] {processor.py:925} INFO - DAG(s) 'example_display_name' retrieved from /home/airflow/.local/lib/python3.12/site-packages/airflow/example_dags/example_display_name.py
[2024-10-10T14:03:20.249+0000] {logging_mixin.py:190} INFO - [2024-10-10T14:03:20.249+0000] {dag.py:3239} INFO - Sync 1 DAGs
[2024-10-10T14:03:20.259+0000] {logging_mixin.py:190} INFO - [2024-10-10T14:03:20.259+0000] {dag.py:4180} INFO - Setting next_dagrun for example_display_name to None, run_after=None
[2024-10-10T14:03:20.272+0000] {processor.py:208} INFO - Processing /home/airflow/.local/lib/python3.12/site-packages/airflow/example_dags/example_display_name.py took 0.048 seconds
[2024-10-10T14:03:51.131+0000] {processor.py:186} INFO - Started process (PID=639) to work on /home/airflow/.local/lib/python3.12/site-packages/airflow/example_dags/example_display_name.py
[2024-10-10T14:03:51.132+0000] {processor.py:914} INFO - Processing file /home/airflow/.local/lib/python3.12/site-packages/airflow/example_dags/example_display_name.py for tasks to queue
[2024-10-10T14:03:51.134+0000] {logging_mixin.py:190} INFO - [2024-10-10T14:03:51.134+0000] {dagbag.py:588} INFO - Filling up the DagBag from /home/airflow/.local/lib/python3.12/site-packages/airflow/example_dags/example_display_name.py
[2024-10-10T14:03:51.140+0000] {processor.py:925} INFO - DAG(s) 'example_display_name' retrieved from /home/airflow/.local/lib/python3.12/site-packages/airflow/example_dags/example_display_name.py
[2024-10-10T14:03:51.155+0000] {logging_mixin.py:190} INFO - [2024-10-10T14:03:51.155+0000] {dag.py:3239} INFO - Sync 1 DAGs
[2024-10-10T14:03:51.167+0000] {logging_mixin.py:190} INFO - [2024-10-10T14:03:51.166+0000] {dag.py:4180} INFO - Setting next_dagrun for example_display_name to None, run_after=None
[2024-10-10T14:03:51.184+0000] {processor.py:208} INFO - Processing /home/airflow/.local/lib/python3.12/site-packages/airflow/example_dags/example_display_name.py took 0.057 seconds
[2024-10-10T14:04:21.826+0000] {processor.py:186} INFO - Started process (PID=701) to work on /home/airflow/.local/lib/python3.12/site-packages/airflow/example_dags/example_display_name.py
[2024-10-10T14:04:21.827+0000] {processor.py:914} INFO - Processing file /home/airflow/.local/lib/python3.12/site-packages/airflow/example_dags/example_display_name.py for tasks to queue
[2024-10-10T14:04:21.829+0000] {logging_mixin.py:190} INFO - [2024-10-10T14:04:21.829+0000] {dagbag.py:588} INFO - Filling up the DagBag from /home/airflow/.local/lib/python3.12/site-packages/airflow/example_dags/example_display_name.py
[2024-10-10T14:04:21.834+0000] {processor.py:925} INFO - DAG(s) 'example_display_name' retrieved from /home/airflow/.local/lib/python3.12/site-packages/airflow/example_dags/example_display_name.py
[2024-10-10T14:04:21.848+0000] {logging_mixin.py:190} INFO - [2024-10-10T14:04:21.848+0000] {dag.py:3239} INFO - Sync 1 DAGs
[2024-10-10T14:04:21.859+0000] {logging_mixin.py:190} INFO - [2024-10-10T14:04:21.859+0000] {dag.py:4180} INFO - Setting next_dagrun for example_display_name to None, run_after=None
[2024-10-10T14:04:21.873+0000] {processor.py:208} INFO - Processing /home/airflow/.local/lib/python3.12/site-packages/airflow/example_dags/example_display_name.py took 0.051 seconds
[2024-10-10T14:04:52.704+0000] {processor.py:186} INFO - Started process (PID=763) to work on /home/airflow/.local/lib/python3.12/site-packages/airflow/example_dags/example_display_name.py
[2024-10-10T14:04:52.704+0000] {processor.py:914} INFO - Processing file /home/airflow/.local/lib/python3.12/site-packages/airflow/example_dags/example_display_name.py for tasks to queue
[2024-10-10T14:04:52.706+0000] {logging_mixin.py:190} INFO - [2024-10-10T14:04:52.706+0000] {dagbag.py:588} INFO - Filling up the DagBag from /home/airflow/.local/lib/python3.12/site-packages/airflow/example_dags/example_display_name.py
[2024-10-10T14:04:52.712+0000] {processor.py:925} INFO - DAG(s) 'example_display_name' retrieved from /home/airflow/.local/lib/python3.12/site-packages/airflow/example_dags/example_display_name.py
[2024-10-10T14:04:52.726+0000] {logging_mixin.py:190} INFO - [2024-10-10T14:04:52.726+0000] {dag.py:3239} INFO - Sync 1 DAGs
[2024-10-10T14:04:52.738+0000] {logging_mixin.py:190} INFO - [2024-10-10T14:04:52.738+0000] {dag.py:4180} INFO - Setting next_dagrun for example_display_name to None, run_after=None
[2024-10-10T14:04:52.752+0000] {processor.py:208} INFO - Processing /home/airflow/.local/lib/python3.12/site-packages/airflow/example_dags/example_display_name.py took 0.052 seconds
[2024-10-10T14:05:23.356+0000] {processor.py:186} INFO - Started process (PID=825) to work on /home/airflow/.local/lib/python3.12/site-packages/airflow/example_dags/example_display_name.py
[2024-10-10T14:05:23.357+0000] {processor.py:914} INFO - Processing file /home/airflow/.local/lib/python3.12/site-packages/airflow/example_dags/example_display_name.py for tasks to queue
[2024-10-10T14:05:23.359+0000] {logging_mixin.py:190} INFO - [2024-10-10T14:05:23.359+0000] {dagbag.py:588} INFO - Filling up the DagBag from /home/airflow/.local/lib/python3.12/site-packages/airflow/example_dags/example_display_name.py
[2024-10-10T14:05:23.365+0000] {processor.py:925} INFO - DAG(s) 'example_display_name' retrieved from /home/airflow/.local/lib/python3.12/site-packages/airflow/example_dags/example_display_name.py
[2024-10-10T14:05:23.379+0000] {logging_mixin.py:190} INFO - [2024-10-10T14:05:23.379+0000] {dag.py:3239} INFO - Sync 1 DAGs
[2024-10-10T14:05:23.391+0000] {logging_mixin.py:190} INFO - [2024-10-10T14:05:23.391+0000] {dag.py:4180} INFO - Setting next_dagrun for example_display_name to None, run_after=None
[2024-10-10T14:05:23.406+0000] {processor.py:208} INFO - Processing /home/airflow/.local/lib/python3.12/site-packages/airflow/example_dags/example_display_name.py took 0.054 seconds
[2024-10-10T14:05:54.099+0000] {processor.py:186} INFO - Started process (PID=887) to work on /home/airflow/.local/lib/python3.12/site-packages/airflow/example_dags/example_display_name.py
[2024-10-10T14:05:54.100+0000] {processor.py:914} INFO - Processing file /home/airflow/.local/lib/python3.12/site-packages/airflow/example_dags/example_display_name.py for tasks to queue
[2024-10-10T14:05:54.102+0000] {logging_mixin.py:190} INFO - [2024-10-10T14:05:54.102+0000] {dagbag.py:588} INFO - Filling up the DagBag from /home/airflow/.local/lib/python3.12/site-packages/airflow/example_dags/example_display_name.py
[2024-10-10T14:05:54.108+0000] {processor.py:925} INFO - DAG(s) 'example_display_name' retrieved from /home/airflow/.local/lib/python3.12/site-packages/airflow/example_dags/example_display_name.py
[2024-10-10T14:05:54.122+0000] {logging_mixin.py:190} INFO - [2024-10-10T14:05:54.122+0000] {dag.py:3239} INFO - Sync 1 DAGs
[2024-10-10T14:05:54.134+0000] {logging_mixin.py:190} INFO - [2024-10-10T14:05:54.133+0000] {dag.py:4180} INFO - Setting next_dagrun for example_display_name to None, run_after=None
[2024-10-10T14:05:54.149+0000] {processor.py:208} INFO - Processing /home/airflow/.local/lib/python3.12/site-packages/airflow/example_dags/example_display_name.py took 0.054 seconds
[2024-10-10T14:06:24.829+0000] {processor.py:186} INFO - Started process (PID=949) to work on /home/airflow/.local/lib/python3.12/site-packages/airflow/example_dags/example_display_name.py
[2024-10-10T14:06:24.830+0000] {processor.py:914} INFO - Processing file /home/airflow/.local/lib/python3.12/site-packages/airflow/example_dags/example_display_name.py for tasks to queue
[2024-10-10T14:06:24.832+0000] {logging_mixin.py:190} INFO - [2024-10-10T14:06:24.832+0000] {dagbag.py:588} INFO - Filling up the DagBag from /home/airflow/.local/lib/python3.12/site-packages/airflow/example_dags/example_display_name.py
[2024-10-10T14:06:24.837+0000] {processor.py:925} INFO - DAG(s) 'example_display_name' retrieved from /home/airflow/.local/lib/python3.12/site-packages/airflow/example_dags/example_display_name.py
[2024-10-10T14:06:24.851+0000] {logging_mixin.py:190} INFO - [2024-10-10T14:06:24.851+0000] {dag.py:3239} INFO - Sync 1 DAGs
[2024-10-10T14:06:24.862+0000] {logging_mixin.py:190} INFO - [2024-10-10T14:06:24.861+0000] {dag.py:4180} INFO - Setting next_dagrun for example_display_name to None, run_after=None
[2024-10-10T14:06:24.876+0000] {processor.py:208} INFO - Processing /home/airflow/.local/lib/python3.12/site-packages/airflow/example_dags/example_display_name.py took 0.050 seconds
[2024-10-10T14:06:55.556+0000] {processor.py:186} INFO - Started process (PID=1011) to work on /home/airflow/.local/lib/python3.12/site-packages/airflow/example_dags/example_display_name.py
[2024-10-10T14:06:55.557+0000] {processor.py:914} INFO - Processing file /home/airflow/.local/lib/python3.12/site-packages/airflow/example_dags/example_display_name.py for tasks to queue
[2024-10-10T14:06:55.559+0000] {logging_mixin.py:190} INFO - [2024-10-10T14:06:55.559+0000] {dagbag.py:588} INFO - Filling up the DagBag from /home/airflow/.local/lib/python3.12/site-packages/airflow/example_dags/example_display_name.py
[2024-10-10T14:06:55.564+0000] {processor.py:925} INFO - DAG(s) 'example_display_name' retrieved from /home/airflow/.local/lib/python3.12/site-packages/airflow/example_dags/example_display_name.py
[2024-10-10T14:06:55.578+0000] {logging_mixin.py:190} INFO - [2024-10-10T14:06:55.578+0000] {dag.py:3239} INFO - Sync 1 DAGs
[2024-10-10T14:06:55.589+0000] {logging_mixin.py:190} INFO - [2024-10-10T14:06:55.589+0000] {dag.py:4180} INFO - Setting next_dagrun for example_display_name to None, run_after=None
[2024-10-10T14:06:55.609+0000] {processor.py:208} INFO - Processing /home/airflow/.local/lib/python3.12/site-packages/airflow/example_dags/example_display_name.py took 0.056 seconds
[2024-10-10T14:07:26.287+0000] {processor.py:186} INFO - Started process (PID=1073) to work on /home/airflow/.local/lib/python3.12/site-packages/airflow/example_dags/example_display_name.py
[2024-10-10T14:07:26.287+0000] {processor.py:914} INFO - Processing file /home/airflow/.local/lib/python3.12/site-packages/airflow/example_dags/example_display_name.py for tasks to queue
[2024-10-10T14:07:26.289+0000] {logging_mixin.py:190} INFO - [2024-10-10T14:07:26.289+0000] {dagbag.py:588} INFO - Filling up the DagBag from /home/airflow/.local/lib/python3.12/site-packages/airflow/example_dags/example_display_name.py
[2024-10-10T14:07:26.295+0000] {processor.py:925} INFO - DAG(s) 'example_display_name' retrieved from /home/airflow/.local/lib/python3.12/site-packages/airflow/example_dags/example_display_name.py
[2024-10-10T14:07:26.309+0000] {logging_mixin.py:190} INFO - [2024-10-10T14:07:26.309+0000] {dag.py:3239} INFO - Sync 1 DAGs
[2024-10-10T14:07:26.320+0000] {logging_mixin.py:190} INFO - [2024-10-10T14:07:26.320+0000] {dag.py:4180} INFO - Setting next_dagrun for example_display_name to None, run_after=None
[2024-10-10T14:07:26.335+0000] {processor.py:208} INFO - Processing /home/airflow/.local/lib/python3.12/site-packages/airflow/example_dags/example_display_name.py took 0.053 seconds
[2024-10-10T14:07:57.051+0000] {processor.py:186} INFO - Started process (PID=1135) to work on /home/airflow/.local/lib/python3.12/site-packages/airflow/example_dags/example_display_name.py
[2024-10-10T14:07:57.051+0000] {processor.py:914} INFO - Processing file /home/airflow/.local/lib/python3.12/site-packages/airflow/example_dags/example_display_name.py for tasks to queue
[2024-10-10T14:07:57.053+0000] {logging_mixin.py:190} INFO - [2024-10-10T14:07:57.053+0000] {dagbag.py:588} INFO - Filling up the DagBag from /home/airflow/.local/lib/python3.12/site-packages/airflow/example_dags/example_display_name.py
[2024-10-10T14:07:57.059+0000] {processor.py:925} INFO - DAG(s) 'example_display_name' retrieved from /home/airflow/.local/lib/python3.12/site-packages/airflow/example_dags/example_display_name.py
[2024-10-10T14:07:57.073+0000] {logging_mixin.py:190} INFO - [2024-10-10T14:07:57.073+0000] {dag.py:3239} INFO - Sync 1 DAGs
[2024-10-10T14:07:57.083+0000] {logging_mixin.py:190} INFO - [2024-10-10T14:07:57.083+0000] {dag.py:4180} INFO - Setting next_dagrun for example_display_name to None, run_after=None
[2024-10-10T14:07:57.098+0000] {processor.py:208} INFO - Processing /home/airflow/.local/lib/python3.12/site-packages/airflow/example_dags/example_display_name.py took 0.051 seconds
[2024-10-10T14:08:27.808+0000] {processor.py:186} INFO - Started process (PID=1197) to work on /home/airflow/.local/lib/python3.12/site-packages/airflow/example_dags/example_display_name.py
[2024-10-10T14:08:27.809+0000] {processor.py:914} INFO - Processing file /home/airflow/.local/lib/python3.12/site-packages/airflow/example_dags/example_display_name.py for tasks to queue
[2024-10-10T14:08:27.811+0000] {logging_mixin.py:190} INFO - [2024-10-10T14:08:27.810+0000] {dagbag.py:588} INFO - Filling up the DagBag from /home/airflow/.local/lib/python3.12/site-packages/airflow/example_dags/example_display_name.py
[2024-10-10T14:08:27.816+0000] {processor.py:925} INFO - DAG(s) 'example_display_name' retrieved from /home/airflow/.local/lib/python3.12/site-packages/airflow/example_dags/example_display_name.py
[2024-10-10T14:08:27.829+0000] {logging_mixin.py:190} INFO - [2024-10-10T14:08:27.829+0000] {dag.py:3239} INFO - Sync 1 DAGs
[2024-10-10T14:08:27.839+0000] {logging_mixin.py:190} INFO - [2024-10-10T14:08:27.839+0000] {dag.py:4180} INFO - Setting next_dagrun for example_display_name to None, run_after=None
[2024-10-10T14:08:27.852+0000] {processor.py:208} INFO - Processing /home/airflow/.local/lib/python3.12/site-packages/airflow/example_dags/example_display_name.py took 0.048 seconds
[2024-10-10T14:08:58.609+0000] {processor.py:186} INFO - Started process (PID=1259) to work on /home/airflow/.local/lib/python3.12/site-packages/airflow/example_dags/example_display_name.py
[2024-10-10T14:08:58.609+0000] {processor.py:914} INFO - Processing file /home/airflow/.local/lib/python3.12/site-packages/airflow/example_dags/example_display_name.py for tasks to queue
[2024-10-10T14:08:58.611+0000] {logging_mixin.py:190} INFO - [2024-10-10T14:08:58.611+0000] {dagbag.py:588} INFO - Filling up the DagBag from /home/airflow/.local/lib/python3.12/site-packages/airflow/example_dags/example_display_name.py
[2024-10-10T14:08:58.618+0000] {processor.py:925} INFO - DAG(s) 'example_display_name' retrieved from /home/airflow/.local/lib/python3.12/site-packages/airflow/example_dags/example_display_name.py
[2024-10-10T14:08:58.631+0000] {logging_mixin.py:190} INFO - [2024-10-10T14:08:58.630+0000] {dag.py:3239} INFO - Sync 1 DAGs
[2024-10-10T14:08:58.640+0000] {logging_mixin.py:190} INFO - [2024-10-10T14:08:58.640+0000] {dag.py:4180} INFO - Setting next_dagrun for example_display_name to None, run_after=None
[2024-10-10T14:08:58.653+0000] {processor.py:208} INFO - Processing /home/airflow/.local/lib/python3.12/site-packages/airflow/example_dags/example_display_name.py took 0.049 seconds
[2024-10-10T14:09:29.310+0000] {processor.py:186} INFO - Started process (PID=1321) to work on /home/airflow/.local/lib/python3.12/site-packages/airflow/example_dags/example_display_name.py
[2024-10-10T14:09:29.311+0000] {processor.py:914} INFO - Processing file /home/airflow/.local/lib/python3.12/site-packages/airflow/example_dags/example_display_name.py for tasks to queue
[2024-10-10T14:09:29.312+0000] {logging_mixin.py:190} INFO - [2024-10-10T14:09:29.312+0000] {dagbag.py:588} INFO - Filling up the DagBag from /home/airflow/.local/lib/python3.12/site-packages/airflow/example_dags/example_display_name.py
[2024-10-10T14:09:29.317+0000] {processor.py:925} INFO - DAG(s) 'example_display_name' retrieved from /home/airflow/.local/lib/python3.12/site-packages/airflow/example_dags/example_display_name.py
[2024-10-10T14:09:29.332+0000] {logging_mixin.py:190} INFO - [2024-10-10T14:09:29.331+0000] {dag.py:3239} INFO - Sync 1 DAGs
[2024-10-10T14:09:29.342+0000] {logging_mixin.py:190} INFO - [2024-10-10T14:09:29.342+0000] {dag.py:4180} INFO - Setting next_dagrun for example_display_name to None, run_after=None
[2024-10-10T14:09:29.356+0000] {processor.py:208} INFO - Processing /home/airflow/.local/lib/python3.12/site-packages/airflow/example_dags/example_display_name.py took 0.050 seconds
[2024-10-10T14:10:00.221+0000] {processor.py:186} INFO - Started process (PID=1383) to work on /home/airflow/.local/lib/python3.12/site-packages/airflow/example_dags/example_display_name.py
[2024-10-10T14:10:00.222+0000] {processor.py:914} INFO - Processing file /home/airflow/.local/lib/python3.12/site-packages/airflow/example_dags/example_display_name.py for tasks to queue
[2024-10-10T14:10:00.224+0000] {logging_mixin.py:190} INFO - [2024-10-10T14:10:00.223+0000] {dagbag.py:588} INFO - Filling up the DagBag from /home/airflow/.local/lib/python3.12/site-packages/airflow/example_dags/example_display_name.py
[2024-10-10T14:10:00.229+0000] {processor.py:925} INFO - DAG(s) 'example_display_name' retrieved from /home/airflow/.local/lib/python3.12/site-packages/airflow/example_dags/example_display_name.py
[2024-10-10T14:10:00.246+0000] {logging_mixin.py:190} INFO - [2024-10-10T14:10:00.245+0000] {dag.py:3239} INFO - Sync 1 DAGs
[2024-10-10T14:10:00.260+0000] {logging_mixin.py:190} INFO - [2024-10-10T14:10:00.259+0000] {dag.py:4180} INFO - Setting next_dagrun for example_display_name to None, run_after=None
[2024-10-10T14:10:00.280+0000] {processor.py:208} INFO - Processing /home/airflow/.local/lib/python3.12/site-packages/airflow/example_dags/example_display_name.py took 0.063 seconds
[2024-10-10T14:10:31.351+0000] {processor.py:186} INFO - Started process (PID=1446) to work on /home/airflow/.local/lib/python3.12/site-packages/airflow/example_dags/example_display_name.py
[2024-10-10T14:10:31.352+0000] {processor.py:914} INFO - Processing file /home/airflow/.local/lib/python3.12/site-packages/airflow/example_dags/example_display_name.py for tasks to queue
[2024-10-10T14:10:31.354+0000] {logging_mixin.py:190} INFO - [2024-10-10T14:10:31.354+0000] {dagbag.py:588} INFO - Filling up the DagBag from /home/airflow/.local/lib/python3.12/site-packages/airflow/example_dags/example_display_name.py
[2024-10-10T14:10:31.360+0000] {processor.py:925} INFO - DAG(s) 'example_display_name' retrieved from /home/airflow/.local/lib/python3.12/site-packages/airflow/example_dags/example_display_name.py
[2024-10-10T14:10:31.378+0000] {logging_mixin.py:190} INFO - [2024-10-10T14:10:31.377+0000] {dag.py:3239} INFO - Sync 1 DAGs
[2024-10-10T14:10:31.390+0000] {logging_mixin.py:190} INFO - [2024-10-10T14:10:31.390+0000] {dag.py:4180} INFO - Setting next_dagrun for example_display_name to None, run_after=None
[2024-10-10T14:10:31.407+0000] {processor.py:208} INFO - Processing /home/airflow/.local/lib/python3.12/site-packages/airflow/example_dags/example_display_name.py took 0.061 seconds
[2024-10-10T14:11:01.622+0000] {processor.py:186} INFO - Started process (PID=1508) to work on /home/airflow/.local/lib/python3.12/site-packages/airflow/example_dags/example_display_name.py
[2024-10-10T14:11:01.623+0000] {processor.py:914} INFO - Processing file /home/airflow/.local/lib/python3.12/site-packages/airflow/example_dags/example_display_name.py for tasks to queue
[2024-10-10T14:11:01.625+0000] {logging_mixin.py:190} INFO - [2024-10-10T14:11:01.625+0000] {dagbag.py:588} INFO - Filling up the DagBag from /home/airflow/.local/lib/python3.12/site-packages/airflow/example_dags/example_display_name.py
[2024-10-10T14:11:01.631+0000] {processor.py:925} INFO - DAG(s) 'example_display_name' retrieved from /home/airflow/.local/lib/python3.12/site-packages/airflow/example_dags/example_display_name.py
[2024-10-10T14:11:01.648+0000] {logging_mixin.py:190} INFO - [2024-10-10T14:11:01.648+0000] {dag.py:3239} INFO - Sync 1 DAGs
[2024-10-10T14:11:01.659+0000] {logging_mixin.py:190} INFO - [2024-10-10T14:11:01.659+0000] {dag.py:4180} INFO - Setting next_dagrun for example_display_name to None, run_after=None
[2024-10-10T14:11:01.675+0000] {processor.py:208} INFO - Processing /home/airflow/.local/lib/python3.12/site-packages/airflow/example_dags/example_display_name.py took 0.057 seconds
[2024-10-10T14:11:32.697+0000] {processor.py:186} INFO - Started process (PID=1570) to work on /home/airflow/.local/lib/python3.12/site-packages/airflow/example_dags/example_display_name.py
[2024-10-10T14:11:32.698+0000] {processor.py:914} INFO - Processing file /home/airflow/.local/lib/python3.12/site-packages/airflow/example_dags/example_display_name.py for tasks to queue
[2024-10-10T14:11:32.700+0000] {logging_mixin.py:190} INFO - [2024-10-10T14:11:32.700+0000] {dagbag.py:588} INFO - Filling up the DagBag from /home/airflow/.local/lib/python3.12/site-packages/airflow/example_dags/example_display_name.py
[2024-10-10T14:11:32.706+0000] {processor.py:925} INFO - DAG(s) 'example_display_name' retrieved from /home/airflow/.local/lib/python3.12/site-packages/airflow/example_dags/example_display_name.py
[2024-10-10T14:11:32.726+0000] {logging_mixin.py:190} INFO - [2024-10-10T14:11:32.725+0000] {dag.py:3239} INFO - Sync 1 DAGs
[2024-10-10T14:11:32.742+0000] {logging_mixin.py:190} INFO - [2024-10-10T14:11:32.741+0000] {dag.py:4180} INFO - Setting next_dagrun for example_display_name to None, run_after=None
[2024-10-10T14:11:32.756+0000] {processor.py:208} INFO - Processing /home/airflow/.local/lib/python3.12/site-packages/airflow/example_dags/example_display_name.py took 0.064 seconds
[2024-10-10T14:12:03.587+0000] {processor.py:186} INFO - Started process (PID=1632) to work on /home/airflow/.local/lib/python3.12/site-packages/airflow/example_dags/example_display_name.py
[2024-10-10T14:12:03.588+0000] {processor.py:914} INFO - Processing file /home/airflow/.local/lib/python3.12/site-packages/airflow/example_dags/example_display_name.py for tasks to queue
[2024-10-10T14:12:03.590+0000] {logging_mixin.py:190} INFO - [2024-10-10T14:12:03.589+0000] {dagbag.py:588} INFO - Filling up the DagBag from /home/airflow/.local/lib/python3.12/site-packages/airflow/example_dags/example_display_name.py
[2024-10-10T14:12:03.596+0000] {processor.py:925} INFO - DAG(s) 'example_display_name' retrieved from /home/airflow/.local/lib/python3.12/site-packages/airflow/example_dags/example_display_name.py
[2024-10-10T14:12:03.612+0000] {logging_mixin.py:190} INFO - [2024-10-10T14:12:03.612+0000] {dag.py:3239} INFO - Sync 1 DAGs
[2024-10-10T14:12:03.623+0000] {logging_mixin.py:190} INFO - [2024-10-10T14:12:03.623+0000] {dag.py:4180} INFO - Setting next_dagrun for example_display_name to None, run_after=None
[2024-10-10T14:12:03.638+0000] {processor.py:208} INFO - Processing /home/airflow/.local/lib/python3.12/site-packages/airflow/example_dags/example_display_name.py took 0.055 seconds
[2024-10-10T14:12:34.382+0000] {processor.py:186} INFO - Started process (PID=1694) to work on /home/airflow/.local/lib/python3.12/site-packages/airflow/example_dags/example_display_name.py
[2024-10-10T14:12:34.383+0000] {processor.py:914} INFO - Processing file /home/airflow/.local/lib/python3.12/site-packages/airflow/example_dags/example_display_name.py for tasks to queue
[2024-10-10T14:12:34.385+0000] {logging_mixin.py:190} INFO - [2024-10-10T14:12:34.385+0000] {dagbag.py:588} INFO - Filling up the DagBag from /home/airflow/.local/lib/python3.12/site-packages/airflow/example_dags/example_display_name.py
[2024-10-10T14:12:34.391+0000] {processor.py:925} INFO - DAG(s) 'example_display_name' retrieved from /home/airflow/.local/lib/python3.12/site-packages/airflow/example_dags/example_display_name.py
[2024-10-10T14:12:34.406+0000] {logging_mixin.py:190} INFO - [2024-10-10T14:12:34.405+0000] {dag.py:3239} INFO - Sync 1 DAGs
[2024-10-10T14:12:34.417+0000] {logging_mixin.py:190} INFO - [2024-10-10T14:12:34.416+0000] {dag.py:4180} INFO - Setting next_dagrun for example_display_name to None, run_after=None
[2024-10-10T14:12:34.432+0000] {processor.py:208} INFO - Processing /home/airflow/.local/lib/python3.12/site-packages/airflow/example_dags/example_display_name.py took 0.054 seconds
