[2024-10-10T13:59:18.467+0000] {processor.py:186} INFO - Started process (PID=102) to work on /home/airflow/.local/lib/python3.12/site-packages/airflow/example_dags/example_complex.py
[2024-10-10T13:59:18.468+0000] {processor.py:914} INFO - Processing file /home/airflow/.local/lib/python3.12/site-packages/airflow/example_dags/example_complex.py for tasks to queue
[2024-10-10T13:59:18.470+0000] {logging_mixin.py:190} INFO - [2024-10-10T13:59:18.470+0000] {dagbag.py:588} INFO - Filling up the DagBag from /home/airflow/.local/lib/python3.12/site-packages/airflow/example_dags/example_complex.py
[2024-10-10T13:59:18.479+0000] {processor.py:925} INFO - DAG(s) 'example_complex' retrieved from /home/airflow/.local/lib/python3.12/site-packages/airflow/example_dags/example_complex.py
[2024-10-10T13:59:18.504+0000] {logging_mixin.py:190} INFO - [2024-10-10T13:59:18.504+0000] {dag.py:3239} INFO - Sync 1 DAGs
[2024-10-10T13:59:18.516+0000] {logging_mixin.py:190} INFO - [2024-10-10T13:59:18.516+0000] {dag.py:4180} INFO - Setting next_dagrun for example_complex to None, run_after=None
[2024-10-10T13:59:18.531+0000] {processor.py:208} INFO - Processing /home/airflow/.local/lib/python3.12/site-packages/airflow/example_dags/example_complex.py took 0.068 seconds
[2024-10-10T13:59:49.687+0000] {processor.py:186} INFO - Started process (PID=164) to work on /home/airflow/.local/lib/python3.12/site-packages/airflow/example_dags/example_complex.py
[2024-10-10T13:59:49.688+0000] {processor.py:914} INFO - Processing file /home/airflow/.local/lib/python3.12/site-packages/airflow/example_dags/example_complex.py for tasks to queue
[2024-10-10T13:59:49.690+0000] {logging_mixin.py:190} INFO - [2024-10-10T13:59:49.690+0000] {dagbag.py:588} INFO - Filling up the DagBag from /home/airflow/.local/lib/python3.12/site-packages/airflow/example_dags/example_complex.py
[2024-10-10T13:59:49.699+0000] {processor.py:925} INFO - DAG(s) 'example_complex' retrieved from /home/airflow/.local/lib/python3.12/site-packages/airflow/example_dags/example_complex.py
[2024-10-10T13:59:49.723+0000] {logging_mixin.py:190} INFO - [2024-10-10T13:59:49.723+0000] {dag.py:3239} INFO - Sync 1 DAGs
[2024-10-10T13:59:49.736+0000] {logging_mixin.py:190} INFO - [2024-10-10T13:59:49.735+0000] {dag.py:4180} INFO - Setting next_dagrun for example_complex to None, run_after=None
[2024-10-10T13:59:49.750+0000] {processor.py:208} INFO - Processing /home/airflow/.local/lib/python3.12/site-packages/airflow/example_dags/example_complex.py took 0.068 seconds
[2024-10-10T14:00:20.767+0000] {processor.py:186} INFO - Started process (PID=227) to work on /home/airflow/.local/lib/python3.12/site-packages/airflow/example_dags/example_complex.py
[2024-10-10T14:00:20.769+0000] {processor.py:914} INFO - Processing file /home/airflow/.local/lib/python3.12/site-packages/airflow/example_dags/example_complex.py for tasks to queue
[2024-10-10T14:00:20.771+0000] {logging_mixin.py:190} INFO - [2024-10-10T14:00:20.770+0000] {dagbag.py:588} INFO - Filling up the DagBag from /home/airflow/.local/lib/python3.12/site-packages/airflow/example_dags/example_complex.py
[2024-10-10T14:00:20.780+0000] {processor.py:925} INFO - DAG(s) 'example_complex' retrieved from /home/airflow/.local/lib/python3.12/site-packages/airflow/example_dags/example_complex.py
[2024-10-10T14:00:20.810+0000] {logging_mixin.py:190} INFO - [2024-10-10T14:00:20.810+0000] {dag.py:3239} INFO - Sync 1 DAGs
[2024-10-10T14:00:20.822+0000] {logging_mixin.py:190} INFO - [2024-10-10T14:00:20.821+0000] {dag.py:4180} INFO - Setting next_dagrun for example_complex to None, run_after=None
[2024-10-10T14:00:20.837+0000] {processor.py:208} INFO - Processing /home/airflow/.local/lib/python3.12/site-packages/airflow/example_dags/example_complex.py took 0.074 seconds
[2024-10-10T14:00:51.142+0000] {processor.py:186} INFO - Started process (PID=289) to work on /home/airflow/.local/lib/python3.12/site-packages/airflow/example_dags/example_complex.py
[2024-10-10T14:00:51.143+0000] {processor.py:914} INFO - Processing file /home/airflow/.local/lib/python3.12/site-packages/airflow/example_dags/example_complex.py for tasks to queue
[2024-10-10T14:00:51.145+0000] {logging_mixin.py:190} INFO - [2024-10-10T14:00:51.144+0000] {dagbag.py:588} INFO - Filling up the DagBag from /home/airflow/.local/lib/python3.12/site-packages/airflow/example_dags/example_complex.py
[2024-10-10T14:00:51.154+0000] {processor.py:925} INFO - DAG(s) 'example_complex' retrieved from /home/airflow/.local/lib/python3.12/site-packages/airflow/example_dags/example_complex.py
[2024-10-10T14:00:51.179+0000] {logging_mixin.py:190} INFO - [2024-10-10T14:00:51.179+0000] {dag.py:3239} INFO - Sync 1 DAGs
[2024-10-10T14:00:51.192+0000] {logging_mixin.py:190} INFO - [2024-10-10T14:00:51.191+0000] {dag.py:4180} INFO - Setting next_dagrun for example_complex to None, run_after=None
[2024-10-10T14:00:51.207+0000] {processor.py:208} INFO - Processing /home/airflow/.local/lib/python3.12/site-packages/airflow/example_dags/example_complex.py took 0.069 seconds
[2024-10-10T14:01:21.322+0000] {processor.py:186} INFO - Started process (PID=351) to work on /home/airflow/.local/lib/python3.12/site-packages/airflow/example_dags/example_complex.py
[2024-10-10T14:01:21.322+0000] {processor.py:914} INFO - Processing file /home/airflow/.local/lib/python3.12/site-packages/airflow/example_dags/example_complex.py for tasks to queue
[2024-10-10T14:01:21.324+0000] {logging_mixin.py:190} INFO - [2024-10-10T14:01:21.324+0000] {dagbag.py:588} INFO - Filling up the DagBag from /home/airflow/.local/lib/python3.12/site-packages/airflow/example_dags/example_complex.py
[2024-10-10T14:01:21.332+0000] {processor.py:925} INFO - DAG(s) 'example_complex' retrieved from /home/airflow/.local/lib/python3.12/site-packages/airflow/example_dags/example_complex.py
[2024-10-10T14:01:21.356+0000] {logging_mixin.py:190} INFO - [2024-10-10T14:01:21.356+0000] {dag.py:3239} INFO - Sync 1 DAGs
[2024-10-10T14:01:21.367+0000] {logging_mixin.py:190} INFO - [2024-10-10T14:01:21.367+0000] {dag.py:4180} INFO - Setting next_dagrun for example_complex to None, run_after=None
[2024-10-10T14:01:21.381+0000] {processor.py:208} INFO - Processing /home/airflow/.local/lib/python3.12/site-packages/airflow/example_dags/example_complex.py took 0.064 seconds
[2024-10-10T14:01:51.468+0000] {processor.py:186} INFO - Started process (PID=413) to work on /home/airflow/.local/lib/python3.12/site-packages/airflow/example_dags/example_complex.py
[2024-10-10T14:01:51.469+0000] {processor.py:914} INFO - Processing file /home/airflow/.local/lib/python3.12/site-packages/airflow/example_dags/example_complex.py for tasks to queue
[2024-10-10T14:01:51.471+0000] {logging_mixin.py:190} INFO - [2024-10-10T14:01:51.471+0000] {dagbag.py:588} INFO - Filling up the DagBag from /home/airflow/.local/lib/python3.12/site-packages/airflow/example_dags/example_complex.py
[2024-10-10T14:01:51.479+0000] {processor.py:925} INFO - DAG(s) 'example_complex' retrieved from /home/airflow/.local/lib/python3.12/site-packages/airflow/example_dags/example_complex.py
[2024-10-10T14:01:51.501+0000] {logging_mixin.py:190} INFO - [2024-10-10T14:01:51.501+0000] {dag.py:3239} INFO - Sync 1 DAGs
[2024-10-10T14:01:51.512+0000] {logging_mixin.py:190} INFO - [2024-10-10T14:01:51.512+0000] {dag.py:4180} INFO - Setting next_dagrun for example_complex to None, run_after=None
[2024-10-10T14:01:51.526+0000] {processor.py:208} INFO - Processing /home/airflow/.local/lib/python3.12/site-packages/airflow/example_dags/example_complex.py took 0.062 seconds
[2024-10-10T14:02:21.858+0000] {processor.py:186} INFO - Started process (PID=475) to work on /home/airflow/.local/lib/python3.12/site-packages/airflow/example_dags/example_complex.py
[2024-10-10T14:02:21.859+0000] {processor.py:914} INFO - Processing file /home/airflow/.local/lib/python3.12/site-packages/airflow/example_dags/example_complex.py for tasks to queue
[2024-10-10T14:02:21.861+0000] {logging_mixin.py:190} INFO - [2024-10-10T14:02:21.861+0000] {dagbag.py:588} INFO - Filling up the DagBag from /home/airflow/.local/lib/python3.12/site-packages/airflow/example_dags/example_complex.py
[2024-10-10T14:02:21.870+0000] {processor.py:925} INFO - DAG(s) 'example_complex' retrieved from /home/airflow/.local/lib/python3.12/site-packages/airflow/example_dags/example_complex.py
[2024-10-10T14:02:21.895+0000] {logging_mixin.py:190} INFO - [2024-10-10T14:02:21.894+0000] {dag.py:3239} INFO - Sync 1 DAGs
[2024-10-10T14:02:21.907+0000] {logging_mixin.py:190} INFO - [2024-10-10T14:02:21.907+0000] {dag.py:4180} INFO - Setting next_dagrun for example_complex to None, run_after=None
[2024-10-10T14:02:21.922+0000] {processor.py:208} INFO - Processing /home/airflow/.local/lib/python3.12/site-packages/airflow/example_dags/example_complex.py took 0.068 seconds
[2024-10-10T14:02:52.544+0000] {processor.py:186} INFO - Started process (PID=537) to work on /home/airflow/.local/lib/python3.12/site-packages/airflow/example_dags/example_complex.py
[2024-10-10T14:02:52.545+0000] {processor.py:914} INFO - Processing file /home/airflow/.local/lib/python3.12/site-packages/airflow/example_dags/example_complex.py for tasks to queue
[2024-10-10T14:02:52.547+0000] {logging_mixin.py:190} INFO - [2024-10-10T14:02:52.547+0000] {dagbag.py:588} INFO - Filling up the DagBag from /home/airflow/.local/lib/python3.12/site-packages/airflow/example_dags/example_complex.py
[2024-10-10T14:02:52.555+0000] {processor.py:925} INFO - DAG(s) 'example_complex' retrieved from /home/airflow/.local/lib/python3.12/site-packages/airflow/example_dags/example_complex.py
[2024-10-10T14:02:52.583+0000] {logging_mixin.py:190} INFO - [2024-10-10T14:02:52.583+0000] {dag.py:3239} INFO - Sync 1 DAGs
[2024-10-10T14:02:52.594+0000] {logging_mixin.py:190} INFO - [2024-10-10T14:02:52.594+0000] {dag.py:4180} INFO - Setting next_dagrun for example_complex to None, run_after=None
[2024-10-10T14:02:52.609+0000] {processor.py:208} INFO - Processing /home/airflow/.local/lib/python3.12/site-packages/airflow/example_dags/example_complex.py took 0.069 seconds
[2024-10-10T14:03:23.469+0000] {processor.py:186} INFO - Started process (PID=599) to work on /home/airflow/.local/lib/python3.12/site-packages/airflow/example_dags/example_complex.py
[2024-10-10T14:03:23.469+0000] {processor.py:914} INFO - Processing file /home/airflow/.local/lib/python3.12/site-packages/airflow/example_dags/example_complex.py for tasks to queue
[2024-10-10T14:03:23.471+0000] {logging_mixin.py:190} INFO - [2024-10-10T14:03:23.471+0000] {dagbag.py:588} INFO - Filling up the DagBag from /home/airflow/.local/lib/python3.12/site-packages/airflow/example_dags/example_complex.py
[2024-10-10T14:03:23.480+0000] {processor.py:925} INFO - DAG(s) 'example_complex' retrieved from /home/airflow/.local/lib/python3.12/site-packages/airflow/example_dags/example_complex.py
[2024-10-10T14:03:23.503+0000] {logging_mixin.py:190} INFO - [2024-10-10T14:03:23.503+0000] {dag.py:3239} INFO - Sync 1 DAGs
[2024-10-10T14:03:23.515+0000] {logging_mixin.py:190} INFO - [2024-10-10T14:03:23.514+0000] {dag.py:4180} INFO - Setting next_dagrun for example_complex to None, run_after=None
[2024-10-10T14:03:23.530+0000] {processor.py:208} INFO - Processing /home/airflow/.local/lib/python3.12/site-packages/airflow/example_dags/example_complex.py took 0.066 seconds
[2024-10-10T14:03:54.163+0000] {processor.py:186} INFO - Started process (PID=661) to work on /home/airflow/.local/lib/python3.12/site-packages/airflow/example_dags/example_complex.py
[2024-10-10T14:03:54.163+0000] {processor.py:914} INFO - Processing file /home/airflow/.local/lib/python3.12/site-packages/airflow/example_dags/example_complex.py for tasks to queue
[2024-10-10T14:03:54.165+0000] {logging_mixin.py:190} INFO - [2024-10-10T14:03:54.165+0000] {dagbag.py:588} INFO - Filling up the DagBag from /home/airflow/.local/lib/python3.12/site-packages/airflow/example_dags/example_complex.py
[2024-10-10T14:03:54.174+0000] {processor.py:925} INFO - DAG(s) 'example_complex' retrieved from /home/airflow/.local/lib/python3.12/site-packages/airflow/example_dags/example_complex.py
[2024-10-10T14:03:54.197+0000] {logging_mixin.py:190} INFO - [2024-10-10T14:03:54.197+0000] {dag.py:3239} INFO - Sync 1 DAGs
[2024-10-10T14:03:54.208+0000] {logging_mixin.py:190} INFO - [2024-10-10T14:03:54.208+0000] {dag.py:4180} INFO - Setting next_dagrun for example_complex to None, run_after=None
[2024-10-10T14:03:54.223+0000] {processor.py:208} INFO - Processing /home/airflow/.local/lib/python3.12/site-packages/airflow/example_dags/example_complex.py took 0.065 seconds
[2024-10-10T14:04:24.938+0000] {processor.py:186} INFO - Started process (PID=723) to work on /home/airflow/.local/lib/python3.12/site-packages/airflow/example_dags/example_complex.py
[2024-10-10T14:04:24.939+0000] {processor.py:914} INFO - Processing file /home/airflow/.local/lib/python3.12/site-packages/airflow/example_dags/example_complex.py for tasks to queue
[2024-10-10T14:04:24.941+0000] {logging_mixin.py:190} INFO - [2024-10-10T14:04:24.940+0000] {dagbag.py:588} INFO - Filling up the DagBag from /home/airflow/.local/lib/python3.12/site-packages/airflow/example_dags/example_complex.py
[2024-10-10T14:04:24.949+0000] {processor.py:925} INFO - DAG(s) 'example_complex' retrieved from /home/airflow/.local/lib/python3.12/site-packages/airflow/example_dags/example_complex.py
[2024-10-10T14:04:24.971+0000] {logging_mixin.py:190} INFO - [2024-10-10T14:04:24.971+0000] {dag.py:3239} INFO - Sync 1 DAGs
[2024-10-10T14:04:24.983+0000] {logging_mixin.py:190} INFO - [2024-10-10T14:04:24.982+0000] {dag.py:4180} INFO - Setting next_dagrun for example_complex to None, run_after=None
[2024-10-10T14:04:24.996+0000] {processor.py:208} INFO - Processing /home/airflow/.local/lib/python3.12/site-packages/airflow/example_dags/example_complex.py took 0.063 seconds
[2024-10-10T14:04:55.706+0000] {processor.py:186} INFO - Started process (PID=785) to work on /home/airflow/.local/lib/python3.12/site-packages/airflow/example_dags/example_complex.py
[2024-10-10T14:04:55.706+0000] {processor.py:914} INFO - Processing file /home/airflow/.local/lib/python3.12/site-packages/airflow/example_dags/example_complex.py for tasks to queue
[2024-10-10T14:04:55.708+0000] {logging_mixin.py:190} INFO - [2024-10-10T14:04:55.708+0000] {dagbag.py:588} INFO - Filling up the DagBag from /home/airflow/.local/lib/python3.12/site-packages/airflow/example_dags/example_complex.py
[2024-10-10T14:04:55.717+0000] {processor.py:925} INFO - DAG(s) 'example_complex' retrieved from /home/airflow/.local/lib/python3.12/site-packages/airflow/example_dags/example_complex.py
[2024-10-10T14:04:55.741+0000] {logging_mixin.py:190} INFO - [2024-10-10T14:04:55.741+0000] {dag.py:3239} INFO - Sync 1 DAGs
[2024-10-10T14:04:55.753+0000] {logging_mixin.py:190} INFO - [2024-10-10T14:04:55.752+0000] {dag.py:4180} INFO - Setting next_dagrun for example_complex to None, run_after=None
[2024-10-10T14:04:55.768+0000] {processor.py:208} INFO - Processing /home/airflow/.local/lib/python3.12/site-packages/airflow/example_dags/example_complex.py took 0.066 seconds
[2024-10-10T14:05:26.461+0000] {processor.py:186} INFO - Started process (PID=847) to work on /home/airflow/.local/lib/python3.12/site-packages/airflow/example_dags/example_complex.py
[2024-10-10T14:05:26.462+0000] {processor.py:914} INFO - Processing file /home/airflow/.local/lib/python3.12/site-packages/airflow/example_dags/example_complex.py for tasks to queue
[2024-10-10T14:05:26.464+0000] {logging_mixin.py:190} INFO - [2024-10-10T14:05:26.463+0000] {dagbag.py:588} INFO - Filling up the DagBag from /home/airflow/.local/lib/python3.12/site-packages/airflow/example_dags/example_complex.py
[2024-10-10T14:05:26.472+0000] {processor.py:925} INFO - DAG(s) 'example_complex' retrieved from /home/airflow/.local/lib/python3.12/site-packages/airflow/example_dags/example_complex.py
[2024-10-10T14:05:26.495+0000] {logging_mixin.py:190} INFO - [2024-10-10T14:05:26.495+0000] {dag.py:3239} INFO - Sync 1 DAGs
[2024-10-10T14:05:26.506+0000] {logging_mixin.py:190} INFO - [2024-10-10T14:05:26.506+0000] {dag.py:4180} INFO - Setting next_dagrun for example_complex to None, run_after=None
[2024-10-10T14:05:26.522+0000] {processor.py:208} INFO - Processing /home/airflow/.local/lib/python3.12/site-packages/airflow/example_dags/example_complex.py took 0.065 seconds
[2024-10-10T14:05:57.180+0000] {processor.py:186} INFO - Started process (PID=909) to work on /home/airflow/.local/lib/python3.12/site-packages/airflow/example_dags/example_complex.py
[2024-10-10T14:05:57.180+0000] {processor.py:914} INFO - Processing file /home/airflow/.local/lib/python3.12/site-packages/airflow/example_dags/example_complex.py for tasks to queue
[2024-10-10T14:05:57.182+0000] {logging_mixin.py:190} INFO - [2024-10-10T14:05:57.182+0000] {dagbag.py:588} INFO - Filling up the DagBag from /home/airflow/.local/lib/python3.12/site-packages/airflow/example_dags/example_complex.py
[2024-10-10T14:05:57.191+0000] {processor.py:925} INFO - DAG(s) 'example_complex' retrieved from /home/airflow/.local/lib/python3.12/site-packages/airflow/example_dags/example_complex.py
[2024-10-10T14:05:57.214+0000] {logging_mixin.py:190} INFO - [2024-10-10T14:05:57.214+0000] {dag.py:3239} INFO - Sync 1 DAGs
[2024-10-10T14:05:57.225+0000] {logging_mixin.py:190} INFO - [2024-10-10T14:05:57.225+0000] {dag.py:4180} INFO - Setting next_dagrun for example_complex to None, run_after=None
[2024-10-10T14:05:57.239+0000] {processor.py:208} INFO - Processing /home/airflow/.local/lib/python3.12/site-packages/airflow/example_dags/example_complex.py took 0.064 seconds
[2024-10-10T14:06:27.882+0000] {processor.py:186} INFO - Started process (PID=971) to work on /home/airflow/.local/lib/python3.12/site-packages/airflow/example_dags/example_complex.py
[2024-10-10T14:06:27.883+0000] {processor.py:914} INFO - Processing file /home/airflow/.local/lib/python3.12/site-packages/airflow/example_dags/example_complex.py for tasks to queue
[2024-10-10T14:06:27.885+0000] {logging_mixin.py:190} INFO - [2024-10-10T14:06:27.885+0000] {dagbag.py:588} INFO - Filling up the DagBag from /home/airflow/.local/lib/python3.12/site-packages/airflow/example_dags/example_complex.py
[2024-10-10T14:06:27.894+0000] {processor.py:925} INFO - DAG(s) 'example_complex' retrieved from /home/airflow/.local/lib/python3.12/site-packages/airflow/example_dags/example_complex.py
[2024-10-10T14:06:27.920+0000] {logging_mixin.py:190} INFO - [2024-10-10T14:06:27.920+0000] {dag.py:3239} INFO - Sync 1 DAGs
[2024-10-10T14:06:27.932+0000] {logging_mixin.py:190} INFO - [2024-10-10T14:06:27.932+0000] {dag.py:4180} INFO - Setting next_dagrun for example_complex to None, run_after=None
[2024-10-10T14:06:27.947+0000] {processor.py:208} INFO - Processing /home/airflow/.local/lib/python3.12/site-packages/airflow/example_dags/example_complex.py took 0.071 seconds
[2024-10-10T14:06:58.612+0000] {processor.py:186} INFO - Started process (PID=1033) to work on /home/airflow/.local/lib/python3.12/site-packages/airflow/example_dags/example_complex.py
[2024-10-10T14:06:58.613+0000] {processor.py:914} INFO - Processing file /home/airflow/.local/lib/python3.12/site-packages/airflow/example_dags/example_complex.py for tasks to queue
[2024-10-10T14:06:58.615+0000] {logging_mixin.py:190} INFO - [2024-10-10T14:06:58.614+0000] {dagbag.py:588} INFO - Filling up the DagBag from /home/airflow/.local/lib/python3.12/site-packages/airflow/example_dags/example_complex.py
[2024-10-10T14:06:58.623+0000] {processor.py:925} INFO - DAG(s) 'example_complex' retrieved from /home/airflow/.local/lib/python3.12/site-packages/airflow/example_dags/example_complex.py
[2024-10-10T14:06:58.646+0000] {logging_mixin.py:190} INFO - [2024-10-10T14:06:58.646+0000] {dag.py:3239} INFO - Sync 1 DAGs
[2024-10-10T14:06:58.657+0000] {logging_mixin.py:190} INFO - [2024-10-10T14:06:58.657+0000] {dag.py:4180} INFO - Setting next_dagrun for example_complex to None, run_after=None
[2024-10-10T14:06:58.671+0000] {processor.py:208} INFO - Processing /home/airflow/.local/lib/python3.12/site-packages/airflow/example_dags/example_complex.py took 0.064 seconds
[2024-10-10T14:07:29.390+0000] {processor.py:186} INFO - Started process (PID=1095) to work on /home/airflow/.local/lib/python3.12/site-packages/airflow/example_dags/example_complex.py
[2024-10-10T14:07:29.391+0000] {processor.py:914} INFO - Processing file /home/airflow/.local/lib/python3.12/site-packages/airflow/example_dags/example_complex.py for tasks to queue
[2024-10-10T14:07:29.393+0000] {logging_mixin.py:190} INFO - [2024-10-10T14:07:29.393+0000] {dagbag.py:588} INFO - Filling up the DagBag from /home/airflow/.local/lib/python3.12/site-packages/airflow/example_dags/example_complex.py
[2024-10-10T14:07:29.403+0000] {processor.py:925} INFO - DAG(s) 'example_complex' retrieved from /home/airflow/.local/lib/python3.12/site-packages/airflow/example_dags/example_complex.py
[2024-10-10T14:07:29.427+0000] {logging_mixin.py:190} INFO - [2024-10-10T14:07:29.427+0000] {dag.py:3239} INFO - Sync 1 DAGs
[2024-10-10T14:07:29.438+0000] {logging_mixin.py:190} INFO - [2024-10-10T14:07:29.437+0000] {dag.py:4180} INFO - Setting next_dagrun for example_complex to None, run_after=None
[2024-10-10T14:07:29.451+0000] {processor.py:208} INFO - Processing /home/airflow/.local/lib/python3.12/site-packages/airflow/example_dags/example_complex.py took 0.067 seconds
[2024-10-10T14:08:00.181+0000] {processor.py:186} INFO - Started process (PID=1157) to work on /home/airflow/.local/lib/python3.12/site-packages/airflow/example_dags/example_complex.py
[2024-10-10T14:08:00.182+0000] {processor.py:914} INFO - Processing file /home/airflow/.local/lib/python3.12/site-packages/airflow/example_dags/example_complex.py for tasks to queue
[2024-10-10T14:08:00.184+0000] {logging_mixin.py:190} INFO - [2024-10-10T14:08:00.183+0000] {dagbag.py:588} INFO - Filling up the DagBag from /home/airflow/.local/lib/python3.12/site-packages/airflow/example_dags/example_complex.py
[2024-10-10T14:08:00.192+0000] {processor.py:925} INFO - DAG(s) 'example_complex' retrieved from /home/airflow/.local/lib/python3.12/site-packages/airflow/example_dags/example_complex.py
[2024-10-10T14:08:00.215+0000] {logging_mixin.py:190} INFO - [2024-10-10T14:08:00.215+0000] {dag.py:3239} INFO - Sync 1 DAGs
[2024-10-10T14:08:00.225+0000] {logging_mixin.py:190} INFO - [2024-10-10T14:08:00.225+0000] {dag.py:4180} INFO - Setting next_dagrun for example_complex to None, run_after=None
[2024-10-10T14:08:00.239+0000] {processor.py:208} INFO - Processing /home/airflow/.local/lib/python3.12/site-packages/airflow/example_dags/example_complex.py took 0.063 seconds
[2024-10-10T14:08:30.861+0000] {processor.py:186} INFO - Started process (PID=1219) to work on /home/airflow/.local/lib/python3.12/site-packages/airflow/example_dags/example_complex.py
[2024-10-10T14:08:30.861+0000] {processor.py:914} INFO - Processing file /home/airflow/.local/lib/python3.12/site-packages/airflow/example_dags/example_complex.py for tasks to queue
[2024-10-10T14:08:30.863+0000] {logging_mixin.py:190} INFO - [2024-10-10T14:08:30.863+0000] {dagbag.py:588} INFO - Filling up the DagBag from /home/airflow/.local/lib/python3.12/site-packages/airflow/example_dags/example_complex.py
[2024-10-10T14:08:30.872+0000] {processor.py:925} INFO - DAG(s) 'example_complex' retrieved from /home/airflow/.local/lib/python3.12/site-packages/airflow/example_dags/example_complex.py
[2024-10-10T14:08:30.894+0000] {logging_mixin.py:190} INFO - [2024-10-10T14:08:30.894+0000] {dag.py:3239} INFO - Sync 1 DAGs
[2024-10-10T14:08:30.906+0000] {logging_mixin.py:190} INFO - [2024-10-10T14:08:30.906+0000] {dag.py:4180} INFO - Setting next_dagrun for example_complex to None, run_after=None
[2024-10-10T14:08:30.922+0000] {processor.py:208} INFO - Processing /home/airflow/.local/lib/python3.12/site-packages/airflow/example_dags/example_complex.py took 0.065 seconds
[2024-10-10T14:09:01.589+0000] {processor.py:186} INFO - Started process (PID=1281) to work on /home/airflow/.local/lib/python3.12/site-packages/airflow/example_dags/example_complex.py
[2024-10-10T14:09:01.590+0000] {processor.py:914} INFO - Processing file /home/airflow/.local/lib/python3.12/site-packages/airflow/example_dags/example_complex.py for tasks to queue
[2024-10-10T14:09:01.592+0000] {logging_mixin.py:190} INFO - [2024-10-10T14:09:01.591+0000] {dagbag.py:588} INFO - Filling up the DagBag from /home/airflow/.local/lib/python3.12/site-packages/airflow/example_dags/example_complex.py
[2024-10-10T14:09:01.600+0000] {processor.py:925} INFO - DAG(s) 'example_complex' retrieved from /home/airflow/.local/lib/python3.12/site-packages/airflow/example_dags/example_complex.py
[2024-10-10T14:09:01.623+0000] {logging_mixin.py:190} INFO - [2024-10-10T14:09:01.623+0000] {dag.py:3239} INFO - Sync 1 DAGs
[2024-10-10T14:09:01.634+0000] {logging_mixin.py:190} INFO - [2024-10-10T14:09:01.634+0000] {dag.py:4180} INFO - Setting next_dagrun for example_complex to None, run_after=None
[2024-10-10T14:09:01.647+0000] {processor.py:208} INFO - Processing /home/airflow/.local/lib/python3.12/site-packages/airflow/example_dags/example_complex.py took 0.061 seconds
[2024-10-10T14:09:32.405+0000] {processor.py:186} INFO - Started process (PID=1343) to work on /home/airflow/.local/lib/python3.12/site-packages/airflow/example_dags/example_complex.py
[2024-10-10T14:09:32.405+0000] {processor.py:914} INFO - Processing file /home/airflow/.local/lib/python3.12/site-packages/airflow/example_dags/example_complex.py for tasks to queue
[2024-10-10T14:09:32.407+0000] {logging_mixin.py:190} INFO - [2024-10-10T14:09:32.407+0000] {dagbag.py:588} INFO - Filling up the DagBag from /home/airflow/.local/lib/python3.12/site-packages/airflow/example_dags/example_complex.py
[2024-10-10T14:09:32.416+0000] {processor.py:925} INFO - DAG(s) 'example_complex' retrieved from /home/airflow/.local/lib/python3.12/site-packages/airflow/example_dags/example_complex.py
[2024-10-10T14:09:32.440+0000] {logging_mixin.py:190} INFO - [2024-10-10T14:09:32.440+0000] {dag.py:3239} INFO - Sync 1 DAGs
[2024-10-10T14:09:32.452+0000] {logging_mixin.py:190} INFO - [2024-10-10T14:09:32.452+0000] {dag.py:4180} INFO - Setting next_dagrun for example_complex to None, run_after=None
[2024-10-10T14:09:32.467+0000] {processor.py:208} INFO - Processing /home/airflow/.local/lib/python3.12/site-packages/airflow/example_dags/example_complex.py took 0.067 seconds
[2024-10-10T14:10:03.363+0000] {processor.py:186} INFO - Started process (PID=1405) to work on /home/airflow/.local/lib/python3.12/site-packages/airflow/example_dags/example_complex.py
[2024-10-10T14:10:03.364+0000] {processor.py:914} INFO - Processing file /home/airflow/.local/lib/python3.12/site-packages/airflow/example_dags/example_complex.py for tasks to queue
[2024-10-10T14:10:03.366+0000] {logging_mixin.py:190} INFO - [2024-10-10T14:10:03.366+0000] {dagbag.py:588} INFO - Filling up the DagBag from /home/airflow/.local/lib/python3.12/site-packages/airflow/example_dags/example_complex.py
[2024-10-10T14:10:03.375+0000] {processor.py:925} INFO - DAG(s) 'example_complex' retrieved from /home/airflow/.local/lib/python3.12/site-packages/airflow/example_dags/example_complex.py
[2024-10-10T14:10:03.400+0000] {logging_mixin.py:190} INFO - [2024-10-10T14:10:03.399+0000] {dag.py:3239} INFO - Sync 1 DAGs
[2024-10-10T14:10:03.420+0000] {logging_mixin.py:190} INFO - [2024-10-10T14:10:03.420+0000] {dag.py:4180} INFO - Setting next_dagrun for example_complex to None, run_after=None
[2024-10-10T14:10:03.438+0000] {processor.py:208} INFO - Processing /home/airflow/.local/lib/python3.12/site-packages/airflow/example_dags/example_complex.py took 0.079 seconds
[2024-10-10T14:10:33.593+0000] {processor.py:186} INFO - Started process (PID=1468) to work on /home/airflow/.local/lib/python3.12/site-packages/airflow/example_dags/example_complex.py
[2024-10-10T14:10:33.594+0000] {processor.py:914} INFO - Processing file /home/airflow/.local/lib/python3.12/site-packages/airflow/example_dags/example_complex.py for tasks to queue
[2024-10-10T14:10:33.596+0000] {logging_mixin.py:190} INFO - [2024-10-10T14:10:33.596+0000] {dagbag.py:588} INFO - Filling up the DagBag from /home/airflow/.local/lib/python3.12/site-packages/airflow/example_dags/example_complex.py
[2024-10-10T14:10:33.606+0000] {processor.py:925} INFO - DAG(s) 'example_complex' retrieved from /home/airflow/.local/lib/python3.12/site-packages/airflow/example_dags/example_complex.py
[2024-10-10T14:10:33.636+0000] {logging_mixin.py:190} INFO - [2024-10-10T14:10:33.636+0000] {dag.py:3239} INFO - Sync 1 DAGs
[2024-10-10T14:10:33.648+0000] {logging_mixin.py:190} INFO - [2024-10-10T14:10:33.648+0000] {dag.py:4180} INFO - Setting next_dagrun for example_complex to None, run_after=None
[2024-10-10T14:10:33.662+0000] {processor.py:208} INFO - Processing /home/airflow/.local/lib/python3.12/site-packages/airflow/example_dags/example_complex.py took 0.073 seconds
[2024-10-10T14:11:03.741+0000] {processor.py:186} INFO - Started process (PID=1530) to work on /home/airflow/.local/lib/python3.12/site-packages/airflow/example_dags/example_complex.py
[2024-10-10T14:11:03.743+0000] {processor.py:914} INFO - Processing file /home/airflow/.local/lib/python3.12/site-packages/airflow/example_dags/example_complex.py for tasks to queue
[2024-10-10T14:11:03.745+0000] {logging_mixin.py:190} INFO - [2024-10-10T14:11:03.745+0000] {dagbag.py:588} INFO - Filling up the DagBag from /home/airflow/.local/lib/python3.12/site-packages/airflow/example_dags/example_complex.py
[2024-10-10T14:11:03.754+0000] {processor.py:925} INFO - DAG(s) 'example_complex' retrieved from /home/airflow/.local/lib/python3.12/site-packages/airflow/example_dags/example_complex.py
[2024-10-10T14:11:03.783+0000] {logging_mixin.py:190} INFO - [2024-10-10T14:11:03.783+0000] {dag.py:3239} INFO - Sync 1 DAGs
[2024-10-10T14:11:03.795+0000] {logging_mixin.py:190} INFO - [2024-10-10T14:11:03.795+0000] {dag.py:4180} INFO - Setting next_dagrun for example_complex to None, run_after=None
[2024-10-10T14:11:03.811+0000] {processor.py:208} INFO - Processing /home/airflow/.local/lib/python3.12/site-packages/airflow/example_dags/example_complex.py took 0.075 seconds
[2024-10-10T14:11:34.779+0000] {processor.py:186} INFO - Started process (PID=1592) to work on /home/airflow/.local/lib/python3.12/site-packages/airflow/example_dags/example_complex.py
[2024-10-10T14:11:34.781+0000] {processor.py:914} INFO - Processing file /home/airflow/.local/lib/python3.12/site-packages/airflow/example_dags/example_complex.py for tasks to queue
[2024-10-10T14:11:34.783+0000] {logging_mixin.py:190} INFO - [2024-10-10T14:11:34.783+0000] {dagbag.py:588} INFO - Filling up the DagBag from /home/airflow/.local/lib/python3.12/site-packages/airflow/example_dags/example_complex.py
[2024-10-10T14:11:34.798+0000] {processor.py:925} INFO - DAG(s) 'example_complex' retrieved from /home/airflow/.local/lib/python3.12/site-packages/airflow/example_dags/example_complex.py
[2024-10-10T14:11:34.836+0000] {logging_mixin.py:190} INFO - [2024-10-10T14:11:34.836+0000] {dag.py:3239} INFO - Sync 1 DAGs
[2024-10-10T14:11:34.848+0000] {logging_mixin.py:190} INFO - [2024-10-10T14:11:34.847+0000] {dag.py:4180} INFO - Setting next_dagrun for example_complex to None, run_after=None
[2024-10-10T14:11:34.871+0000] {processor.py:208} INFO - Processing /home/airflow/.local/lib/python3.12/site-packages/airflow/example_dags/example_complex.py took 0.099 seconds
[2024-10-10T14:12:05.563+0000] {processor.py:186} INFO - Started process (PID=1654) to work on /home/airflow/.local/lib/python3.12/site-packages/airflow/example_dags/example_complex.py
[2024-10-10T14:12:05.563+0000] {processor.py:914} INFO - Processing file /home/airflow/.local/lib/python3.12/site-packages/airflow/example_dags/example_complex.py for tasks to queue
[2024-10-10T14:12:05.565+0000] {logging_mixin.py:190} INFO - [2024-10-10T14:12:05.564+0000] {dagbag.py:588} INFO - Filling up the DagBag from /home/airflow/.local/lib/python3.12/site-packages/airflow/example_dags/example_complex.py
[2024-10-10T14:12:05.573+0000] {processor.py:925} INFO - DAG(s) 'example_complex' retrieved from /home/airflow/.local/lib/python3.12/site-packages/airflow/example_dags/example_complex.py
[2024-10-10T14:12:05.594+0000] {logging_mixin.py:190} INFO - [2024-10-10T14:12:05.594+0000] {dag.py:3239} INFO - Sync 1 DAGs
[2024-10-10T14:12:05.604+0000] {logging_mixin.py:190} INFO - [2024-10-10T14:12:05.604+0000] {dag.py:4180} INFO - Setting next_dagrun for example_complex to None, run_after=None
[2024-10-10T14:12:05.617+0000] {processor.py:208} INFO - Processing /home/airflow/.local/lib/python3.12/site-packages/airflow/example_dags/example_complex.py took 0.058 seconds
[2024-10-10T14:12:36.417+0000] {processor.py:186} INFO - Started process (PID=1716) to work on /home/airflow/.local/lib/python3.12/site-packages/airflow/example_dags/example_complex.py
[2024-10-10T14:12:36.418+0000] {processor.py:914} INFO - Processing file /home/airflow/.local/lib/python3.12/site-packages/airflow/example_dags/example_complex.py for tasks to queue
[2024-10-10T14:12:36.421+0000] {logging_mixin.py:190} INFO - [2024-10-10T14:12:36.420+0000] {dagbag.py:588} INFO - Filling up the DagBag from /home/airflow/.local/lib/python3.12/site-packages/airflow/example_dags/example_complex.py
[2024-10-10T14:12:36.429+0000] {processor.py:925} INFO - DAG(s) 'example_complex' retrieved from /home/airflow/.local/lib/python3.12/site-packages/airflow/example_dags/example_complex.py
[2024-10-10T14:12:36.452+0000] {logging_mixin.py:190} INFO - [2024-10-10T14:12:36.452+0000] {dag.py:3239} INFO - Sync 1 DAGs
[2024-10-10T14:12:36.463+0000] {logging_mixin.py:190} INFO - [2024-10-10T14:12:36.463+0000] {dag.py:4180} INFO - Setting next_dagrun for example_complex to None, run_after=None
[2024-10-10T14:12:36.487+0000] {processor.py:208} INFO - Processing /home/airflow/.local/lib/python3.12/site-packages/airflow/example_dags/example_complex.py took 0.073 seconds
