[2024-10-10T13:59:16.857+0000] {processor.py:186} INFO - Started process (PID=68) to work on /home/airflow/.local/lib/python3.12/site-packages/airflow/example_dags/example_xcomargs.py
[2024-10-10T13:59:16.858+0000] {processor.py:914} INFO - Processing file /home/airflow/.local/lib/python3.12/site-packages/airflow/example_dags/example_xcomargs.py for tasks to queue
[2024-10-10T13:59:16.860+0000] {logging_mixin.py:190} INFO - [2024-10-10T13:59:16.860+0000] {dagbag.py:588} INFO - Filling up the DagBag from /home/airflow/.local/lib/python3.12/site-packages/airflow/example_dags/example_xcomargs.py
[2024-10-10T13:59:16.869+0000] {processor.py:925} INFO - DAG(s) 'example_xcom_args', 'example_xcom_args_with_operators' retrieved from /home/airflow/.local/lib/python3.12/site-packages/airflow/example_dags/example_xcomargs.py
[2024-10-10T13:59:16.890+0000] {logging_mixin.py:190} INFO - [2024-10-10T13:59:16.890+0000] {dag.py:3239} INFO - Sync 2 DAGs
[2024-10-10T13:59:16.903+0000] {logging_mixin.py:190} INFO - [2024-10-10T13:59:16.903+0000] {dag.py:4180} INFO - Setting next_dagrun for example_xcom_args to None, run_after=None
[2024-10-10T13:59:16.906+0000] {logging_mixin.py:190} INFO - [2024-10-10T13:59:16.906+0000] {dag.py:4180} INFO - Setting next_dagrun for example_xcom_args_with_operators to None, run_after=None
[2024-10-10T13:59:16.920+0000] {processor.py:208} INFO - Processing /home/airflow/.local/lib/python3.12/site-packages/airflow/example_dags/example_xcomargs.py took 0.067 seconds
[2024-10-10T13:59:47.052+0000] {processor.py:186} INFO - Started process (PID=130) to work on /home/airflow/.local/lib/python3.12/site-packages/airflow/example_dags/example_xcomargs.py
[2024-10-10T13:59:47.053+0000] {processor.py:914} INFO - Processing file /home/airflow/.local/lib/python3.12/site-packages/airflow/example_dags/example_xcomargs.py for tasks to queue
[2024-10-10T13:59:47.055+0000] {logging_mixin.py:190} INFO - [2024-10-10T13:59:47.055+0000] {dagbag.py:588} INFO - Filling up the DagBag from /home/airflow/.local/lib/python3.12/site-packages/airflow/example_dags/example_xcomargs.py
[2024-10-10T13:59:47.063+0000] {processor.py:925} INFO - DAG(s) 'example_xcom_args', 'example_xcom_args_with_operators' retrieved from /home/airflow/.local/lib/python3.12/site-packages/airflow/example_dags/example_xcomargs.py
[2024-10-10T13:59:47.082+0000] {logging_mixin.py:190} INFO - [2024-10-10T13:59:47.081+0000] {dag.py:3239} INFO - Sync 2 DAGs
[2024-10-10T13:59:47.093+0000] {logging_mixin.py:190} INFO - [2024-10-10T13:59:47.093+0000] {dag.py:4180} INFO - Setting next_dagrun for example_xcom_args to None, run_after=None
[2024-10-10T13:59:47.096+0000] {logging_mixin.py:190} INFO - [2024-10-10T13:59:47.096+0000] {dag.py:4180} INFO - Setting next_dagrun for example_xcom_args_with_operators to None, run_after=None
[2024-10-10T13:59:47.109+0000] {processor.py:208} INFO - Processing /home/airflow/.local/lib/python3.12/site-packages/airflow/example_dags/example_xcomargs.py took 0.061 seconds
[2024-10-10T14:00:17.231+0000] {processor.py:186} INFO - Started process (PID=192) to work on /home/airflow/.local/lib/python3.12/site-packages/airflow/example_dags/example_xcomargs.py
[2024-10-10T14:00:17.233+0000] {processor.py:914} INFO - Processing file /home/airflow/.local/lib/python3.12/site-packages/airflow/example_dags/example_xcomargs.py for tasks to queue
[2024-10-10T14:00:17.235+0000] {logging_mixin.py:190} INFO - [2024-10-10T14:00:17.234+0000] {dagbag.py:588} INFO - Filling up the DagBag from /home/airflow/.local/lib/python3.12/site-packages/airflow/example_dags/example_xcomargs.py
[2024-10-10T14:00:17.242+0000] {processor.py:925} INFO - DAG(s) 'example_xcom_args', 'example_xcom_args_with_operators' retrieved from /home/airflow/.local/lib/python3.12/site-packages/airflow/example_dags/example_xcomargs.py
[2024-10-10T14:00:17.260+0000] {logging_mixin.py:190} INFO - [2024-10-10T14:00:17.260+0000] {dag.py:3239} INFO - Sync 2 DAGs
[2024-10-10T14:00:17.273+0000] {logging_mixin.py:190} INFO - [2024-10-10T14:00:17.273+0000] {dag.py:4180} INFO - Setting next_dagrun for example_xcom_args to None, run_after=None
[2024-10-10T14:00:17.277+0000] {logging_mixin.py:190} INFO - [2024-10-10T14:00:17.276+0000] {dag.py:4180} INFO - Setting next_dagrun for example_xcom_args_with_operators to None, run_after=None
[2024-10-10T14:00:17.289+0000] {processor.py:208} INFO - Processing /home/airflow/.local/lib/python3.12/site-packages/airflow/example_dags/example_xcomargs.py took 0.062 seconds
[2024-10-10T14:00:47.386+0000] {processor.py:186} INFO - Started process (PID=254) to work on /home/airflow/.local/lib/python3.12/site-packages/airflow/example_dags/example_xcomargs.py
[2024-10-10T14:00:47.387+0000] {processor.py:914} INFO - Processing file /home/airflow/.local/lib/python3.12/site-packages/airflow/example_dags/example_xcomargs.py for tasks to queue
[2024-10-10T14:00:47.389+0000] {logging_mixin.py:190} INFO - [2024-10-10T14:00:47.389+0000] {dagbag.py:588} INFO - Filling up the DagBag from /home/airflow/.local/lib/python3.12/site-packages/airflow/example_dags/example_xcomargs.py
[2024-10-10T14:00:47.397+0000] {processor.py:925} INFO - DAG(s) 'example_xcom_args_with_operators', 'example_xcom_args' retrieved from /home/airflow/.local/lib/python3.12/site-packages/airflow/example_dags/example_xcomargs.py
[2024-10-10T14:00:47.414+0000] {logging_mixin.py:190} INFO - [2024-10-10T14:00:47.414+0000] {dag.py:3239} INFO - Sync 2 DAGs
[2024-10-10T14:00:47.425+0000] {logging_mixin.py:190} INFO - [2024-10-10T14:00:47.425+0000] {dag.py:4180} INFO - Setting next_dagrun for example_xcom_args to None, run_after=None
[2024-10-10T14:00:47.428+0000] {logging_mixin.py:190} INFO - [2024-10-10T14:00:47.428+0000] {dag.py:4180} INFO - Setting next_dagrun for example_xcom_args_with_operators to None, run_after=None
[2024-10-10T14:00:47.440+0000] {processor.py:208} INFO - Processing /home/airflow/.local/lib/python3.12/site-packages/airflow/example_dags/example_xcomargs.py took 0.058 seconds
[2024-10-10T14:01:17.548+0000] {processor.py:186} INFO - Started process (PID=316) to work on /home/airflow/.local/lib/python3.12/site-packages/airflow/example_dags/example_xcomargs.py
[2024-10-10T14:01:17.549+0000] {processor.py:914} INFO - Processing file /home/airflow/.local/lib/python3.12/site-packages/airflow/example_dags/example_xcomargs.py for tasks to queue
[2024-10-10T14:01:17.551+0000] {logging_mixin.py:190} INFO - [2024-10-10T14:01:17.551+0000] {dagbag.py:588} INFO - Filling up the DagBag from /home/airflow/.local/lib/python3.12/site-packages/airflow/example_dags/example_xcomargs.py
[2024-10-10T14:01:17.558+0000] {processor.py:925} INFO - DAG(s) 'example_xcom_args_with_operators', 'example_xcom_args' retrieved from /home/airflow/.local/lib/python3.12/site-packages/airflow/example_dags/example_xcomargs.py
[2024-10-10T14:01:17.575+0000] {logging_mixin.py:190} INFO - [2024-10-10T14:01:17.575+0000] {dag.py:3239} INFO - Sync 2 DAGs
[2024-10-10T14:01:17.589+0000] {logging_mixin.py:190} INFO - [2024-10-10T14:01:17.588+0000] {dag.py:4180} INFO - Setting next_dagrun for example_xcom_args to None, run_after=None
[2024-10-10T14:01:17.592+0000] {logging_mixin.py:190} INFO - [2024-10-10T14:01:17.591+0000] {dag.py:4180} INFO - Setting next_dagrun for example_xcom_args_with_operators to None, run_after=None
[2024-10-10T14:01:17.603+0000] {processor.py:208} INFO - Processing /home/airflow/.local/lib/python3.12/site-packages/airflow/example_dags/example_xcomargs.py took 0.059 seconds
[2024-10-10T14:01:47.715+0000] {processor.py:186} INFO - Started process (PID=384) to work on /home/airflow/.local/lib/python3.12/site-packages/airflow/example_dags/example_xcomargs.py
[2024-10-10T14:01:47.716+0000] {processor.py:914} INFO - Processing file /home/airflow/.local/lib/python3.12/site-packages/airflow/example_dags/example_xcomargs.py for tasks to queue
[2024-10-10T14:01:47.718+0000] {logging_mixin.py:190} INFO - [2024-10-10T14:01:47.718+0000] {dagbag.py:588} INFO - Filling up the DagBag from /home/airflow/.local/lib/python3.12/site-packages/airflow/example_dags/example_xcomargs.py
[2024-10-10T14:01:47.726+0000] {processor.py:925} INFO - DAG(s) 'example_xcom_args', 'example_xcom_args_with_operators' retrieved from /home/airflow/.local/lib/python3.12/site-packages/airflow/example_dags/example_xcomargs.py
[2024-10-10T14:01:47.745+0000] {logging_mixin.py:190} INFO - [2024-10-10T14:01:47.744+0000] {dag.py:3239} INFO - Sync 2 DAGs
[2024-10-10T14:01:47.756+0000] {logging_mixin.py:190} INFO - [2024-10-10T14:01:47.756+0000] {dag.py:4180} INFO - Setting next_dagrun for example_xcom_args to None, run_after=None
[2024-10-10T14:01:47.760+0000] {logging_mixin.py:190} INFO - [2024-10-10T14:01:47.759+0000] {dag.py:4180} INFO - Setting next_dagrun for example_xcom_args_with_operators to None, run_after=None
[2024-10-10T14:01:47.772+0000] {processor.py:208} INFO - Processing /home/airflow/.local/lib/python3.12/site-packages/airflow/example_dags/example_xcomargs.py took 0.060 seconds
[2024-10-10T14:02:17.808+0000] {processor.py:186} INFO - Started process (PID=445) to work on /home/airflow/.local/lib/python3.12/site-packages/airflow/example_dags/example_xcomargs.py
[2024-10-10T14:02:17.808+0000] {processor.py:914} INFO - Processing file /home/airflow/.local/lib/python3.12/site-packages/airflow/example_dags/example_xcomargs.py for tasks to queue
[2024-10-10T14:02:17.810+0000] {logging_mixin.py:190} INFO - [2024-10-10T14:02:17.810+0000] {dagbag.py:588} INFO - Filling up the DagBag from /home/airflow/.local/lib/python3.12/site-packages/airflow/example_dags/example_xcomargs.py
[2024-10-10T14:02:17.817+0000] {processor.py:925} INFO - DAG(s) 'example_xcom_args', 'example_xcom_args_with_operators' retrieved from /home/airflow/.local/lib/python3.12/site-packages/airflow/example_dags/example_xcomargs.py
[2024-10-10T14:02:17.834+0000] {logging_mixin.py:190} INFO - [2024-10-10T14:02:17.834+0000] {dag.py:3239} INFO - Sync 2 DAGs
[2024-10-10T14:02:17.846+0000] {logging_mixin.py:190} INFO - [2024-10-10T14:02:17.845+0000] {dag.py:4180} INFO - Setting next_dagrun for example_xcom_args to None, run_after=None
[2024-10-10T14:02:17.848+0000] {logging_mixin.py:190} INFO - [2024-10-10T14:02:17.848+0000] {dag.py:4180} INFO - Setting next_dagrun for example_xcom_args_with_operators to None, run_after=None
[2024-10-10T14:02:17.859+0000] {processor.py:208} INFO - Processing /home/airflow/.local/lib/python3.12/site-packages/airflow/example_dags/example_xcomargs.py took 0.056 seconds
[2024-10-10T14:02:48.022+0000] {processor.py:186} INFO - Started process (PID=507) to work on /home/airflow/.local/lib/python3.12/site-packages/airflow/example_dags/example_xcomargs.py
[2024-10-10T14:02:48.023+0000] {processor.py:914} INFO - Processing file /home/airflow/.local/lib/python3.12/site-packages/airflow/example_dags/example_xcomargs.py for tasks to queue
[2024-10-10T14:02:48.025+0000] {logging_mixin.py:190} INFO - [2024-10-10T14:02:48.025+0000] {dagbag.py:588} INFO - Filling up the DagBag from /home/airflow/.local/lib/python3.12/site-packages/airflow/example_dags/example_xcomargs.py
[2024-10-10T14:02:48.032+0000] {processor.py:925} INFO - DAG(s) 'example_xcom_args_with_operators', 'example_xcom_args' retrieved from /home/airflow/.local/lib/python3.12/site-packages/airflow/example_dags/example_xcomargs.py
[2024-10-10T14:02:48.051+0000] {logging_mixin.py:190} INFO - [2024-10-10T14:02:48.051+0000] {dag.py:3239} INFO - Sync 2 DAGs
[2024-10-10T14:02:48.062+0000] {logging_mixin.py:190} INFO - [2024-10-10T14:02:48.062+0000] {dag.py:4180} INFO - Setting next_dagrun for example_xcom_args to None, run_after=None
[2024-10-10T14:02:48.066+0000] {logging_mixin.py:190} INFO - [2024-10-10T14:02:48.066+0000] {dag.py:4180} INFO - Setting next_dagrun for example_xcom_args_with_operators to None, run_after=None
[2024-10-10T14:02:48.078+0000] {processor.py:208} INFO - Processing /home/airflow/.local/lib/python3.12/site-packages/airflow/example_dags/example_xcomargs.py took 0.060 seconds
[2024-10-10T14:03:18.750+0000] {processor.py:186} INFO - Started process (PID=569) to work on /home/airflow/.local/lib/python3.12/site-packages/airflow/example_dags/example_xcomargs.py
[2024-10-10T14:03:18.750+0000] {processor.py:914} INFO - Processing file /home/airflow/.local/lib/python3.12/site-packages/airflow/example_dags/example_xcomargs.py for tasks to queue
[2024-10-10T14:03:18.752+0000] {logging_mixin.py:190} INFO - [2024-10-10T14:03:18.752+0000] {dagbag.py:588} INFO - Filling up the DagBag from /home/airflow/.local/lib/python3.12/site-packages/airflow/example_dags/example_xcomargs.py
[2024-10-10T14:03:18.760+0000] {processor.py:925} INFO - DAG(s) 'example_xcom_args_with_operators', 'example_xcom_args' retrieved from /home/airflow/.local/lib/python3.12/site-packages/airflow/example_dags/example_xcomargs.py
[2024-10-10T14:03:18.777+0000] {logging_mixin.py:190} INFO - [2024-10-10T14:03:18.777+0000] {dag.py:3239} INFO - Sync 2 DAGs
[2024-10-10T14:03:18.789+0000] {logging_mixin.py:190} INFO - [2024-10-10T14:03:18.789+0000] {dag.py:4180} INFO - Setting next_dagrun for example_xcom_args to None, run_after=None
[2024-10-10T14:03:18.793+0000] {logging_mixin.py:190} INFO - [2024-10-10T14:03:18.793+0000] {dag.py:4180} INFO - Setting next_dagrun for example_xcom_args_with_operators to None, run_after=None
[2024-10-10T14:03:18.807+0000] {processor.py:208} INFO - Processing /home/airflow/.local/lib/python3.12/site-packages/airflow/example_dags/example_xcomargs.py took 0.062 seconds
[2024-10-10T14:03:49.626+0000] {processor.py:186} INFO - Started process (PID=631) to work on /home/airflow/.local/lib/python3.12/site-packages/airflow/example_dags/example_xcomargs.py
[2024-10-10T14:03:49.627+0000] {processor.py:914} INFO - Processing file /home/airflow/.local/lib/python3.12/site-packages/airflow/example_dags/example_xcomargs.py for tasks to queue
[2024-10-10T14:03:49.628+0000] {logging_mixin.py:190} INFO - [2024-10-10T14:03:49.628+0000] {dagbag.py:588} INFO - Filling up the DagBag from /home/airflow/.local/lib/python3.12/site-packages/airflow/example_dags/example_xcomargs.py
[2024-10-10T14:03:49.636+0000] {processor.py:925} INFO - DAG(s) 'example_xcom_args_with_operators', 'example_xcom_args' retrieved from /home/airflow/.local/lib/python3.12/site-packages/airflow/example_dags/example_xcomargs.py
[2024-10-10T14:03:49.654+0000] {logging_mixin.py:190} INFO - [2024-10-10T14:03:49.654+0000] {dag.py:3239} INFO - Sync 2 DAGs
[2024-10-10T14:03:49.666+0000] {logging_mixin.py:190} INFO - [2024-10-10T14:03:49.666+0000] {dag.py:4180} INFO - Setting next_dagrun for example_xcom_args to None, run_after=None
[2024-10-10T14:03:49.669+0000] {logging_mixin.py:190} INFO - [2024-10-10T14:03:49.669+0000] {dag.py:4180} INFO - Setting next_dagrun for example_xcom_args_with_operators to None, run_after=None
[2024-10-10T14:03:49.681+0000] {processor.py:208} INFO - Processing /home/airflow/.local/lib/python3.12/site-packages/airflow/example_dags/example_xcomargs.py took 0.059 seconds
[2024-10-10T14:04:20.344+0000] {processor.py:186} INFO - Started process (PID=693) to work on /home/airflow/.local/lib/python3.12/site-packages/airflow/example_dags/example_xcomargs.py
[2024-10-10T14:04:20.345+0000] {processor.py:914} INFO - Processing file /home/airflow/.local/lib/python3.12/site-packages/airflow/example_dags/example_xcomargs.py for tasks to queue
[2024-10-10T14:04:20.347+0000] {logging_mixin.py:190} INFO - [2024-10-10T14:04:20.346+0000] {dagbag.py:588} INFO - Filling up the DagBag from /home/airflow/.local/lib/python3.12/site-packages/airflow/example_dags/example_xcomargs.py
[2024-10-10T14:04:20.355+0000] {processor.py:925} INFO - DAG(s) 'example_xcom_args', 'example_xcom_args_with_operators' retrieved from /home/airflow/.local/lib/python3.12/site-packages/airflow/example_dags/example_xcomargs.py
[2024-10-10T14:04:20.375+0000] {logging_mixin.py:190} INFO - [2024-10-10T14:04:20.375+0000] {dag.py:3239} INFO - Sync 2 DAGs
[2024-10-10T14:04:20.387+0000] {logging_mixin.py:190} INFO - [2024-10-10T14:04:20.387+0000] {dag.py:4180} INFO - Setting next_dagrun for example_xcom_args to None, run_after=None
[2024-10-10T14:04:20.391+0000] {logging_mixin.py:190} INFO - [2024-10-10T14:04:20.390+0000] {dag.py:4180} INFO - Setting next_dagrun for example_xcom_args_with_operators to None, run_after=None
[2024-10-10T14:04:20.404+0000] {processor.py:208} INFO - Processing /home/airflow/.local/lib/python3.12/site-packages/airflow/example_dags/example_xcomargs.py took 0.063 seconds
[2024-10-10T14:04:51.229+0000] {processor.py:186} INFO - Started process (PID=755) to work on /home/airflow/.local/lib/python3.12/site-packages/airflow/example_dags/example_xcomargs.py
[2024-10-10T14:04:51.230+0000] {processor.py:914} INFO - Processing file /home/airflow/.local/lib/python3.12/site-packages/airflow/example_dags/example_xcomargs.py for tasks to queue
[2024-10-10T14:04:51.232+0000] {logging_mixin.py:190} INFO - [2024-10-10T14:04:51.232+0000] {dagbag.py:588} INFO - Filling up the DagBag from /home/airflow/.local/lib/python3.12/site-packages/airflow/example_dags/example_xcomargs.py
[2024-10-10T14:04:51.241+0000] {processor.py:925} INFO - DAG(s) 'example_xcom_args_with_operators', 'example_xcom_args' retrieved from /home/airflow/.local/lib/python3.12/site-packages/airflow/example_dags/example_xcomargs.py
[2024-10-10T14:04:51.259+0000] {logging_mixin.py:190} INFO - [2024-10-10T14:04:51.258+0000] {dag.py:3239} INFO - Sync 2 DAGs
[2024-10-10T14:04:51.271+0000] {logging_mixin.py:190} INFO - [2024-10-10T14:04:51.271+0000] {dag.py:4180} INFO - Setting next_dagrun for example_xcom_args to None, run_after=None
[2024-10-10T14:04:51.275+0000] {logging_mixin.py:190} INFO - [2024-10-10T14:04:51.274+0000] {dag.py:4180} INFO - Setting next_dagrun for example_xcom_args_with_operators to None, run_after=None
[2024-10-10T14:04:51.288+0000] {processor.py:208} INFO - Processing /home/airflow/.local/lib/python3.12/site-packages/airflow/example_dags/example_xcomargs.py took 0.063 seconds
[2024-10-10T14:05:21.857+0000] {processor.py:186} INFO - Started process (PID=817) to work on /home/airflow/.local/lib/python3.12/site-packages/airflow/example_dags/example_xcomargs.py
[2024-10-10T14:05:21.858+0000] {processor.py:914} INFO - Processing file /home/airflow/.local/lib/python3.12/site-packages/airflow/example_dags/example_xcomargs.py for tasks to queue
[2024-10-10T14:05:21.860+0000] {logging_mixin.py:190} INFO - [2024-10-10T14:05:21.860+0000] {dagbag.py:588} INFO - Filling up the DagBag from /home/airflow/.local/lib/python3.12/site-packages/airflow/example_dags/example_xcomargs.py
[2024-10-10T14:05:21.869+0000] {processor.py:925} INFO - DAG(s) 'example_xcom_args_with_operators', 'example_xcom_args' retrieved from /home/airflow/.local/lib/python3.12/site-packages/airflow/example_dags/example_xcomargs.py
[2024-10-10T14:05:21.888+0000] {logging_mixin.py:190} INFO - [2024-10-10T14:05:21.888+0000] {dag.py:3239} INFO - Sync 2 DAGs
[2024-10-10T14:05:21.903+0000] {logging_mixin.py:190} INFO - [2024-10-10T14:05:21.903+0000] {dag.py:4180} INFO - Setting next_dagrun for example_xcom_args to None, run_after=None
[2024-10-10T14:05:21.908+0000] {logging_mixin.py:190} INFO - [2024-10-10T14:05:21.907+0000] {dag.py:4180} INFO - Setting next_dagrun for example_xcom_args_with_operators to None, run_after=None
[2024-10-10T14:05:21.924+0000] {processor.py:208} INFO - Processing /home/airflow/.local/lib/python3.12/site-packages/airflow/example_dags/example_xcomargs.py took 0.072 seconds
[2024-10-10T14:05:52.601+0000] {processor.py:186} INFO - Started process (PID=879) to work on /home/airflow/.local/lib/python3.12/site-packages/airflow/example_dags/example_xcomargs.py
[2024-10-10T14:05:52.602+0000] {processor.py:914} INFO - Processing file /home/airflow/.local/lib/python3.12/site-packages/airflow/example_dags/example_xcomargs.py for tasks to queue
[2024-10-10T14:05:52.604+0000] {logging_mixin.py:190} INFO - [2024-10-10T14:05:52.604+0000] {dagbag.py:588} INFO - Filling up the DagBag from /home/airflow/.local/lib/python3.12/site-packages/airflow/example_dags/example_xcomargs.py
[2024-10-10T14:05:52.611+0000] {processor.py:925} INFO - DAG(s) 'example_xcom_args_with_operators', 'example_xcom_args' retrieved from /home/airflow/.local/lib/python3.12/site-packages/airflow/example_dags/example_xcomargs.py
[2024-10-10T14:05:52.628+0000] {logging_mixin.py:190} INFO - [2024-10-10T14:05:52.627+0000] {dag.py:3239} INFO - Sync 2 DAGs
[2024-10-10T14:05:52.639+0000] {logging_mixin.py:190} INFO - [2024-10-10T14:05:52.639+0000] {dag.py:4180} INFO - Setting next_dagrun for example_xcom_args to None, run_after=None
[2024-10-10T14:05:52.642+0000] {logging_mixin.py:190} INFO - [2024-10-10T14:05:52.642+0000] {dag.py:4180} INFO - Setting next_dagrun for example_xcom_args_with_operators to None, run_after=None
[2024-10-10T14:05:52.655+0000] {processor.py:208} INFO - Processing /home/airflow/.local/lib/python3.12/site-packages/airflow/example_dags/example_xcomargs.py took 0.058 seconds
[2024-10-10T14:06:23.348+0000] {processor.py:186} INFO - Started process (PID=941) to work on /home/airflow/.local/lib/python3.12/site-packages/airflow/example_dags/example_xcomargs.py
[2024-10-10T14:06:23.348+0000] {processor.py:914} INFO - Processing file /home/airflow/.local/lib/python3.12/site-packages/airflow/example_dags/example_xcomargs.py for tasks to queue
[2024-10-10T14:06:23.350+0000] {logging_mixin.py:190} INFO - [2024-10-10T14:06:23.350+0000] {dagbag.py:588} INFO - Filling up the DagBag from /home/airflow/.local/lib/python3.12/site-packages/airflow/example_dags/example_xcomargs.py
[2024-10-10T14:06:23.359+0000] {processor.py:925} INFO - DAG(s) 'example_xcom_args', 'example_xcom_args_with_operators' retrieved from /home/airflow/.local/lib/python3.12/site-packages/airflow/example_dags/example_xcomargs.py
[2024-10-10T14:06:23.377+0000] {logging_mixin.py:190} INFO - [2024-10-10T14:06:23.377+0000] {dag.py:3239} INFO - Sync 2 DAGs
[2024-10-10T14:06:23.390+0000] {logging_mixin.py:190} INFO - [2024-10-10T14:06:23.389+0000] {dag.py:4180} INFO - Setting next_dagrun for example_xcom_args to None, run_after=None
[2024-10-10T14:06:23.393+0000] {logging_mixin.py:190} INFO - [2024-10-10T14:06:23.393+0000] {dag.py:4180} INFO - Setting next_dagrun for example_xcom_args_with_operators to None, run_after=None
[2024-10-10T14:06:23.407+0000] {processor.py:208} INFO - Processing /home/airflow/.local/lib/python3.12/site-packages/airflow/example_dags/example_xcomargs.py took 0.064 seconds
[2024-10-10T14:06:54.090+0000] {processor.py:186} INFO - Started process (PID=1003) to work on /home/airflow/.local/lib/python3.12/site-packages/airflow/example_dags/example_xcomargs.py
[2024-10-10T14:06:54.090+0000] {processor.py:914} INFO - Processing file /home/airflow/.local/lib/python3.12/site-packages/airflow/example_dags/example_xcomargs.py for tasks to queue
[2024-10-10T14:06:54.092+0000] {logging_mixin.py:190} INFO - [2024-10-10T14:06:54.092+0000] {dagbag.py:588} INFO - Filling up the DagBag from /home/airflow/.local/lib/python3.12/site-packages/airflow/example_dags/example_xcomargs.py
[2024-10-10T14:06:54.100+0000] {processor.py:925} INFO - DAG(s) 'example_xcom_args', 'example_xcom_args_with_operators' retrieved from /home/airflow/.local/lib/python3.12/site-packages/airflow/example_dags/example_xcomargs.py
[2024-10-10T14:06:54.116+0000] {logging_mixin.py:190} INFO - [2024-10-10T14:06:54.116+0000] {dag.py:3239} INFO - Sync 2 DAGs
[2024-10-10T14:06:54.127+0000] {logging_mixin.py:190} INFO - [2024-10-10T14:06:54.127+0000] {dag.py:4180} INFO - Setting next_dagrun for example_xcom_args to None, run_after=None
[2024-10-10T14:06:54.130+0000] {logging_mixin.py:190} INFO - [2024-10-10T14:06:54.130+0000] {dag.py:4180} INFO - Setting next_dagrun for example_xcom_args_with_operators to None, run_after=None
[2024-10-10T14:06:54.143+0000] {processor.py:208} INFO - Processing /home/airflow/.local/lib/python3.12/site-packages/airflow/example_dags/example_xcomargs.py took 0.058 seconds
[2024-10-10T14:07:24.807+0000] {processor.py:186} INFO - Started process (PID=1065) to work on /home/airflow/.local/lib/python3.12/site-packages/airflow/example_dags/example_xcomargs.py
[2024-10-10T14:07:24.808+0000] {processor.py:914} INFO - Processing file /home/airflow/.local/lib/python3.12/site-packages/airflow/example_dags/example_xcomargs.py for tasks to queue
[2024-10-10T14:07:24.809+0000] {logging_mixin.py:190} INFO - [2024-10-10T14:07:24.809+0000] {dagbag.py:588} INFO - Filling up the DagBag from /home/airflow/.local/lib/python3.12/site-packages/airflow/example_dags/example_xcomargs.py
[2024-10-10T14:07:24.817+0000] {processor.py:925} INFO - DAG(s) 'example_xcom_args', 'example_xcom_args_with_operators' retrieved from /home/airflow/.local/lib/python3.12/site-packages/airflow/example_dags/example_xcomargs.py
[2024-10-10T14:07:24.835+0000] {logging_mixin.py:190} INFO - [2024-10-10T14:07:24.835+0000] {dag.py:3239} INFO - Sync 2 DAGs
[2024-10-10T14:07:24.847+0000] {logging_mixin.py:190} INFO - [2024-10-10T14:07:24.846+0000] {dag.py:4180} INFO - Setting next_dagrun for example_xcom_args to None, run_after=None
[2024-10-10T14:07:24.850+0000] {logging_mixin.py:190} INFO - [2024-10-10T14:07:24.850+0000] {dag.py:4180} INFO - Setting next_dagrun for example_xcom_args_with_operators to None, run_after=None
[2024-10-10T14:07:24.863+0000] {processor.py:208} INFO - Processing /home/airflow/.local/lib/python3.12/site-packages/airflow/example_dags/example_xcomargs.py took 0.061 seconds
[2024-10-10T14:07:55.543+0000] {processor.py:186} INFO - Started process (PID=1127) to work on /home/airflow/.local/lib/python3.12/site-packages/airflow/example_dags/example_xcomargs.py
[2024-10-10T14:07:55.544+0000] {processor.py:914} INFO - Processing file /home/airflow/.local/lib/python3.12/site-packages/airflow/example_dags/example_xcomargs.py for tasks to queue
[2024-10-10T14:07:55.546+0000] {logging_mixin.py:190} INFO - [2024-10-10T14:07:55.546+0000] {dagbag.py:588} INFO - Filling up the DagBag from /home/airflow/.local/lib/python3.12/site-packages/airflow/example_dags/example_xcomargs.py
[2024-10-10T14:07:55.556+0000] {processor.py:925} INFO - DAG(s) 'example_xcom_args', 'example_xcom_args_with_operators' retrieved from /home/airflow/.local/lib/python3.12/site-packages/airflow/example_dags/example_xcomargs.py
[2024-10-10T14:07:55.582+0000] {logging_mixin.py:190} INFO - [2024-10-10T14:07:55.582+0000] {dag.py:3239} INFO - Sync 2 DAGs
[2024-10-10T14:07:55.593+0000] {logging_mixin.py:190} INFO - [2024-10-10T14:07:55.593+0000] {dag.py:4180} INFO - Setting next_dagrun for example_xcom_args to None, run_after=None
[2024-10-10T14:07:55.597+0000] {logging_mixin.py:190} INFO - [2024-10-10T14:07:55.597+0000] {dag.py:4180} INFO - Setting next_dagrun for example_xcom_args_with_operators to None, run_after=None
[2024-10-10T14:07:55.611+0000] {processor.py:208} INFO - Processing /home/airflow/.local/lib/python3.12/site-packages/airflow/example_dags/example_xcomargs.py took 0.074 seconds
[2024-10-10T14:08:26.342+0000] {processor.py:186} INFO - Started process (PID=1189) to work on /home/airflow/.local/lib/python3.12/site-packages/airflow/example_dags/example_xcomargs.py
[2024-10-10T14:08:26.343+0000] {processor.py:914} INFO - Processing file /home/airflow/.local/lib/python3.12/site-packages/airflow/example_dags/example_xcomargs.py for tasks to queue
[2024-10-10T14:08:26.344+0000] {logging_mixin.py:190} INFO - [2024-10-10T14:08:26.344+0000] {dagbag.py:588} INFO - Filling up the DagBag from /home/airflow/.local/lib/python3.12/site-packages/airflow/example_dags/example_xcomargs.py
[2024-10-10T14:08:26.352+0000] {processor.py:925} INFO - DAG(s) 'example_xcom_args_with_operators', 'example_xcom_args' retrieved from /home/airflow/.local/lib/python3.12/site-packages/airflow/example_dags/example_xcomargs.py
[2024-10-10T14:08:26.369+0000] {logging_mixin.py:190} INFO - [2024-10-10T14:08:26.369+0000] {dag.py:3239} INFO - Sync 2 DAGs
[2024-10-10T14:08:26.380+0000] {logging_mixin.py:190} INFO - [2024-10-10T14:08:26.380+0000] {dag.py:4180} INFO - Setting next_dagrun for example_xcom_args to None, run_after=None
[2024-10-10T14:08:26.383+0000] {logging_mixin.py:190} INFO - [2024-10-10T14:08:26.383+0000] {dag.py:4180} INFO - Setting next_dagrun for example_xcom_args_with_operators to None, run_after=None
[2024-10-10T14:08:26.396+0000] {processor.py:208} INFO - Processing /home/airflow/.local/lib/python3.12/site-packages/airflow/example_dags/example_xcomargs.py took 0.058 seconds
[2024-10-10T14:08:57.104+0000] {processor.py:186} INFO - Started process (PID=1251) to work on /home/airflow/.local/lib/python3.12/site-packages/airflow/example_dags/example_xcomargs.py
[2024-10-10T14:08:57.105+0000] {processor.py:914} INFO - Processing file /home/airflow/.local/lib/python3.12/site-packages/airflow/example_dags/example_xcomargs.py for tasks to queue
[2024-10-10T14:08:57.108+0000] {logging_mixin.py:190} INFO - [2024-10-10T14:08:57.107+0000] {dagbag.py:588} INFO - Filling up the DagBag from /home/airflow/.local/lib/python3.12/site-packages/airflow/example_dags/example_xcomargs.py
[2024-10-10T14:08:57.117+0000] {processor.py:925} INFO - DAG(s) 'example_xcom_args', 'example_xcom_args_with_operators' retrieved from /home/airflow/.local/lib/python3.12/site-packages/airflow/example_dags/example_xcomargs.py
[2024-10-10T14:08:57.143+0000] {logging_mixin.py:190} INFO - [2024-10-10T14:08:57.143+0000] {dag.py:3239} INFO - Sync 2 DAGs
[2024-10-10T14:08:57.160+0000] {logging_mixin.py:190} INFO - [2024-10-10T14:08:57.159+0000] {dag.py:4180} INFO - Setting next_dagrun for example_xcom_args to None, run_after=None
[2024-10-10T14:08:57.164+0000] {logging_mixin.py:190} INFO - [2024-10-10T14:08:57.164+0000] {dag.py:4180} INFO - Setting next_dagrun for example_xcom_args_with_operators to None, run_after=None
[2024-10-10T14:08:57.180+0000] {processor.py:208} INFO - Processing /home/airflow/.local/lib/python3.12/site-packages/airflow/example_dags/example_xcomargs.py took 0.081 seconds
[2024-10-10T14:09:27.801+0000] {processor.py:186} INFO - Started process (PID=1313) to work on /home/airflow/.local/lib/python3.12/site-packages/airflow/example_dags/example_xcomargs.py
[2024-10-10T14:09:27.802+0000] {processor.py:914} INFO - Processing file /home/airflow/.local/lib/python3.12/site-packages/airflow/example_dags/example_xcomargs.py for tasks to queue
[2024-10-10T14:09:27.804+0000] {logging_mixin.py:190} INFO - [2024-10-10T14:09:27.804+0000] {dagbag.py:588} INFO - Filling up the DagBag from /home/airflow/.local/lib/python3.12/site-packages/airflow/example_dags/example_xcomargs.py
[2024-10-10T14:09:27.812+0000] {processor.py:925} INFO - DAG(s) 'example_xcom_args', 'example_xcom_args_with_operators' retrieved from /home/airflow/.local/lib/python3.12/site-packages/airflow/example_dags/example_xcomargs.py
[2024-10-10T14:09:27.833+0000] {logging_mixin.py:190} INFO - [2024-10-10T14:09:27.832+0000] {dag.py:3239} INFO - Sync 2 DAGs
[2024-10-10T14:09:27.846+0000] {logging_mixin.py:190} INFO - [2024-10-10T14:09:27.846+0000] {dag.py:4180} INFO - Setting next_dagrun for example_xcom_args to None, run_after=None
[2024-10-10T14:09:27.849+0000] {logging_mixin.py:190} INFO - [2024-10-10T14:09:27.849+0000] {dag.py:4180} INFO - Setting next_dagrun for example_xcom_args_with_operators to None, run_after=None
[2024-10-10T14:09:27.863+0000] {processor.py:208} INFO - Processing /home/airflow/.local/lib/python3.12/site-packages/airflow/example_dags/example_xcomargs.py took 0.066 seconds
[2024-10-10T14:09:58.663+0000] {processor.py:186} INFO - Started process (PID=1375) to work on /home/airflow/.local/lib/python3.12/site-packages/airflow/example_dags/example_xcomargs.py
[2024-10-10T14:09:58.664+0000] {processor.py:914} INFO - Processing file /home/airflow/.local/lib/python3.12/site-packages/airflow/example_dags/example_xcomargs.py for tasks to queue
[2024-10-10T14:09:58.666+0000] {logging_mixin.py:190} INFO - [2024-10-10T14:09:58.665+0000] {dagbag.py:588} INFO - Filling up the DagBag from /home/airflow/.local/lib/python3.12/site-packages/airflow/example_dags/example_xcomargs.py
[2024-10-10T14:09:58.674+0000] {processor.py:925} INFO - DAG(s) 'example_xcom_args', 'example_xcom_args_with_operators' retrieved from /home/airflow/.local/lib/python3.12/site-packages/airflow/example_dags/example_xcomargs.py
[2024-10-10T14:09:58.695+0000] {logging_mixin.py:190} INFO - [2024-10-10T14:09:58.695+0000] {dag.py:3239} INFO - Sync 2 DAGs
[2024-10-10T14:09:58.708+0000] {logging_mixin.py:190} INFO - [2024-10-10T14:09:58.708+0000] {dag.py:4180} INFO - Setting next_dagrun for example_xcom_args to None, run_after=None
[2024-10-10T14:09:58.711+0000] {logging_mixin.py:190} INFO - [2024-10-10T14:09:58.711+0000] {dag.py:4180} INFO - Setting next_dagrun for example_xcom_args_with_operators to None, run_after=None
[2024-10-10T14:09:58.725+0000] {processor.py:208} INFO - Processing /home/airflow/.local/lib/python3.12/site-packages/airflow/example_dags/example_xcomargs.py took 0.067 seconds
[2024-10-10T14:10:28.824+0000] {processor.py:186} INFO - Started process (PID=1438) to work on /home/airflow/.local/lib/python3.12/site-packages/airflow/example_dags/example_xcomargs.py
[2024-10-10T14:10:28.825+0000] {processor.py:914} INFO - Processing file /home/airflow/.local/lib/python3.12/site-packages/airflow/example_dags/example_xcomargs.py for tasks to queue
[2024-10-10T14:10:28.827+0000] {logging_mixin.py:190} INFO - [2024-10-10T14:10:28.827+0000] {dagbag.py:588} INFO - Filling up the DagBag from /home/airflow/.local/lib/python3.12/site-packages/airflow/example_dags/example_xcomargs.py
[2024-10-10T14:10:28.834+0000] {processor.py:925} INFO - DAG(s) 'example_xcom_args', 'example_xcom_args_with_operators' retrieved from /home/airflow/.local/lib/python3.12/site-packages/airflow/example_dags/example_xcomargs.py
[2024-10-10T14:10:28.851+0000] {logging_mixin.py:190} INFO - [2024-10-10T14:10:28.851+0000] {dag.py:3239} INFO - Sync 2 DAGs
[2024-10-10T14:10:28.863+0000] {logging_mixin.py:190} INFO - [2024-10-10T14:10:28.863+0000] {dag.py:4180} INFO - Setting next_dagrun for example_xcom_args to None, run_after=None
[2024-10-10T14:10:28.868+0000] {logging_mixin.py:190} INFO - [2024-10-10T14:10:28.867+0000] {dag.py:4180} INFO - Setting next_dagrun for example_xcom_args_with_operators to None, run_after=None
[2024-10-10T14:10:28.882+0000] {processor.py:208} INFO - Processing /home/airflow/.local/lib/python3.12/site-packages/airflow/example_dags/example_xcomargs.py took 0.062 seconds
[2024-10-10T14:10:59.092+0000] {processor.py:186} INFO - Started process (PID=1500) to work on /home/airflow/.local/lib/python3.12/site-packages/airflow/example_dags/example_xcomargs.py
[2024-10-10T14:10:59.093+0000] {processor.py:914} INFO - Processing file /home/airflow/.local/lib/python3.12/site-packages/airflow/example_dags/example_xcomargs.py for tasks to queue
[2024-10-10T14:10:59.095+0000] {logging_mixin.py:190} INFO - [2024-10-10T14:10:59.095+0000] {dagbag.py:588} INFO - Filling up the DagBag from /home/airflow/.local/lib/python3.12/site-packages/airflow/example_dags/example_xcomargs.py
[2024-10-10T14:10:59.103+0000] {processor.py:925} INFO - DAG(s) 'example_xcom_args', 'example_xcom_args_with_operators' retrieved from /home/airflow/.local/lib/python3.12/site-packages/airflow/example_dags/example_xcomargs.py
[2024-10-10T14:10:59.122+0000] {logging_mixin.py:190} INFO - [2024-10-10T14:10:59.122+0000] {dag.py:3239} INFO - Sync 2 DAGs
[2024-10-10T14:10:59.134+0000] {logging_mixin.py:190} INFO - [2024-10-10T14:10:59.134+0000] {dag.py:4180} INFO - Setting next_dagrun for example_xcom_args to None, run_after=None
[2024-10-10T14:10:59.137+0000] {logging_mixin.py:190} INFO - [2024-10-10T14:10:59.137+0000] {dag.py:4180} INFO - Setting next_dagrun for example_xcom_args_with_operators to None, run_after=None
[2024-10-10T14:10:59.150+0000] {processor.py:208} INFO - Processing /home/airflow/.local/lib/python3.12/site-packages/airflow/example_dags/example_xcomargs.py took 0.062 seconds
[2024-10-10T14:11:29.189+0000] {processor.py:186} INFO - Started process (PID=1562) to work on /home/airflow/.local/lib/python3.12/site-packages/airflow/example_dags/example_xcomargs.py
[2024-10-10T14:11:29.189+0000] {processor.py:914} INFO - Processing file /home/airflow/.local/lib/python3.12/site-packages/airflow/example_dags/example_xcomargs.py for tasks to queue
[2024-10-10T14:11:29.191+0000] {logging_mixin.py:190} INFO - [2024-10-10T14:11:29.191+0000] {dagbag.py:588} INFO - Filling up the DagBag from /home/airflow/.local/lib/python3.12/site-packages/airflow/example_dags/example_xcomargs.py
[2024-10-10T14:11:29.199+0000] {processor.py:925} INFO - DAG(s) 'example_xcom_args', 'example_xcom_args_with_operators' retrieved from /home/airflow/.local/lib/python3.12/site-packages/airflow/example_dags/example_xcomargs.py
[2024-10-10T14:11:29.219+0000] {logging_mixin.py:190} INFO - [2024-10-10T14:11:29.219+0000] {dag.py:3239} INFO - Sync 2 DAGs
[2024-10-10T14:11:29.235+0000] {logging_mixin.py:190} INFO - [2024-10-10T14:11:29.234+0000] {dag.py:4180} INFO - Setting next_dagrun for example_xcom_args to None, run_after=None
[2024-10-10T14:11:29.238+0000] {logging_mixin.py:190} INFO - [2024-10-10T14:11:29.238+0000] {dag.py:4180} INFO - Setting next_dagrun for example_xcom_args_with_operators to None, run_after=None
[2024-10-10T14:11:29.251+0000] {processor.py:208} INFO - Processing /home/airflow/.local/lib/python3.12/site-packages/airflow/example_dags/example_xcomargs.py took 0.067 seconds
[2024-10-10T14:12:00.019+0000] {processor.py:186} INFO - Started process (PID=1624) to work on /home/airflow/.local/lib/python3.12/site-packages/airflow/example_dags/example_xcomargs.py
[2024-10-10T14:12:00.020+0000] {processor.py:914} INFO - Processing file /home/airflow/.local/lib/python3.12/site-packages/airflow/example_dags/example_xcomargs.py for tasks to queue
[2024-10-10T14:12:00.022+0000] {logging_mixin.py:190} INFO - [2024-10-10T14:12:00.021+0000] {dagbag.py:588} INFO - Filling up the DagBag from /home/airflow/.local/lib/python3.12/site-packages/airflow/example_dags/example_xcomargs.py
[2024-10-10T14:12:00.029+0000] {processor.py:925} INFO - DAG(s) 'example_xcom_args', 'example_xcom_args_with_operators' retrieved from /home/airflow/.local/lib/python3.12/site-packages/airflow/example_dags/example_xcomargs.py
[2024-10-10T14:12:00.046+0000] {logging_mixin.py:190} INFO - [2024-10-10T14:12:00.045+0000] {dag.py:3239} INFO - Sync 2 DAGs
[2024-10-10T14:12:00.057+0000] {logging_mixin.py:190} INFO - [2024-10-10T14:12:00.056+0000] {dag.py:4180} INFO - Setting next_dagrun for example_xcom_args to None, run_after=None
[2024-10-10T14:12:00.060+0000] {logging_mixin.py:190} INFO - [2024-10-10T14:12:00.060+0000] {dag.py:4180} INFO - Setting next_dagrun for example_xcom_args_with_operators to None, run_after=None
[2024-10-10T14:12:00.074+0000] {processor.py:208} INFO - Processing /home/airflow/.local/lib/python3.12/site-packages/airflow/example_dags/example_xcomargs.py took 0.059 seconds
[2024-10-10T14:12:30.887+0000] {processor.py:186} INFO - Started process (PID=1686) to work on /home/airflow/.local/lib/python3.12/site-packages/airflow/example_dags/example_xcomargs.py
[2024-10-10T14:12:30.888+0000] {processor.py:914} INFO - Processing file /home/airflow/.local/lib/python3.12/site-packages/airflow/example_dags/example_xcomargs.py for tasks to queue
[2024-10-10T14:12:30.890+0000] {logging_mixin.py:190} INFO - [2024-10-10T14:12:30.889+0000] {dagbag.py:588} INFO - Filling up the DagBag from /home/airflow/.local/lib/python3.12/site-packages/airflow/example_dags/example_xcomargs.py
[2024-10-10T14:12:30.898+0000] {processor.py:925} INFO - DAG(s) 'example_xcom_args', 'example_xcom_args_with_operators' retrieved from /home/airflow/.local/lib/python3.12/site-packages/airflow/example_dags/example_xcomargs.py
[2024-10-10T14:12:30.917+0000] {logging_mixin.py:190} INFO - [2024-10-10T14:12:30.917+0000] {dag.py:3239} INFO - Sync 2 DAGs
[2024-10-10T14:12:30.928+0000] {logging_mixin.py:190} INFO - [2024-10-10T14:12:30.928+0000] {dag.py:4180} INFO - Setting next_dagrun for example_xcom_args to None, run_after=None
[2024-10-10T14:12:30.932+0000] {logging_mixin.py:190} INFO - [2024-10-10T14:12:30.931+0000] {dag.py:4180} INFO - Setting next_dagrun for example_xcom_args_with_operators to None, run_after=None
[2024-10-10T14:12:30.946+0000] {processor.py:208} INFO - Processing /home/airflow/.local/lib/python3.12/site-packages/airflow/example_dags/example_xcomargs.py took 0.064 seconds
