[2024-10-10T13:59:17.225+0000] {processor.py:186} INFO - Started process (PID=75) to work on /home/airflow/.local/lib/python3.12/site-packages/airflow/example_dags/example_inlet_event_extra.py
[2024-10-10T13:59:17.226+0000] {processor.py:914} INFO - Processing file /home/airflow/.local/lib/python3.12/site-packages/airflow/example_dags/example_inlet_event_extra.py for tasks to queue
[2024-10-10T13:59:17.228+0000] {logging_mixin.py:190} INFO - [2024-10-10T13:59:17.228+0000] {dagbag.py:588} INFO - Filling up the DagBag from /home/airflow/.local/lib/python3.12/site-packages/airflow/example_dags/example_inlet_event_extra.py
[2024-10-10T13:59:17.345+0000] {processor.py:925} INFO - DAG(s) 'read_dataset_event', 'read_dataset_event_from_classic' retrieved from /home/airflow/.local/lib/python3.12/site-packages/airflow/example_dags/example_inlet_event_extra.py
[2024-10-10T13:59:17.364+0000] {logging_mixin.py:190} INFO - [2024-10-10T13:59:17.364+0000] {dag.py:3239} INFO - Sync 2 DAGs
[2024-10-10T13:59:17.384+0000] {logging_mixin.py:190} INFO - [2024-10-10T13:59:17.384+0000] {dag.py:4180} INFO - Setting next_dagrun for read_dataset_event to 2024-10-09 00:00:00+00:00, run_after=2024-10-10 00:00:00+00:00
[2024-10-10T13:59:17.388+0000] {logging_mixin.py:190} INFO - [2024-10-10T13:59:17.388+0000] {dag.py:4180} INFO - Setting next_dagrun for read_dataset_event_from_classic to 2024-10-09 00:00:00+00:00, run_after=2024-10-10 00:00:00+00:00
[2024-10-10T13:59:17.401+0000] {processor.py:208} INFO - Processing /home/airflow/.local/lib/python3.12/site-packages/airflow/example_dags/example_inlet_event_extra.py took 0.182 seconds
[2024-10-10T13:59:47.478+0000] {processor.py:186} INFO - Started process (PID=137) to work on /home/airflow/.local/lib/python3.12/site-packages/airflow/example_dags/example_inlet_event_extra.py
[2024-10-10T13:59:47.479+0000] {processor.py:914} INFO - Processing file /home/airflow/.local/lib/python3.12/site-packages/airflow/example_dags/example_inlet_event_extra.py for tasks to queue
[2024-10-10T13:59:47.481+0000] {logging_mixin.py:190} INFO - [2024-10-10T13:59:47.481+0000] {dagbag.py:588} INFO - Filling up the DagBag from /home/airflow/.local/lib/python3.12/site-packages/airflow/example_dags/example_inlet_event_extra.py
[2024-10-10T13:59:47.606+0000] {processor.py:925} INFO - DAG(s) 'read_dataset_event', 'read_dataset_event_from_classic' retrieved from /home/airflow/.local/lib/python3.12/site-packages/airflow/example_dags/example_inlet_event_extra.py
[2024-10-10T13:59:47.623+0000] {logging_mixin.py:190} INFO - [2024-10-10T13:59:47.623+0000] {dag.py:3239} INFO - Sync 2 DAGs
[2024-10-10T13:59:47.643+0000] {logging_mixin.py:190} INFO - [2024-10-10T13:59:47.642+0000] {dag.py:4180} INFO - Setting next_dagrun for read_dataset_event to 2024-10-09 00:00:00+00:00, run_after=2024-10-10 00:00:00+00:00
[2024-10-10T13:59:47.647+0000] {logging_mixin.py:190} INFO - [2024-10-10T13:59:47.647+0000] {dag.py:4180} INFO - Setting next_dagrun for read_dataset_event_from_classic to 2024-10-09 00:00:00+00:00, run_after=2024-10-10 00:00:00+00:00
[2024-10-10T13:59:47.660+0000] {processor.py:208} INFO - Processing /home/airflow/.local/lib/python3.12/site-packages/airflow/example_dags/example_inlet_event_extra.py took 0.186 seconds
[2024-10-10T14:00:17.696+0000] {processor.py:186} INFO - Started process (PID=206) to work on /home/airflow/.local/lib/python3.12/site-packages/airflow/example_dags/example_inlet_event_extra.py
[2024-10-10T14:00:17.697+0000] {processor.py:914} INFO - Processing file /home/airflow/.local/lib/python3.12/site-packages/airflow/example_dags/example_inlet_event_extra.py for tasks to queue
[2024-10-10T14:00:17.699+0000] {logging_mixin.py:190} INFO - [2024-10-10T14:00:17.699+0000] {dagbag.py:588} INFO - Filling up the DagBag from /home/airflow/.local/lib/python3.12/site-packages/airflow/example_dags/example_inlet_event_extra.py
[2024-10-10T14:00:17.821+0000] {processor.py:925} INFO - DAG(s) 'read_dataset_event', 'read_dataset_event_from_classic' retrieved from /home/airflow/.local/lib/python3.12/site-packages/airflow/example_dags/example_inlet_event_extra.py
[2024-10-10T14:00:17.839+0000] {logging_mixin.py:190} INFO - [2024-10-10T14:00:17.838+0000] {dag.py:3239} INFO - Sync 2 DAGs
[2024-10-10T14:00:17.858+0000] {logging_mixin.py:190} INFO - [2024-10-10T14:00:17.857+0000] {dag.py:4180} INFO - Setting next_dagrun for read_dataset_event to 2024-10-09 00:00:00+00:00, run_after=2024-10-10 00:00:00+00:00
[2024-10-10T14:00:17.862+0000] {logging_mixin.py:190} INFO - [2024-10-10T14:00:17.862+0000] {dag.py:4180} INFO - Setting next_dagrun for read_dataset_event_from_classic to 2024-10-09 00:00:00+00:00, run_after=2024-10-10 00:00:00+00:00
[2024-10-10T14:00:17.875+0000] {processor.py:208} INFO - Processing /home/airflow/.local/lib/python3.12/site-packages/airflow/example_dags/example_inlet_event_extra.py took 0.184 seconds
[2024-10-10T14:00:47.929+0000] {processor.py:186} INFO - Started process (PID=270) to work on /home/airflow/.local/lib/python3.12/site-packages/airflow/example_dags/example_inlet_event_extra.py
[2024-10-10T14:00:47.930+0000] {processor.py:914} INFO - Processing file /home/airflow/.local/lib/python3.12/site-packages/airflow/example_dags/example_inlet_event_extra.py for tasks to queue
[2024-10-10T14:00:47.932+0000] {logging_mixin.py:190} INFO - [2024-10-10T14:00:47.931+0000] {dagbag.py:588} INFO - Filling up the DagBag from /home/airflow/.local/lib/python3.12/site-packages/airflow/example_dags/example_inlet_event_extra.py
[2024-10-10T14:00:48.041+0000] {processor.py:925} INFO - DAG(s) 'read_dataset_event', 'read_dataset_event_from_classic' retrieved from /home/airflow/.local/lib/python3.12/site-packages/airflow/example_dags/example_inlet_event_extra.py
[2024-10-10T14:00:48.057+0000] {logging_mixin.py:190} INFO - [2024-10-10T14:00:48.057+0000] {dag.py:3239} INFO - Sync 2 DAGs
[2024-10-10T14:00:48.078+0000] {logging_mixin.py:190} INFO - [2024-10-10T14:00:48.078+0000] {dag.py:4180} INFO - Setting next_dagrun for read_dataset_event to 2024-10-09 00:00:00+00:00, run_after=2024-10-10 00:00:00+00:00
[2024-10-10T14:00:48.082+0000] {logging_mixin.py:190} INFO - [2024-10-10T14:00:48.082+0000] {dag.py:4180} INFO - Setting next_dagrun for read_dataset_event_from_classic to 2024-10-09 00:00:00+00:00, run_after=2024-10-10 00:00:00+00:00
[2024-10-10T14:00:48.095+0000] {processor.py:208} INFO - Processing /home/airflow/.local/lib/python3.12/site-packages/airflow/example_dags/example_inlet_event_extra.py took 0.170 seconds
[2024-10-10T14:01:18.217+0000] {processor.py:186} INFO - Started process (PID=332) to work on /home/airflow/.local/lib/python3.12/site-packages/airflow/example_dags/example_inlet_event_extra.py
[2024-10-10T14:01:18.217+0000] {processor.py:914} INFO - Processing file /home/airflow/.local/lib/python3.12/site-packages/airflow/example_dags/example_inlet_event_extra.py for tasks to queue
[2024-10-10T14:01:18.219+0000] {logging_mixin.py:190} INFO - [2024-10-10T14:01:18.219+0000] {dagbag.py:588} INFO - Filling up the DagBag from /home/airflow/.local/lib/python3.12/site-packages/airflow/example_dags/example_inlet_event_extra.py
[2024-10-10T14:01:18.324+0000] {processor.py:925} INFO - DAG(s) 'read_dataset_event_from_classic', 'read_dataset_event' retrieved from /home/airflow/.local/lib/python3.12/site-packages/airflow/example_dags/example_inlet_event_extra.py
[2024-10-10T14:01:18.338+0000] {logging_mixin.py:190} INFO - [2024-10-10T14:01:18.338+0000] {dag.py:3239} INFO - Sync 2 DAGs
[2024-10-10T14:01:18.356+0000] {logging_mixin.py:190} INFO - [2024-10-10T14:01:18.356+0000] {dag.py:4180} INFO - Setting next_dagrun for read_dataset_event to 2024-10-09 00:00:00+00:00, run_after=2024-10-10 00:00:00+00:00
[2024-10-10T14:01:18.360+0000] {logging_mixin.py:190} INFO - [2024-10-10T14:01:18.360+0000] {dag.py:4180} INFO - Setting next_dagrun for read_dataset_event_from_classic to 2024-10-09 00:00:00+00:00, run_after=2024-10-10 00:00:00+00:00
[2024-10-10T14:01:18.372+0000] {processor.py:208} INFO - Processing /home/airflow/.local/lib/python3.12/site-packages/airflow/example_dags/example_inlet_event_extra.py took 0.159 seconds
[2024-10-10T14:01:48.435+0000] {processor.py:186} INFO - Started process (PID=392) to work on /home/airflow/.local/lib/python3.12/site-packages/airflow/example_dags/example_inlet_event_extra.py
[2024-10-10T14:01:48.435+0000] {processor.py:914} INFO - Processing file /home/airflow/.local/lib/python3.12/site-packages/airflow/example_dags/example_inlet_event_extra.py for tasks to queue
[2024-10-10T14:01:48.437+0000] {logging_mixin.py:190} INFO - [2024-10-10T14:01:48.437+0000] {dagbag.py:588} INFO - Filling up the DagBag from /home/airflow/.local/lib/python3.12/site-packages/airflow/example_dags/example_inlet_event_extra.py
[2024-10-10T14:01:48.547+0000] {processor.py:925} INFO - DAG(s) 'read_dataset_event_from_classic', 'read_dataset_event' retrieved from /home/airflow/.local/lib/python3.12/site-packages/airflow/example_dags/example_inlet_event_extra.py
[2024-10-10T14:01:48.564+0000] {logging_mixin.py:190} INFO - [2024-10-10T14:01:48.563+0000] {dag.py:3239} INFO - Sync 2 DAGs
[2024-10-10T14:01:48.582+0000] {logging_mixin.py:190} INFO - [2024-10-10T14:01:48.581+0000] {dag.py:4180} INFO - Setting next_dagrun for read_dataset_event to 2024-10-09 00:00:00+00:00, run_after=2024-10-10 00:00:00+00:00
[2024-10-10T14:01:48.586+0000] {logging_mixin.py:190} INFO - [2024-10-10T14:01:48.585+0000] {dag.py:4180} INFO - Setting next_dagrun for read_dataset_event_from_classic to 2024-10-09 00:00:00+00:00, run_after=2024-10-10 00:00:00+00:00
[2024-10-10T14:01:48.600+0000] {processor.py:208} INFO - Processing /home/airflow/.local/lib/python3.12/site-packages/airflow/example_dags/example_inlet_event_extra.py took 0.169 seconds
[2024-10-10T14:02:18.659+0000] {processor.py:186} INFO - Started process (PID=454) to work on /home/airflow/.local/lib/python3.12/site-packages/airflow/example_dags/example_inlet_event_extra.py
[2024-10-10T14:02:18.660+0000] {processor.py:914} INFO - Processing file /home/airflow/.local/lib/python3.12/site-packages/airflow/example_dags/example_inlet_event_extra.py for tasks to queue
[2024-10-10T14:02:18.662+0000] {logging_mixin.py:190} INFO - [2024-10-10T14:02:18.661+0000] {dagbag.py:588} INFO - Filling up the DagBag from /home/airflow/.local/lib/python3.12/site-packages/airflow/example_dags/example_inlet_event_extra.py
[2024-10-10T14:02:18.767+0000] {processor.py:925} INFO - DAG(s) 'read_dataset_event', 'read_dataset_event_from_classic' retrieved from /home/airflow/.local/lib/python3.12/site-packages/airflow/example_dags/example_inlet_event_extra.py
[2024-10-10T14:02:18.783+0000] {logging_mixin.py:190} INFO - [2024-10-10T14:02:18.782+0000] {dag.py:3239} INFO - Sync 2 DAGs
[2024-10-10T14:02:18.801+0000] {logging_mixin.py:190} INFO - [2024-10-10T14:02:18.801+0000] {dag.py:4180} INFO - Setting next_dagrun for read_dataset_event to 2024-10-09 00:00:00+00:00, run_after=2024-10-10 00:00:00+00:00
[2024-10-10T14:02:18.805+0000] {logging_mixin.py:190} INFO - [2024-10-10T14:02:18.804+0000] {dag.py:4180} INFO - Setting next_dagrun for read_dataset_event_from_classic to 2024-10-09 00:00:00+00:00, run_after=2024-10-10 00:00:00+00:00
[2024-10-10T14:02:18.816+0000] {processor.py:208} INFO - Processing /home/airflow/.local/lib/python3.12/site-packages/airflow/example_dags/example_inlet_event_extra.py took 0.160 seconds
[2024-10-10T14:02:49.541+0000] {processor.py:186} INFO - Started process (PID=516) to work on /home/airflow/.local/lib/python3.12/site-packages/airflow/example_dags/example_inlet_event_extra.py
[2024-10-10T14:02:49.541+0000] {processor.py:914} INFO - Processing file /home/airflow/.local/lib/python3.12/site-packages/airflow/example_dags/example_inlet_event_extra.py for tasks to queue
[2024-10-10T14:02:49.543+0000] {logging_mixin.py:190} INFO - [2024-10-10T14:02:49.543+0000] {dagbag.py:588} INFO - Filling up the DagBag from /home/airflow/.local/lib/python3.12/site-packages/airflow/example_dags/example_inlet_event_extra.py
[2024-10-10T14:02:49.652+0000] {processor.py:925} INFO - DAG(s) 'read_dataset_event', 'read_dataset_event_from_classic' retrieved from /home/airflow/.local/lib/python3.12/site-packages/airflow/example_dags/example_inlet_event_extra.py
[2024-10-10T14:02:49.669+0000] {logging_mixin.py:190} INFO - [2024-10-10T14:02:49.668+0000] {dag.py:3239} INFO - Sync 2 DAGs
[2024-10-10T14:02:49.690+0000] {logging_mixin.py:190} INFO - [2024-10-10T14:02:49.690+0000] {dag.py:4180} INFO - Setting next_dagrun for read_dataset_event to 2024-10-09 00:00:00+00:00, run_after=2024-10-10 00:00:00+00:00
[2024-10-10T14:02:49.694+0000] {logging_mixin.py:190} INFO - [2024-10-10T14:02:49.694+0000] {dag.py:4180} INFO - Setting next_dagrun for read_dataset_event_from_classic to 2024-10-09 00:00:00+00:00, run_after=2024-10-10 00:00:00+00:00
[2024-10-10T14:02:49.706+0000] {processor.py:208} INFO - Processing /home/airflow/.local/lib/python3.12/site-packages/airflow/example_dags/example_inlet_event_extra.py took 0.170 seconds
[2024-10-10T14:03:20.301+0000] {processor.py:186} INFO - Started process (PID=578) to work on /home/airflow/.local/lib/python3.12/site-packages/airflow/example_dags/example_inlet_event_extra.py
[2024-10-10T14:03:20.302+0000] {processor.py:914} INFO - Processing file /home/airflow/.local/lib/python3.12/site-packages/airflow/example_dags/example_inlet_event_extra.py for tasks to queue
[2024-10-10T14:03:20.303+0000] {logging_mixin.py:190} INFO - [2024-10-10T14:03:20.303+0000] {dagbag.py:588} INFO - Filling up the DagBag from /home/airflow/.local/lib/python3.12/site-packages/airflow/example_dags/example_inlet_event_extra.py
[2024-10-10T14:03:20.406+0000] {processor.py:925} INFO - DAG(s) 'read_dataset_event', 'read_dataset_event_from_classic' retrieved from /home/airflow/.local/lib/python3.12/site-packages/airflow/example_dags/example_inlet_event_extra.py
[2024-10-10T14:03:20.419+0000] {logging_mixin.py:190} INFO - [2024-10-10T14:03:20.419+0000] {dag.py:3239} INFO - Sync 2 DAGs
[2024-10-10T14:03:20.436+0000] {logging_mixin.py:190} INFO - [2024-10-10T14:03:20.435+0000] {dag.py:4180} INFO - Setting next_dagrun for read_dataset_event to 2024-10-09 00:00:00+00:00, run_after=2024-10-10 00:00:00+00:00
[2024-10-10T14:03:20.440+0000] {logging_mixin.py:190} INFO - [2024-10-10T14:03:20.440+0000] {dag.py:4180} INFO - Setting next_dagrun for read_dataset_event_from_classic to 2024-10-09 00:00:00+00:00, run_after=2024-10-10 00:00:00+00:00
[2024-10-10T14:03:20.451+0000] {processor.py:208} INFO - Processing /home/airflow/.local/lib/python3.12/site-packages/airflow/example_dags/example_inlet_event_extra.py took 0.155 seconds
[2024-10-10T14:03:51.145+0000] {processor.py:186} INFO - Started process (PID=640) to work on /home/airflow/.local/lib/python3.12/site-packages/airflow/example_dags/example_inlet_event_extra.py
[2024-10-10T14:03:51.149+0000] {processor.py:914} INFO - Processing file /home/airflow/.local/lib/python3.12/site-packages/airflow/example_dags/example_inlet_event_extra.py for tasks to queue
[2024-10-10T14:03:51.151+0000] {logging_mixin.py:190} INFO - [2024-10-10T14:03:51.151+0000] {dagbag.py:588} INFO - Filling up the DagBag from /home/airflow/.local/lib/python3.12/site-packages/airflow/example_dags/example_inlet_event_extra.py
[2024-10-10T14:03:51.266+0000] {processor.py:925} INFO - DAG(s) 'read_dataset_event_from_classic', 'read_dataset_event' retrieved from /home/airflow/.local/lib/python3.12/site-packages/airflow/example_dags/example_inlet_event_extra.py
[2024-10-10T14:03:51.283+0000] {logging_mixin.py:190} INFO - [2024-10-10T14:03:51.282+0000] {dag.py:3239} INFO - Sync 2 DAGs
[2024-10-10T14:03:51.305+0000] {logging_mixin.py:190} INFO - [2024-10-10T14:03:51.304+0000] {dag.py:4180} INFO - Setting next_dagrun for read_dataset_event to 2024-10-09 00:00:00+00:00, run_after=2024-10-10 00:00:00+00:00
[2024-10-10T14:03:51.308+0000] {logging_mixin.py:190} INFO - [2024-10-10T14:03:51.308+0000] {dag.py:4180} INFO - Setting next_dagrun for read_dataset_event_from_classic to 2024-10-09 00:00:00+00:00, run_after=2024-10-10 00:00:00+00:00
[2024-10-10T14:03:51.321+0000] {processor.py:208} INFO - Processing /home/airflow/.local/lib/python3.12/site-packages/airflow/example_dags/example_inlet_event_extra.py took 0.180 seconds
[2024-10-10T14:04:21.846+0000] {processor.py:186} INFO - Started process (PID=702) to work on /home/airflow/.local/lib/python3.12/site-packages/airflow/example_dags/example_inlet_event_extra.py
[2024-10-10T14:04:21.847+0000] {processor.py:914} INFO - Processing file /home/airflow/.local/lib/python3.12/site-packages/airflow/example_dags/example_inlet_event_extra.py for tasks to queue
[2024-10-10T14:04:21.848+0000] {logging_mixin.py:190} INFO - [2024-10-10T14:04:21.848+0000] {dagbag.py:588} INFO - Filling up the DagBag from /home/airflow/.local/lib/python3.12/site-packages/airflow/example_dags/example_inlet_event_extra.py
[2024-10-10T14:04:21.958+0000] {processor.py:925} INFO - DAG(s) 'read_dataset_event_from_classic', 'read_dataset_event' retrieved from /home/airflow/.local/lib/python3.12/site-packages/airflow/example_dags/example_inlet_event_extra.py
[2024-10-10T14:04:21.973+0000] {logging_mixin.py:190} INFO - [2024-10-10T14:04:21.973+0000] {dag.py:3239} INFO - Sync 2 DAGs
[2024-10-10T14:04:21.992+0000] {logging_mixin.py:190} INFO - [2024-10-10T14:04:21.992+0000] {dag.py:4180} INFO - Setting next_dagrun for read_dataset_event to 2024-10-09 00:00:00+00:00, run_after=2024-10-10 00:00:00+00:00
[2024-10-10T14:04:21.996+0000] {logging_mixin.py:190} INFO - [2024-10-10T14:04:21.996+0000] {dag.py:4180} INFO - Setting next_dagrun for read_dataset_event_from_classic to 2024-10-09 00:00:00+00:00, run_after=2024-10-10 00:00:00+00:00
[2024-10-10T14:04:22.008+0000] {processor.py:208} INFO - Processing /home/airflow/.local/lib/python3.12/site-packages/airflow/example_dags/example_inlet_event_extra.py took 0.166 seconds
[2024-10-10T14:04:52.712+0000] {processor.py:186} INFO - Started process (PID=764) to work on /home/airflow/.local/lib/python3.12/site-packages/airflow/example_dags/example_inlet_event_extra.py
[2024-10-10T14:04:52.713+0000] {processor.py:914} INFO - Processing file /home/airflow/.local/lib/python3.12/site-packages/airflow/example_dags/example_inlet_event_extra.py for tasks to queue
[2024-10-10T14:04:52.714+0000] {logging_mixin.py:190} INFO - [2024-10-10T14:04:52.714+0000] {dagbag.py:588} INFO - Filling up the DagBag from /home/airflow/.local/lib/python3.12/site-packages/airflow/example_dags/example_inlet_event_extra.py
[2024-10-10T14:04:52.823+0000] {processor.py:925} INFO - DAG(s) 'read_dataset_event_from_classic', 'read_dataset_event' retrieved from /home/airflow/.local/lib/python3.12/site-packages/airflow/example_dags/example_inlet_event_extra.py
[2024-10-10T14:04:52.840+0000] {logging_mixin.py:190} INFO - [2024-10-10T14:04:52.840+0000] {dag.py:3239} INFO - Sync 2 DAGs
[2024-10-10T14:04:52.863+0000] {logging_mixin.py:190} INFO - [2024-10-10T14:04:52.863+0000] {dag.py:4180} INFO - Setting next_dagrun for read_dataset_event to 2024-10-09 00:00:00+00:00, run_after=2024-10-10 00:00:00+00:00
[2024-10-10T14:04:52.868+0000] {logging_mixin.py:190} INFO - [2024-10-10T14:04:52.867+0000] {dag.py:4180} INFO - Setting next_dagrun for read_dataset_event_from_classic to 2024-10-09 00:00:00+00:00, run_after=2024-10-10 00:00:00+00:00
[2024-10-10T14:04:52.880+0000] {processor.py:208} INFO - Processing /home/airflow/.local/lib/python3.12/site-packages/airflow/example_dags/example_inlet_event_extra.py took 0.172 seconds
[2024-10-10T14:05:23.373+0000] {processor.py:186} INFO - Started process (PID=826) to work on /home/airflow/.local/lib/python3.12/site-packages/airflow/example_dags/example_inlet_event_extra.py
[2024-10-10T14:05:23.373+0000] {processor.py:914} INFO - Processing file /home/airflow/.local/lib/python3.12/site-packages/airflow/example_dags/example_inlet_event_extra.py for tasks to queue
[2024-10-10T14:05:23.375+0000] {logging_mixin.py:190} INFO - [2024-10-10T14:05:23.375+0000] {dagbag.py:588} INFO - Filling up the DagBag from /home/airflow/.local/lib/python3.12/site-packages/airflow/example_dags/example_inlet_event_extra.py
[2024-10-10T14:05:23.490+0000] {processor.py:925} INFO - DAG(s) 'read_dataset_event', 'read_dataset_event_from_classic' retrieved from /home/airflow/.local/lib/python3.12/site-packages/airflow/example_dags/example_inlet_event_extra.py
[2024-10-10T14:05:23.507+0000] {logging_mixin.py:190} INFO - [2024-10-10T14:05:23.507+0000] {dag.py:3239} INFO - Sync 2 DAGs
[2024-10-10T14:05:23.528+0000] {logging_mixin.py:190} INFO - [2024-10-10T14:05:23.527+0000] {dag.py:4180} INFO - Setting next_dagrun for read_dataset_event to 2024-10-09 00:00:00+00:00, run_after=2024-10-10 00:00:00+00:00
[2024-10-10T14:05:23.534+0000] {logging_mixin.py:190} INFO - [2024-10-10T14:05:23.534+0000] {dag.py:4180} INFO - Setting next_dagrun for read_dataset_event_from_classic to 2024-10-09 00:00:00+00:00, run_after=2024-10-10 00:00:00+00:00
[2024-10-10T14:05:23.549+0000] {processor.py:208} INFO - Processing /home/airflow/.local/lib/python3.12/site-packages/airflow/example_dags/example_inlet_event_extra.py took 0.180 seconds
[2024-10-10T14:05:54.179+0000] {processor.py:186} INFO - Started process (PID=888) to work on /home/airflow/.local/lib/python3.12/site-packages/airflow/example_dags/example_inlet_event_extra.py
[2024-10-10T14:05:54.179+0000] {processor.py:914} INFO - Processing file /home/airflow/.local/lib/python3.12/site-packages/airflow/example_dags/example_inlet_event_extra.py for tasks to queue
[2024-10-10T14:05:54.181+0000] {logging_mixin.py:190} INFO - [2024-10-10T14:05:54.181+0000] {dagbag.py:588} INFO - Filling up the DagBag from /home/airflow/.local/lib/python3.12/site-packages/airflow/example_dags/example_inlet_event_extra.py
[2024-10-10T14:05:54.286+0000] {processor.py:925} INFO - DAG(s) 'read_dataset_event_from_classic', 'read_dataset_event' retrieved from /home/airflow/.local/lib/python3.12/site-packages/airflow/example_dags/example_inlet_event_extra.py
[2024-10-10T14:05:54.301+0000] {logging_mixin.py:190} INFO - [2024-10-10T14:05:54.301+0000] {dag.py:3239} INFO - Sync 2 DAGs
[2024-10-10T14:05:54.319+0000] {logging_mixin.py:190} INFO - [2024-10-10T14:05:54.319+0000] {dag.py:4180} INFO - Setting next_dagrun for read_dataset_event to 2024-10-09 00:00:00+00:00, run_after=2024-10-10 00:00:00+00:00
[2024-10-10T14:05:54.323+0000] {logging_mixin.py:190} INFO - [2024-10-10T14:05:54.323+0000] {dag.py:4180} INFO - Setting next_dagrun for read_dataset_event_from_classic to 2024-10-09 00:00:00+00:00, run_after=2024-10-10 00:00:00+00:00
[2024-10-10T14:05:54.335+0000] {processor.py:208} INFO - Processing /home/airflow/.local/lib/python3.12/site-packages/airflow/example_dags/example_inlet_event_extra.py took 0.161 seconds
[2024-10-10T14:06:24.834+0000] {processor.py:186} INFO - Started process (PID=950) to work on /home/airflow/.local/lib/python3.12/site-packages/airflow/example_dags/example_inlet_event_extra.py
[2024-10-10T14:06:24.835+0000] {processor.py:914} INFO - Processing file /home/airflow/.local/lib/python3.12/site-packages/airflow/example_dags/example_inlet_event_extra.py for tasks to queue
[2024-10-10T14:06:24.837+0000] {logging_mixin.py:190} INFO - [2024-10-10T14:06:24.836+0000] {dagbag.py:588} INFO - Filling up the DagBag from /home/airflow/.local/lib/python3.12/site-packages/airflow/example_dags/example_inlet_event_extra.py
[2024-10-10T14:06:24.948+0000] {processor.py:925} INFO - DAG(s) 'read_dataset_event', 'read_dataset_event_from_classic' retrieved from /home/airflow/.local/lib/python3.12/site-packages/airflow/example_dags/example_inlet_event_extra.py
[2024-10-10T14:06:24.963+0000] {logging_mixin.py:190} INFO - [2024-10-10T14:06:24.963+0000] {dag.py:3239} INFO - Sync 2 DAGs
[2024-10-10T14:06:24.980+0000] {logging_mixin.py:190} INFO - [2024-10-10T14:06:24.980+0000] {dag.py:4180} INFO - Setting next_dagrun for read_dataset_event to 2024-10-09 00:00:00+00:00, run_after=2024-10-10 00:00:00+00:00
[2024-10-10T14:06:24.984+0000] {logging_mixin.py:190} INFO - [2024-10-10T14:06:24.984+0000] {dag.py:4180} INFO - Setting next_dagrun for read_dataset_event_from_classic to 2024-10-09 00:00:00+00:00, run_after=2024-10-10 00:00:00+00:00
[2024-10-10T14:06:24.997+0000] {processor.py:208} INFO - Processing /home/airflow/.local/lib/python3.12/site-packages/airflow/example_dags/example_inlet_event_extra.py took 0.167 seconds
[2024-10-10T14:06:55.557+0000] {processor.py:186} INFO - Started process (PID=1012) to work on /home/airflow/.local/lib/python3.12/site-packages/airflow/example_dags/example_inlet_event_extra.py
[2024-10-10T14:06:55.558+0000] {processor.py:914} INFO - Processing file /home/airflow/.local/lib/python3.12/site-packages/airflow/example_dags/example_inlet_event_extra.py for tasks to queue
[2024-10-10T14:06:55.560+0000] {logging_mixin.py:190} INFO - [2024-10-10T14:06:55.559+0000] {dagbag.py:588} INFO - Filling up the DagBag from /home/airflow/.local/lib/python3.12/site-packages/airflow/example_dags/example_inlet_event_extra.py
[2024-10-10T14:06:55.666+0000] {processor.py:925} INFO - DAG(s) 'read_dataset_event', 'read_dataset_event_from_classic' retrieved from /home/airflow/.local/lib/python3.12/site-packages/airflow/example_dags/example_inlet_event_extra.py
[2024-10-10T14:06:55.681+0000] {logging_mixin.py:190} INFO - [2024-10-10T14:06:55.681+0000] {dag.py:3239} INFO - Sync 2 DAGs
[2024-10-10T14:06:55.702+0000] {logging_mixin.py:190} INFO - [2024-10-10T14:06:55.702+0000] {dag.py:4180} INFO - Setting next_dagrun for read_dataset_event to 2024-10-09 00:00:00+00:00, run_after=2024-10-10 00:00:00+00:00
[2024-10-10T14:06:55.706+0000] {logging_mixin.py:190} INFO - [2024-10-10T14:06:55.706+0000] {dag.py:4180} INFO - Setting next_dagrun for read_dataset_event_from_classic to 2024-10-09 00:00:00+00:00, run_after=2024-10-10 00:00:00+00:00
[2024-10-10T14:06:55.720+0000] {processor.py:208} INFO - Processing /home/airflow/.local/lib/python3.12/site-packages/airflow/example_dags/example_inlet_event_extra.py took 0.167 seconds
[2024-10-10T14:07:26.366+0000] {processor.py:186} INFO - Started process (PID=1074) to work on /home/airflow/.local/lib/python3.12/site-packages/airflow/example_dags/example_inlet_event_extra.py
[2024-10-10T14:07:26.367+0000] {processor.py:914} INFO - Processing file /home/airflow/.local/lib/python3.12/site-packages/airflow/example_dags/example_inlet_event_extra.py for tasks to queue
[2024-10-10T14:07:26.369+0000] {logging_mixin.py:190} INFO - [2024-10-10T14:07:26.368+0000] {dagbag.py:588} INFO - Filling up the DagBag from /home/airflow/.local/lib/python3.12/site-packages/airflow/example_dags/example_inlet_event_extra.py
[2024-10-10T14:07:26.483+0000] {processor.py:925} INFO - DAG(s) 'read_dataset_event', 'read_dataset_event_from_classic' retrieved from /home/airflow/.local/lib/python3.12/site-packages/airflow/example_dags/example_inlet_event_extra.py
[2024-10-10T14:07:26.500+0000] {logging_mixin.py:190} INFO - [2024-10-10T14:07:26.500+0000] {dag.py:3239} INFO - Sync 2 DAGs
[2024-10-10T14:07:26.520+0000] {logging_mixin.py:190} INFO - [2024-10-10T14:07:26.520+0000] {dag.py:4180} INFO - Setting next_dagrun for read_dataset_event to 2024-10-09 00:00:00+00:00, run_after=2024-10-10 00:00:00+00:00
[2024-10-10T14:07:26.526+0000] {logging_mixin.py:190} INFO - [2024-10-10T14:07:26.525+0000] {dag.py:4180} INFO - Setting next_dagrun for read_dataset_event_from_classic to 2024-10-09 00:00:00+00:00, run_after=2024-10-10 00:00:00+00:00
[2024-10-10T14:07:26.539+0000] {processor.py:208} INFO - Processing /home/airflow/.local/lib/python3.12/site-packages/airflow/example_dags/example_inlet_event_extra.py took 0.178 seconds
[2024-10-10T14:07:57.128+0000] {processor.py:186} INFO - Started process (PID=1136) to work on /home/airflow/.local/lib/python3.12/site-packages/airflow/example_dags/example_inlet_event_extra.py
[2024-10-10T14:07:57.128+0000] {processor.py:914} INFO - Processing file /home/airflow/.local/lib/python3.12/site-packages/airflow/example_dags/example_inlet_event_extra.py for tasks to queue
[2024-10-10T14:07:57.130+0000] {logging_mixin.py:190} INFO - [2024-10-10T14:07:57.130+0000] {dagbag.py:588} INFO - Filling up the DagBag from /home/airflow/.local/lib/python3.12/site-packages/airflow/example_dags/example_inlet_event_extra.py
[2024-10-10T14:07:57.240+0000] {processor.py:925} INFO - DAG(s) 'read_dataset_event', 'read_dataset_event_from_classic' retrieved from /home/airflow/.local/lib/python3.12/site-packages/airflow/example_dags/example_inlet_event_extra.py
[2024-10-10T14:07:57.256+0000] {logging_mixin.py:190} INFO - [2024-10-10T14:07:57.256+0000] {dag.py:3239} INFO - Sync 2 DAGs
[2024-10-10T14:07:57.276+0000] {logging_mixin.py:190} INFO - [2024-10-10T14:07:57.275+0000] {dag.py:4180} INFO - Setting next_dagrun for read_dataset_event to 2024-10-09 00:00:00+00:00, run_after=2024-10-10 00:00:00+00:00
[2024-10-10T14:07:57.280+0000] {logging_mixin.py:190} INFO - [2024-10-10T14:07:57.280+0000] {dag.py:4180} INFO - Setting next_dagrun for read_dataset_event_from_classic to 2024-10-09 00:00:00+00:00, run_after=2024-10-10 00:00:00+00:00
[2024-10-10T14:07:57.292+0000] {processor.py:208} INFO - Processing /home/airflow/.local/lib/python3.12/site-packages/airflow/example_dags/example_inlet_event_extra.py took 0.169 seconds
[2024-10-10T14:08:27.882+0000] {processor.py:186} INFO - Started process (PID=1198) to work on /home/airflow/.local/lib/python3.12/site-packages/airflow/example_dags/example_inlet_event_extra.py
[2024-10-10T14:08:27.883+0000] {processor.py:914} INFO - Processing file /home/airflow/.local/lib/python3.12/site-packages/airflow/example_dags/example_inlet_event_extra.py for tasks to queue
[2024-10-10T14:08:27.884+0000] {logging_mixin.py:190} INFO - [2024-10-10T14:08:27.884+0000] {dagbag.py:588} INFO - Filling up the DagBag from /home/airflow/.local/lib/python3.12/site-packages/airflow/example_dags/example_inlet_event_extra.py
[2024-10-10T14:08:27.992+0000] {processor.py:925} INFO - DAG(s) 'read_dataset_event_from_classic', 'read_dataset_event' retrieved from /home/airflow/.local/lib/python3.12/site-packages/airflow/example_dags/example_inlet_event_extra.py
[2024-10-10T14:08:28.010+0000] {logging_mixin.py:190} INFO - [2024-10-10T14:08:28.009+0000] {dag.py:3239} INFO - Sync 2 DAGs
[2024-10-10T14:08:28.029+0000] {logging_mixin.py:190} INFO - [2024-10-10T14:08:28.029+0000] {dag.py:4180} INFO - Setting next_dagrun for read_dataset_event to 2024-10-09 00:00:00+00:00, run_after=2024-10-10 00:00:00+00:00
[2024-10-10T14:08:28.033+0000] {logging_mixin.py:190} INFO - [2024-10-10T14:08:28.033+0000] {dag.py:4180} INFO - Setting next_dagrun for read_dataset_event_from_classic to 2024-10-09 00:00:00+00:00, run_after=2024-10-10 00:00:00+00:00
[2024-10-10T14:08:28.047+0000] {processor.py:208} INFO - Processing /home/airflow/.local/lib/python3.12/site-packages/airflow/example_dags/example_inlet_event_extra.py took 0.169 seconds
[2024-10-10T14:08:58.683+0000] {processor.py:186} INFO - Started process (PID=1260) to work on /home/airflow/.local/lib/python3.12/site-packages/airflow/example_dags/example_inlet_event_extra.py
[2024-10-10T14:08:58.683+0000] {processor.py:914} INFO - Processing file /home/airflow/.local/lib/python3.12/site-packages/airflow/example_dags/example_inlet_event_extra.py for tasks to queue
[2024-10-10T14:08:58.685+0000] {logging_mixin.py:190} INFO - [2024-10-10T14:08:58.685+0000] {dagbag.py:588} INFO - Filling up the DagBag from /home/airflow/.local/lib/python3.12/site-packages/airflow/example_dags/example_inlet_event_extra.py
[2024-10-10T14:08:58.795+0000] {processor.py:925} INFO - DAG(s) 'read_dataset_event', 'read_dataset_event_from_classic' retrieved from /home/airflow/.local/lib/python3.12/site-packages/airflow/example_dags/example_inlet_event_extra.py
[2024-10-10T14:08:58.811+0000] {logging_mixin.py:190} INFO - [2024-10-10T14:08:58.811+0000] {dag.py:3239} INFO - Sync 2 DAGs
[2024-10-10T14:08:58.830+0000] {logging_mixin.py:190} INFO - [2024-10-10T14:08:58.830+0000] {dag.py:4180} INFO - Setting next_dagrun for read_dataset_event to 2024-10-09 00:00:00+00:00, run_after=2024-10-10 00:00:00+00:00
[2024-10-10T14:08:58.834+0000] {logging_mixin.py:190} INFO - [2024-10-10T14:08:58.834+0000] {dag.py:4180} INFO - Setting next_dagrun for read_dataset_event_from_classic to 2024-10-09 00:00:00+00:00, run_after=2024-10-10 00:00:00+00:00
[2024-10-10T14:08:58.846+0000] {processor.py:208} INFO - Processing /home/airflow/.local/lib/python3.12/site-packages/airflow/example_dags/example_inlet_event_extra.py took 0.168 seconds
[2024-10-10T14:09:29.387+0000] {processor.py:186} INFO - Started process (PID=1322) to work on /home/airflow/.local/lib/python3.12/site-packages/airflow/example_dags/example_inlet_event_extra.py
[2024-10-10T14:09:29.388+0000] {processor.py:914} INFO - Processing file /home/airflow/.local/lib/python3.12/site-packages/airflow/example_dags/example_inlet_event_extra.py for tasks to queue
[2024-10-10T14:09:29.390+0000] {logging_mixin.py:190} INFO - [2024-10-10T14:09:29.390+0000] {dagbag.py:588} INFO - Filling up the DagBag from /home/airflow/.local/lib/python3.12/site-packages/airflow/example_dags/example_inlet_event_extra.py
[2024-10-10T14:09:29.509+0000] {processor.py:925} INFO - DAG(s) 'read_dataset_event_from_classic', 'read_dataset_event' retrieved from /home/airflow/.local/lib/python3.12/site-packages/airflow/example_dags/example_inlet_event_extra.py
[2024-10-10T14:09:29.526+0000] {logging_mixin.py:190} INFO - [2024-10-10T14:09:29.526+0000] {dag.py:3239} INFO - Sync 2 DAGs
[2024-10-10T14:09:29.545+0000] {logging_mixin.py:190} INFO - [2024-10-10T14:09:29.545+0000] {dag.py:4180} INFO - Setting next_dagrun for read_dataset_event to 2024-10-09 00:00:00+00:00, run_after=2024-10-10 00:00:00+00:00
[2024-10-10T14:09:29.549+0000] {logging_mixin.py:190} INFO - [2024-10-10T14:09:29.549+0000] {dag.py:4180} INFO - Setting next_dagrun for read_dataset_event_from_classic to 2024-10-09 00:00:00+00:00, run_after=2024-10-10 00:00:00+00:00
[2024-10-10T14:09:29.562+0000] {processor.py:208} INFO - Processing /home/airflow/.local/lib/python3.12/site-packages/airflow/example_dags/example_inlet_event_extra.py took 0.179 seconds
[2024-10-10T14:10:00.317+0000] {processor.py:186} INFO - Started process (PID=1384) to work on /home/airflow/.local/lib/python3.12/site-packages/airflow/example_dags/example_inlet_event_extra.py
[2024-10-10T14:10:00.318+0000] {processor.py:914} INFO - Processing file /home/airflow/.local/lib/python3.12/site-packages/airflow/example_dags/example_inlet_event_extra.py for tasks to queue
[2024-10-10T14:10:00.319+0000] {logging_mixin.py:190} INFO - [2024-10-10T14:10:00.319+0000] {dagbag.py:588} INFO - Filling up the DagBag from /home/airflow/.local/lib/python3.12/site-packages/airflow/example_dags/example_inlet_event_extra.py
[2024-10-10T14:10:00.459+0000] {processor.py:925} INFO - DAG(s) 'read_dataset_event_from_classic', 'read_dataset_event' retrieved from /home/airflow/.local/lib/python3.12/site-packages/airflow/example_dags/example_inlet_event_extra.py
[2024-10-10T14:10:00.475+0000] {logging_mixin.py:190} INFO - [2024-10-10T14:10:00.475+0000] {dag.py:3239} INFO - Sync 2 DAGs
[2024-10-10T14:10:00.494+0000] {logging_mixin.py:190} INFO - [2024-10-10T14:10:00.494+0000] {dag.py:4180} INFO - Setting next_dagrun for read_dataset_event to 2024-10-09 00:00:00+00:00, run_after=2024-10-10 00:00:00+00:00
[2024-10-10T14:10:00.498+0000] {logging_mixin.py:190} INFO - [2024-10-10T14:10:00.498+0000] {dag.py:4180} INFO - Setting next_dagrun for read_dataset_event_from_classic to 2024-10-09 00:00:00+00:00, run_after=2024-10-10 00:00:00+00:00
[2024-10-10T14:10:00.515+0000] {processor.py:208} INFO - Processing /home/airflow/.local/lib/python3.12/site-packages/airflow/example_dags/example_inlet_event_extra.py took 0.204 seconds
[2024-10-10T14:10:31.442+0000] {processor.py:186} INFO - Started process (PID=1447) to work on /home/airflow/.local/lib/python3.12/site-packages/airflow/example_dags/example_inlet_event_extra.py
[2024-10-10T14:10:31.443+0000] {processor.py:914} INFO - Processing file /home/airflow/.local/lib/python3.12/site-packages/airflow/example_dags/example_inlet_event_extra.py for tasks to queue
[2024-10-10T14:10:31.445+0000] {logging_mixin.py:190} INFO - [2024-10-10T14:10:31.444+0000] {dagbag.py:588} INFO - Filling up the DagBag from /home/airflow/.local/lib/python3.12/site-packages/airflow/example_dags/example_inlet_event_extra.py
[2024-10-10T14:10:31.572+0000] {processor.py:925} INFO - DAG(s) 'read_dataset_event_from_classic', 'read_dataset_event' retrieved from /home/airflow/.local/lib/python3.12/site-packages/airflow/example_dags/example_inlet_event_extra.py
[2024-10-10T14:10:31.588+0000] {logging_mixin.py:190} INFO - [2024-10-10T14:10:31.588+0000] {dag.py:3239} INFO - Sync 2 DAGs
[2024-10-10T14:10:31.615+0000] {logging_mixin.py:190} INFO - [2024-10-10T14:10:31.614+0000] {dag.py:4180} INFO - Setting next_dagrun for read_dataset_event to 2024-10-09 00:00:00+00:00, run_after=2024-10-10 00:00:00+00:00
[2024-10-10T14:10:31.619+0000] {logging_mixin.py:190} INFO - [2024-10-10T14:10:31.619+0000] {dag.py:4180} INFO - Setting next_dagrun for read_dataset_event_from_classic to 2024-10-09 00:00:00+00:00, run_after=2024-10-10 00:00:00+00:00
[2024-10-10T14:10:31.632+0000] {processor.py:208} INFO - Processing /home/airflow/.local/lib/python3.12/site-packages/airflow/example_dags/example_inlet_event_extra.py took 0.194 seconds
[2024-10-10T14:11:01.750+0000] {processor.py:186} INFO - Started process (PID=1511) to work on /home/airflow/.local/lib/python3.12/site-packages/airflow/example_dags/example_inlet_event_extra.py
[2024-10-10T14:11:01.752+0000] {processor.py:914} INFO - Processing file /home/airflow/.local/lib/python3.12/site-packages/airflow/example_dags/example_inlet_event_extra.py for tasks to queue
[2024-10-10T14:11:01.754+0000] {logging_mixin.py:190} INFO - [2024-10-10T14:11:01.753+0000] {dagbag.py:588} INFO - Filling up the DagBag from /home/airflow/.local/lib/python3.12/site-packages/airflow/example_dags/example_inlet_event_extra.py
[2024-10-10T14:11:01.873+0000] {processor.py:925} INFO - DAG(s) 'read_dataset_event_from_classic', 'read_dataset_event' retrieved from /home/airflow/.local/lib/python3.12/site-packages/airflow/example_dags/example_inlet_event_extra.py
[2024-10-10T14:11:01.890+0000] {logging_mixin.py:190} INFO - [2024-10-10T14:11:01.889+0000] {dag.py:3239} INFO - Sync 2 DAGs
[2024-10-10T14:11:01.911+0000] {logging_mixin.py:190} INFO - [2024-10-10T14:11:01.910+0000] {dag.py:4180} INFO - Setting next_dagrun for read_dataset_event to 2024-10-09 00:00:00+00:00, run_after=2024-10-10 00:00:00+00:00
[2024-10-10T14:11:01.914+0000] {logging_mixin.py:190} INFO - [2024-10-10T14:11:01.914+0000] {dag.py:4180} INFO - Setting next_dagrun for read_dataset_event_from_classic to 2024-10-09 00:00:00+00:00, run_after=2024-10-10 00:00:00+00:00
[2024-10-10T14:11:01.926+0000] {processor.py:208} INFO - Processing /home/airflow/.local/lib/python3.12/site-packages/airflow/example_dags/example_inlet_event_extra.py took 0.181 seconds
[2024-10-10T14:11:32.698+0000] {processor.py:186} INFO - Started process (PID=1571) to work on /home/airflow/.local/lib/python3.12/site-packages/airflow/example_dags/example_inlet_event_extra.py
[2024-10-10T14:11:32.699+0000] {processor.py:914} INFO - Processing file /home/airflow/.local/lib/python3.12/site-packages/airflow/example_dags/example_inlet_event_extra.py for tasks to queue
[2024-10-10T14:11:32.701+0000] {logging_mixin.py:190} INFO - [2024-10-10T14:11:32.700+0000] {dagbag.py:588} INFO - Filling up the DagBag from /home/airflow/.local/lib/python3.12/site-packages/airflow/example_dags/example_inlet_event_extra.py
[2024-10-10T14:11:32.820+0000] {processor.py:925} INFO - DAG(s) 'read_dataset_event_from_classic', 'read_dataset_event' retrieved from /home/airflow/.local/lib/python3.12/site-packages/airflow/example_dags/example_inlet_event_extra.py
[2024-10-10T14:11:32.837+0000] {logging_mixin.py:190} INFO - [2024-10-10T14:11:32.837+0000] {dag.py:3239} INFO - Sync 2 DAGs
[2024-10-10T14:11:32.857+0000] {logging_mixin.py:190} INFO - [2024-10-10T14:11:32.857+0000] {dag.py:4180} INFO - Setting next_dagrun for read_dataset_event to 2024-10-09 00:00:00+00:00, run_after=2024-10-10 00:00:00+00:00
[2024-10-10T14:11:32.864+0000] {logging_mixin.py:190} INFO - [2024-10-10T14:11:32.864+0000] {dag.py:4180} INFO - Setting next_dagrun for read_dataset_event_from_classic to 2024-10-09 00:00:00+00:00, run_after=2024-10-10 00:00:00+00:00
[2024-10-10T14:11:32.879+0000] {processor.py:208} INFO - Processing /home/airflow/.local/lib/python3.12/site-packages/airflow/example_dags/example_inlet_event_extra.py took 0.185 seconds
[2024-10-10T14:12:03.610+0000] {processor.py:186} INFO - Started process (PID=1633) to work on /home/airflow/.local/lib/python3.12/site-packages/airflow/example_dags/example_inlet_event_extra.py
[2024-10-10T14:12:03.611+0000] {processor.py:914} INFO - Processing file /home/airflow/.local/lib/python3.12/site-packages/airflow/example_dags/example_inlet_event_extra.py for tasks to queue
[2024-10-10T14:12:03.613+0000] {logging_mixin.py:190} INFO - [2024-10-10T14:12:03.613+0000] {dagbag.py:588} INFO - Filling up the DagBag from /home/airflow/.local/lib/python3.12/site-packages/airflow/example_dags/example_inlet_event_extra.py
[2024-10-10T14:12:03.724+0000] {processor.py:925} INFO - DAG(s) 'read_dataset_event_from_classic', 'read_dataset_event' retrieved from /home/airflow/.local/lib/python3.12/site-packages/airflow/example_dags/example_inlet_event_extra.py
[2024-10-10T14:12:03.739+0000] {logging_mixin.py:190} INFO - [2024-10-10T14:12:03.739+0000] {dag.py:3239} INFO - Sync 2 DAGs
[2024-10-10T14:12:03.757+0000] {logging_mixin.py:190} INFO - [2024-10-10T14:12:03.757+0000] {dag.py:4180} INFO - Setting next_dagrun for read_dataset_event to 2024-10-09 00:00:00+00:00, run_after=2024-10-10 00:00:00+00:00
[2024-10-10T14:12:03.761+0000] {logging_mixin.py:190} INFO - [2024-10-10T14:12:03.761+0000] {dag.py:4180} INFO - Setting next_dagrun for read_dataset_event_from_classic to 2024-10-09 00:00:00+00:00, run_after=2024-10-10 00:00:00+00:00
[2024-10-10T14:12:03.772+0000] {processor.py:208} INFO - Processing /home/airflow/.local/lib/python3.12/site-packages/airflow/example_dags/example_inlet_event_extra.py took 0.167 seconds
[2024-10-10T14:12:34.403+0000] {processor.py:186} INFO - Started process (PID=1695) to work on /home/airflow/.local/lib/python3.12/site-packages/airflow/example_dags/example_inlet_event_extra.py
[2024-10-10T14:12:34.404+0000] {processor.py:914} INFO - Processing file /home/airflow/.local/lib/python3.12/site-packages/airflow/example_dags/example_inlet_event_extra.py for tasks to queue
[2024-10-10T14:12:34.406+0000] {logging_mixin.py:190} INFO - [2024-10-10T14:12:34.405+0000] {dagbag.py:588} INFO - Filling up the DagBag from /home/airflow/.local/lib/python3.12/site-packages/airflow/example_dags/example_inlet_event_extra.py
[2024-10-10T14:12:34.520+0000] {processor.py:925} INFO - DAG(s) 'read_dataset_event_from_classic', 'read_dataset_event' retrieved from /home/airflow/.local/lib/python3.12/site-packages/airflow/example_dags/example_inlet_event_extra.py
[2024-10-10T14:12:34.536+0000] {logging_mixin.py:190} INFO - [2024-10-10T14:12:34.536+0000] {dag.py:3239} INFO - Sync 2 DAGs
[2024-10-10T14:12:34.555+0000] {logging_mixin.py:190} INFO - [2024-10-10T14:12:34.555+0000] {dag.py:4180} INFO - Setting next_dagrun for read_dataset_event to 2024-10-09 00:00:00+00:00, run_after=2024-10-10 00:00:00+00:00
[2024-10-10T14:12:34.559+0000] {logging_mixin.py:190} INFO - [2024-10-10T14:12:34.559+0000] {dag.py:4180} INFO - Setting next_dagrun for read_dataset_event_from_classic to 2024-10-09 00:00:00+00:00, run_after=2024-10-10 00:00:00+00:00
[2024-10-10T14:12:34.572+0000] {processor.py:208} INFO - Processing /home/airflow/.local/lib/python3.12/site-packages/airflow/example_dags/example_inlet_event_extra.py took 0.173 seconds
