[2024-10-10T13:59:15.921+0000] {processor.py:186} INFO - Started process (PID=59) to work on /home/airflow/.local/lib/python3.12/site-packages/airflow/example_dags/example_datasets.py
[2024-10-10T13:59:15.923+0000] {processor.py:914} INFO - Processing file /home/airflow/.local/lib/python3.12/site-packages/airflow/example_dags/example_datasets.py for tasks to queue
[2024-10-10T13:59:15.925+0000] {logging_mixin.py:190} INFO - [2024-10-10T13:59:15.925+0000] {dagbag.py:588} INFO - Filling up the DagBag from /home/airflow/.local/lib/python3.12/site-packages/airflow/example_dags/example_datasets.py
[2024-10-10T13:59:16.404+0000] {processor.py:925} INFO - DAG(s) 'consume_1_and_2_with_dataset_expressions', 'dataset_consumes_unknown_never_scheduled', 'dataset_produces_2', 'dataset_consumes_1_and_2', 'consume_1_or_2_with_dataset_expressions', 'consume_1_or_both_2_and_3_with_dataset_expressions', 'conditional_dataset_and_time_based_timetable', 'dataset_produces_1', 'dataset_consumes_1', 'dataset_consumes_1_never_scheduled' retrieved from /home/airflow/.local/lib/python3.12/site-packages/airflow/example_dags/example_datasets.py
[2024-10-10T13:59:16.444+0000] {logging_mixin.py:190} INFO - [2024-10-10T13:59:16.444+0000] {dag.py:3239} INFO - Sync 10 DAGs
[2024-10-10T13:59:16.472+0000] {logging_mixin.py:190} INFO - [2024-10-10T13:59:16.472+0000] {dag.py:4180} INFO - Setting next_dagrun for conditional_dataset_and_time_based_timetable to 2024-10-09 01:00:00+00:00, run_after=2024-10-09 01:00:00+00:00
[2024-10-10T13:59:16.476+0000] {logging_mixin.py:190} INFO - [2024-10-10T13:59:16.475+0000] {dag.py:4180} INFO - Setting next_dagrun for consume_1_and_2_with_dataset_expressions to None, run_after=None
[2024-10-10T13:59:16.477+0000] {logging_mixin.py:190} INFO - [2024-10-10T13:59:16.477+0000] {dag.py:4180} INFO - Setting next_dagrun for consume_1_or_2_with_dataset_expressions to None, run_after=None
[2024-10-10T13:59:16.478+0000] {logging_mixin.py:190} INFO - [2024-10-10T13:59:16.478+0000] {dag.py:4180} INFO - Setting next_dagrun for consume_1_or_both_2_and_3_with_dataset_expressions to None, run_after=None
[2024-10-10T13:59:16.479+0000] {logging_mixin.py:190} INFO - [2024-10-10T13:59:16.479+0000] {dag.py:4180} INFO - Setting next_dagrun for dataset_consumes_1 to None, run_after=None
[2024-10-10T13:59:16.480+0000] {logging_mixin.py:190} INFO - [2024-10-10T13:59:16.480+0000] {dag.py:4180} INFO - Setting next_dagrun for dataset_consumes_1_and_2 to None, run_after=None
[2024-10-10T13:59:16.481+0000] {logging_mixin.py:190} INFO - [2024-10-10T13:59:16.481+0000] {dag.py:4180} INFO - Setting next_dagrun for dataset_consumes_1_never_scheduled to None, run_after=None
[2024-10-10T13:59:16.483+0000] {logging_mixin.py:190} INFO - [2024-10-10T13:59:16.482+0000] {dag.py:4180} INFO - Setting next_dagrun for dataset_consumes_unknown_never_scheduled to None, run_after=None
[2024-10-10T13:59:16.484+0000] {logging_mixin.py:190} INFO - [2024-10-10T13:59:16.484+0000] {dag.py:4180} INFO - Setting next_dagrun for dataset_produces_1 to 2024-10-09 00:00:00+00:00, run_after=2024-10-10 00:00:00+00:00
[2024-10-10T13:59:16.485+0000] {logging_mixin.py:190} INFO - [2024-10-10T13:59:16.485+0000] {dag.py:4180} INFO - Setting next_dagrun for dataset_produces_2 to None, run_after=None
[2024-10-10T13:59:16.515+0000] {processor.py:208} INFO - Processing /home/airflow/.local/lib/python3.12/site-packages/airflow/example_dags/example_datasets.py took 0.601 seconds
[2024-10-10T13:59:46.564+0000] {processor.py:186} INFO - Started process (PID=122) to work on /home/airflow/.local/lib/python3.12/site-packages/airflow/example_dags/example_datasets.py
[2024-10-10T13:59:46.565+0000] {processor.py:914} INFO - Processing file /home/airflow/.local/lib/python3.12/site-packages/airflow/example_dags/example_datasets.py for tasks to queue
[2024-10-10T13:59:46.567+0000] {logging_mixin.py:190} INFO - [2024-10-10T13:59:46.566+0000] {dagbag.py:588} INFO - Filling up the DagBag from /home/airflow/.local/lib/python3.12/site-packages/airflow/example_dags/example_datasets.py
[2024-10-10T13:59:46.693+0000] {processor.py:925} INFO - DAG(s) 'dataset_produces_1', 'conditional_dataset_and_time_based_timetable', 'consume_1_or_both_2_and_3_with_dataset_expressions', 'dataset_consumes_1', 'dataset_consumes_1_never_scheduled', 'dataset_consumes_1_and_2', 'consume_1_or_2_with_dataset_expressions', 'dataset_consumes_unknown_never_scheduled', 'dataset_produces_2', 'consume_1_and_2_with_dataset_expressions' retrieved from /home/airflow/.local/lib/python3.12/site-packages/airflow/example_dags/example_datasets.py
[2024-10-10T13:59:46.728+0000] {logging_mixin.py:190} INFO - [2024-10-10T13:59:46.728+0000] {dag.py:3239} INFO - Sync 10 DAGs
[2024-10-10T13:59:46.757+0000] {logging_mixin.py:190} INFO - [2024-10-10T13:59:46.756+0000] {dag.py:4180} INFO - Setting next_dagrun for conditional_dataset_and_time_based_timetable to 2024-10-09 01:00:00+00:00, run_after=2024-10-09 01:00:00+00:00
[2024-10-10T13:59:46.760+0000] {logging_mixin.py:190} INFO - [2024-10-10T13:59:46.759+0000] {dag.py:4180} INFO - Setting next_dagrun for consume_1_and_2_with_dataset_expressions to None, run_after=None
[2024-10-10T13:59:46.761+0000] {logging_mixin.py:190} INFO - [2024-10-10T13:59:46.761+0000] {dag.py:4180} INFO - Setting next_dagrun for consume_1_or_2_with_dataset_expressions to None, run_after=None
[2024-10-10T13:59:46.762+0000] {logging_mixin.py:190} INFO - [2024-10-10T13:59:46.762+0000] {dag.py:4180} INFO - Setting next_dagrun for consume_1_or_both_2_and_3_with_dataset_expressions to None, run_after=None
[2024-10-10T13:59:46.763+0000] {logging_mixin.py:190} INFO - [2024-10-10T13:59:46.763+0000] {dag.py:4180} INFO - Setting next_dagrun for dataset_consumes_1 to None, run_after=None
[2024-10-10T13:59:46.764+0000] {logging_mixin.py:190} INFO - [2024-10-10T13:59:46.764+0000] {dag.py:4180} INFO - Setting next_dagrun for dataset_consumes_1_and_2 to None, run_after=None
[2024-10-10T13:59:46.765+0000] {logging_mixin.py:190} INFO - [2024-10-10T13:59:46.765+0000] {dag.py:4180} INFO - Setting next_dagrun for dataset_consumes_1_never_scheduled to None, run_after=None
[2024-10-10T13:59:46.766+0000] {logging_mixin.py:190} INFO - [2024-10-10T13:59:46.766+0000] {dag.py:4180} INFO - Setting next_dagrun for dataset_consumes_unknown_never_scheduled to None, run_after=None
[2024-10-10T13:59:46.768+0000] {logging_mixin.py:190} INFO - [2024-10-10T13:59:46.768+0000] {dag.py:4180} INFO - Setting next_dagrun for dataset_produces_1 to 2024-10-09 00:00:00+00:00, run_after=2024-10-10 00:00:00+00:00
[2024-10-10T13:59:46.769+0000] {logging_mixin.py:190} INFO - [2024-10-10T13:59:46.769+0000] {dag.py:4180} INFO - Setting next_dagrun for dataset_produces_2 to None, run_after=None
[2024-10-10T13:59:46.794+0000] {processor.py:208} INFO - Processing /home/airflow/.local/lib/python3.12/site-packages/airflow/example_dags/example_datasets.py took 0.235 seconds
[2024-10-10T14:00:16.867+0000] {processor.py:186} INFO - Started process (PID=186) to work on /home/airflow/.local/lib/python3.12/site-packages/airflow/example_dags/example_datasets.py
[2024-10-10T14:00:16.868+0000] {processor.py:914} INFO - Processing file /home/airflow/.local/lib/python3.12/site-packages/airflow/example_dags/example_datasets.py for tasks to queue
[2024-10-10T14:00:16.870+0000] {logging_mixin.py:190} INFO - [2024-10-10T14:00:16.869+0000] {dagbag.py:588} INFO - Filling up the DagBag from /home/airflow/.local/lib/python3.12/site-packages/airflow/example_dags/example_datasets.py
[2024-10-10T14:00:16.994+0000] {processor.py:925} INFO - DAG(s) 'dataset_produces_2', 'dataset_consumes_1_never_scheduled', 'dataset_consumes_1_and_2', 'dataset_consumes_1', 'consume_1_or_2_with_dataset_expressions', 'dataset_consumes_unknown_never_scheduled', 'consume_1_or_both_2_and_3_with_dataset_expressions', 'consume_1_and_2_with_dataset_expressions', 'conditional_dataset_and_time_based_timetable', 'dataset_produces_1' retrieved from /home/airflow/.local/lib/python3.12/site-packages/airflow/example_dags/example_datasets.py
[2024-10-10T14:00:17.027+0000] {logging_mixin.py:190} INFO - [2024-10-10T14:00:17.026+0000] {dag.py:3239} INFO - Sync 10 DAGs
[2024-10-10T14:00:17.049+0000] {logging_mixin.py:190} INFO - [2024-10-10T14:00:17.049+0000] {dag.py:4180} INFO - Setting next_dagrun for conditional_dataset_and_time_based_timetable to 2024-10-09 01:00:00+00:00, run_after=2024-10-09 01:00:00+00:00
[2024-10-10T14:00:17.052+0000] {logging_mixin.py:190} INFO - [2024-10-10T14:00:17.052+0000] {dag.py:4180} INFO - Setting next_dagrun for consume_1_and_2_with_dataset_expressions to None, run_after=None
[2024-10-10T14:00:17.053+0000] {logging_mixin.py:190} INFO - [2024-10-10T14:00:17.053+0000] {dag.py:4180} INFO - Setting next_dagrun for consume_1_or_2_with_dataset_expressions to None, run_after=None
[2024-10-10T14:00:17.054+0000] {logging_mixin.py:190} INFO - [2024-10-10T14:00:17.054+0000] {dag.py:4180} INFO - Setting next_dagrun for consume_1_or_both_2_and_3_with_dataset_expressions to None, run_after=None
[2024-10-10T14:00:17.055+0000] {logging_mixin.py:190} INFO - [2024-10-10T14:00:17.055+0000] {dag.py:4180} INFO - Setting next_dagrun for dataset_consumes_1 to None, run_after=None
[2024-10-10T14:00:17.056+0000] {logging_mixin.py:190} INFO - [2024-10-10T14:00:17.056+0000] {dag.py:4180} INFO - Setting next_dagrun for dataset_consumes_1_and_2 to None, run_after=None
[2024-10-10T14:00:17.057+0000] {logging_mixin.py:190} INFO - [2024-10-10T14:00:17.057+0000] {dag.py:4180} INFO - Setting next_dagrun for dataset_consumes_1_never_scheduled to None, run_after=None
[2024-10-10T14:00:17.059+0000] {logging_mixin.py:190} INFO - [2024-10-10T14:00:17.058+0000] {dag.py:4180} INFO - Setting next_dagrun for dataset_consumes_unknown_never_scheduled to None, run_after=None
[2024-10-10T14:00:17.061+0000] {logging_mixin.py:190} INFO - [2024-10-10T14:00:17.060+0000] {dag.py:4180} INFO - Setting next_dagrun for dataset_produces_1 to 2024-10-09 00:00:00+00:00, run_after=2024-10-10 00:00:00+00:00
[2024-10-10T14:00:17.062+0000] {logging_mixin.py:190} INFO - [2024-10-10T14:00:17.062+0000] {dag.py:4180} INFO - Setting next_dagrun for dataset_produces_2 to None, run_after=None
[2024-10-10T14:00:17.093+0000] {processor.py:208} INFO - Processing /home/airflow/.local/lib/python3.12/site-packages/airflow/example_dags/example_datasets.py took 0.230 seconds
[2024-10-10T14:00:47.142+0000] {processor.py:186} INFO - Started process (PID=251) to work on /home/airflow/.local/lib/python3.12/site-packages/airflow/example_dags/example_datasets.py
[2024-10-10T14:00:47.143+0000] {processor.py:914} INFO - Processing file /home/airflow/.local/lib/python3.12/site-packages/airflow/example_dags/example_datasets.py for tasks to queue
[2024-10-10T14:00:47.145+0000] {logging_mixin.py:190} INFO - [2024-10-10T14:00:47.145+0000] {dagbag.py:588} INFO - Filling up the DagBag from /home/airflow/.local/lib/python3.12/site-packages/airflow/example_dags/example_datasets.py
[2024-10-10T14:00:47.264+0000] {processor.py:925} INFO - DAG(s) 'conditional_dataset_and_time_based_timetable', 'dataset_produces_2', 'dataset_consumes_1_never_scheduled', 'dataset_consumes_1', 'consume_1_or_2_with_dataset_expressions', 'consume_1_or_both_2_and_3_with_dataset_expressions', 'dataset_consumes_1_and_2', 'dataset_produces_1', 'dataset_consumes_unknown_never_scheduled', 'consume_1_and_2_with_dataset_expressions' retrieved from /home/airflow/.local/lib/python3.12/site-packages/airflow/example_dags/example_datasets.py
[2024-10-10T14:00:47.297+0000] {logging_mixin.py:190} INFO - [2024-10-10T14:00:47.296+0000] {dag.py:3239} INFO - Sync 10 DAGs
[2024-10-10T14:00:47.318+0000] {logging_mixin.py:190} INFO - [2024-10-10T14:00:47.317+0000] {dag.py:4180} INFO - Setting next_dagrun for conditional_dataset_and_time_based_timetable to 2024-10-09 01:00:00+00:00, run_after=2024-10-09 01:00:00+00:00
[2024-10-10T14:00:47.320+0000] {logging_mixin.py:190} INFO - [2024-10-10T14:00:47.320+0000] {dag.py:4180} INFO - Setting next_dagrun for consume_1_and_2_with_dataset_expressions to None, run_after=None
[2024-10-10T14:00:47.322+0000] {logging_mixin.py:190} INFO - [2024-10-10T14:00:47.321+0000] {dag.py:4180} INFO - Setting next_dagrun for consume_1_or_2_with_dataset_expressions to None, run_after=None
[2024-10-10T14:00:47.323+0000] {logging_mixin.py:190} INFO - [2024-10-10T14:00:47.323+0000] {dag.py:4180} INFO - Setting next_dagrun for consume_1_or_both_2_and_3_with_dataset_expressions to None, run_after=None
[2024-10-10T14:00:47.324+0000] {logging_mixin.py:190} INFO - [2024-10-10T14:00:47.324+0000] {dag.py:4180} INFO - Setting next_dagrun for dataset_consumes_1 to None, run_after=None
[2024-10-10T14:00:47.325+0000] {logging_mixin.py:190} INFO - [2024-10-10T14:00:47.325+0000] {dag.py:4180} INFO - Setting next_dagrun for dataset_consumes_1_and_2 to None, run_after=None
[2024-10-10T14:00:47.326+0000] {logging_mixin.py:190} INFO - [2024-10-10T14:00:47.326+0000] {dag.py:4180} INFO - Setting next_dagrun for dataset_consumes_1_never_scheduled to None, run_after=None
[2024-10-10T14:00:47.327+0000] {logging_mixin.py:190} INFO - [2024-10-10T14:00:47.327+0000] {dag.py:4180} INFO - Setting next_dagrun for dataset_consumes_unknown_never_scheduled to None, run_after=None
[2024-10-10T14:00:47.329+0000] {logging_mixin.py:190} INFO - [2024-10-10T14:00:47.329+0000] {dag.py:4180} INFO - Setting next_dagrun for dataset_produces_1 to 2024-10-09 00:00:00+00:00, run_after=2024-10-10 00:00:00+00:00
[2024-10-10T14:00:47.330+0000] {logging_mixin.py:190} INFO - [2024-10-10T14:00:47.330+0000] {dag.py:4180} INFO - Setting next_dagrun for dataset_produces_2 to None, run_after=None
[2024-10-10T14:00:47.354+0000] {processor.py:208} INFO - Processing /home/airflow/.local/lib/python3.12/site-packages/airflow/example_dags/example_datasets.py took 0.216 seconds
[2024-10-10T14:01:17.461+0000] {processor.py:186} INFO - Started process (PID=314) to work on /home/airflow/.local/lib/python3.12/site-packages/airflow/example_dags/example_datasets.py
[2024-10-10T14:01:17.462+0000] {processor.py:914} INFO - Processing file /home/airflow/.local/lib/python3.12/site-packages/airflow/example_dags/example_datasets.py for tasks to queue
[2024-10-10T14:01:17.464+0000] {logging_mixin.py:190} INFO - [2024-10-10T14:01:17.463+0000] {dagbag.py:588} INFO - Filling up the DagBag from /home/airflow/.local/lib/python3.12/site-packages/airflow/example_dags/example_datasets.py
[2024-10-10T14:01:17.583+0000] {processor.py:925} INFO - DAG(s) 'conditional_dataset_and_time_based_timetable', 'dataset_consumes_unknown_never_scheduled', 'consume_1_or_both_2_and_3_with_dataset_expressions', 'dataset_produces_1', 'consume_1_and_2_with_dataset_expressions', 'dataset_consumes_1', 'dataset_consumes_1_and_2', 'dataset_produces_2', 'dataset_consumes_1_never_scheduled', 'consume_1_or_2_with_dataset_expressions' retrieved from /home/airflow/.local/lib/python3.12/site-packages/airflow/example_dags/example_datasets.py
[2024-10-10T14:01:17.613+0000] {logging_mixin.py:190} INFO - [2024-10-10T14:01:17.613+0000] {dag.py:3239} INFO - Sync 10 DAGs
[2024-10-10T14:01:17.639+0000] {logging_mixin.py:190} INFO - [2024-10-10T14:01:17.639+0000] {dag.py:4180} INFO - Setting next_dagrun for conditional_dataset_and_time_based_timetable to 2024-10-09 01:00:00+00:00, run_after=2024-10-09 01:00:00+00:00
[2024-10-10T14:01:17.642+0000] {logging_mixin.py:190} INFO - [2024-10-10T14:01:17.642+0000] {dag.py:4180} INFO - Setting next_dagrun for consume_1_and_2_with_dataset_expressions to None, run_after=None
[2024-10-10T14:01:17.644+0000] {logging_mixin.py:190} INFO - [2024-10-10T14:01:17.643+0000] {dag.py:4180} INFO - Setting next_dagrun for consume_1_or_2_with_dataset_expressions to None, run_after=None
[2024-10-10T14:01:17.645+0000] {logging_mixin.py:190} INFO - [2024-10-10T14:01:17.645+0000] {dag.py:4180} INFO - Setting next_dagrun for consume_1_or_both_2_and_3_with_dataset_expressions to None, run_after=None
[2024-10-10T14:01:17.646+0000] {logging_mixin.py:190} INFO - [2024-10-10T14:01:17.645+0000] {dag.py:4180} INFO - Setting next_dagrun for dataset_consumes_1 to None, run_after=None
[2024-10-10T14:01:17.647+0000] {logging_mixin.py:190} INFO - [2024-10-10T14:01:17.647+0000] {dag.py:4180} INFO - Setting next_dagrun for dataset_consumes_1_and_2 to None, run_after=None
[2024-10-10T14:01:17.648+0000] {logging_mixin.py:190} INFO - [2024-10-10T14:01:17.648+0000] {dag.py:4180} INFO - Setting next_dagrun for dataset_consumes_1_never_scheduled to None, run_after=None
[2024-10-10T14:01:17.649+0000] {logging_mixin.py:190} INFO - [2024-10-10T14:01:17.649+0000] {dag.py:4180} INFO - Setting next_dagrun for dataset_consumes_unknown_never_scheduled to None, run_after=None
[2024-10-10T14:01:17.650+0000] {logging_mixin.py:190} INFO - [2024-10-10T14:01:17.650+0000] {dag.py:4180} INFO - Setting next_dagrun for dataset_produces_1 to 2024-10-09 00:00:00+00:00, run_after=2024-10-10 00:00:00+00:00
[2024-10-10T14:01:17.652+0000] {logging_mixin.py:190} INFO - [2024-10-10T14:01:17.652+0000] {dag.py:4180} INFO - Setting next_dagrun for dataset_produces_2 to None, run_after=None
[2024-10-10T14:01:17.677+0000] {processor.py:208} INFO - Processing /home/airflow/.local/lib/python3.12/site-packages/airflow/example_dags/example_datasets.py took 0.220 seconds
[2024-10-10T14:01:47.715+0000] {processor.py:186} INFO - Started process (PID=383) to work on /home/airflow/.local/lib/python3.12/site-packages/airflow/example_dags/example_datasets.py
[2024-10-10T14:01:47.716+0000] {processor.py:914} INFO - Processing file /home/airflow/.local/lib/python3.12/site-packages/airflow/example_dags/example_datasets.py for tasks to queue
[2024-10-10T14:01:47.718+0000] {logging_mixin.py:190} INFO - [2024-10-10T14:01:47.718+0000] {dagbag.py:588} INFO - Filling up the DagBag from /home/airflow/.local/lib/python3.12/site-packages/airflow/example_dags/example_datasets.py
[2024-10-10T14:01:47.843+0000] {processor.py:925} INFO - DAG(s) 'dataset_produces_2', 'dataset_produces_1', 'dataset_consumes_1', 'consume_1_or_both_2_and_3_with_dataset_expressions', 'consume_1_and_2_with_dataset_expressions', 'dataset_consumes_1_and_2', 'conditional_dataset_and_time_based_timetable', 'dataset_consumes_unknown_never_scheduled', 'dataset_consumes_1_never_scheduled', 'consume_1_or_2_with_dataset_expressions' retrieved from /home/airflow/.local/lib/python3.12/site-packages/airflow/example_dags/example_datasets.py
[2024-10-10T14:01:47.876+0000] {logging_mixin.py:190} INFO - [2024-10-10T14:01:47.876+0000] {dag.py:3239} INFO - Sync 10 DAGs
[2024-10-10T14:01:47.897+0000] {logging_mixin.py:190} INFO - [2024-10-10T14:01:47.896+0000] {dag.py:4180} INFO - Setting next_dagrun for conditional_dataset_and_time_based_timetable to 2024-10-09 01:00:00+00:00, run_after=2024-10-09 01:00:00+00:00
[2024-10-10T14:01:47.899+0000] {logging_mixin.py:190} INFO - [2024-10-10T14:01:47.899+0000] {dag.py:4180} INFO - Setting next_dagrun for consume_1_and_2_with_dataset_expressions to None, run_after=None
[2024-10-10T14:01:47.900+0000] {logging_mixin.py:190} INFO - [2024-10-10T14:01:47.900+0000] {dag.py:4180} INFO - Setting next_dagrun for consume_1_or_2_with_dataset_expressions to None, run_after=None
[2024-10-10T14:01:47.901+0000] {logging_mixin.py:190} INFO - [2024-10-10T14:01:47.901+0000] {dag.py:4180} INFO - Setting next_dagrun for consume_1_or_both_2_and_3_with_dataset_expressions to None, run_after=None
[2024-10-10T14:01:47.902+0000] {logging_mixin.py:190} INFO - [2024-10-10T14:01:47.902+0000] {dag.py:4180} INFO - Setting next_dagrun for dataset_consumes_1 to None, run_after=None
[2024-10-10T14:01:47.903+0000] {logging_mixin.py:190} INFO - [2024-10-10T14:01:47.903+0000] {dag.py:4180} INFO - Setting next_dagrun for dataset_consumes_1_and_2 to None, run_after=None
[2024-10-10T14:01:47.904+0000] {logging_mixin.py:190} INFO - [2024-10-10T14:01:47.904+0000] {dag.py:4180} INFO - Setting next_dagrun for dataset_consumes_1_never_scheduled to None, run_after=None
[2024-10-10T14:01:47.905+0000] {logging_mixin.py:190} INFO - [2024-10-10T14:01:47.905+0000] {dag.py:4180} INFO - Setting next_dagrun for dataset_consumes_unknown_never_scheduled to None, run_after=None
[2024-10-10T14:01:47.906+0000] {logging_mixin.py:190} INFO - [2024-10-10T14:01:47.906+0000] {dag.py:4180} INFO - Setting next_dagrun for dataset_produces_1 to 2024-10-09 00:00:00+00:00, run_after=2024-10-10 00:00:00+00:00
[2024-10-10T14:01:47.907+0000] {logging_mixin.py:190} INFO - [2024-10-10T14:01:47.907+0000] {dag.py:4180} INFO - Setting next_dagrun for dataset_produces_2 to None, run_after=None
[2024-10-10T14:01:47.931+0000] {processor.py:208} INFO - Processing /home/airflow/.local/lib/python3.12/site-packages/airflow/example_dags/example_datasets.py took 0.220 seconds
[2024-10-10T14:02:17.965+0000] {processor.py:186} INFO - Started process (PID=447) to work on /home/airflow/.local/lib/python3.12/site-packages/airflow/example_dags/example_datasets.py
[2024-10-10T14:02:17.965+0000] {processor.py:914} INFO - Processing file /home/airflow/.local/lib/python3.12/site-packages/airflow/example_dags/example_datasets.py for tasks to queue
[2024-10-10T14:02:17.967+0000] {logging_mixin.py:190} INFO - [2024-10-10T14:02:17.967+0000] {dagbag.py:588} INFO - Filling up the DagBag from /home/airflow/.local/lib/python3.12/site-packages/airflow/example_dags/example_datasets.py
[2024-10-10T14:02:18.083+0000] {processor.py:925} INFO - DAG(s) 'consume_1_or_both_2_and_3_with_dataset_expressions', 'consume_1_and_2_with_dataset_expressions', 'dataset_produces_1', 'dataset_produces_2', 'dataset_consumes_1_never_scheduled', 'dataset_consumes_1', 'dataset_consumes_unknown_never_scheduled', 'conditional_dataset_and_time_based_timetable', 'dataset_consumes_1_and_2', 'consume_1_or_2_with_dataset_expressions' retrieved from /home/airflow/.local/lib/python3.12/site-packages/airflow/example_dags/example_datasets.py
[2024-10-10T14:02:18.115+0000] {logging_mixin.py:190} INFO - [2024-10-10T14:02:18.115+0000] {dag.py:3239} INFO - Sync 10 DAGs
[2024-10-10T14:02:18.136+0000] {logging_mixin.py:190} INFO - [2024-10-10T14:02:18.135+0000] {dag.py:4180} INFO - Setting next_dagrun for conditional_dataset_and_time_based_timetable to 2024-10-09 01:00:00+00:00, run_after=2024-10-09 01:00:00+00:00
[2024-10-10T14:02:18.138+0000] {logging_mixin.py:190} INFO - [2024-10-10T14:02:18.138+0000] {dag.py:4180} INFO - Setting next_dagrun for consume_1_and_2_with_dataset_expressions to None, run_after=None
[2024-10-10T14:02:18.139+0000] {logging_mixin.py:190} INFO - [2024-10-10T14:02:18.139+0000] {dag.py:4180} INFO - Setting next_dagrun for consume_1_or_2_with_dataset_expressions to None, run_after=None
[2024-10-10T14:02:18.140+0000] {logging_mixin.py:190} INFO - [2024-10-10T14:02:18.140+0000] {dag.py:4180} INFO - Setting next_dagrun for consume_1_or_both_2_and_3_with_dataset_expressions to None, run_after=None
[2024-10-10T14:02:18.141+0000] {logging_mixin.py:190} INFO - [2024-10-10T14:02:18.141+0000] {dag.py:4180} INFO - Setting next_dagrun for dataset_consumes_1 to None, run_after=None
[2024-10-10T14:02:18.142+0000] {logging_mixin.py:190} INFO - [2024-10-10T14:02:18.142+0000] {dag.py:4180} INFO - Setting next_dagrun for dataset_consumes_1_and_2 to None, run_after=None
[2024-10-10T14:02:18.142+0000] {logging_mixin.py:190} INFO - [2024-10-10T14:02:18.142+0000] {dag.py:4180} INFO - Setting next_dagrun for dataset_consumes_1_never_scheduled to None, run_after=None
[2024-10-10T14:02:18.143+0000] {logging_mixin.py:190} INFO - [2024-10-10T14:02:18.143+0000] {dag.py:4180} INFO - Setting next_dagrun for dataset_consumes_unknown_never_scheduled to None, run_after=None
[2024-10-10T14:02:18.145+0000] {logging_mixin.py:190} INFO - [2024-10-10T14:02:18.145+0000] {dag.py:4180} INFO - Setting next_dagrun for dataset_produces_1 to 2024-10-09 00:00:00+00:00, run_after=2024-10-10 00:00:00+00:00
[2024-10-10T14:02:18.146+0000] {logging_mixin.py:190} INFO - [2024-10-10T14:02:18.146+0000] {dag.py:4180} INFO - Setting next_dagrun for dataset_produces_2 to None, run_after=None
[2024-10-10T14:02:18.168+0000] {processor.py:208} INFO - Processing /home/airflow/.local/lib/python3.12/site-packages/airflow/example_dags/example_datasets.py took 0.207 seconds
[2024-10-10T14:02:49.116+0000] {processor.py:186} INFO - Started process (PID=509) to work on /home/airflow/.local/lib/python3.12/site-packages/airflow/example_dags/example_datasets.py
[2024-10-10T14:02:49.117+0000] {processor.py:914} INFO - Processing file /home/airflow/.local/lib/python3.12/site-packages/airflow/example_dags/example_datasets.py for tasks to queue
[2024-10-10T14:02:49.119+0000] {logging_mixin.py:190} INFO - [2024-10-10T14:02:49.119+0000] {dagbag.py:588} INFO - Filling up the DagBag from /home/airflow/.local/lib/python3.12/site-packages/airflow/example_dags/example_datasets.py
[2024-10-10T14:02:49.239+0000] {processor.py:925} INFO - DAG(s) 'conditional_dataset_and_time_based_timetable', 'dataset_consumes_1_and_2', 'dataset_consumes_1_never_scheduled', 'consume_1_or_both_2_and_3_with_dataset_expressions', 'dataset_consumes_1', 'dataset_produces_1', 'dataset_produces_2', 'consume_1_and_2_with_dataset_expressions', 'dataset_consumes_unknown_never_scheduled', 'consume_1_or_2_with_dataset_expressions' retrieved from /home/airflow/.local/lib/python3.12/site-packages/airflow/example_dags/example_datasets.py
[2024-10-10T14:02:49.276+0000] {logging_mixin.py:190} INFO - [2024-10-10T14:02:49.276+0000] {dag.py:3239} INFO - Sync 10 DAGs
[2024-10-10T14:02:49.300+0000] {logging_mixin.py:190} INFO - [2024-10-10T14:02:49.300+0000] {dag.py:4180} INFO - Setting next_dagrun for conditional_dataset_and_time_based_timetable to 2024-10-09 01:00:00+00:00, run_after=2024-10-09 01:00:00+00:00
[2024-10-10T14:02:49.304+0000] {logging_mixin.py:190} INFO - [2024-10-10T14:02:49.304+0000] {dag.py:4180} INFO - Setting next_dagrun for consume_1_and_2_with_dataset_expressions to None, run_after=None
[2024-10-10T14:02:49.305+0000] {logging_mixin.py:190} INFO - [2024-10-10T14:02:49.305+0000] {dag.py:4180} INFO - Setting next_dagrun for consume_1_or_2_with_dataset_expressions to None, run_after=None
[2024-10-10T14:02:49.306+0000] {logging_mixin.py:190} INFO - [2024-10-10T14:02:49.306+0000] {dag.py:4180} INFO - Setting next_dagrun for consume_1_or_both_2_and_3_with_dataset_expressions to None, run_after=None
[2024-10-10T14:02:49.307+0000] {logging_mixin.py:190} INFO - [2024-10-10T14:02:49.307+0000] {dag.py:4180} INFO - Setting next_dagrun for dataset_consumes_1 to None, run_after=None
[2024-10-10T14:02:49.309+0000] {logging_mixin.py:190} INFO - [2024-10-10T14:02:49.309+0000] {dag.py:4180} INFO - Setting next_dagrun for dataset_consumes_1_and_2 to None, run_after=None
[2024-10-10T14:02:49.310+0000] {logging_mixin.py:190} INFO - [2024-10-10T14:02:49.310+0000] {dag.py:4180} INFO - Setting next_dagrun for dataset_consumes_1_never_scheduled to None, run_after=None
[2024-10-10T14:02:49.311+0000] {logging_mixin.py:190} INFO - [2024-10-10T14:02:49.311+0000] {dag.py:4180} INFO - Setting next_dagrun for dataset_consumes_unknown_never_scheduled to None, run_after=None
[2024-10-10T14:02:49.314+0000] {logging_mixin.py:190} INFO - [2024-10-10T14:02:49.313+0000] {dag.py:4180} INFO - Setting next_dagrun for dataset_produces_1 to 2024-10-09 00:00:00+00:00, run_after=2024-10-10 00:00:00+00:00
[2024-10-10T14:02:49.316+0000] {logging_mixin.py:190} INFO - [2024-10-10T14:02:49.315+0000] {dag.py:4180} INFO - Setting next_dagrun for dataset_produces_2 to None, run_after=None
[2024-10-10T14:02:49.346+0000] {processor.py:208} INFO - Processing /home/airflow/.local/lib/python3.12/site-packages/airflow/example_dags/example_datasets.py took 0.235 seconds
[2024-10-10T14:03:19.844+0000] {processor.py:186} INFO - Started process (PID=571) to work on /home/airflow/.local/lib/python3.12/site-packages/airflow/example_dags/example_datasets.py
[2024-10-10T14:03:19.845+0000] {processor.py:914} INFO - Processing file /home/airflow/.local/lib/python3.12/site-packages/airflow/example_dags/example_datasets.py for tasks to queue
[2024-10-10T14:03:19.847+0000] {logging_mixin.py:190} INFO - [2024-10-10T14:03:19.847+0000] {dagbag.py:588} INFO - Filling up the DagBag from /home/airflow/.local/lib/python3.12/site-packages/airflow/example_dags/example_datasets.py
[2024-10-10T14:03:19.954+0000] {processor.py:925} INFO - DAG(s) 'dataset_consumes_unknown_never_scheduled', 'consume_1_or_2_with_dataset_expressions', 'consume_1_or_both_2_and_3_with_dataset_expressions', 'dataset_consumes_1', 'dataset_consumes_1_and_2', 'conditional_dataset_and_time_based_timetable', 'dataset_produces_1', 'consume_1_and_2_with_dataset_expressions', 'dataset_produces_2', 'dataset_consumes_1_never_scheduled' retrieved from /home/airflow/.local/lib/python3.12/site-packages/airflow/example_dags/example_datasets.py
[2024-10-10T14:03:19.984+0000] {logging_mixin.py:190} INFO - [2024-10-10T14:03:19.984+0000] {dag.py:3239} INFO - Sync 10 DAGs
[2024-10-10T14:03:20.006+0000] {logging_mixin.py:190} INFO - [2024-10-10T14:03:20.006+0000] {dag.py:4180} INFO - Setting next_dagrun for conditional_dataset_and_time_based_timetable to 2024-10-09 01:00:00+00:00, run_after=2024-10-09 01:00:00+00:00
[2024-10-10T14:03:20.009+0000] {logging_mixin.py:190} INFO - [2024-10-10T14:03:20.009+0000] {dag.py:4180} INFO - Setting next_dagrun for consume_1_and_2_with_dataset_expressions to None, run_after=None
[2024-10-10T14:03:20.010+0000] {logging_mixin.py:190} INFO - [2024-10-10T14:03:20.010+0000] {dag.py:4180} INFO - Setting next_dagrun for consume_1_or_2_with_dataset_expressions to None, run_after=None
[2024-10-10T14:03:20.011+0000] {logging_mixin.py:190} INFO - [2024-10-10T14:03:20.011+0000] {dag.py:4180} INFO - Setting next_dagrun for consume_1_or_both_2_and_3_with_dataset_expressions to None, run_after=None
[2024-10-10T14:03:20.012+0000] {logging_mixin.py:190} INFO - [2024-10-10T14:03:20.012+0000] {dag.py:4180} INFO - Setting next_dagrun for dataset_consumes_1 to None, run_after=None
[2024-10-10T14:03:20.013+0000] {logging_mixin.py:190} INFO - [2024-10-10T14:03:20.012+0000] {dag.py:4180} INFO - Setting next_dagrun for dataset_consumes_1_and_2 to None, run_after=None
[2024-10-10T14:03:20.013+0000] {logging_mixin.py:190} INFO - [2024-10-10T14:03:20.013+0000] {dag.py:4180} INFO - Setting next_dagrun for dataset_consumes_1_never_scheduled to None, run_after=None
[2024-10-10T14:03:20.014+0000] {logging_mixin.py:190} INFO - [2024-10-10T14:03:20.014+0000] {dag.py:4180} INFO - Setting next_dagrun for dataset_consumes_unknown_never_scheduled to None, run_after=None
[2024-10-10T14:03:20.016+0000] {logging_mixin.py:190} INFO - [2024-10-10T14:03:20.016+0000] {dag.py:4180} INFO - Setting next_dagrun for dataset_produces_1 to 2024-10-09 00:00:00+00:00, run_after=2024-10-10 00:00:00+00:00
[2024-10-10T14:03:20.017+0000] {logging_mixin.py:190} INFO - [2024-10-10T14:03:20.017+0000] {dag.py:4180} INFO - Setting next_dagrun for dataset_produces_2 to None, run_after=None
[2024-10-10T14:03:20.042+0000] {processor.py:208} INFO - Processing /home/airflow/.local/lib/python3.12/site-packages/airflow/example_dags/example_datasets.py took 0.202 seconds
[2024-10-10T14:03:50.716+0000] {processor.py:186} INFO - Started process (PID=633) to work on /home/airflow/.local/lib/python3.12/site-packages/airflow/example_dags/example_datasets.py
[2024-10-10T14:03:50.716+0000] {processor.py:914} INFO - Processing file /home/airflow/.local/lib/python3.12/site-packages/airflow/example_dags/example_datasets.py for tasks to queue
[2024-10-10T14:03:50.718+0000] {logging_mixin.py:190} INFO - [2024-10-10T14:03:50.718+0000] {dagbag.py:588} INFO - Filling up the DagBag from /home/airflow/.local/lib/python3.12/site-packages/airflow/example_dags/example_datasets.py
[2024-10-10T14:03:50.829+0000] {processor.py:925} INFO - DAG(s) 'dataset_consumes_1_and_2', 'dataset_produces_1', 'consume_1_or_2_with_dataset_expressions', 'consume_1_and_2_with_dataset_expressions', 'dataset_consumes_1', 'consume_1_or_both_2_and_3_with_dataset_expressions', 'dataset_produces_2', 'dataset_consumes_unknown_never_scheduled', 'conditional_dataset_and_time_based_timetable', 'dataset_consumes_1_never_scheduled' retrieved from /home/airflow/.local/lib/python3.12/site-packages/airflow/example_dags/example_datasets.py
[2024-10-10T14:03:50.860+0000] {logging_mixin.py:190} INFO - [2024-10-10T14:03:50.860+0000] {dag.py:3239} INFO - Sync 10 DAGs
[2024-10-10T14:03:50.879+0000] {logging_mixin.py:190} INFO - [2024-10-10T14:03:50.879+0000] {dag.py:4180} INFO - Setting next_dagrun for conditional_dataset_and_time_based_timetable to 2024-10-09 01:00:00+00:00, run_after=2024-10-09 01:00:00+00:00
[2024-10-10T14:03:50.882+0000] {logging_mixin.py:190} INFO - [2024-10-10T14:03:50.882+0000] {dag.py:4180} INFO - Setting next_dagrun for consume_1_and_2_with_dataset_expressions to None, run_after=None
[2024-10-10T14:03:50.883+0000] {logging_mixin.py:190} INFO - [2024-10-10T14:03:50.883+0000] {dag.py:4180} INFO - Setting next_dagrun for consume_1_or_2_with_dataset_expressions to None, run_after=None
[2024-10-10T14:03:50.884+0000] {logging_mixin.py:190} INFO - [2024-10-10T14:03:50.884+0000] {dag.py:4180} INFO - Setting next_dagrun for consume_1_or_both_2_and_3_with_dataset_expressions to None, run_after=None
[2024-10-10T14:03:50.885+0000] {logging_mixin.py:190} INFO - [2024-10-10T14:03:50.885+0000] {dag.py:4180} INFO - Setting next_dagrun for dataset_consumes_1 to None, run_after=None
[2024-10-10T14:03:50.887+0000] {logging_mixin.py:190} INFO - [2024-10-10T14:03:50.887+0000] {dag.py:4180} INFO - Setting next_dagrun for dataset_consumes_1_and_2 to None, run_after=None
[2024-10-10T14:03:50.888+0000] {logging_mixin.py:190} INFO - [2024-10-10T14:03:50.888+0000] {dag.py:4180} INFO - Setting next_dagrun for dataset_consumes_1_never_scheduled to None, run_after=None
[2024-10-10T14:03:50.889+0000] {logging_mixin.py:190} INFO - [2024-10-10T14:03:50.888+0000] {dag.py:4180} INFO - Setting next_dagrun for dataset_consumes_unknown_never_scheduled to None, run_after=None
[2024-10-10T14:03:50.890+0000] {logging_mixin.py:190} INFO - [2024-10-10T14:03:50.890+0000] {dag.py:4180} INFO - Setting next_dagrun for dataset_produces_1 to 2024-10-09 00:00:00+00:00, run_after=2024-10-10 00:00:00+00:00
[2024-10-10T14:03:50.892+0000] {logging_mixin.py:190} INFO - [2024-10-10T14:03:50.892+0000] {dag.py:4180} INFO - Setting next_dagrun for dataset_produces_2 to None, run_after=None
[2024-10-10T14:03:50.918+0000] {processor.py:208} INFO - Processing /home/airflow/.local/lib/python3.12/site-packages/airflow/example_dags/example_datasets.py took 0.207 seconds
[2024-10-10T14:04:21.441+0000] {processor.py:186} INFO - Started process (PID=695) to work on /home/airflow/.local/lib/python3.12/site-packages/airflow/example_dags/example_datasets.py
[2024-10-10T14:04:21.442+0000] {processor.py:914} INFO - Processing file /home/airflow/.local/lib/python3.12/site-packages/airflow/example_dags/example_datasets.py for tasks to queue
[2024-10-10T14:04:21.444+0000] {logging_mixin.py:190} INFO - [2024-10-10T14:04:21.444+0000] {dagbag.py:588} INFO - Filling up the DagBag from /home/airflow/.local/lib/python3.12/site-packages/airflow/example_dags/example_datasets.py
[2024-10-10T14:04:21.562+0000] {processor.py:925} INFO - DAG(s) 'dataset_consumes_1_and_2', 'dataset_consumes_1_never_scheduled', 'dataset_produces_2', 'consume_1_or_2_with_dataset_expressions', 'consume_1_and_2_with_dataset_expressions', 'consume_1_or_both_2_and_3_with_dataset_expressions', 'dataset_consumes_1', 'conditional_dataset_and_time_based_timetable', 'dataset_produces_1', 'dataset_consumes_unknown_never_scheduled' retrieved from /home/airflow/.local/lib/python3.12/site-packages/airflow/example_dags/example_datasets.py
[2024-10-10T14:04:21.594+0000] {logging_mixin.py:190} INFO - [2024-10-10T14:04:21.594+0000] {dag.py:3239} INFO - Sync 10 DAGs
[2024-10-10T14:04:21.616+0000] {logging_mixin.py:190} INFO - [2024-10-10T14:04:21.616+0000] {dag.py:4180} INFO - Setting next_dagrun for conditional_dataset_and_time_based_timetable to 2024-10-09 01:00:00+00:00, run_after=2024-10-09 01:00:00+00:00
[2024-10-10T14:04:21.619+0000] {logging_mixin.py:190} INFO - [2024-10-10T14:04:21.619+0000] {dag.py:4180} INFO - Setting next_dagrun for consume_1_and_2_with_dataset_expressions to None, run_after=None
[2024-10-10T14:04:21.620+0000] {logging_mixin.py:190} INFO - [2024-10-10T14:04:21.620+0000] {dag.py:4180} INFO - Setting next_dagrun for consume_1_or_2_with_dataset_expressions to None, run_after=None
[2024-10-10T14:04:21.621+0000] {logging_mixin.py:190} INFO - [2024-10-10T14:04:21.621+0000] {dag.py:4180} INFO - Setting next_dagrun for consume_1_or_both_2_and_3_with_dataset_expressions to None, run_after=None
[2024-10-10T14:04:21.622+0000] {logging_mixin.py:190} INFO - [2024-10-10T14:04:21.622+0000] {dag.py:4180} INFO - Setting next_dagrun for dataset_consumes_1 to None, run_after=None
[2024-10-10T14:04:21.623+0000] {logging_mixin.py:190} INFO - [2024-10-10T14:04:21.623+0000] {dag.py:4180} INFO - Setting next_dagrun for dataset_consumes_1_and_2 to None, run_after=None
[2024-10-10T14:04:21.624+0000] {logging_mixin.py:190} INFO - [2024-10-10T14:04:21.624+0000] {dag.py:4180} INFO - Setting next_dagrun for dataset_consumes_1_never_scheduled to None, run_after=None
[2024-10-10T14:04:21.625+0000] {logging_mixin.py:190} INFO - [2024-10-10T14:04:21.625+0000] {dag.py:4180} INFO - Setting next_dagrun for dataset_consumes_unknown_never_scheduled to None, run_after=None
[2024-10-10T14:04:21.627+0000] {logging_mixin.py:190} INFO - [2024-10-10T14:04:21.627+0000] {dag.py:4180} INFO - Setting next_dagrun for dataset_produces_1 to 2024-10-09 00:00:00+00:00, run_after=2024-10-10 00:00:00+00:00
[2024-10-10T14:04:21.628+0000] {logging_mixin.py:190} INFO - [2024-10-10T14:04:21.628+0000] {dag.py:4180} INFO - Setting next_dagrun for dataset_produces_2 to None, run_after=None
[2024-10-10T14:04:21.652+0000] {processor.py:208} INFO - Processing /home/airflow/.local/lib/python3.12/site-packages/airflow/example_dags/example_datasets.py took 0.216 seconds
[2024-10-10T14:04:52.327+0000] {processor.py:186} INFO - Started process (PID=757) to work on /home/airflow/.local/lib/python3.12/site-packages/airflow/example_dags/example_datasets.py
[2024-10-10T14:04:52.327+0000] {processor.py:914} INFO - Processing file /home/airflow/.local/lib/python3.12/site-packages/airflow/example_dags/example_datasets.py for tasks to queue
[2024-10-10T14:04:52.329+0000] {logging_mixin.py:190} INFO - [2024-10-10T14:04:52.329+0000] {dagbag.py:588} INFO - Filling up the DagBag from /home/airflow/.local/lib/python3.12/site-packages/airflow/example_dags/example_datasets.py
[2024-10-10T14:04:52.438+0000] {processor.py:925} INFO - DAG(s) 'dataset_consumes_1_never_scheduled', 'dataset_consumes_unknown_never_scheduled', 'dataset_consumes_1_and_2', 'consume_1_or_2_with_dataset_expressions', 'dataset_produces_1', 'conditional_dataset_and_time_based_timetable', 'dataset_consumes_1', 'consume_1_and_2_with_dataset_expressions', 'consume_1_or_both_2_and_3_with_dataset_expressions', 'dataset_produces_2' retrieved from /home/airflow/.local/lib/python3.12/site-packages/airflow/example_dags/example_datasets.py
[2024-10-10T14:04:52.470+0000] {logging_mixin.py:190} INFO - [2024-10-10T14:04:52.469+0000] {dag.py:3239} INFO - Sync 10 DAGs
[2024-10-10T14:04:52.488+0000] {logging_mixin.py:190} INFO - [2024-10-10T14:04:52.488+0000] {dag.py:4180} INFO - Setting next_dagrun for conditional_dataset_and_time_based_timetable to 2024-10-09 01:00:00+00:00, run_after=2024-10-09 01:00:00+00:00
[2024-10-10T14:04:52.491+0000] {logging_mixin.py:190} INFO - [2024-10-10T14:04:52.490+0000] {dag.py:4180} INFO - Setting next_dagrun for consume_1_and_2_with_dataset_expressions to None, run_after=None
[2024-10-10T14:04:52.492+0000] {logging_mixin.py:190} INFO - [2024-10-10T14:04:52.492+0000] {dag.py:4180} INFO - Setting next_dagrun for consume_1_or_2_with_dataset_expressions to None, run_after=None
[2024-10-10T14:04:52.493+0000] {logging_mixin.py:190} INFO - [2024-10-10T14:04:52.493+0000] {dag.py:4180} INFO - Setting next_dagrun for consume_1_or_both_2_and_3_with_dataset_expressions to None, run_after=None
[2024-10-10T14:04:52.494+0000] {logging_mixin.py:190} INFO - [2024-10-10T14:04:52.494+0000] {dag.py:4180} INFO - Setting next_dagrun for dataset_consumes_1 to None, run_after=None
[2024-10-10T14:04:52.495+0000] {logging_mixin.py:190} INFO - [2024-10-10T14:04:52.495+0000] {dag.py:4180} INFO - Setting next_dagrun for dataset_consumes_1_and_2 to None, run_after=None
[2024-10-10T14:04:52.496+0000] {logging_mixin.py:190} INFO - [2024-10-10T14:04:52.495+0000] {dag.py:4180} INFO - Setting next_dagrun for dataset_consumes_1_never_scheduled to None, run_after=None
[2024-10-10T14:04:52.496+0000] {logging_mixin.py:190} INFO - [2024-10-10T14:04:52.496+0000] {dag.py:4180} INFO - Setting next_dagrun for dataset_consumes_unknown_never_scheduled to None, run_after=None
[2024-10-10T14:04:52.498+0000] {logging_mixin.py:190} INFO - [2024-10-10T14:04:52.498+0000] {dag.py:4180} INFO - Setting next_dagrun for dataset_produces_1 to 2024-10-09 00:00:00+00:00, run_after=2024-10-10 00:00:00+00:00
[2024-10-10T14:04:52.500+0000] {logging_mixin.py:190} INFO - [2024-10-10T14:04:52.499+0000] {dag.py:4180} INFO - Setting next_dagrun for dataset_produces_2 to None, run_after=None
[2024-10-10T14:04:52.523+0000] {processor.py:208} INFO - Processing /home/airflow/.local/lib/python3.12/site-packages/airflow/example_dags/example_datasets.py took 0.201 seconds
[2024-10-10T14:05:22.964+0000] {processor.py:186} INFO - Started process (PID=819) to work on /home/airflow/.local/lib/python3.12/site-packages/airflow/example_dags/example_datasets.py
[2024-10-10T14:05:22.965+0000] {processor.py:914} INFO - Processing file /home/airflow/.local/lib/python3.12/site-packages/airflow/example_dags/example_datasets.py for tasks to queue
[2024-10-10T14:05:22.966+0000] {logging_mixin.py:190} INFO - [2024-10-10T14:05:22.966+0000] {dagbag.py:588} INFO - Filling up the DagBag from /home/airflow/.local/lib/python3.12/site-packages/airflow/example_dags/example_datasets.py
[2024-10-10T14:05:23.080+0000] {processor.py:925} INFO - DAG(s) 'dataset_produces_1', 'dataset_consumes_1_never_scheduled', 'conditional_dataset_and_time_based_timetable', 'consume_1_or_both_2_and_3_with_dataset_expressions', 'dataset_consumes_1', 'dataset_consumes_unknown_never_scheduled', 'consume_1_or_2_with_dataset_expressions', 'dataset_consumes_1_and_2', 'consume_1_and_2_with_dataset_expressions', 'dataset_produces_2' retrieved from /home/airflow/.local/lib/python3.12/site-packages/airflow/example_dags/example_datasets.py
[2024-10-10T14:05:23.120+0000] {logging_mixin.py:190} INFO - [2024-10-10T14:05:23.120+0000] {dag.py:3239} INFO - Sync 10 DAGs
[2024-10-10T14:05:23.145+0000] {logging_mixin.py:190} INFO - [2024-10-10T14:05:23.145+0000] {dag.py:4180} INFO - Setting next_dagrun for conditional_dataset_and_time_based_timetable to 2024-10-09 01:00:00+00:00, run_after=2024-10-09 01:00:00+00:00
[2024-10-10T14:05:23.149+0000] {logging_mixin.py:190} INFO - [2024-10-10T14:05:23.149+0000] {dag.py:4180} INFO - Setting next_dagrun for consume_1_and_2_with_dataset_expressions to None, run_after=None
[2024-10-10T14:05:23.150+0000] {logging_mixin.py:190} INFO - [2024-10-10T14:05:23.150+0000] {dag.py:4180} INFO - Setting next_dagrun for consume_1_or_2_with_dataset_expressions to None, run_after=None
[2024-10-10T14:05:23.153+0000] {logging_mixin.py:190} INFO - [2024-10-10T14:05:23.152+0000] {dag.py:4180} INFO - Setting next_dagrun for consume_1_or_both_2_and_3_with_dataset_expressions to None, run_after=None
[2024-10-10T14:05:23.155+0000] {logging_mixin.py:190} INFO - [2024-10-10T14:05:23.154+0000] {dag.py:4180} INFO - Setting next_dagrun for dataset_consumes_1 to None, run_after=None
[2024-10-10T14:05:23.157+0000] {logging_mixin.py:190} INFO - [2024-10-10T14:05:23.157+0000] {dag.py:4180} INFO - Setting next_dagrun for dataset_consumes_1_and_2 to None, run_after=None
[2024-10-10T14:05:23.159+0000] {logging_mixin.py:190} INFO - [2024-10-10T14:05:23.159+0000] {dag.py:4180} INFO - Setting next_dagrun for dataset_consumes_1_never_scheduled to None, run_after=None
[2024-10-10T14:05:23.161+0000] {logging_mixin.py:190} INFO - [2024-10-10T14:05:23.160+0000] {dag.py:4180} INFO - Setting next_dagrun for dataset_consumes_unknown_never_scheduled to None, run_after=None
[2024-10-10T14:05:23.163+0000] {logging_mixin.py:190} INFO - [2024-10-10T14:05:23.163+0000] {dag.py:4180} INFO - Setting next_dagrun for dataset_produces_1 to 2024-10-09 00:00:00+00:00, run_after=2024-10-10 00:00:00+00:00
[2024-10-10T14:05:23.164+0000] {logging_mixin.py:190} INFO - [2024-10-10T14:05:23.164+0000] {dag.py:4180} INFO - Setting next_dagrun for dataset_produces_2 to None, run_after=None
[2024-10-10T14:05:23.188+0000] {processor.py:208} INFO - Processing /home/airflow/.local/lib/python3.12/site-packages/airflow/example_dags/example_datasets.py took 0.229 seconds
[2024-10-10T14:05:53.691+0000] {processor.py:186} INFO - Started process (PID=881) to work on /home/airflow/.local/lib/python3.12/site-packages/airflow/example_dags/example_datasets.py
[2024-10-10T14:05:53.692+0000] {processor.py:914} INFO - Processing file /home/airflow/.local/lib/python3.12/site-packages/airflow/example_dags/example_datasets.py for tasks to queue
[2024-10-10T14:05:53.694+0000] {logging_mixin.py:190} INFO - [2024-10-10T14:05:53.693+0000] {dagbag.py:588} INFO - Filling up the DagBag from /home/airflow/.local/lib/python3.12/site-packages/airflow/example_dags/example_datasets.py
[2024-10-10T14:05:53.824+0000] {processor.py:925} INFO - DAG(s) 'consume_1_and_2_with_dataset_expressions', 'dataset_consumes_unknown_never_scheduled', 'dataset_consumes_1_and_2', 'dataset_produces_1', 'conditional_dataset_and_time_based_timetable', 'consume_1_or_both_2_and_3_with_dataset_expressions', 'consume_1_or_2_with_dataset_expressions', 'dataset_consumes_1', 'dataset_consumes_1_never_scheduled', 'dataset_produces_2' retrieved from /home/airflow/.local/lib/python3.12/site-packages/airflow/example_dags/example_datasets.py
[2024-10-10T14:05:53.854+0000] {logging_mixin.py:190} INFO - [2024-10-10T14:05:53.854+0000] {dag.py:3239} INFO - Sync 10 DAGs
[2024-10-10T14:05:53.873+0000] {logging_mixin.py:190} INFO - [2024-10-10T14:05:53.872+0000] {dag.py:4180} INFO - Setting next_dagrun for conditional_dataset_and_time_based_timetable to 2024-10-09 01:00:00+00:00, run_after=2024-10-09 01:00:00+00:00
[2024-10-10T14:05:53.875+0000] {logging_mixin.py:190} INFO - [2024-10-10T14:05:53.875+0000] {dag.py:4180} INFO - Setting next_dagrun for consume_1_and_2_with_dataset_expressions to None, run_after=None
[2024-10-10T14:05:53.876+0000] {logging_mixin.py:190} INFO - [2024-10-10T14:05:53.876+0000] {dag.py:4180} INFO - Setting next_dagrun for consume_1_or_2_with_dataset_expressions to None, run_after=None
[2024-10-10T14:05:53.877+0000] {logging_mixin.py:190} INFO - [2024-10-10T14:05:53.877+0000] {dag.py:4180} INFO - Setting next_dagrun for consume_1_or_both_2_and_3_with_dataset_expressions to None, run_after=None
[2024-10-10T14:05:53.878+0000] {logging_mixin.py:190} INFO - [2024-10-10T14:05:53.878+0000] {dag.py:4180} INFO - Setting next_dagrun for dataset_consumes_1 to None, run_after=None
[2024-10-10T14:05:53.879+0000] {logging_mixin.py:190} INFO - [2024-10-10T14:05:53.879+0000] {dag.py:4180} INFO - Setting next_dagrun for dataset_consumes_1_and_2 to None, run_after=None
[2024-10-10T14:05:53.880+0000] {logging_mixin.py:190} INFO - [2024-10-10T14:05:53.880+0000] {dag.py:4180} INFO - Setting next_dagrun for dataset_consumes_1_never_scheduled to None, run_after=None
[2024-10-10T14:05:53.881+0000] {logging_mixin.py:190} INFO - [2024-10-10T14:05:53.881+0000] {dag.py:4180} INFO - Setting next_dagrun for dataset_consumes_unknown_never_scheduled to None, run_after=None
[2024-10-10T14:05:53.882+0000] {logging_mixin.py:190} INFO - [2024-10-10T14:05:53.882+0000] {dag.py:4180} INFO - Setting next_dagrun for dataset_produces_1 to 2024-10-09 00:00:00+00:00, run_after=2024-10-10 00:00:00+00:00
[2024-10-10T14:05:53.883+0000] {logging_mixin.py:190} INFO - [2024-10-10T14:05:53.883+0000] {dag.py:4180} INFO - Setting next_dagrun for dataset_produces_2 to None, run_after=None
[2024-10-10T14:05:53.910+0000] {processor.py:208} INFO - Processing /home/airflow/.local/lib/python3.12/site-packages/airflow/example_dags/example_datasets.py took 0.223 seconds
[2024-10-10T14:06:24.444+0000] {processor.py:186} INFO - Started process (PID=943) to work on /home/airflow/.local/lib/python3.12/site-packages/airflow/example_dags/example_datasets.py
[2024-10-10T14:06:24.445+0000] {processor.py:914} INFO - Processing file /home/airflow/.local/lib/python3.12/site-packages/airflow/example_dags/example_datasets.py for tasks to queue
[2024-10-10T14:06:24.447+0000] {logging_mixin.py:190} INFO - [2024-10-10T14:06:24.446+0000] {dagbag.py:588} INFO - Filling up the DagBag from /home/airflow/.local/lib/python3.12/site-packages/airflow/example_dags/example_datasets.py
[2024-10-10T14:06:24.554+0000] {processor.py:925} INFO - DAG(s) 'consume_1_or_both_2_and_3_with_dataset_expressions', 'dataset_consumes_unknown_never_scheduled', 'dataset_consumes_1_and_2', 'consume_1_and_2_with_dataset_expressions', 'consume_1_or_2_with_dataset_expressions', 'conditional_dataset_and_time_based_timetable', 'dataset_consumes_1_never_scheduled', 'dataset_produces_1', 'dataset_consumes_1', 'dataset_produces_2' retrieved from /home/airflow/.local/lib/python3.12/site-packages/airflow/example_dags/example_datasets.py
[2024-10-10T14:06:24.583+0000] {logging_mixin.py:190} INFO - [2024-10-10T14:06:24.582+0000] {dag.py:3239} INFO - Sync 10 DAGs
[2024-10-10T14:06:24.603+0000] {logging_mixin.py:190} INFO - [2024-10-10T14:06:24.603+0000] {dag.py:4180} INFO - Setting next_dagrun for conditional_dataset_and_time_based_timetable to 2024-10-09 01:00:00+00:00, run_after=2024-10-09 01:00:00+00:00
[2024-10-10T14:06:24.606+0000] {logging_mixin.py:190} INFO - [2024-10-10T14:06:24.606+0000] {dag.py:4180} INFO - Setting next_dagrun for consume_1_and_2_with_dataset_expressions to None, run_after=None
[2024-10-10T14:06:24.607+0000] {logging_mixin.py:190} INFO - [2024-10-10T14:06:24.607+0000] {dag.py:4180} INFO - Setting next_dagrun for consume_1_or_2_with_dataset_expressions to None, run_after=None
[2024-10-10T14:06:24.608+0000] {logging_mixin.py:190} INFO - [2024-10-10T14:06:24.608+0000] {dag.py:4180} INFO - Setting next_dagrun for consume_1_or_both_2_and_3_with_dataset_expressions to None, run_after=None
[2024-10-10T14:06:24.609+0000] {logging_mixin.py:190} INFO - [2024-10-10T14:06:24.609+0000] {dag.py:4180} INFO - Setting next_dagrun for dataset_consumes_1 to None, run_after=None
[2024-10-10T14:06:24.610+0000] {logging_mixin.py:190} INFO - [2024-10-10T14:06:24.610+0000] {dag.py:4180} INFO - Setting next_dagrun for dataset_consumes_1_and_2 to None, run_after=None
[2024-10-10T14:06:24.611+0000] {logging_mixin.py:190} INFO - [2024-10-10T14:06:24.611+0000] {dag.py:4180} INFO - Setting next_dagrun for dataset_consumes_1_never_scheduled to None, run_after=None
[2024-10-10T14:06:24.612+0000] {logging_mixin.py:190} INFO - [2024-10-10T14:06:24.612+0000] {dag.py:4180} INFO - Setting next_dagrun for dataset_consumes_unknown_never_scheduled to None, run_after=None
[2024-10-10T14:06:24.614+0000] {logging_mixin.py:190} INFO - [2024-10-10T14:06:24.614+0000] {dag.py:4180} INFO - Setting next_dagrun for dataset_produces_1 to 2024-10-09 00:00:00+00:00, run_after=2024-10-10 00:00:00+00:00
[2024-10-10T14:06:24.615+0000] {logging_mixin.py:190} INFO - [2024-10-10T14:06:24.615+0000] {dag.py:4180} INFO - Setting next_dagrun for dataset_produces_2 to None, run_after=None
[2024-10-10T14:06:24.641+0000] {processor.py:208} INFO - Processing /home/airflow/.local/lib/python3.12/site-packages/airflow/example_dags/example_datasets.py took 0.200 seconds
[2024-10-10T14:06:55.181+0000] {processor.py:186} INFO - Started process (PID=1005) to work on /home/airflow/.local/lib/python3.12/site-packages/airflow/example_dags/example_datasets.py
[2024-10-10T14:06:55.182+0000] {processor.py:914} INFO - Processing file /home/airflow/.local/lib/python3.12/site-packages/airflow/example_dags/example_datasets.py for tasks to queue
[2024-10-10T14:06:55.183+0000] {logging_mixin.py:190} INFO - [2024-10-10T14:06:55.183+0000] {dagbag.py:588} INFO - Filling up the DagBag from /home/airflow/.local/lib/python3.12/site-packages/airflow/example_dags/example_datasets.py
[2024-10-10T14:06:55.292+0000] {processor.py:925} INFO - DAG(s) 'consume_1_or_2_with_dataset_expressions', 'dataset_produces_2', 'dataset_consumes_1_and_2', 'consume_1_and_2_with_dataset_expressions', 'consume_1_or_both_2_and_3_with_dataset_expressions', 'dataset_consumes_unknown_never_scheduled', 'dataset_consumes_1_never_scheduled', 'dataset_produces_1', 'conditional_dataset_and_time_based_timetable', 'dataset_consumes_1' retrieved from /home/airflow/.local/lib/python3.12/site-packages/airflow/example_dags/example_datasets.py
[2024-10-10T14:06:55.319+0000] {logging_mixin.py:190} INFO - [2024-10-10T14:06:55.319+0000] {dag.py:3239} INFO - Sync 10 DAGs
[2024-10-10T14:06:55.338+0000] {logging_mixin.py:190} INFO - [2024-10-10T14:06:55.338+0000] {dag.py:4180} INFO - Setting next_dagrun for conditional_dataset_and_time_based_timetable to 2024-10-09 01:00:00+00:00, run_after=2024-10-09 01:00:00+00:00
[2024-10-10T14:06:55.341+0000] {logging_mixin.py:190} INFO - [2024-10-10T14:06:55.341+0000] {dag.py:4180} INFO - Setting next_dagrun for consume_1_and_2_with_dataset_expressions to None, run_after=None
[2024-10-10T14:06:55.342+0000] {logging_mixin.py:190} INFO - [2024-10-10T14:06:55.342+0000] {dag.py:4180} INFO - Setting next_dagrun for consume_1_or_2_with_dataset_expressions to None, run_after=None
[2024-10-10T14:06:55.343+0000] {logging_mixin.py:190} INFO - [2024-10-10T14:06:55.343+0000] {dag.py:4180} INFO - Setting next_dagrun for consume_1_or_both_2_and_3_with_dataset_expressions to None, run_after=None
[2024-10-10T14:06:55.344+0000] {logging_mixin.py:190} INFO - [2024-10-10T14:06:55.344+0000] {dag.py:4180} INFO - Setting next_dagrun for dataset_consumes_1 to None, run_after=None
[2024-10-10T14:06:55.345+0000] {logging_mixin.py:190} INFO - [2024-10-10T14:06:55.345+0000] {dag.py:4180} INFO - Setting next_dagrun for dataset_consumes_1_and_2 to None, run_after=None
[2024-10-10T14:06:55.346+0000] {logging_mixin.py:190} INFO - [2024-10-10T14:06:55.346+0000] {dag.py:4180} INFO - Setting next_dagrun for dataset_consumes_1_never_scheduled to None, run_after=None
[2024-10-10T14:06:55.347+0000] {logging_mixin.py:190} INFO - [2024-10-10T14:06:55.347+0000] {dag.py:4180} INFO - Setting next_dagrun for dataset_consumes_unknown_never_scheduled to None, run_after=None
[2024-10-10T14:06:55.348+0000] {logging_mixin.py:190} INFO - [2024-10-10T14:06:55.348+0000] {dag.py:4180} INFO - Setting next_dagrun for dataset_produces_1 to 2024-10-09 00:00:00+00:00, run_after=2024-10-10 00:00:00+00:00
[2024-10-10T14:06:55.349+0000] {logging_mixin.py:190} INFO - [2024-10-10T14:06:55.349+0000] {dag.py:4180} INFO - Setting next_dagrun for dataset_produces_2 to None, run_after=None
[2024-10-10T14:06:55.374+0000] {processor.py:208} INFO - Processing /home/airflow/.local/lib/python3.12/site-packages/airflow/example_dags/example_datasets.py took 0.196 seconds
[2024-10-10T14:07:25.901+0000] {processor.py:186} INFO - Started process (PID=1067) to work on /home/airflow/.local/lib/python3.12/site-packages/airflow/example_dags/example_datasets.py
[2024-10-10T14:07:25.902+0000] {processor.py:914} INFO - Processing file /home/airflow/.local/lib/python3.12/site-packages/airflow/example_dags/example_datasets.py for tasks to queue
[2024-10-10T14:07:25.904+0000] {logging_mixin.py:190} INFO - [2024-10-10T14:07:25.903+0000] {dagbag.py:588} INFO - Filling up the DagBag from /home/airflow/.local/lib/python3.12/site-packages/airflow/example_dags/example_datasets.py
[2024-10-10T14:07:26.018+0000] {processor.py:925} INFO - DAG(s) 'dataset_produces_1', 'dataset_consumes_1', 'consume_1_and_2_with_dataset_expressions', 'dataset_consumes_1_never_scheduled', 'dataset_consumes_1_and_2', 'dataset_consumes_unknown_never_scheduled', 'consume_1_or_both_2_and_3_with_dataset_expressions', 'conditional_dataset_and_time_based_timetable', 'consume_1_or_2_with_dataset_expressions', 'dataset_produces_2' retrieved from /home/airflow/.local/lib/python3.12/site-packages/airflow/example_dags/example_datasets.py
[2024-10-10T14:07:26.047+0000] {logging_mixin.py:190} INFO - [2024-10-10T14:07:26.047+0000] {dag.py:3239} INFO - Sync 10 DAGs
[2024-10-10T14:07:26.067+0000] {logging_mixin.py:190} INFO - [2024-10-10T14:07:26.066+0000] {dag.py:4180} INFO - Setting next_dagrun for conditional_dataset_and_time_based_timetable to 2024-10-09 01:00:00+00:00, run_after=2024-10-09 01:00:00+00:00
[2024-10-10T14:07:26.069+0000] {logging_mixin.py:190} INFO - [2024-10-10T14:07:26.069+0000] {dag.py:4180} INFO - Setting next_dagrun for consume_1_and_2_with_dataset_expressions to None, run_after=None
[2024-10-10T14:07:26.070+0000] {logging_mixin.py:190} INFO - [2024-10-10T14:07:26.070+0000] {dag.py:4180} INFO - Setting next_dagrun for consume_1_or_2_with_dataset_expressions to None, run_after=None
[2024-10-10T14:07:26.071+0000] {logging_mixin.py:190} INFO - [2024-10-10T14:07:26.071+0000] {dag.py:4180} INFO - Setting next_dagrun for consume_1_or_both_2_and_3_with_dataset_expressions to None, run_after=None
[2024-10-10T14:07:26.073+0000] {logging_mixin.py:190} INFO - [2024-10-10T14:07:26.072+0000] {dag.py:4180} INFO - Setting next_dagrun for dataset_consumes_1 to None, run_after=None
[2024-10-10T14:07:26.074+0000] {logging_mixin.py:190} INFO - [2024-10-10T14:07:26.073+0000] {dag.py:4180} INFO - Setting next_dagrun for dataset_consumes_1_and_2 to None, run_after=None
[2024-10-10T14:07:26.074+0000] {logging_mixin.py:190} INFO - [2024-10-10T14:07:26.074+0000] {dag.py:4180} INFO - Setting next_dagrun for dataset_consumes_1_never_scheduled to None, run_after=None
[2024-10-10T14:07:26.075+0000] {logging_mixin.py:190} INFO - [2024-10-10T14:07:26.075+0000] {dag.py:4180} INFO - Setting next_dagrun for dataset_consumes_unknown_never_scheduled to None, run_after=None
[2024-10-10T14:07:26.077+0000] {logging_mixin.py:190} INFO - [2024-10-10T14:07:26.077+0000] {dag.py:4180} INFO - Setting next_dagrun for dataset_produces_1 to 2024-10-09 00:00:00+00:00, run_after=2024-10-10 00:00:00+00:00
[2024-10-10T14:07:26.078+0000] {logging_mixin.py:190} INFO - [2024-10-10T14:07:26.078+0000] {dag.py:4180} INFO - Setting next_dagrun for dataset_produces_2 to None, run_after=None
[2024-10-10T14:07:26.103+0000] {processor.py:208} INFO - Processing /home/airflow/.local/lib/python3.12/site-packages/airflow/example_dags/example_datasets.py took 0.206 seconds
[2024-10-10T14:07:56.648+0000] {processor.py:186} INFO - Started process (PID=1129) to work on /home/airflow/.local/lib/python3.12/site-packages/airflow/example_dags/example_datasets.py
[2024-10-10T14:07:56.649+0000] {processor.py:914} INFO - Processing file /home/airflow/.local/lib/python3.12/site-packages/airflow/example_dags/example_datasets.py for tasks to queue
[2024-10-10T14:07:56.651+0000] {logging_mixin.py:190} INFO - [2024-10-10T14:07:56.651+0000] {dagbag.py:588} INFO - Filling up the DagBag from /home/airflow/.local/lib/python3.12/site-packages/airflow/example_dags/example_datasets.py
[2024-10-10T14:07:56.761+0000] {processor.py:925} INFO - DAG(s) 'dataset_consumes_1', 'consume_1_and_2_with_dataset_expressions', 'conditional_dataset_and_time_based_timetable', 'dataset_produces_1', 'dataset_consumes_unknown_never_scheduled', 'dataset_consumes_1_and_2', 'consume_1_or_2_with_dataset_expressions', 'dataset_produces_2', 'consume_1_or_both_2_and_3_with_dataset_expressions', 'dataset_consumes_1_never_scheduled' retrieved from /home/airflow/.local/lib/python3.12/site-packages/airflow/example_dags/example_datasets.py
[2024-10-10T14:07:56.790+0000] {logging_mixin.py:190} INFO - [2024-10-10T14:07:56.790+0000] {dag.py:3239} INFO - Sync 10 DAGs
[2024-10-10T14:07:56.811+0000] {logging_mixin.py:190} INFO - [2024-10-10T14:07:56.810+0000] {dag.py:4180} INFO - Setting next_dagrun for conditional_dataset_and_time_based_timetable to 2024-10-09 01:00:00+00:00, run_after=2024-10-09 01:00:00+00:00
[2024-10-10T14:07:56.814+0000] {logging_mixin.py:190} INFO - [2024-10-10T14:07:56.814+0000] {dag.py:4180} INFO - Setting next_dagrun for consume_1_and_2_with_dataset_expressions to None, run_after=None
[2024-10-10T14:07:56.815+0000] {logging_mixin.py:190} INFO - [2024-10-10T14:07:56.815+0000] {dag.py:4180} INFO - Setting next_dagrun for consume_1_or_2_with_dataset_expressions to None, run_after=None
[2024-10-10T14:07:56.816+0000] {logging_mixin.py:190} INFO - [2024-10-10T14:07:56.816+0000] {dag.py:4180} INFO - Setting next_dagrun for consume_1_or_both_2_and_3_with_dataset_expressions to None, run_after=None
[2024-10-10T14:07:56.817+0000] {logging_mixin.py:190} INFO - [2024-10-10T14:07:56.816+0000] {dag.py:4180} INFO - Setting next_dagrun for dataset_consumes_1 to None, run_after=None
[2024-10-10T14:07:56.818+0000] {logging_mixin.py:190} INFO - [2024-10-10T14:07:56.818+0000] {dag.py:4180} INFO - Setting next_dagrun for dataset_consumes_1_and_2 to None, run_after=None
[2024-10-10T14:07:56.819+0000] {logging_mixin.py:190} INFO - [2024-10-10T14:07:56.819+0000] {dag.py:4180} INFO - Setting next_dagrun for dataset_consumes_1_never_scheduled to None, run_after=None
[2024-10-10T14:07:56.820+0000] {logging_mixin.py:190} INFO - [2024-10-10T14:07:56.820+0000] {dag.py:4180} INFO - Setting next_dagrun for dataset_consumes_unknown_never_scheduled to None, run_after=None
[2024-10-10T14:07:56.822+0000] {logging_mixin.py:190} INFO - [2024-10-10T14:07:56.822+0000] {dag.py:4180} INFO - Setting next_dagrun for dataset_produces_1 to 2024-10-09 00:00:00+00:00, run_after=2024-10-10 00:00:00+00:00
[2024-10-10T14:07:56.823+0000] {logging_mixin.py:190} INFO - [2024-10-10T14:07:56.823+0000] {dag.py:4180} INFO - Setting next_dagrun for dataset_produces_2 to None, run_after=None
[2024-10-10T14:07:56.852+0000] {processor.py:208} INFO - Processing /home/airflow/.local/lib/python3.12/site-packages/airflow/example_dags/example_datasets.py took 0.208 seconds
[2024-10-10T14:08:27.432+0000] {processor.py:186} INFO - Started process (PID=1191) to work on /home/airflow/.local/lib/python3.12/site-packages/airflow/example_dags/example_datasets.py
[2024-10-10T14:08:27.432+0000] {processor.py:914} INFO - Processing file /home/airflow/.local/lib/python3.12/site-packages/airflow/example_dags/example_datasets.py for tasks to queue
[2024-10-10T14:08:27.434+0000] {logging_mixin.py:190} INFO - [2024-10-10T14:08:27.434+0000] {dagbag.py:588} INFO - Filling up the DagBag from /home/airflow/.local/lib/python3.12/site-packages/airflow/example_dags/example_datasets.py
[2024-10-10T14:08:27.546+0000] {processor.py:925} INFO - DAG(s) 'dataset_produces_2', 'dataset_consumes_1_never_scheduled', 'dataset_consumes_1', 'consume_1_or_2_with_dataset_expressions', 'conditional_dataset_and_time_based_timetable', 'dataset_consumes_unknown_never_scheduled', 'dataset_consumes_1_and_2', 'dataset_produces_1', 'consume_1_and_2_with_dataset_expressions', 'consume_1_or_both_2_and_3_with_dataset_expressions' retrieved from /home/airflow/.local/lib/python3.12/site-packages/airflow/example_dags/example_datasets.py
[2024-10-10T14:08:27.574+0000] {logging_mixin.py:190} INFO - [2024-10-10T14:08:27.573+0000] {dag.py:3239} INFO - Sync 10 DAGs
[2024-10-10T14:08:27.592+0000] {logging_mixin.py:190} INFO - [2024-10-10T14:08:27.592+0000] {dag.py:4180} INFO - Setting next_dagrun for conditional_dataset_and_time_based_timetable to 2024-10-09 01:00:00+00:00, run_after=2024-10-09 01:00:00+00:00
[2024-10-10T14:08:27.595+0000] {logging_mixin.py:190} INFO - [2024-10-10T14:08:27.594+0000] {dag.py:4180} INFO - Setting next_dagrun for consume_1_and_2_with_dataset_expressions to None, run_after=None
[2024-10-10T14:08:27.595+0000] {logging_mixin.py:190} INFO - [2024-10-10T14:08:27.595+0000] {dag.py:4180} INFO - Setting next_dagrun for consume_1_or_2_with_dataset_expressions to None, run_after=None
[2024-10-10T14:08:27.596+0000] {logging_mixin.py:190} INFO - [2024-10-10T14:08:27.596+0000] {dag.py:4180} INFO - Setting next_dagrun for consume_1_or_both_2_and_3_with_dataset_expressions to None, run_after=None
[2024-10-10T14:08:27.597+0000] {logging_mixin.py:190} INFO - [2024-10-10T14:08:27.597+0000] {dag.py:4180} INFO - Setting next_dagrun for dataset_consumes_1 to None, run_after=None
[2024-10-10T14:08:27.598+0000] {logging_mixin.py:190} INFO - [2024-10-10T14:08:27.598+0000] {dag.py:4180} INFO - Setting next_dagrun for dataset_consumes_1_and_2 to None, run_after=None
[2024-10-10T14:08:27.599+0000] {logging_mixin.py:190} INFO - [2024-10-10T14:08:27.599+0000] {dag.py:4180} INFO - Setting next_dagrun for dataset_consumes_1_never_scheduled to None, run_after=None
[2024-10-10T14:08:27.600+0000] {logging_mixin.py:190} INFO - [2024-10-10T14:08:27.600+0000] {dag.py:4180} INFO - Setting next_dagrun for dataset_consumes_unknown_never_scheduled to None, run_after=None
[2024-10-10T14:08:27.602+0000] {logging_mixin.py:190} INFO - [2024-10-10T14:08:27.602+0000] {dag.py:4180} INFO - Setting next_dagrun for dataset_produces_1 to 2024-10-09 00:00:00+00:00, run_after=2024-10-10 00:00:00+00:00
[2024-10-10T14:08:27.603+0000] {logging_mixin.py:190} INFO - [2024-10-10T14:08:27.603+0000] {dag.py:4180} INFO - Setting next_dagrun for dataset_produces_2 to None, run_after=None
[2024-10-10T14:08:27.627+0000] {processor.py:208} INFO - Processing /home/airflow/.local/lib/python3.12/site-packages/airflow/example_dags/example_datasets.py took 0.199 seconds
[2024-10-10T14:08:58.219+0000] {processor.py:186} INFO - Started process (PID=1253) to work on /home/airflow/.local/lib/python3.12/site-packages/airflow/example_dags/example_datasets.py
[2024-10-10T14:08:58.220+0000] {processor.py:914} INFO - Processing file /home/airflow/.local/lib/python3.12/site-packages/airflow/example_dags/example_datasets.py for tasks to queue
[2024-10-10T14:08:58.221+0000] {logging_mixin.py:190} INFO - [2024-10-10T14:08:58.221+0000] {dagbag.py:588} INFO - Filling up the DagBag from /home/airflow/.local/lib/python3.12/site-packages/airflow/example_dags/example_datasets.py
[2024-10-10T14:08:58.332+0000] {processor.py:925} INFO - DAG(s) 'conditional_dataset_and_time_based_timetable', 'dataset_consumes_unknown_never_scheduled', 'consume_1_and_2_with_dataset_expressions', 'consume_1_or_2_with_dataset_expressions', 'consume_1_or_both_2_and_3_with_dataset_expressions', 'dataset_produces_2', 'dataset_produces_1', 'dataset_consumes_1_never_scheduled', 'dataset_consumes_1', 'dataset_consumes_1_and_2' retrieved from /home/airflow/.local/lib/python3.12/site-packages/airflow/example_dags/example_datasets.py
[2024-10-10T14:08:58.361+0000] {logging_mixin.py:190} INFO - [2024-10-10T14:08:58.361+0000] {dag.py:3239} INFO - Sync 10 DAGs
[2024-10-10T14:08:58.383+0000] {logging_mixin.py:190} INFO - [2024-10-10T14:08:58.383+0000] {dag.py:4180} INFO - Setting next_dagrun for conditional_dataset_and_time_based_timetable to 2024-10-09 01:00:00+00:00, run_after=2024-10-09 01:00:00+00:00
[2024-10-10T14:08:58.386+0000] {logging_mixin.py:190} INFO - [2024-10-10T14:08:58.386+0000] {dag.py:4180} INFO - Setting next_dagrun for consume_1_and_2_with_dataset_expressions to None, run_after=None
[2024-10-10T14:08:58.387+0000] {logging_mixin.py:190} INFO - [2024-10-10T14:08:58.387+0000] {dag.py:4180} INFO - Setting next_dagrun for consume_1_or_2_with_dataset_expressions to None, run_after=None
[2024-10-10T14:08:58.388+0000] {logging_mixin.py:190} INFO - [2024-10-10T14:08:58.388+0000] {dag.py:4180} INFO - Setting next_dagrun for consume_1_or_both_2_and_3_with_dataset_expressions to None, run_after=None
[2024-10-10T14:08:58.389+0000] {logging_mixin.py:190} INFO - [2024-10-10T14:08:58.389+0000] {dag.py:4180} INFO - Setting next_dagrun for dataset_consumes_1 to None, run_after=None
[2024-10-10T14:08:58.390+0000] {logging_mixin.py:190} INFO - [2024-10-10T14:08:58.390+0000] {dag.py:4180} INFO - Setting next_dagrun for dataset_consumes_1_and_2 to None, run_after=None
[2024-10-10T14:08:58.391+0000] {logging_mixin.py:190} INFO - [2024-10-10T14:08:58.391+0000] {dag.py:4180} INFO - Setting next_dagrun for dataset_consumes_1_never_scheduled to None, run_after=None
[2024-10-10T14:08:58.392+0000] {logging_mixin.py:190} INFO - [2024-10-10T14:08:58.392+0000] {dag.py:4180} INFO - Setting next_dagrun for dataset_consumes_unknown_never_scheduled to None, run_after=None
[2024-10-10T14:08:58.393+0000] {logging_mixin.py:190} INFO - [2024-10-10T14:08:58.393+0000] {dag.py:4180} INFO - Setting next_dagrun for dataset_produces_1 to 2024-10-09 00:00:00+00:00, run_after=2024-10-10 00:00:00+00:00
[2024-10-10T14:08:58.394+0000] {logging_mixin.py:190} INFO - [2024-10-10T14:08:58.394+0000] {dag.py:4180} INFO - Setting next_dagrun for dataset_produces_2 to None, run_after=None
[2024-10-10T14:08:58.419+0000] {processor.py:208} INFO - Processing /home/airflow/.local/lib/python3.12/site-packages/airflow/example_dags/example_datasets.py took 0.205 seconds
[2024-10-10T14:09:28.902+0000] {processor.py:186} INFO - Started process (PID=1315) to work on /home/airflow/.local/lib/python3.12/site-packages/airflow/example_dags/example_datasets.py
[2024-10-10T14:09:28.902+0000] {processor.py:914} INFO - Processing file /home/airflow/.local/lib/python3.12/site-packages/airflow/example_dags/example_datasets.py for tasks to queue
[2024-10-10T14:09:28.904+0000] {logging_mixin.py:190} INFO - [2024-10-10T14:09:28.904+0000] {dagbag.py:588} INFO - Filling up the DagBag from /home/airflow/.local/lib/python3.12/site-packages/airflow/example_dags/example_datasets.py
[2024-10-10T14:09:29.034+0000] {processor.py:925} INFO - DAG(s) 'dataset_produces_1', 'dataset_consumes_1_never_scheduled', 'consume_1_or_both_2_and_3_with_dataset_expressions', 'dataset_consumes_1', 'dataset_produces_2', 'dataset_consumes_1_and_2', 'conditional_dataset_and_time_based_timetable', 'consume_1_and_2_with_dataset_expressions', 'consume_1_or_2_with_dataset_expressions', 'dataset_consumes_unknown_never_scheduled' retrieved from /home/airflow/.local/lib/python3.12/site-packages/airflow/example_dags/example_datasets.py
[2024-10-10T14:09:29.063+0000] {logging_mixin.py:190} INFO - [2024-10-10T14:09:29.063+0000] {dag.py:3239} INFO - Sync 10 DAGs
[2024-10-10T14:09:29.083+0000] {logging_mixin.py:190} INFO - [2024-10-10T14:09:29.083+0000] {dag.py:4180} INFO - Setting next_dagrun for conditional_dataset_and_time_based_timetable to 2024-10-09 01:00:00+00:00, run_after=2024-10-09 01:00:00+00:00
[2024-10-10T14:09:29.085+0000] {logging_mixin.py:190} INFO - [2024-10-10T14:09:29.085+0000] {dag.py:4180} INFO - Setting next_dagrun for consume_1_and_2_with_dataset_expressions to None, run_after=None
[2024-10-10T14:09:29.086+0000] {logging_mixin.py:190} INFO - [2024-10-10T14:09:29.086+0000] {dag.py:4180} INFO - Setting next_dagrun for consume_1_or_2_with_dataset_expressions to None, run_after=None
[2024-10-10T14:09:29.087+0000] {logging_mixin.py:190} INFO - [2024-10-10T14:09:29.087+0000] {dag.py:4180} INFO - Setting next_dagrun for consume_1_or_both_2_and_3_with_dataset_expressions to None, run_after=None
[2024-10-10T14:09:29.088+0000] {logging_mixin.py:190} INFO - [2024-10-10T14:09:29.088+0000] {dag.py:4180} INFO - Setting next_dagrun for dataset_consumes_1 to None, run_after=None
[2024-10-10T14:09:29.089+0000] {logging_mixin.py:190} INFO - [2024-10-10T14:09:29.089+0000] {dag.py:4180} INFO - Setting next_dagrun for dataset_consumes_1_and_2 to None, run_after=None
[2024-10-10T14:09:29.090+0000] {logging_mixin.py:190} INFO - [2024-10-10T14:09:29.090+0000] {dag.py:4180} INFO - Setting next_dagrun for dataset_consumes_1_never_scheduled to None, run_after=None
[2024-10-10T14:09:29.091+0000] {logging_mixin.py:190} INFO - [2024-10-10T14:09:29.091+0000] {dag.py:4180} INFO - Setting next_dagrun for dataset_consumes_unknown_never_scheduled to None, run_after=None
[2024-10-10T14:09:29.093+0000] {logging_mixin.py:190} INFO - [2024-10-10T14:09:29.093+0000] {dag.py:4180} INFO - Setting next_dagrun for dataset_produces_1 to 2024-10-09 00:00:00+00:00, run_after=2024-10-10 00:00:00+00:00
[2024-10-10T14:09:29.095+0000] {logging_mixin.py:190} INFO - [2024-10-10T14:09:29.095+0000] {dag.py:4180} INFO - Setting next_dagrun for dataset_produces_2 to None, run_after=None
[2024-10-10T14:09:29.124+0000] {processor.py:208} INFO - Processing /home/airflow/.local/lib/python3.12/site-packages/airflow/example_dags/example_datasets.py took 0.227 seconds
[2024-10-10T14:09:59.765+0000] {processor.py:186} INFO - Started process (PID=1377) to work on /home/airflow/.local/lib/python3.12/site-packages/airflow/example_dags/example_datasets.py
[2024-10-10T14:09:59.766+0000] {processor.py:914} INFO - Processing file /home/airflow/.local/lib/python3.12/site-packages/airflow/example_dags/example_datasets.py for tasks to queue
[2024-10-10T14:09:59.767+0000] {logging_mixin.py:190} INFO - [2024-10-10T14:09:59.767+0000] {dagbag.py:588} INFO - Filling up the DagBag from /home/airflow/.local/lib/python3.12/site-packages/airflow/example_dags/example_datasets.py
[2024-10-10T14:09:59.893+0000] {processor.py:925} INFO - DAG(s) 'dataset_consumes_unknown_never_scheduled', 'consume_1_or_2_with_dataset_expressions', 'consume_1_and_2_with_dataset_expressions', 'dataset_consumes_1_never_scheduled', 'dataset_consumes_1_and_2', 'dataset_produces_2', 'dataset_consumes_1', 'dataset_produces_1', 'consume_1_or_both_2_and_3_with_dataset_expressions', 'conditional_dataset_and_time_based_timetable' retrieved from /home/airflow/.local/lib/python3.12/site-packages/airflow/example_dags/example_datasets.py
[2024-10-10T14:09:59.925+0000] {logging_mixin.py:190} INFO - [2024-10-10T14:09:59.925+0000] {dag.py:3239} INFO - Sync 10 DAGs
[2024-10-10T14:09:59.946+0000] {logging_mixin.py:190} INFO - [2024-10-10T14:09:59.946+0000] {dag.py:4180} INFO - Setting next_dagrun for conditional_dataset_and_time_based_timetable to 2024-10-09 01:00:00+00:00, run_after=2024-10-09 01:00:00+00:00
[2024-10-10T14:09:59.949+0000] {logging_mixin.py:190} INFO - [2024-10-10T14:09:59.949+0000] {dag.py:4180} INFO - Setting next_dagrun for consume_1_and_2_with_dataset_expressions to None, run_after=None
[2024-10-10T14:09:59.950+0000] {logging_mixin.py:190} INFO - [2024-10-10T14:09:59.950+0000] {dag.py:4180} INFO - Setting next_dagrun for consume_1_or_2_with_dataset_expressions to None, run_after=None
[2024-10-10T14:09:59.951+0000] {logging_mixin.py:190} INFO - [2024-10-10T14:09:59.951+0000] {dag.py:4180} INFO - Setting next_dagrun for consume_1_or_both_2_and_3_with_dataset_expressions to None, run_after=None
[2024-10-10T14:09:59.952+0000] {logging_mixin.py:190} INFO - [2024-10-10T14:09:59.952+0000] {dag.py:4180} INFO - Setting next_dagrun for dataset_consumes_1 to None, run_after=None
[2024-10-10T14:09:59.955+0000] {logging_mixin.py:190} INFO - [2024-10-10T14:09:59.955+0000] {dag.py:4180} INFO - Setting next_dagrun for dataset_consumes_1_and_2 to None, run_after=None
[2024-10-10T14:09:59.956+0000] {logging_mixin.py:190} INFO - [2024-10-10T14:09:59.956+0000] {dag.py:4180} INFO - Setting next_dagrun for dataset_consumes_1_never_scheduled to None, run_after=None
[2024-10-10T14:09:59.957+0000] {logging_mixin.py:190} INFO - [2024-10-10T14:09:59.957+0000] {dag.py:4180} INFO - Setting next_dagrun for dataset_consumes_unknown_never_scheduled to None, run_after=None
[2024-10-10T14:09:59.959+0000] {logging_mixin.py:190} INFO - [2024-10-10T14:09:59.958+0000] {dag.py:4180} INFO - Setting next_dagrun for dataset_produces_1 to 2024-10-09 00:00:00+00:00, run_after=2024-10-10 00:00:00+00:00
[2024-10-10T14:09:59.960+0000] {logging_mixin.py:190} INFO - [2024-10-10T14:09:59.960+0000] {dag.py:4180} INFO - Setting next_dagrun for dataset_produces_2 to None, run_after=None
[2024-10-10T14:09:59.993+0000] {processor.py:208} INFO - Processing /home/airflow/.local/lib/python3.12/site-packages/airflow/example_dags/example_datasets.py took 0.232 seconds
[2024-10-10T14:10:30.918+0000] {processor.py:186} INFO - Started process (PID=1440) to work on /home/airflow/.local/lib/python3.12/site-packages/airflow/example_dags/example_datasets.py
[2024-10-10T14:10:30.918+0000] {processor.py:914} INFO - Processing file /home/airflow/.local/lib/python3.12/site-packages/airflow/example_dags/example_datasets.py for tasks to queue
[2024-10-10T14:10:30.920+0000] {logging_mixin.py:190} INFO - [2024-10-10T14:10:30.920+0000] {dagbag.py:588} INFO - Filling up the DagBag from /home/airflow/.local/lib/python3.12/site-packages/airflow/example_dags/example_datasets.py
[2024-10-10T14:10:31.042+0000] {processor.py:925} INFO - DAG(s) 'dataset_consumes_1', 'dataset_consumes_unknown_never_scheduled', 'conditional_dataset_and_time_based_timetable', 'consume_1_and_2_with_dataset_expressions', 'dataset_consumes_1_and_2', 'dataset_produces_1', 'consume_1_or_both_2_and_3_with_dataset_expressions', 'dataset_consumes_1_never_scheduled', 'dataset_produces_2', 'consume_1_or_2_with_dataset_expressions' retrieved from /home/airflow/.local/lib/python3.12/site-packages/airflow/example_dags/example_datasets.py
[2024-10-10T14:10:31.075+0000] {logging_mixin.py:190} INFO - [2024-10-10T14:10:31.075+0000] {dag.py:3239} INFO - Sync 10 DAGs
[2024-10-10T14:10:31.097+0000] {logging_mixin.py:190} INFO - [2024-10-10T14:10:31.097+0000] {dag.py:4180} INFO - Setting next_dagrun for conditional_dataset_and_time_based_timetable to 2024-10-09 01:00:00+00:00, run_after=2024-10-09 01:00:00+00:00
[2024-10-10T14:10:31.100+0000] {logging_mixin.py:190} INFO - [2024-10-10T14:10:31.100+0000] {dag.py:4180} INFO - Setting next_dagrun for consume_1_and_2_with_dataset_expressions to None, run_after=None
[2024-10-10T14:10:31.102+0000] {logging_mixin.py:190} INFO - [2024-10-10T14:10:31.101+0000] {dag.py:4180} INFO - Setting next_dagrun for consume_1_or_2_with_dataset_expressions to None, run_after=None
[2024-10-10T14:10:31.103+0000] {logging_mixin.py:190} INFO - [2024-10-10T14:10:31.102+0000] {dag.py:4180} INFO - Setting next_dagrun for consume_1_or_both_2_and_3_with_dataset_expressions to None, run_after=None
[2024-10-10T14:10:31.104+0000] {logging_mixin.py:190} INFO - [2024-10-10T14:10:31.104+0000] {dag.py:4180} INFO - Setting next_dagrun for dataset_consumes_1 to None, run_after=None
[2024-10-10T14:10:31.105+0000] {logging_mixin.py:190} INFO - [2024-10-10T14:10:31.105+0000] {dag.py:4180} INFO - Setting next_dagrun for dataset_consumes_1_and_2 to None, run_after=None
[2024-10-10T14:10:31.106+0000] {logging_mixin.py:190} INFO - [2024-10-10T14:10:31.106+0000] {dag.py:4180} INFO - Setting next_dagrun for dataset_consumes_1_never_scheduled to None, run_after=None
[2024-10-10T14:10:31.107+0000] {logging_mixin.py:190} INFO - [2024-10-10T14:10:31.107+0000] {dag.py:4180} INFO - Setting next_dagrun for dataset_consumes_unknown_never_scheduled to None, run_after=None
[2024-10-10T14:10:31.109+0000] {logging_mixin.py:190} INFO - [2024-10-10T14:10:31.109+0000] {dag.py:4180} INFO - Setting next_dagrun for dataset_produces_1 to 2024-10-09 00:00:00+00:00, run_after=2024-10-10 00:00:00+00:00
[2024-10-10T14:10:31.110+0000] {logging_mixin.py:190} INFO - [2024-10-10T14:10:31.110+0000] {dag.py:4180} INFO - Setting next_dagrun for dataset_produces_2 to None, run_after=None
[2024-10-10T14:10:31.139+0000] {processor.py:208} INFO - Processing /home/airflow/.local/lib/python3.12/site-packages/airflow/example_dags/example_datasets.py took 0.226 seconds
[2024-10-10T14:11:01.197+0000] {processor.py:186} INFO - Started process (PID=1502) to work on /home/airflow/.local/lib/python3.12/site-packages/airflow/example_dags/example_datasets.py
[2024-10-10T14:11:01.202+0000] {processor.py:914} INFO - Processing file /home/airflow/.local/lib/python3.12/site-packages/airflow/example_dags/example_datasets.py for tasks to queue
[2024-10-10T14:11:01.204+0000] {logging_mixin.py:190} INFO - [2024-10-10T14:11:01.204+0000] {dagbag.py:588} INFO - Filling up the DagBag from /home/airflow/.local/lib/python3.12/site-packages/airflow/example_dags/example_datasets.py
[2024-10-10T14:11:01.323+0000] {processor.py:925} INFO - DAG(s) 'consume_1_and_2_with_dataset_expressions', 'consume_1_or_2_with_dataset_expressions', 'dataset_produces_2', 'dataset_produces_1', 'dataset_consumes_1_never_scheduled', 'dataset_consumes_unknown_never_scheduled', 'dataset_consumes_1_and_2', 'conditional_dataset_and_time_based_timetable', 'dataset_consumes_1', 'consume_1_or_both_2_and_3_with_dataset_expressions' retrieved from /home/airflow/.local/lib/python3.12/site-packages/airflow/example_dags/example_datasets.py
[2024-10-10T14:11:01.364+0000] {logging_mixin.py:190} INFO - [2024-10-10T14:11:01.363+0000] {dag.py:3239} INFO - Sync 10 DAGs
[2024-10-10T14:11:01.389+0000] {logging_mixin.py:190} INFO - [2024-10-10T14:11:01.389+0000] {dag.py:4180} INFO - Setting next_dagrun for conditional_dataset_and_time_based_timetable to 2024-10-09 01:00:00+00:00, run_after=2024-10-09 01:00:00+00:00
[2024-10-10T14:11:01.392+0000] {logging_mixin.py:190} INFO - [2024-10-10T14:11:01.392+0000] {dag.py:4180} INFO - Setting next_dagrun for consume_1_and_2_with_dataset_expressions to None, run_after=None
[2024-10-10T14:11:01.394+0000] {logging_mixin.py:190} INFO - [2024-10-10T14:11:01.394+0000] {dag.py:4180} INFO - Setting next_dagrun for consume_1_or_2_with_dataset_expressions to None, run_after=None
[2024-10-10T14:11:01.395+0000] {logging_mixin.py:190} INFO - [2024-10-10T14:11:01.395+0000] {dag.py:4180} INFO - Setting next_dagrun for consume_1_or_both_2_and_3_with_dataset_expressions to None, run_after=None
[2024-10-10T14:11:01.396+0000] {logging_mixin.py:190} INFO - [2024-10-10T14:11:01.396+0000] {dag.py:4180} INFO - Setting next_dagrun for dataset_consumes_1 to None, run_after=None
[2024-10-10T14:11:01.397+0000] {logging_mixin.py:190} INFO - [2024-10-10T14:11:01.397+0000] {dag.py:4180} INFO - Setting next_dagrun for dataset_consumes_1_and_2 to None, run_after=None
[2024-10-10T14:11:01.398+0000] {logging_mixin.py:190} INFO - [2024-10-10T14:11:01.398+0000] {dag.py:4180} INFO - Setting next_dagrun for dataset_consumes_1_never_scheduled to None, run_after=None
[2024-10-10T14:11:01.399+0000] {logging_mixin.py:190} INFO - [2024-10-10T14:11:01.399+0000] {dag.py:4180} INFO - Setting next_dagrun for dataset_consumes_unknown_never_scheduled to None, run_after=None
[2024-10-10T14:11:01.402+0000] {logging_mixin.py:190} INFO - [2024-10-10T14:11:01.402+0000] {dag.py:4180} INFO - Setting next_dagrun for dataset_produces_1 to 2024-10-09 00:00:00+00:00, run_after=2024-10-10 00:00:00+00:00
[2024-10-10T14:11:01.403+0000] {logging_mixin.py:190} INFO - [2024-10-10T14:11:01.403+0000] {dag.py:4180} INFO - Setting next_dagrun for dataset_produces_2 to None, run_after=None
[2024-10-10T14:11:01.436+0000] {processor.py:208} INFO - Processing /home/airflow/.local/lib/python3.12/site-packages/airflow/example_dags/example_datasets.py took 0.243 seconds
[2024-10-10T14:11:32.303+0000] {processor.py:186} INFO - Started process (PID=1564) to work on /home/airflow/.local/lib/python3.12/site-packages/airflow/example_dags/example_datasets.py
[2024-10-10T14:11:32.304+0000] {processor.py:914} INFO - Processing file /home/airflow/.local/lib/python3.12/site-packages/airflow/example_dags/example_datasets.py for tasks to queue
[2024-10-10T14:11:32.306+0000] {logging_mixin.py:190} INFO - [2024-10-10T14:11:32.305+0000] {dagbag.py:588} INFO - Filling up the DagBag from /home/airflow/.local/lib/python3.12/site-packages/airflow/example_dags/example_datasets.py
[2024-10-10T14:11:32.415+0000] {processor.py:925} INFO - DAG(s) 'conditional_dataset_and_time_based_timetable', 'dataset_consumes_unknown_never_scheduled', 'dataset_produces_2', 'consume_1_and_2_with_dataset_expressions', 'dataset_consumes_1', 'consume_1_or_both_2_and_3_with_dataset_expressions', 'dataset_consumes_1_never_scheduled', 'dataset_produces_1', 'consume_1_or_2_with_dataset_expressions', 'dataset_consumes_1_and_2' retrieved from /home/airflow/.local/lib/python3.12/site-packages/airflow/example_dags/example_datasets.py
[2024-10-10T14:11:32.445+0000] {logging_mixin.py:190} INFO - [2024-10-10T14:11:32.445+0000] {dag.py:3239} INFO - Sync 10 DAGs
[2024-10-10T14:11:32.468+0000] {logging_mixin.py:190} INFO - [2024-10-10T14:11:32.468+0000] {dag.py:4180} INFO - Setting next_dagrun for conditional_dataset_and_time_based_timetable to 2024-10-09 01:00:00+00:00, run_after=2024-10-09 01:00:00+00:00
[2024-10-10T14:11:32.471+0000] {logging_mixin.py:190} INFO - [2024-10-10T14:11:32.471+0000] {dag.py:4180} INFO - Setting next_dagrun for consume_1_and_2_with_dataset_expressions to None, run_after=None
[2024-10-10T14:11:32.472+0000] {logging_mixin.py:190} INFO - [2024-10-10T14:11:32.472+0000] {dag.py:4180} INFO - Setting next_dagrun for consume_1_or_2_with_dataset_expressions to None, run_after=None
[2024-10-10T14:11:32.473+0000] {logging_mixin.py:190} INFO - [2024-10-10T14:11:32.473+0000] {dag.py:4180} INFO - Setting next_dagrun for consume_1_or_both_2_and_3_with_dataset_expressions to None, run_after=None
[2024-10-10T14:11:32.474+0000] {logging_mixin.py:190} INFO - [2024-10-10T14:11:32.473+0000] {dag.py:4180} INFO - Setting next_dagrun for dataset_consumes_1 to None, run_after=None
[2024-10-10T14:11:32.475+0000] {logging_mixin.py:190} INFO - [2024-10-10T14:11:32.475+0000] {dag.py:4180} INFO - Setting next_dagrun for dataset_consumes_1_and_2 to None, run_after=None
[2024-10-10T14:11:32.476+0000] {logging_mixin.py:190} INFO - [2024-10-10T14:11:32.475+0000] {dag.py:4180} INFO - Setting next_dagrun for dataset_consumes_1_never_scheduled to None, run_after=None
[2024-10-10T14:11:32.476+0000] {logging_mixin.py:190} INFO - [2024-10-10T14:11:32.476+0000] {dag.py:4180} INFO - Setting next_dagrun for dataset_consumes_unknown_never_scheduled to None, run_after=None
[2024-10-10T14:11:32.478+0000] {logging_mixin.py:190} INFO - [2024-10-10T14:11:32.478+0000] {dag.py:4180} INFO - Setting next_dagrun for dataset_produces_1 to 2024-10-09 00:00:00+00:00, run_after=2024-10-10 00:00:00+00:00
[2024-10-10T14:11:32.479+0000] {logging_mixin.py:190} INFO - [2024-10-10T14:11:32.479+0000] {dag.py:4180} INFO - Setting next_dagrun for dataset_produces_2 to None, run_after=None
[2024-10-10T14:11:32.504+0000] {processor.py:208} INFO - Processing /home/airflow/.local/lib/python3.12/site-packages/airflow/example_dags/example_datasets.py took 0.205 seconds
[2024-10-10T14:12:03.124+0000] {processor.py:186} INFO - Started process (PID=1626) to work on /home/airflow/.local/lib/python3.12/site-packages/airflow/example_dags/example_datasets.py
[2024-10-10T14:12:03.124+0000] {processor.py:914} INFO - Processing file /home/airflow/.local/lib/python3.12/site-packages/airflow/example_dags/example_datasets.py for tasks to queue
[2024-10-10T14:12:03.126+0000] {logging_mixin.py:190} INFO - [2024-10-10T14:12:03.126+0000] {dagbag.py:588} INFO - Filling up the DagBag from /home/airflow/.local/lib/python3.12/site-packages/airflow/example_dags/example_datasets.py
[2024-10-10T14:12:03.239+0000] {processor.py:925} INFO - DAG(s) 'dataset_produces_1', 'dataset_consumes_1_never_scheduled', 'dataset_consumes_1', 'consume_1_and_2_with_dataset_expressions', 'consume_1_or_2_with_dataset_expressions', 'conditional_dataset_and_time_based_timetable', 'dataset_consumes_1_and_2', 'dataset_consumes_unknown_never_scheduled', 'dataset_produces_2', 'consume_1_or_both_2_and_3_with_dataset_expressions' retrieved from /home/airflow/.local/lib/python3.12/site-packages/airflow/example_dags/example_datasets.py
[2024-10-10T14:12:03.267+0000] {logging_mixin.py:190} INFO - [2024-10-10T14:12:03.267+0000] {dag.py:3239} INFO - Sync 10 DAGs
[2024-10-10T14:12:03.285+0000] {logging_mixin.py:190} INFO - [2024-10-10T14:12:03.285+0000] {dag.py:4180} INFO - Setting next_dagrun for conditional_dataset_and_time_based_timetable to 2024-10-09 01:00:00+00:00, run_after=2024-10-09 01:00:00+00:00
[2024-10-10T14:12:03.287+0000] {logging_mixin.py:190} INFO - [2024-10-10T14:12:03.287+0000] {dag.py:4180} INFO - Setting next_dagrun for consume_1_and_2_with_dataset_expressions to None, run_after=None
[2024-10-10T14:12:03.288+0000] {logging_mixin.py:190} INFO - [2024-10-10T14:12:03.288+0000] {dag.py:4180} INFO - Setting next_dagrun for consume_1_or_2_with_dataset_expressions to None, run_after=None
[2024-10-10T14:12:03.289+0000] {logging_mixin.py:190} INFO - [2024-10-10T14:12:03.289+0000] {dag.py:4180} INFO - Setting next_dagrun for consume_1_or_both_2_and_3_with_dataset_expressions to None, run_after=None
[2024-10-10T14:12:03.290+0000] {logging_mixin.py:190} INFO - [2024-10-10T14:12:03.290+0000] {dag.py:4180} INFO - Setting next_dagrun for dataset_consumes_1 to None, run_after=None
[2024-10-10T14:12:03.291+0000] {logging_mixin.py:190} INFO - [2024-10-10T14:12:03.291+0000] {dag.py:4180} INFO - Setting next_dagrun for dataset_consumes_1_and_2 to None, run_after=None
[2024-10-10T14:12:03.292+0000] {logging_mixin.py:190} INFO - [2024-10-10T14:12:03.292+0000] {dag.py:4180} INFO - Setting next_dagrun for dataset_consumes_1_never_scheduled to None, run_after=None
[2024-10-10T14:12:03.293+0000] {logging_mixin.py:190} INFO - [2024-10-10T14:12:03.293+0000] {dag.py:4180} INFO - Setting next_dagrun for dataset_consumes_unknown_never_scheduled to None, run_after=None
[2024-10-10T14:12:03.295+0000] {logging_mixin.py:190} INFO - [2024-10-10T14:12:03.295+0000] {dag.py:4180} INFO - Setting next_dagrun for dataset_produces_1 to 2024-10-09 00:00:00+00:00, run_after=2024-10-10 00:00:00+00:00
[2024-10-10T14:12:03.296+0000] {logging_mixin.py:190} INFO - [2024-10-10T14:12:03.296+0000] {dag.py:4180} INFO - Setting next_dagrun for dataset_produces_2 to None, run_after=None
[2024-10-10T14:12:03.478+0000] {processor.py:208} INFO - Processing /home/airflow/.local/lib/python3.12/site-packages/airflow/example_dags/example_datasets.py took 0.359 seconds
[2024-10-10T14:12:33.994+0000] {processor.py:186} INFO - Started process (PID=1688) to work on /home/airflow/.local/lib/python3.12/site-packages/airflow/example_dags/example_datasets.py
[2024-10-10T14:12:33.995+0000] {processor.py:914} INFO - Processing file /home/airflow/.local/lib/python3.12/site-packages/airflow/example_dags/example_datasets.py for tasks to queue
[2024-10-10T14:12:33.997+0000] {logging_mixin.py:190} INFO - [2024-10-10T14:12:33.997+0000] {dagbag.py:588} INFO - Filling up the DagBag from /home/airflow/.local/lib/python3.12/site-packages/airflow/example_dags/example_datasets.py
[2024-10-10T14:12:34.130+0000] {processor.py:925} INFO - DAG(s) 'conditional_dataset_and_time_based_timetable', 'dataset_consumes_1_never_scheduled', 'consume_1_or_both_2_and_3_with_dataset_expressions', 'dataset_consumes_1_and_2', 'dataset_consumes_1', 'dataset_produces_1', 'consume_1_or_2_with_dataset_expressions', 'dataset_produces_2', 'dataset_consumes_unknown_never_scheduled', 'consume_1_and_2_with_dataset_expressions' retrieved from /home/airflow/.local/lib/python3.12/site-packages/airflow/example_dags/example_datasets.py
[2024-10-10T14:12:34.159+0000] {logging_mixin.py:190} INFO - [2024-10-10T14:12:34.159+0000] {dag.py:3239} INFO - Sync 10 DAGs
[2024-10-10T14:12:34.178+0000] {logging_mixin.py:190} INFO - [2024-10-10T14:12:34.178+0000] {dag.py:4180} INFO - Setting next_dagrun for conditional_dataset_and_time_based_timetable to 2024-10-09 01:00:00+00:00, run_after=2024-10-09 01:00:00+00:00
[2024-10-10T14:12:34.181+0000] {logging_mixin.py:190} INFO - [2024-10-10T14:12:34.181+0000] {dag.py:4180} INFO - Setting next_dagrun for consume_1_and_2_with_dataset_expressions to None, run_after=None
[2024-10-10T14:12:34.182+0000] {logging_mixin.py:190} INFO - [2024-10-10T14:12:34.182+0000] {dag.py:4180} INFO - Setting next_dagrun for consume_1_or_2_with_dataset_expressions to None, run_after=None
[2024-10-10T14:12:34.183+0000] {logging_mixin.py:190} INFO - [2024-10-10T14:12:34.183+0000] {dag.py:4180} INFO - Setting next_dagrun for consume_1_or_both_2_and_3_with_dataset_expressions to None, run_after=None
[2024-10-10T14:12:34.184+0000] {logging_mixin.py:190} INFO - [2024-10-10T14:12:34.184+0000] {dag.py:4180} INFO - Setting next_dagrun for dataset_consumes_1 to None, run_after=None
[2024-10-10T14:12:34.185+0000] {logging_mixin.py:190} INFO - [2024-10-10T14:12:34.185+0000] {dag.py:4180} INFO - Setting next_dagrun for dataset_consumes_1_and_2 to None, run_after=None
[2024-10-10T14:12:34.186+0000] {logging_mixin.py:190} INFO - [2024-10-10T14:12:34.185+0000] {dag.py:4180} INFO - Setting next_dagrun for dataset_consumes_1_never_scheduled to None, run_after=None
[2024-10-10T14:12:34.187+0000] {logging_mixin.py:190} INFO - [2024-10-10T14:12:34.186+0000] {dag.py:4180} INFO - Setting next_dagrun for dataset_consumes_unknown_never_scheduled to None, run_after=None
[2024-10-10T14:12:34.188+0000] {logging_mixin.py:190} INFO - [2024-10-10T14:12:34.188+0000] {dag.py:4180} INFO - Setting next_dagrun for dataset_produces_1 to 2024-10-09 00:00:00+00:00, run_after=2024-10-10 00:00:00+00:00
[2024-10-10T14:12:34.189+0000] {logging_mixin.py:190} INFO - [2024-10-10T14:12:34.189+0000] {dag.py:4180} INFO - Setting next_dagrun for dataset_produces_2 to None, run_after=None
[2024-10-10T14:12:34.214+0000] {processor.py:208} INFO - Processing /home/airflow/.local/lib/python3.12/site-packages/airflow/example_dags/example_datasets.py took 0.225 seconds
