[2024-10-10T13:59:17.914+0000] {processor.py:186} INFO - Started process (PID=93) to work on /home/airflow/.local/lib/python3.12/site-packages/airflow/example_dags/example_branch_python_dop_operator_3.py
[2024-10-10T13:59:17.915+0000] {processor.py:914} INFO - Processing file /home/airflow/.local/lib/python3.12/site-packages/airflow/example_dags/example_branch_python_dop_operator_3.py for tasks to queue
[2024-10-10T13:59:17.917+0000] {logging_mixin.py:190} INFO - [2024-10-10T13:59:17.916+0000] {dagbag.py:588} INFO - Filling up the DagBag from /home/airflow/.local/lib/python3.12/site-packages/airflow/example_dags/example_branch_python_dop_operator_3.py
[2024-10-10T13:59:17.925+0000] {processor.py:925} INFO - DAG(s) 'example_branch_dop_operator_v3' retrieved from /home/airflow/.local/lib/python3.12/site-packages/airflow/example_dags/example_branch_python_dop_operator_3.py
[2024-10-10T13:59:17.943+0000] {logging_mixin.py:190} INFO - [2024-10-10T13:59:17.942+0000] {dag.py:3239} INFO - Sync 1 DAGs
[2024-10-10T13:59:17.963+0000] {logging_mixin.py:190} INFO - [2024-10-10T13:59:17.963+0000] {dag.py:4180} INFO - Setting next_dagrun for example_branch_dop_operator_v3 to 2024-10-10 13:58:00+00:00, run_after=2024-10-10 13:59:00+00:00
[2024-10-10T13:59:17.979+0000] {processor.py:208} INFO - Processing /home/airflow/.local/lib/python3.12/site-packages/airflow/example_dags/example_branch_python_dop_operator_3.py took 0.070 seconds
[2024-10-10T13:59:48.057+0000] {processor.py:186} INFO - Started process (PID=155) to work on /home/airflow/.local/lib/python3.12/site-packages/airflow/example_dags/example_branch_python_dop_operator_3.py
[2024-10-10T13:59:48.058+0000] {processor.py:914} INFO - Processing file /home/airflow/.local/lib/python3.12/site-packages/airflow/example_dags/example_branch_python_dop_operator_3.py for tasks to queue
[2024-10-10T13:59:48.060+0000] {logging_mixin.py:190} INFO - [2024-10-10T13:59:48.060+0000] {dagbag.py:588} INFO - Filling up the DagBag from /home/airflow/.local/lib/python3.12/site-packages/airflow/example_dags/example_branch_python_dop_operator_3.py
[2024-10-10T13:59:48.067+0000] {processor.py:925} INFO - DAG(s) 'example_branch_dop_operator_v3' retrieved from /home/airflow/.local/lib/python3.12/site-packages/airflow/example_dags/example_branch_python_dop_operator_3.py
[2024-10-10T13:59:48.083+0000] {logging_mixin.py:190} INFO - [2024-10-10T13:59:48.083+0000] {dag.py:3239} INFO - Sync 1 DAGs
[2024-10-10T13:59:48.104+0000] {logging_mixin.py:190} INFO - [2024-10-10T13:59:48.104+0000] {dag.py:4180} INFO - Setting next_dagrun for example_branch_dop_operator_v3 to 2024-10-10 13:58:00+00:00, run_after=2024-10-10 13:59:00+00:00
[2024-10-10T13:59:48.120+0000] {processor.py:208} INFO - Processing /home/airflow/.local/lib/python3.12/site-packages/airflow/example_dags/example_branch_python_dop_operator_3.py took 0.067 seconds
[2024-10-10T14:00:18.264+0000] {processor.py:186} INFO - Started process (PID=218) to work on /home/airflow/.local/lib/python3.12/site-packages/airflow/example_dags/example_branch_python_dop_operator_3.py
[2024-10-10T14:00:18.265+0000] {processor.py:914} INFO - Processing file /home/airflow/.local/lib/python3.12/site-packages/airflow/example_dags/example_branch_python_dop_operator_3.py for tasks to queue
[2024-10-10T14:00:18.266+0000] {logging_mixin.py:190} INFO - [2024-10-10T14:00:18.266+0000] {dagbag.py:588} INFO - Filling up the DagBag from /home/airflow/.local/lib/python3.12/site-packages/airflow/example_dags/example_branch_python_dop_operator_3.py
[2024-10-10T14:00:18.275+0000] {processor.py:925} INFO - DAG(s) 'example_branch_dop_operator_v3' retrieved from /home/airflow/.local/lib/python3.12/site-packages/airflow/example_dags/example_branch_python_dop_operator_3.py
[2024-10-10T14:00:18.290+0000] {logging_mixin.py:190} INFO - [2024-10-10T14:00:18.290+0000] {dag.py:3239} INFO - Sync 1 DAGs
[2024-10-10T14:00:18.311+0000] {logging_mixin.py:190} INFO - [2024-10-10T14:00:18.310+0000] {dag.py:4180} INFO - Setting next_dagrun for example_branch_dop_operator_v3 to 2024-10-10 13:59:00+00:00, run_after=2024-10-10 14:00:00+00:00
[2024-10-10T14:00:18.327+0000] {processor.py:208} INFO - Processing /home/airflow/.local/lib/python3.12/site-packages/airflow/example_dags/example_branch_python_dop_operator_3.py took 0.068 seconds
[2024-10-10T14:00:48.595+0000] {processor.py:186} INFO - Started process (PID=280) to work on /home/airflow/.local/lib/python3.12/site-packages/airflow/example_dags/example_branch_python_dop_operator_3.py
[2024-10-10T14:00:48.596+0000] {processor.py:914} INFO - Processing file /home/airflow/.local/lib/python3.12/site-packages/airflow/example_dags/example_branch_python_dop_operator_3.py for tasks to queue
[2024-10-10T14:00:48.598+0000] {logging_mixin.py:190} INFO - [2024-10-10T14:00:48.597+0000] {dagbag.py:588} INFO - Filling up the DagBag from /home/airflow/.local/lib/python3.12/site-packages/airflow/example_dags/example_branch_python_dop_operator_3.py
[2024-10-10T14:00:48.605+0000] {processor.py:925} INFO - DAG(s) 'example_branch_dop_operator_v3' retrieved from /home/airflow/.local/lib/python3.12/site-packages/airflow/example_dags/example_branch_python_dop_operator_3.py
[2024-10-10T14:00:48.622+0000] {logging_mixin.py:190} INFO - [2024-10-10T14:00:48.622+0000] {dag.py:3239} INFO - Sync 1 DAGs
[2024-10-10T14:00:48.644+0000] {logging_mixin.py:190} INFO - [2024-10-10T14:00:48.644+0000] {dag.py:4180} INFO - Setting next_dagrun for example_branch_dop_operator_v3 to 2024-10-10 13:59:00+00:00, run_after=2024-10-10 14:00:00+00:00
[2024-10-10T14:00:48.661+0000] {processor.py:208} INFO - Processing /home/airflow/.local/lib/python3.12/site-packages/airflow/example_dags/example_branch_python_dop_operator_3.py took 0.071 seconds
[2024-10-10T14:01:18.816+0000] {processor.py:186} INFO - Started process (PID=342) to work on /home/airflow/.local/lib/python3.12/site-packages/airflow/example_dags/example_branch_python_dop_operator_3.py
[2024-10-10T14:01:18.817+0000] {processor.py:914} INFO - Processing file /home/airflow/.local/lib/python3.12/site-packages/airflow/example_dags/example_branch_python_dop_operator_3.py for tasks to queue
[2024-10-10T14:01:18.819+0000] {logging_mixin.py:190} INFO - [2024-10-10T14:01:18.818+0000] {dagbag.py:588} INFO - Filling up the DagBag from /home/airflow/.local/lib/python3.12/site-packages/airflow/example_dags/example_branch_python_dop_operator_3.py
[2024-10-10T14:01:18.826+0000] {processor.py:925} INFO - DAG(s) 'example_branch_dop_operator_v3' retrieved from /home/airflow/.local/lib/python3.12/site-packages/airflow/example_dags/example_branch_python_dop_operator_3.py
[2024-10-10T14:01:18.841+0000] {logging_mixin.py:190} INFO - [2024-10-10T14:01:18.841+0000] {dag.py:3239} INFO - Sync 1 DAGs
[2024-10-10T14:01:18.860+0000] {logging_mixin.py:190} INFO - [2024-10-10T14:01:18.860+0000] {dag.py:4180} INFO - Setting next_dagrun for example_branch_dop_operator_v3 to 2024-10-10 14:00:00+00:00, run_after=2024-10-10 14:01:00+00:00
[2024-10-10T14:01:18.873+0000] {processor.py:208} INFO - Processing /home/airflow/.local/lib/python3.12/site-packages/airflow/example_dags/example_branch_python_dop_operator_3.py took 0.061 seconds
[2024-10-10T14:01:49.121+0000] {processor.py:186} INFO - Started process (PID=404) to work on /home/airflow/.local/lib/python3.12/site-packages/airflow/example_dags/example_branch_python_dop_operator_3.py
[2024-10-10T14:01:49.122+0000] {processor.py:914} INFO - Processing file /home/airflow/.local/lib/python3.12/site-packages/airflow/example_dags/example_branch_python_dop_operator_3.py for tasks to queue
[2024-10-10T14:01:49.124+0000] {logging_mixin.py:190} INFO - [2024-10-10T14:01:49.123+0000] {dagbag.py:588} INFO - Filling up the DagBag from /home/airflow/.local/lib/python3.12/site-packages/airflow/example_dags/example_branch_python_dop_operator_3.py
[2024-10-10T14:01:49.131+0000] {processor.py:925} INFO - DAG(s) 'example_branch_dop_operator_v3' retrieved from /home/airflow/.local/lib/python3.12/site-packages/airflow/example_dags/example_branch_python_dop_operator_3.py
[2024-10-10T14:01:49.145+0000] {logging_mixin.py:190} INFO - [2024-10-10T14:01:49.145+0000] {dag.py:3239} INFO - Sync 1 DAGs
[2024-10-10T14:01:49.164+0000] {logging_mixin.py:190} INFO - [2024-10-10T14:01:49.164+0000] {dag.py:4180} INFO - Setting next_dagrun for example_branch_dop_operator_v3 to 2024-10-10 14:00:00+00:00, run_after=2024-10-10 14:01:00+00:00
[2024-10-10T14:01:49.178+0000] {processor.py:208} INFO - Processing /home/airflow/.local/lib/python3.12/site-packages/airflow/example_dags/example_branch_python_dop_operator_3.py took 0.061 seconds
[2024-10-10T14:02:19.453+0000] {processor.py:186} INFO - Started process (PID=466) to work on /home/airflow/.local/lib/python3.12/site-packages/airflow/example_dags/example_branch_python_dop_operator_3.py
[2024-10-10T14:02:19.453+0000] {processor.py:914} INFO - Processing file /home/airflow/.local/lib/python3.12/site-packages/airflow/example_dags/example_branch_python_dop_operator_3.py for tasks to queue
[2024-10-10T14:02:19.455+0000] {logging_mixin.py:190} INFO - [2024-10-10T14:02:19.455+0000] {dagbag.py:588} INFO - Filling up the DagBag from /home/airflow/.local/lib/python3.12/site-packages/airflow/example_dags/example_branch_python_dop_operator_3.py
[2024-10-10T14:02:19.462+0000] {processor.py:925} INFO - DAG(s) 'example_branch_dop_operator_v3' retrieved from /home/airflow/.local/lib/python3.12/site-packages/airflow/example_dags/example_branch_python_dop_operator_3.py
[2024-10-10T14:02:19.477+0000] {logging_mixin.py:190} INFO - [2024-10-10T14:02:19.477+0000] {dag.py:3239} INFO - Sync 1 DAGs
[2024-10-10T14:02:19.497+0000] {logging_mixin.py:190} INFO - [2024-10-10T14:02:19.496+0000] {dag.py:4180} INFO - Setting next_dagrun for example_branch_dop_operator_v3 to 2024-10-10 14:01:00+00:00, run_after=2024-10-10 14:02:00+00:00
[2024-10-10T14:02:19.510+0000] {processor.py:208} INFO - Processing /home/airflow/.local/lib/python3.12/site-packages/airflow/example_dags/example_branch_python_dop_operator_3.py took 0.062 seconds
[2024-10-10T14:02:50.100+0000] {processor.py:186} INFO - Started process (PID=528) to work on /home/airflow/.local/lib/python3.12/site-packages/airflow/example_dags/example_branch_python_dop_operator_3.py
[2024-10-10T14:02:50.101+0000] {processor.py:914} INFO - Processing file /home/airflow/.local/lib/python3.12/site-packages/airflow/example_dags/example_branch_python_dop_operator_3.py for tasks to queue
[2024-10-10T14:02:50.103+0000] {logging_mixin.py:190} INFO - [2024-10-10T14:02:50.102+0000] {dagbag.py:588} INFO - Filling up the DagBag from /home/airflow/.local/lib/python3.12/site-packages/airflow/example_dags/example_branch_python_dop_operator_3.py
[2024-10-10T14:02:50.110+0000] {processor.py:925} INFO - DAG(s) 'example_branch_dop_operator_v3' retrieved from /home/airflow/.local/lib/python3.12/site-packages/airflow/example_dags/example_branch_python_dop_operator_3.py
[2024-10-10T14:02:50.126+0000] {logging_mixin.py:190} INFO - [2024-10-10T14:02:50.126+0000] {dag.py:3239} INFO - Sync 1 DAGs
[2024-10-10T14:02:50.146+0000] {logging_mixin.py:190} INFO - [2024-10-10T14:02:50.145+0000] {dag.py:4180} INFO - Setting next_dagrun for example_branch_dop_operator_v3 to 2024-10-10 14:01:00+00:00, run_after=2024-10-10 14:02:00+00:00
[2024-10-10T14:02:50.159+0000] {processor.py:208} INFO - Processing /home/airflow/.local/lib/python3.12/site-packages/airflow/example_dags/example_branch_python_dop_operator_3.py took 0.063 seconds
[2024-10-10T14:03:21.017+0000] {processor.py:186} INFO - Started process (PID=590) to work on /home/airflow/.local/lib/python3.12/site-packages/airflow/example_dags/example_branch_python_dop_operator_3.py
[2024-10-10T14:03:21.018+0000] {processor.py:914} INFO - Processing file /home/airflow/.local/lib/python3.12/site-packages/airflow/example_dags/example_branch_python_dop_operator_3.py for tasks to queue
[2024-10-10T14:03:21.020+0000] {logging_mixin.py:190} INFO - [2024-10-10T14:03:21.019+0000] {dagbag.py:588} INFO - Filling up the DagBag from /home/airflow/.local/lib/python3.12/site-packages/airflow/example_dags/example_branch_python_dop_operator_3.py
[2024-10-10T14:03:21.030+0000] {processor.py:925} INFO - DAG(s) 'example_branch_dop_operator_v3' retrieved from /home/airflow/.local/lib/python3.12/site-packages/airflow/example_dags/example_branch_python_dop_operator_3.py
[2024-10-10T14:03:21.049+0000] {logging_mixin.py:190} INFO - [2024-10-10T14:03:21.049+0000] {dag.py:3239} INFO - Sync 1 DAGs
[2024-10-10T14:03:21.077+0000] {logging_mixin.py:190} INFO - [2024-10-10T14:03:21.077+0000] {dag.py:4180} INFO - Setting next_dagrun for example_branch_dop_operator_v3 to 2024-10-10 14:02:00+00:00, run_after=2024-10-10 14:03:00+00:00
[2024-10-10T14:03:21.097+0000] {processor.py:208} INFO - Processing /home/airflow/.local/lib/python3.12/site-packages/airflow/example_dags/example_branch_python_dop_operator_3.py took 0.085 seconds
[2024-10-10T14:03:51.731+0000] {processor.py:186} INFO - Started process (PID=652) to work on /home/airflow/.local/lib/python3.12/site-packages/airflow/example_dags/example_branch_python_dop_operator_3.py
[2024-10-10T14:03:51.732+0000] {processor.py:914} INFO - Processing file /home/airflow/.local/lib/python3.12/site-packages/airflow/example_dags/example_branch_python_dop_operator_3.py for tasks to queue
[2024-10-10T14:03:51.734+0000] {logging_mixin.py:190} INFO - [2024-10-10T14:03:51.733+0000] {dagbag.py:588} INFO - Filling up the DagBag from /home/airflow/.local/lib/python3.12/site-packages/airflow/example_dags/example_branch_python_dop_operator_3.py
[2024-10-10T14:03:51.741+0000] {processor.py:925} INFO - DAG(s) 'example_branch_dop_operator_v3' retrieved from /home/airflow/.local/lib/python3.12/site-packages/airflow/example_dags/example_branch_python_dop_operator_3.py
[2024-10-10T14:03:51.756+0000] {logging_mixin.py:190} INFO - [2024-10-10T14:03:51.756+0000] {dag.py:3239} INFO - Sync 1 DAGs
[2024-10-10T14:03:51.775+0000] {logging_mixin.py:190} INFO - [2024-10-10T14:03:51.775+0000] {dag.py:4180} INFO - Setting next_dagrun for example_branch_dop_operator_v3 to 2024-10-10 14:02:00+00:00, run_after=2024-10-10 14:03:00+00:00
[2024-10-10T14:03:51.789+0000] {processor.py:208} INFO - Processing /home/airflow/.local/lib/python3.12/site-packages/airflow/example_dags/example_branch_python_dop_operator_3.py took 0.062 seconds
[2024-10-10T14:04:22.416+0000] {processor.py:186} INFO - Started process (PID=714) to work on /home/airflow/.local/lib/python3.12/site-packages/airflow/example_dags/example_branch_python_dop_operator_3.py
[2024-10-10T14:04:22.416+0000] {processor.py:914} INFO - Processing file /home/airflow/.local/lib/python3.12/site-packages/airflow/example_dags/example_branch_python_dop_operator_3.py for tasks to queue
[2024-10-10T14:04:22.418+0000] {logging_mixin.py:190} INFO - [2024-10-10T14:04:22.418+0000] {dagbag.py:588} INFO - Filling up the DagBag from /home/airflow/.local/lib/python3.12/site-packages/airflow/example_dags/example_branch_python_dop_operator_3.py
[2024-10-10T14:04:22.425+0000] {processor.py:925} INFO - DAG(s) 'example_branch_dop_operator_v3' retrieved from /home/airflow/.local/lib/python3.12/site-packages/airflow/example_dags/example_branch_python_dop_operator_3.py
[2024-10-10T14:04:22.440+0000] {logging_mixin.py:190} INFO - [2024-10-10T14:04:22.440+0000] {dag.py:3239} INFO - Sync 1 DAGs
[2024-10-10T14:04:22.461+0000] {logging_mixin.py:190} INFO - [2024-10-10T14:04:22.461+0000] {dag.py:4180} INFO - Setting next_dagrun for example_branch_dop_operator_v3 to 2024-10-10 14:03:00+00:00, run_after=2024-10-10 14:04:00+00:00
[2024-10-10T14:04:22.474+0000] {processor.py:208} INFO - Processing /home/airflow/.local/lib/python3.12/site-packages/airflow/example_dags/example_branch_python_dop_operator_3.py took 0.063 seconds
[2024-10-10T14:04:53.294+0000] {processor.py:186} INFO - Started process (PID=776) to work on /home/airflow/.local/lib/python3.12/site-packages/airflow/example_dags/example_branch_python_dop_operator_3.py
[2024-10-10T14:04:53.295+0000] {processor.py:914} INFO - Processing file /home/airflow/.local/lib/python3.12/site-packages/airflow/example_dags/example_branch_python_dop_operator_3.py for tasks to queue
[2024-10-10T14:04:53.296+0000] {logging_mixin.py:190} INFO - [2024-10-10T14:04:53.296+0000] {dagbag.py:588} INFO - Filling up the DagBag from /home/airflow/.local/lib/python3.12/site-packages/airflow/example_dags/example_branch_python_dop_operator_3.py
[2024-10-10T14:04:53.304+0000] {processor.py:925} INFO - DAG(s) 'example_branch_dop_operator_v3' retrieved from /home/airflow/.local/lib/python3.12/site-packages/airflow/example_dags/example_branch_python_dop_operator_3.py
[2024-10-10T14:04:53.318+0000] {logging_mixin.py:190} INFO - [2024-10-10T14:04:53.318+0000] {dag.py:3239} INFO - Sync 1 DAGs
[2024-10-10T14:04:53.338+0000] {logging_mixin.py:190} INFO - [2024-10-10T14:04:53.337+0000] {dag.py:4180} INFO - Setting next_dagrun for example_branch_dop_operator_v3 to 2024-10-10 14:03:00+00:00, run_after=2024-10-10 14:04:00+00:00
[2024-10-10T14:04:53.349+0000] {processor.py:208} INFO - Processing /home/airflow/.local/lib/python3.12/site-packages/airflow/example_dags/example_branch_python_dop_operator_3.py took 0.061 seconds
[2024-10-10T14:05:24.030+0000] {processor.py:186} INFO - Started process (PID=838) to work on /home/airflow/.local/lib/python3.12/site-packages/airflow/example_dags/example_branch_python_dop_operator_3.py
[2024-10-10T14:05:24.031+0000] {processor.py:914} INFO - Processing file /home/airflow/.local/lib/python3.12/site-packages/airflow/example_dags/example_branch_python_dop_operator_3.py for tasks to queue
[2024-10-10T14:05:24.034+0000] {logging_mixin.py:190} INFO - [2024-10-10T14:05:24.033+0000] {dagbag.py:588} INFO - Filling up the DagBag from /home/airflow/.local/lib/python3.12/site-packages/airflow/example_dags/example_branch_python_dop_operator_3.py
[2024-10-10T14:05:24.043+0000] {processor.py:925} INFO - DAG(s) 'example_branch_dop_operator_v3' retrieved from /home/airflow/.local/lib/python3.12/site-packages/airflow/example_dags/example_branch_python_dop_operator_3.py
[2024-10-10T14:05:24.064+0000] {logging_mixin.py:190} INFO - [2024-10-10T14:05:24.064+0000] {dag.py:3239} INFO - Sync 1 DAGs
[2024-10-10T14:05:24.087+0000] {logging_mixin.py:190} INFO - [2024-10-10T14:05:24.087+0000] {dag.py:4180} INFO - Setting next_dagrun for example_branch_dop_operator_v3 to 2024-10-10 14:04:00+00:00, run_after=2024-10-10 14:05:00+00:00
[2024-10-10T14:05:24.104+0000] {processor.py:208} INFO - Processing /home/airflow/.local/lib/python3.12/site-packages/airflow/example_dags/example_branch_python_dop_operator_3.py took 0.081 seconds
[2024-10-10T14:05:54.757+0000] {processor.py:186} INFO - Started process (PID=900) to work on /home/airflow/.local/lib/python3.12/site-packages/airflow/example_dags/example_branch_python_dop_operator_3.py
[2024-10-10T14:05:54.758+0000] {processor.py:914} INFO - Processing file /home/airflow/.local/lib/python3.12/site-packages/airflow/example_dags/example_branch_python_dop_operator_3.py for tasks to queue
[2024-10-10T14:05:54.760+0000] {logging_mixin.py:190} INFO - [2024-10-10T14:05:54.760+0000] {dagbag.py:588} INFO - Filling up the DagBag from /home/airflow/.local/lib/python3.12/site-packages/airflow/example_dags/example_branch_python_dop_operator_3.py
[2024-10-10T14:05:54.767+0000] {processor.py:925} INFO - DAG(s) 'example_branch_dop_operator_v3' retrieved from /home/airflow/.local/lib/python3.12/site-packages/airflow/example_dags/example_branch_python_dop_operator_3.py
[2024-10-10T14:05:54.782+0000] {logging_mixin.py:190} INFO - [2024-10-10T14:05:54.782+0000] {dag.py:3239} INFO - Sync 1 DAGs
[2024-10-10T14:05:54.802+0000] {logging_mixin.py:190} INFO - [2024-10-10T14:05:54.802+0000] {dag.py:4180} INFO - Setting next_dagrun for example_branch_dop_operator_v3 to 2024-10-10 14:04:00+00:00, run_after=2024-10-10 14:05:00+00:00
[2024-10-10T14:05:54.815+0000] {processor.py:208} INFO - Processing /home/airflow/.local/lib/python3.12/site-packages/airflow/example_dags/example_branch_python_dop_operator_3.py took 0.062 seconds
[2024-10-10T14:06:25.497+0000] {processor.py:186} INFO - Started process (PID=962) to work on /home/airflow/.local/lib/python3.12/site-packages/airflow/example_dags/example_branch_python_dop_operator_3.py
[2024-10-10T14:06:25.497+0000] {processor.py:914} INFO - Processing file /home/airflow/.local/lib/python3.12/site-packages/airflow/example_dags/example_branch_python_dop_operator_3.py for tasks to queue
[2024-10-10T14:06:25.499+0000] {logging_mixin.py:190} INFO - [2024-10-10T14:06:25.499+0000] {dagbag.py:588} INFO - Filling up the DagBag from /home/airflow/.local/lib/python3.12/site-packages/airflow/example_dags/example_branch_python_dop_operator_3.py
[2024-10-10T14:06:25.506+0000] {processor.py:925} INFO - DAG(s) 'example_branch_dop_operator_v3' retrieved from /home/airflow/.local/lib/python3.12/site-packages/airflow/example_dags/example_branch_python_dop_operator_3.py
[2024-10-10T14:06:25.521+0000] {logging_mixin.py:190} INFO - [2024-10-10T14:06:25.521+0000] {dag.py:3239} INFO - Sync 1 DAGs
[2024-10-10T14:06:25.540+0000] {logging_mixin.py:190} INFO - [2024-10-10T14:06:25.540+0000] {dag.py:4180} INFO - Setting next_dagrun for example_branch_dop_operator_v3 to 2024-10-10 14:05:00+00:00, run_after=2024-10-10 14:06:00+00:00
[2024-10-10T14:06:25.554+0000] {processor.py:208} INFO - Processing /home/airflow/.local/lib/python3.12/site-packages/airflow/example_dags/example_branch_python_dop_operator_3.py took 0.062 seconds
[2024-10-10T14:06:56.232+0000] {processor.py:186} INFO - Started process (PID=1024) to work on /home/airflow/.local/lib/python3.12/site-packages/airflow/example_dags/example_branch_python_dop_operator_3.py
[2024-10-10T14:06:56.233+0000] {processor.py:914} INFO - Processing file /home/airflow/.local/lib/python3.12/site-packages/airflow/example_dags/example_branch_python_dop_operator_3.py for tasks to queue
[2024-10-10T14:06:56.234+0000] {logging_mixin.py:190} INFO - [2024-10-10T14:06:56.234+0000] {dagbag.py:588} INFO - Filling up the DagBag from /home/airflow/.local/lib/python3.12/site-packages/airflow/example_dags/example_branch_python_dop_operator_3.py
[2024-10-10T14:06:56.241+0000] {processor.py:925} INFO - DAG(s) 'example_branch_dop_operator_v3' retrieved from /home/airflow/.local/lib/python3.12/site-packages/airflow/example_dags/example_branch_python_dop_operator_3.py
[2024-10-10T14:06:56.255+0000] {logging_mixin.py:190} INFO - [2024-10-10T14:06:56.255+0000] {dag.py:3239} INFO - Sync 1 DAGs
[2024-10-10T14:06:56.274+0000] {logging_mixin.py:190} INFO - [2024-10-10T14:06:56.273+0000] {dag.py:4180} INFO - Setting next_dagrun for example_branch_dop_operator_v3 to 2024-10-10 14:05:00+00:00, run_after=2024-10-10 14:06:00+00:00
[2024-10-10T14:06:56.287+0000] {processor.py:208} INFO - Processing /home/airflow/.local/lib/python3.12/site-packages/airflow/example_dags/example_branch_python_dop_operator_3.py took 0.060 seconds
[2024-10-10T14:07:26.905+0000] {processor.py:186} INFO - Started process (PID=1086) to work on /home/airflow/.local/lib/python3.12/site-packages/airflow/example_dags/example_branch_python_dop_operator_3.py
[2024-10-10T14:07:26.906+0000] {processor.py:914} INFO - Processing file /home/airflow/.local/lib/python3.12/site-packages/airflow/example_dags/example_branch_python_dop_operator_3.py for tasks to queue
[2024-10-10T14:07:26.907+0000] {logging_mixin.py:190} INFO - [2024-10-10T14:07:26.907+0000] {dagbag.py:588} INFO - Filling up the DagBag from /home/airflow/.local/lib/python3.12/site-packages/airflow/example_dags/example_branch_python_dop_operator_3.py
[2024-10-10T14:07:26.916+0000] {processor.py:925} INFO - DAG(s) 'example_branch_dop_operator_v3' retrieved from /home/airflow/.local/lib/python3.12/site-packages/airflow/example_dags/example_branch_python_dop_operator_3.py
[2024-10-10T14:07:26.933+0000] {logging_mixin.py:190} INFO - [2024-10-10T14:07:26.932+0000] {dag.py:3239} INFO - Sync 1 DAGs
[2024-10-10T14:07:26.956+0000] {logging_mixin.py:190} INFO - [2024-10-10T14:07:26.956+0000] {dag.py:4180} INFO - Setting next_dagrun for example_branch_dop_operator_v3 to 2024-10-10 14:06:00+00:00, run_after=2024-10-10 14:07:00+00:00
[2024-10-10T14:07:26.973+0000] {processor.py:208} INFO - Processing /home/airflow/.local/lib/python3.12/site-packages/airflow/example_dags/example_branch_python_dop_operator_3.py took 0.073 seconds
[2024-10-10T14:07:57.742+0000] {processor.py:186} INFO - Started process (PID=1148) to work on /home/airflow/.local/lib/python3.12/site-packages/airflow/example_dags/example_branch_python_dop_operator_3.py
[2024-10-10T14:07:57.743+0000] {processor.py:914} INFO - Processing file /home/airflow/.local/lib/python3.12/site-packages/airflow/example_dags/example_branch_python_dop_operator_3.py for tasks to queue
[2024-10-10T14:07:57.745+0000] {logging_mixin.py:190} INFO - [2024-10-10T14:07:57.744+0000] {dagbag.py:588} INFO - Filling up the DagBag from /home/airflow/.local/lib/python3.12/site-packages/airflow/example_dags/example_branch_python_dop_operator_3.py
[2024-10-10T14:07:57.752+0000] {processor.py:925} INFO - DAG(s) 'example_branch_dop_operator_v3' retrieved from /home/airflow/.local/lib/python3.12/site-packages/airflow/example_dags/example_branch_python_dop_operator_3.py
[2024-10-10T14:07:57.767+0000] {logging_mixin.py:190} INFO - [2024-10-10T14:07:57.767+0000] {dag.py:3239} INFO - Sync 1 DAGs
[2024-10-10T14:07:57.786+0000] {logging_mixin.py:190} INFO - [2024-10-10T14:07:57.786+0000] {dag.py:4180} INFO - Setting next_dagrun for example_branch_dop_operator_v3 to 2024-10-10 14:06:00+00:00, run_after=2024-10-10 14:07:00+00:00
[2024-10-10T14:07:57.800+0000] {processor.py:208} INFO - Processing /home/airflow/.local/lib/python3.12/site-packages/airflow/example_dags/example_branch_python_dop_operator_3.py took 0.063 seconds
[2024-10-10T14:08:28.418+0000] {processor.py:186} INFO - Started process (PID=1210) to work on /home/airflow/.local/lib/python3.12/site-packages/airflow/example_dags/example_branch_python_dop_operator_3.py
[2024-10-10T14:08:28.419+0000] {processor.py:914} INFO - Processing file /home/airflow/.local/lib/python3.12/site-packages/airflow/example_dags/example_branch_python_dop_operator_3.py for tasks to queue
[2024-10-10T14:08:28.420+0000] {logging_mixin.py:190} INFO - [2024-10-10T14:08:28.420+0000] {dagbag.py:588} INFO - Filling up the DagBag from /home/airflow/.local/lib/python3.12/site-packages/airflow/example_dags/example_branch_python_dop_operator_3.py
[2024-10-10T14:08:28.428+0000] {processor.py:925} INFO - DAG(s) 'example_branch_dop_operator_v3' retrieved from /home/airflow/.local/lib/python3.12/site-packages/airflow/example_dags/example_branch_python_dop_operator_3.py
[2024-10-10T14:08:28.442+0000] {logging_mixin.py:190} INFO - [2024-10-10T14:08:28.442+0000] {dag.py:3239} INFO - Sync 1 DAGs
[2024-10-10T14:08:28.461+0000] {logging_mixin.py:190} INFO - [2024-10-10T14:08:28.461+0000] {dag.py:4180} INFO - Setting next_dagrun for example_branch_dop_operator_v3 to 2024-10-10 14:07:00+00:00, run_after=2024-10-10 14:08:00+00:00
[2024-10-10T14:08:28.476+0000] {processor.py:208} INFO - Processing /home/airflow/.local/lib/python3.12/site-packages/airflow/example_dags/example_branch_python_dop_operator_3.py took 0.062 seconds
[2024-10-10T14:08:59.211+0000] {processor.py:186} INFO - Started process (PID=1272) to work on /home/airflow/.local/lib/python3.12/site-packages/airflow/example_dags/example_branch_python_dop_operator_3.py
[2024-10-10T14:08:59.212+0000] {processor.py:914} INFO - Processing file /home/airflow/.local/lib/python3.12/site-packages/airflow/example_dags/example_branch_python_dop_operator_3.py for tasks to queue
[2024-10-10T14:08:59.213+0000] {logging_mixin.py:190} INFO - [2024-10-10T14:08:59.213+0000] {dagbag.py:588} INFO - Filling up the DagBag from /home/airflow/.local/lib/python3.12/site-packages/airflow/example_dags/example_branch_python_dop_operator_3.py
[2024-10-10T14:08:59.221+0000] {processor.py:925} INFO - DAG(s) 'example_branch_dop_operator_v3' retrieved from /home/airflow/.local/lib/python3.12/site-packages/airflow/example_dags/example_branch_python_dop_operator_3.py
[2024-10-10T14:08:59.236+0000] {logging_mixin.py:190} INFO - [2024-10-10T14:08:59.236+0000] {dag.py:3239} INFO - Sync 1 DAGs
[2024-10-10T14:08:59.257+0000] {logging_mixin.py:190} INFO - [2024-10-10T14:08:59.257+0000] {dag.py:4180} INFO - Setting next_dagrun for example_branch_dop_operator_v3 to 2024-10-10 14:07:00+00:00, run_after=2024-10-10 14:08:00+00:00
[2024-10-10T14:08:59.271+0000] {processor.py:208} INFO - Processing /home/airflow/.local/lib/python3.12/site-packages/airflow/example_dags/example_branch_python_dop_operator_3.py took 0.064 seconds
[2024-10-10T14:09:29.946+0000] {processor.py:186} INFO - Started process (PID=1334) to work on /home/airflow/.local/lib/python3.12/site-packages/airflow/example_dags/example_branch_python_dop_operator_3.py
[2024-10-10T14:09:29.947+0000] {processor.py:914} INFO - Processing file /home/airflow/.local/lib/python3.12/site-packages/airflow/example_dags/example_branch_python_dop_operator_3.py for tasks to queue
[2024-10-10T14:09:29.948+0000] {logging_mixin.py:190} INFO - [2024-10-10T14:09:29.948+0000] {dagbag.py:588} INFO - Filling up the DagBag from /home/airflow/.local/lib/python3.12/site-packages/airflow/example_dags/example_branch_python_dop_operator_3.py
[2024-10-10T14:09:29.956+0000] {processor.py:925} INFO - DAG(s) 'example_branch_dop_operator_v3' retrieved from /home/airflow/.local/lib/python3.12/site-packages/airflow/example_dags/example_branch_python_dop_operator_3.py
[2024-10-10T14:09:29.972+0000] {logging_mixin.py:190} INFO - [2024-10-10T14:09:29.972+0000] {dag.py:3239} INFO - Sync 1 DAGs
[2024-10-10T14:09:29.993+0000] {logging_mixin.py:190} INFO - [2024-10-10T14:09:29.993+0000] {dag.py:4180} INFO - Setting next_dagrun for example_branch_dop_operator_v3 to 2024-10-10 14:08:00+00:00, run_after=2024-10-10 14:09:00+00:00
[2024-10-10T14:09:30.011+0000] {processor.py:208} INFO - Processing /home/airflow/.local/lib/python3.12/site-packages/airflow/example_dags/example_branch_python_dop_operator_3.py took 0.070 seconds
[2024-10-10T14:10:00.904+0000] {processor.py:186} INFO - Started process (PID=1396) to work on /home/airflow/.local/lib/python3.12/site-packages/airflow/example_dags/example_branch_python_dop_operator_3.py
[2024-10-10T14:10:00.905+0000] {processor.py:914} INFO - Processing file /home/airflow/.local/lib/python3.12/site-packages/airflow/example_dags/example_branch_python_dop_operator_3.py for tasks to queue
[2024-10-10T14:10:00.907+0000] {logging_mixin.py:190} INFO - [2024-10-10T14:10:00.907+0000] {dagbag.py:588} INFO - Filling up the DagBag from /home/airflow/.local/lib/python3.12/site-packages/airflow/example_dags/example_branch_python_dop_operator_3.py
[2024-10-10T14:10:00.915+0000] {processor.py:925} INFO - DAG(s) 'example_branch_dop_operator_v3' retrieved from /home/airflow/.local/lib/python3.12/site-packages/airflow/example_dags/example_branch_python_dop_operator_3.py
[2024-10-10T14:10:00.930+0000] {logging_mixin.py:190} INFO - [2024-10-10T14:10:00.930+0000] {dag.py:3239} INFO - Sync 1 DAGs
[2024-10-10T14:10:00.951+0000] {logging_mixin.py:190} INFO - [2024-10-10T14:10:00.950+0000] {dag.py:4180} INFO - Setting next_dagrun for example_branch_dop_operator_v3 to 2024-10-10 14:09:00+00:00, run_after=2024-10-10 14:10:00+00:00
[2024-10-10T14:10:00.966+0000] {processor.py:208} INFO - Processing /home/airflow/.local/lib/python3.12/site-packages/airflow/example_dags/example_branch_python_dop_operator_3.py took 0.065 seconds
[2024-10-10T14:10:32.011+0000] {processor.py:186} INFO - Started process (PID=1459) to work on /home/airflow/.local/lib/python3.12/site-packages/airflow/example_dags/example_branch_python_dop_operator_3.py
[2024-10-10T14:10:32.012+0000] {processor.py:914} INFO - Processing file /home/airflow/.local/lib/python3.12/site-packages/airflow/example_dags/example_branch_python_dop_operator_3.py for tasks to queue
[2024-10-10T14:10:32.014+0000] {logging_mixin.py:190} INFO - [2024-10-10T14:10:32.013+0000] {dagbag.py:588} INFO - Filling up the DagBag from /home/airflow/.local/lib/python3.12/site-packages/airflow/example_dags/example_branch_python_dop_operator_3.py
[2024-10-10T14:10:32.021+0000] {processor.py:925} INFO - DAG(s) 'example_branch_dop_operator_v3' retrieved from /home/airflow/.local/lib/python3.12/site-packages/airflow/example_dags/example_branch_python_dop_operator_3.py
[2024-10-10T14:10:32.036+0000] {logging_mixin.py:190} INFO - [2024-10-10T14:10:32.035+0000] {dag.py:3239} INFO - Sync 1 DAGs
[2024-10-10T14:10:32.055+0000] {logging_mixin.py:190} INFO - [2024-10-10T14:10:32.055+0000] {dag.py:4180} INFO - Setting next_dagrun for example_branch_dop_operator_v3 to 2024-10-10 14:09:00+00:00, run_after=2024-10-10 14:10:00+00:00
[2024-10-10T14:10:32.070+0000] {processor.py:208} INFO - Processing /home/airflow/.local/lib/python3.12/site-packages/airflow/example_dags/example_branch_python_dop_operator_3.py took 0.064 seconds
[2024-10-10T14:11:02.227+0000] {processor.py:186} INFO - Started process (PID=1521) to work on /home/airflow/.local/lib/python3.12/site-packages/airflow/example_dags/example_branch_python_dop_operator_3.py
[2024-10-10T14:11:02.228+0000] {processor.py:914} INFO - Processing file /home/airflow/.local/lib/python3.12/site-packages/airflow/example_dags/example_branch_python_dop_operator_3.py for tasks to queue
[2024-10-10T14:11:02.230+0000] {logging_mixin.py:190} INFO - [2024-10-10T14:11:02.230+0000] {dagbag.py:588} INFO - Filling up the DagBag from /home/airflow/.local/lib/python3.12/site-packages/airflow/example_dags/example_branch_python_dop_operator_3.py
[2024-10-10T14:11:02.238+0000] {processor.py:925} INFO - DAG(s) 'example_branch_dop_operator_v3' retrieved from /home/airflow/.local/lib/python3.12/site-packages/airflow/example_dags/example_branch_python_dop_operator_3.py
[2024-10-10T14:11:02.252+0000] {logging_mixin.py:190} INFO - [2024-10-10T14:11:02.252+0000] {dag.py:3239} INFO - Sync 1 DAGs
[2024-10-10T14:11:02.272+0000] {logging_mixin.py:190} INFO - [2024-10-10T14:11:02.272+0000] {dag.py:4180} INFO - Setting next_dagrun for example_branch_dop_operator_v3 to 2024-10-10 14:10:00+00:00, run_after=2024-10-10 14:11:00+00:00
[2024-10-10T14:11:02.287+0000] {processor.py:208} INFO - Processing /home/airflow/.local/lib/python3.12/site-packages/airflow/example_dags/example_branch_python_dop_operator_3.py took 0.066 seconds
[2024-10-10T14:11:33.402+0000] {processor.py:186} INFO - Started process (PID=1583) to work on /home/airflow/.local/lib/python3.12/site-packages/airflow/example_dags/example_branch_python_dop_operator_3.py
[2024-10-10T14:11:33.402+0000] {processor.py:914} INFO - Processing file /home/airflow/.local/lib/python3.12/site-packages/airflow/example_dags/example_branch_python_dop_operator_3.py for tasks to queue
[2024-10-10T14:11:33.404+0000] {logging_mixin.py:190} INFO - [2024-10-10T14:11:33.404+0000] {dagbag.py:588} INFO - Filling up the DagBag from /home/airflow/.local/lib/python3.12/site-packages/airflow/example_dags/example_branch_python_dop_operator_3.py
[2024-10-10T14:11:33.411+0000] {processor.py:925} INFO - DAG(s) 'example_branch_dop_operator_v3' retrieved from /home/airflow/.local/lib/python3.12/site-packages/airflow/example_dags/example_branch_python_dop_operator_3.py
[2024-10-10T14:11:33.426+0000] {logging_mixin.py:190} INFO - [2024-10-10T14:11:33.426+0000] {dag.py:3239} INFO - Sync 1 DAGs
[2024-10-10T14:11:33.446+0000] {logging_mixin.py:190} INFO - [2024-10-10T14:11:33.445+0000] {dag.py:4180} INFO - Setting next_dagrun for example_branch_dop_operator_v3 to 2024-10-10 14:10:00+00:00, run_after=2024-10-10 14:11:00+00:00
[2024-10-10T14:11:33.460+0000] {processor.py:208} INFO - Processing /home/airflow/.local/lib/python3.12/site-packages/airflow/example_dags/example_branch_python_dop_operator_3.py took 0.062 seconds
[2024-10-10T14:12:04.188+0000] {processor.py:186} INFO - Started process (PID=1645) to work on /home/airflow/.local/lib/python3.12/site-packages/airflow/example_dags/example_branch_python_dop_operator_3.py
[2024-10-10T14:12:04.188+0000] {processor.py:914} INFO - Processing file /home/airflow/.local/lib/python3.12/site-packages/airflow/example_dags/example_branch_python_dop_operator_3.py for tasks to queue
[2024-10-10T14:12:04.190+0000] {logging_mixin.py:190} INFO - [2024-10-10T14:12:04.190+0000] {dagbag.py:588} INFO - Filling up the DagBag from /home/airflow/.local/lib/python3.12/site-packages/airflow/example_dags/example_branch_python_dop_operator_3.py
[2024-10-10T14:12:04.198+0000] {processor.py:925} INFO - DAG(s) 'example_branch_dop_operator_v3' retrieved from /home/airflow/.local/lib/python3.12/site-packages/airflow/example_dags/example_branch_python_dop_operator_3.py
[2024-10-10T14:12:04.215+0000] {logging_mixin.py:190} INFO - [2024-10-10T14:12:04.215+0000] {dag.py:3239} INFO - Sync 1 DAGs
[2024-10-10T14:12:04.237+0000] {logging_mixin.py:190} INFO - [2024-10-10T14:12:04.237+0000] {dag.py:4180} INFO - Setting next_dagrun for example_branch_dop_operator_v3 to 2024-10-10 14:11:00+00:00, run_after=2024-10-10 14:12:00+00:00
[2024-10-10T14:12:04.252+0000] {processor.py:208} INFO - Processing /home/airflow/.local/lib/python3.12/site-packages/airflow/example_dags/example_branch_python_dop_operator_3.py took 0.069 seconds
[2024-10-10T14:12:35.024+0000] {processor.py:186} INFO - Started process (PID=1707) to work on /home/airflow/.local/lib/python3.12/site-packages/airflow/example_dags/example_branch_python_dop_operator_3.py
[2024-10-10T14:12:35.025+0000] {processor.py:914} INFO - Processing file /home/airflow/.local/lib/python3.12/site-packages/airflow/example_dags/example_branch_python_dop_operator_3.py for tasks to queue
[2024-10-10T14:12:35.026+0000] {logging_mixin.py:190} INFO - [2024-10-10T14:12:35.026+0000] {dagbag.py:588} INFO - Filling up the DagBag from /home/airflow/.local/lib/python3.12/site-packages/airflow/example_dags/example_branch_python_dop_operator_3.py
[2024-10-10T14:12:35.034+0000] {processor.py:925} INFO - DAG(s) 'example_branch_dop_operator_v3' retrieved from /home/airflow/.local/lib/python3.12/site-packages/airflow/example_dags/example_branch_python_dop_operator_3.py
[2024-10-10T14:12:35.050+0000] {logging_mixin.py:190} INFO - [2024-10-10T14:12:35.050+0000] {dag.py:3239} INFO - Sync 1 DAGs
[2024-10-10T14:12:35.071+0000] {logging_mixin.py:190} INFO - [2024-10-10T14:12:35.071+0000] {dag.py:4180} INFO - Setting next_dagrun for example_branch_dop_operator_v3 to 2024-10-10 14:11:00+00:00, run_after=2024-10-10 14:12:00+00:00
[2024-10-10T14:12:35.090+0000] {processor.py:208} INFO - Processing /home/airflow/.local/lib/python3.12/site-packages/airflow/example_dags/example_branch_python_dop_operator_3.py took 0.070 seconds
