[2024-10-10T13:59:18.901+0000] {processor.py:186} INFO - Started process (PID=111) to work on /home/airflow/.local/lib/python3.12/site-packages/airflow/example_dags/example_external_task_marker_dag.py
[2024-10-10T13:59:18.902+0000] {processor.py:914} INFO - Processing file /home/airflow/.local/lib/python3.12/site-packages/airflow/example_dags/example_external_task_marker_dag.py for tasks to queue
[2024-10-10T13:59:18.904+0000] {logging_mixin.py:190} INFO - [2024-10-10T13:59:18.904+0000] {dagbag.py:588} INFO - Filling up the DagBag from /home/airflow/.local/lib/python3.12/site-packages/airflow/example_dags/example_external_task_marker_dag.py
[2024-10-10T13:59:18.911+0000] {processor.py:925} INFO - DAG(s) 'example_external_task_marker_parent', 'example_external_task_marker_child' retrieved from /home/airflow/.local/lib/python3.12/site-packages/airflow/example_dags/example_external_task_marker_dag.py
[2024-10-10T13:59:18.928+0000] {logging_mixin.py:190} INFO - [2024-10-10T13:59:18.928+0000] {dag.py:3239} INFO - Sync 2 DAGs
[2024-10-10T13:59:18.940+0000] {logging_mixin.py:190} INFO - [2024-10-10T13:59:18.940+0000] {dag.py:4180} INFO - Setting next_dagrun for example_external_task_marker_child to None, run_after=None
[2024-10-10T13:59:18.944+0000] {logging_mixin.py:190} INFO - [2024-10-10T13:59:18.943+0000] {dag.py:4180} INFO - Setting next_dagrun for example_external_task_marker_parent to None, run_after=None
[2024-10-10T13:59:18.956+0000] {processor.py:208} INFO - Processing /home/airflow/.local/lib/python3.12/site-packages/airflow/example_dags/example_external_task_marker_dag.py took 0.058 seconds
[2024-10-10T13:59:50.125+0000] {processor.py:186} INFO - Started process (PID=173) to work on /home/airflow/.local/lib/python3.12/site-packages/airflow/example_dags/example_external_task_marker_dag.py
[2024-10-10T13:59:50.126+0000] {processor.py:914} INFO - Processing file /home/airflow/.local/lib/python3.12/site-packages/airflow/example_dags/example_external_task_marker_dag.py for tasks to queue
[2024-10-10T13:59:50.127+0000] {logging_mixin.py:190} INFO - [2024-10-10T13:59:50.127+0000] {dagbag.py:588} INFO - Filling up the DagBag from /home/airflow/.local/lib/python3.12/site-packages/airflow/example_dags/example_external_task_marker_dag.py
[2024-10-10T13:59:50.133+0000] {processor.py:925} INFO - DAG(s) 'example_external_task_marker_parent', 'example_external_task_marker_child' retrieved from /home/airflow/.local/lib/python3.12/site-packages/airflow/example_dags/example_external_task_marker_dag.py
[2024-10-10T13:59:50.154+0000] {logging_mixin.py:190} INFO - [2024-10-10T13:59:50.154+0000] {dag.py:3239} INFO - Sync 2 DAGs
[2024-10-10T13:59:50.167+0000] {logging_mixin.py:190} INFO - [2024-10-10T13:59:50.167+0000] {dag.py:4180} INFO - Setting next_dagrun for example_external_task_marker_child to None, run_after=None
[2024-10-10T13:59:50.171+0000] {logging_mixin.py:190} INFO - [2024-10-10T13:59:50.171+0000] {dag.py:4180} INFO - Setting next_dagrun for example_external_task_marker_parent to None, run_after=None
[2024-10-10T13:59:50.184+0000] {processor.py:208} INFO - Processing /home/airflow/.local/lib/python3.12/site-packages/airflow/example_dags/example_external_task_marker_dag.py took 0.064 seconds
[2024-10-10T14:00:21.210+0000] {processor.py:186} INFO - Started process (PID=236) to work on /home/airflow/.local/lib/python3.12/site-packages/airflow/example_dags/example_external_task_marker_dag.py
[2024-10-10T14:00:21.211+0000] {processor.py:914} INFO - Processing file /home/airflow/.local/lib/python3.12/site-packages/airflow/example_dags/example_external_task_marker_dag.py for tasks to queue
[2024-10-10T14:00:21.213+0000] {logging_mixin.py:190} INFO - [2024-10-10T14:00:21.213+0000] {dagbag.py:588} INFO - Filling up the DagBag from /home/airflow/.local/lib/python3.12/site-packages/airflow/example_dags/example_external_task_marker_dag.py
[2024-10-10T14:00:21.219+0000] {processor.py:925} INFO - DAG(s) 'example_external_task_marker_parent', 'example_external_task_marker_child' retrieved from /home/airflow/.local/lib/python3.12/site-packages/airflow/example_dags/example_external_task_marker_dag.py
[2024-10-10T14:00:21.238+0000] {logging_mixin.py:190} INFO - [2024-10-10T14:00:21.238+0000] {dag.py:3239} INFO - Sync 2 DAGs
[2024-10-10T14:00:21.250+0000] {logging_mixin.py:190} INFO - [2024-10-10T14:00:21.250+0000] {dag.py:4180} INFO - Setting next_dagrun for example_external_task_marker_child to None, run_after=None
[2024-10-10T14:00:21.254+0000] {logging_mixin.py:190} INFO - [2024-10-10T14:00:21.253+0000] {dag.py:4180} INFO - Setting next_dagrun for example_external_task_marker_parent to None, run_after=None
[2024-10-10T14:00:21.266+0000] {processor.py:208} INFO - Processing /home/airflow/.local/lib/python3.12/site-packages/airflow/example_dags/example_external_task_marker_dag.py took 0.061 seconds
[2024-10-10T14:00:51.528+0000] {processor.py:186} INFO - Started process (PID=298) to work on /home/airflow/.local/lib/python3.12/site-packages/airflow/example_dags/example_external_task_marker_dag.py
[2024-10-10T14:00:51.529+0000] {processor.py:914} INFO - Processing file /home/airflow/.local/lib/python3.12/site-packages/airflow/example_dags/example_external_task_marker_dag.py for tasks to queue
[2024-10-10T14:00:51.530+0000] {logging_mixin.py:190} INFO - [2024-10-10T14:00:51.530+0000] {dagbag.py:588} INFO - Filling up the DagBag from /home/airflow/.local/lib/python3.12/site-packages/airflow/example_dags/example_external_task_marker_dag.py
[2024-10-10T14:00:51.536+0000] {processor.py:925} INFO - DAG(s) 'example_external_task_marker_parent', 'example_external_task_marker_child' retrieved from /home/airflow/.local/lib/python3.12/site-packages/airflow/example_dags/example_external_task_marker_dag.py
[2024-10-10T14:00:51.555+0000] {logging_mixin.py:190} INFO - [2024-10-10T14:00:51.555+0000] {dag.py:3239} INFO - Sync 2 DAGs
[2024-10-10T14:00:51.567+0000] {logging_mixin.py:190} INFO - [2024-10-10T14:00:51.567+0000] {dag.py:4180} INFO - Setting next_dagrun for example_external_task_marker_child to None, run_after=None
[2024-10-10T14:00:51.570+0000] {logging_mixin.py:190} INFO - [2024-10-10T14:00:51.570+0000] {dag.py:4180} INFO - Setting next_dagrun for example_external_task_marker_parent to None, run_after=None
[2024-10-10T14:00:51.582+0000] {processor.py:208} INFO - Processing /home/airflow/.local/lib/python3.12/site-packages/airflow/example_dags/example_external_task_marker_dag.py took 0.058 seconds
[2024-10-10T14:01:21.680+0000] {processor.py:186} INFO - Started process (PID=360) to work on /home/airflow/.local/lib/python3.12/site-packages/airflow/example_dags/example_external_task_marker_dag.py
[2024-10-10T14:01:21.681+0000] {processor.py:914} INFO - Processing file /home/airflow/.local/lib/python3.12/site-packages/airflow/example_dags/example_external_task_marker_dag.py for tasks to queue
[2024-10-10T14:01:21.682+0000] {logging_mixin.py:190} INFO - [2024-10-10T14:01:21.682+0000] {dagbag.py:588} INFO - Filling up the DagBag from /home/airflow/.local/lib/python3.12/site-packages/airflow/example_dags/example_external_task_marker_dag.py
[2024-10-10T14:01:21.688+0000] {processor.py:925} INFO - DAG(s) 'example_external_task_marker_parent', 'example_external_task_marker_child' retrieved from /home/airflow/.local/lib/python3.12/site-packages/airflow/example_dags/example_external_task_marker_dag.py
[2024-10-10T14:01:21.706+0000] {logging_mixin.py:190} INFO - [2024-10-10T14:01:21.705+0000] {dag.py:3239} INFO - Sync 2 DAGs
[2024-10-10T14:01:21.718+0000] {logging_mixin.py:190} INFO - [2024-10-10T14:01:21.718+0000] {dag.py:4180} INFO - Setting next_dagrun for example_external_task_marker_child to None, run_after=None
[2024-10-10T14:01:21.722+0000] {logging_mixin.py:190} INFO - [2024-10-10T14:01:21.722+0000] {dag.py:4180} INFO - Setting next_dagrun for example_external_task_marker_parent to None, run_after=None
[2024-10-10T14:01:21.735+0000] {processor.py:208} INFO - Processing /home/airflow/.local/lib/python3.12/site-packages/airflow/example_dags/example_external_task_marker_dag.py took 0.059 seconds
[2024-10-10T14:01:51.874+0000] {processor.py:186} INFO - Started process (PID=422) to work on /home/airflow/.local/lib/python3.12/site-packages/airflow/example_dags/example_external_task_marker_dag.py
[2024-10-10T14:01:51.875+0000] {processor.py:914} INFO - Processing file /home/airflow/.local/lib/python3.12/site-packages/airflow/example_dags/example_external_task_marker_dag.py for tasks to queue
[2024-10-10T14:01:51.877+0000] {logging_mixin.py:190} INFO - [2024-10-10T14:01:51.876+0000] {dagbag.py:588} INFO - Filling up the DagBag from /home/airflow/.local/lib/python3.12/site-packages/airflow/example_dags/example_external_task_marker_dag.py
[2024-10-10T14:01:51.883+0000] {processor.py:925} INFO - DAG(s) 'example_external_task_marker_child', 'example_external_task_marker_parent' retrieved from /home/airflow/.local/lib/python3.12/site-packages/airflow/example_dags/example_external_task_marker_dag.py
[2024-10-10T14:01:51.901+0000] {logging_mixin.py:190} INFO - [2024-10-10T14:01:51.901+0000] {dag.py:3239} INFO - Sync 2 DAGs
[2024-10-10T14:01:51.913+0000] {logging_mixin.py:190} INFO - [2024-10-10T14:01:51.912+0000] {dag.py:4180} INFO - Setting next_dagrun for example_external_task_marker_child to None, run_after=None
[2024-10-10T14:01:51.915+0000] {logging_mixin.py:190} INFO - [2024-10-10T14:01:51.915+0000] {dag.py:4180} INFO - Setting next_dagrun for example_external_task_marker_parent to None, run_after=None
[2024-10-10T14:01:51.928+0000] {processor.py:208} INFO - Processing /home/airflow/.local/lib/python3.12/site-packages/airflow/example_dags/example_external_task_marker_dag.py took 0.058 seconds
[2024-10-10T14:02:22.261+0000] {processor.py:186} INFO - Started process (PID=484) to work on /home/airflow/.local/lib/python3.12/site-packages/airflow/example_dags/example_external_task_marker_dag.py
[2024-10-10T14:02:22.262+0000] {processor.py:914} INFO - Processing file /home/airflow/.local/lib/python3.12/site-packages/airflow/example_dags/example_external_task_marker_dag.py for tasks to queue
[2024-10-10T14:02:22.264+0000] {logging_mixin.py:190} INFO - [2024-10-10T14:02:22.264+0000] {dagbag.py:588} INFO - Filling up the DagBag from /home/airflow/.local/lib/python3.12/site-packages/airflow/example_dags/example_external_task_marker_dag.py
[2024-10-10T14:02:22.270+0000] {processor.py:925} INFO - DAG(s) 'example_external_task_marker_parent', 'example_external_task_marker_child' retrieved from /home/airflow/.local/lib/python3.12/site-packages/airflow/example_dags/example_external_task_marker_dag.py
[2024-10-10T14:02:22.288+0000] {logging_mixin.py:190} INFO - [2024-10-10T14:02:22.288+0000] {dag.py:3239} INFO - Sync 2 DAGs
[2024-10-10T14:02:22.300+0000] {logging_mixin.py:190} INFO - [2024-10-10T14:02:22.300+0000] {dag.py:4180} INFO - Setting next_dagrun for example_external_task_marker_child to None, run_after=None
[2024-10-10T14:02:22.303+0000] {logging_mixin.py:190} INFO - [2024-10-10T14:02:22.303+0000] {dag.py:4180} INFO - Setting next_dagrun for example_external_task_marker_parent to None, run_after=None
[2024-10-10T14:02:22.316+0000] {processor.py:208} INFO - Processing /home/airflow/.local/lib/python3.12/site-packages/airflow/example_dags/example_external_task_marker_dag.py took 0.059 seconds
[2024-10-10T14:02:52.904+0000] {processor.py:186} INFO - Started process (PID=546) to work on /home/airflow/.local/lib/python3.12/site-packages/airflow/example_dags/example_external_task_marker_dag.py
[2024-10-10T14:02:52.905+0000] {processor.py:914} INFO - Processing file /home/airflow/.local/lib/python3.12/site-packages/airflow/example_dags/example_external_task_marker_dag.py for tasks to queue
[2024-10-10T14:02:52.907+0000] {logging_mixin.py:190} INFO - [2024-10-10T14:02:52.906+0000] {dagbag.py:588} INFO - Filling up the DagBag from /home/airflow/.local/lib/python3.12/site-packages/airflow/example_dags/example_external_task_marker_dag.py
[2024-10-10T14:02:52.912+0000] {processor.py:925} INFO - DAG(s) 'example_external_task_marker_parent', 'example_external_task_marker_child' retrieved from /home/airflow/.local/lib/python3.12/site-packages/airflow/example_dags/example_external_task_marker_dag.py
[2024-10-10T14:02:52.929+0000] {logging_mixin.py:190} INFO - [2024-10-10T14:02:52.929+0000] {dag.py:3239} INFO - Sync 2 DAGs
[2024-10-10T14:02:52.941+0000] {logging_mixin.py:190} INFO - [2024-10-10T14:02:52.940+0000] {dag.py:4180} INFO - Setting next_dagrun for example_external_task_marker_child to None, run_after=None
[2024-10-10T14:02:52.944+0000] {logging_mixin.py:190} INFO - [2024-10-10T14:02:52.944+0000] {dag.py:4180} INFO - Setting next_dagrun for example_external_task_marker_parent to None, run_after=None
[2024-10-10T14:02:52.955+0000] {processor.py:208} INFO - Processing /home/airflow/.local/lib/python3.12/site-packages/airflow/example_dags/example_external_task_marker_dag.py took 0.055 seconds
[2024-10-10T14:03:23.855+0000] {processor.py:186} INFO - Started process (PID=608) to work on /home/airflow/.local/lib/python3.12/site-packages/airflow/example_dags/example_external_task_marker_dag.py
[2024-10-10T14:03:23.856+0000] {processor.py:914} INFO - Processing file /home/airflow/.local/lib/python3.12/site-packages/airflow/example_dags/example_external_task_marker_dag.py for tasks to queue
[2024-10-10T14:03:23.858+0000] {logging_mixin.py:190} INFO - [2024-10-10T14:03:23.858+0000] {dagbag.py:588} INFO - Filling up the DagBag from /home/airflow/.local/lib/python3.12/site-packages/airflow/example_dags/example_external_task_marker_dag.py
[2024-10-10T14:03:23.864+0000] {processor.py:925} INFO - DAG(s) 'example_external_task_marker_child', 'example_external_task_marker_parent' retrieved from /home/airflow/.local/lib/python3.12/site-packages/airflow/example_dags/example_external_task_marker_dag.py
[2024-10-10T14:03:23.883+0000] {logging_mixin.py:190} INFO - [2024-10-10T14:03:23.883+0000] {dag.py:3239} INFO - Sync 2 DAGs
[2024-10-10T14:03:23.895+0000] {logging_mixin.py:190} INFO - [2024-10-10T14:03:23.895+0000] {dag.py:4180} INFO - Setting next_dagrun for example_external_task_marker_child to None, run_after=None
[2024-10-10T14:03:23.898+0000] {logging_mixin.py:190} INFO - [2024-10-10T14:03:23.898+0000] {dag.py:4180} INFO - Setting next_dagrun for example_external_task_marker_parent to None, run_after=None
[2024-10-10T14:03:23.911+0000] {processor.py:208} INFO - Processing /home/airflow/.local/lib/python3.12/site-packages/airflow/example_dags/example_external_task_marker_dag.py took 0.060 seconds
[2024-10-10T14:03:54.531+0000] {processor.py:186} INFO - Started process (PID=670) to work on /home/airflow/.local/lib/python3.12/site-packages/airflow/example_dags/example_external_task_marker_dag.py
[2024-10-10T14:03:54.532+0000] {processor.py:914} INFO - Processing file /home/airflow/.local/lib/python3.12/site-packages/airflow/example_dags/example_external_task_marker_dag.py for tasks to queue
[2024-10-10T14:03:54.534+0000] {logging_mixin.py:190} INFO - [2024-10-10T14:03:54.534+0000] {dagbag.py:588} INFO - Filling up the DagBag from /home/airflow/.local/lib/python3.12/site-packages/airflow/example_dags/example_external_task_marker_dag.py
[2024-10-10T14:03:54.540+0000] {processor.py:925} INFO - DAG(s) 'example_external_task_marker_parent', 'example_external_task_marker_child' retrieved from /home/airflow/.local/lib/python3.12/site-packages/airflow/example_dags/example_external_task_marker_dag.py
[2024-10-10T14:03:54.558+0000] {logging_mixin.py:190} INFO - [2024-10-10T14:03:54.557+0000] {dag.py:3239} INFO - Sync 2 DAGs
[2024-10-10T14:03:54.569+0000] {logging_mixin.py:190} INFO - [2024-10-10T14:03:54.569+0000] {dag.py:4180} INFO - Setting next_dagrun for example_external_task_marker_child to None, run_after=None
[2024-10-10T14:03:54.573+0000] {logging_mixin.py:190} INFO - [2024-10-10T14:03:54.572+0000] {dag.py:4180} INFO - Setting next_dagrun for example_external_task_marker_parent to None, run_after=None
[2024-10-10T14:03:54.586+0000] {processor.py:208} INFO - Processing /home/airflow/.local/lib/python3.12/site-packages/airflow/example_dags/example_external_task_marker_dag.py took 0.059 seconds
[2024-10-10T14:04:25.358+0000] {processor.py:186} INFO - Started process (PID=732) to work on /home/airflow/.local/lib/python3.12/site-packages/airflow/example_dags/example_external_task_marker_dag.py
[2024-10-10T14:04:25.358+0000] {processor.py:914} INFO - Processing file /home/airflow/.local/lib/python3.12/site-packages/airflow/example_dags/example_external_task_marker_dag.py for tasks to queue
[2024-10-10T14:04:25.360+0000] {logging_mixin.py:190} INFO - [2024-10-10T14:04:25.360+0000] {dagbag.py:588} INFO - Filling up the DagBag from /home/airflow/.local/lib/python3.12/site-packages/airflow/example_dags/example_external_task_marker_dag.py
[2024-10-10T14:04:25.366+0000] {processor.py:925} INFO - DAG(s) 'example_external_task_marker_parent', 'example_external_task_marker_child' retrieved from /home/airflow/.local/lib/python3.12/site-packages/airflow/example_dags/example_external_task_marker_dag.py
[2024-10-10T14:04:25.384+0000] {logging_mixin.py:190} INFO - [2024-10-10T14:04:25.383+0000] {dag.py:3239} INFO - Sync 2 DAGs
[2024-10-10T14:04:25.394+0000] {logging_mixin.py:190} INFO - [2024-10-10T14:04:25.394+0000] {dag.py:4180} INFO - Setting next_dagrun for example_external_task_marker_child to None, run_after=None
[2024-10-10T14:04:25.397+0000] {logging_mixin.py:190} INFO - [2024-10-10T14:04:25.397+0000] {dag.py:4180} INFO - Setting next_dagrun for example_external_task_marker_parent to None, run_after=None
[2024-10-10T14:04:25.410+0000] {processor.py:208} INFO - Processing /home/airflow/.local/lib/python3.12/site-packages/airflow/example_dags/example_external_task_marker_dag.py took 0.056 seconds
[2024-10-10T14:04:56.084+0000] {processor.py:186} INFO - Started process (PID=794) to work on /home/airflow/.local/lib/python3.12/site-packages/airflow/example_dags/example_external_task_marker_dag.py
[2024-10-10T14:04:56.085+0000] {processor.py:914} INFO - Processing file /home/airflow/.local/lib/python3.12/site-packages/airflow/example_dags/example_external_task_marker_dag.py for tasks to queue
[2024-10-10T14:04:56.086+0000] {logging_mixin.py:190} INFO - [2024-10-10T14:04:56.086+0000] {dagbag.py:588} INFO - Filling up the DagBag from /home/airflow/.local/lib/python3.12/site-packages/airflow/example_dags/example_external_task_marker_dag.py
[2024-10-10T14:04:56.093+0000] {processor.py:925} INFO - DAG(s) 'example_external_task_marker_child', 'example_external_task_marker_parent' retrieved from /home/airflow/.local/lib/python3.12/site-packages/airflow/example_dags/example_external_task_marker_dag.py
[2024-10-10T14:04:56.111+0000] {logging_mixin.py:190} INFO - [2024-10-10T14:04:56.111+0000] {dag.py:3239} INFO - Sync 2 DAGs
[2024-10-10T14:04:56.122+0000] {logging_mixin.py:190} INFO - [2024-10-10T14:04:56.122+0000] {dag.py:4180} INFO - Setting next_dagrun for example_external_task_marker_child to None, run_after=None
[2024-10-10T14:04:56.125+0000] {logging_mixin.py:190} INFO - [2024-10-10T14:04:56.125+0000] {dag.py:4180} INFO - Setting next_dagrun for example_external_task_marker_parent to None, run_after=None
[2024-10-10T14:04:56.139+0000] {processor.py:208} INFO - Processing /home/airflow/.local/lib/python3.12/site-packages/airflow/example_dags/example_external_task_marker_dag.py took 0.059 seconds
[2024-10-10T14:05:26.838+0000] {processor.py:186} INFO - Started process (PID=856) to work on /home/airflow/.local/lib/python3.12/site-packages/airflow/example_dags/example_external_task_marker_dag.py
[2024-10-10T14:05:26.838+0000] {processor.py:914} INFO - Processing file /home/airflow/.local/lib/python3.12/site-packages/airflow/example_dags/example_external_task_marker_dag.py for tasks to queue
[2024-10-10T14:05:26.840+0000] {logging_mixin.py:190} INFO - [2024-10-10T14:05:26.840+0000] {dagbag.py:588} INFO - Filling up the DagBag from /home/airflow/.local/lib/python3.12/site-packages/airflow/example_dags/example_external_task_marker_dag.py
[2024-10-10T14:05:26.846+0000] {processor.py:925} INFO - DAG(s) 'example_external_task_marker_parent', 'example_external_task_marker_child' retrieved from /home/airflow/.local/lib/python3.12/site-packages/airflow/example_dags/example_external_task_marker_dag.py
[2024-10-10T14:05:26.863+0000] {logging_mixin.py:190} INFO - [2024-10-10T14:05:26.863+0000] {dag.py:3239} INFO - Sync 2 DAGs
[2024-10-10T14:05:26.874+0000] {logging_mixin.py:190} INFO - [2024-10-10T14:05:26.874+0000] {dag.py:4180} INFO - Setting next_dagrun for example_external_task_marker_child to None, run_after=None
[2024-10-10T14:05:26.877+0000] {logging_mixin.py:190} INFO - [2024-10-10T14:05:26.877+0000] {dag.py:4180} INFO - Setting next_dagrun for example_external_task_marker_parent to None, run_after=None
[2024-10-10T14:05:26.889+0000] {processor.py:208} INFO - Processing /home/airflow/.local/lib/python3.12/site-packages/airflow/example_dags/example_external_task_marker_dag.py took 0.055 seconds
[2024-10-10T14:05:57.548+0000] {processor.py:186} INFO - Started process (PID=918) to work on /home/airflow/.local/lib/python3.12/site-packages/airflow/example_dags/example_external_task_marker_dag.py
[2024-10-10T14:05:57.549+0000] {processor.py:914} INFO - Processing file /home/airflow/.local/lib/python3.12/site-packages/airflow/example_dags/example_external_task_marker_dag.py for tasks to queue
[2024-10-10T14:05:57.550+0000] {logging_mixin.py:190} INFO - [2024-10-10T14:05:57.550+0000] {dagbag.py:588} INFO - Filling up the DagBag from /home/airflow/.local/lib/python3.12/site-packages/airflow/example_dags/example_external_task_marker_dag.py
[2024-10-10T14:05:57.556+0000] {processor.py:925} INFO - DAG(s) 'example_external_task_marker_parent', 'example_external_task_marker_child' retrieved from /home/airflow/.local/lib/python3.12/site-packages/airflow/example_dags/example_external_task_marker_dag.py
[2024-10-10T14:05:57.574+0000] {logging_mixin.py:190} INFO - [2024-10-10T14:05:57.573+0000] {dag.py:3239} INFO - Sync 2 DAGs
[2024-10-10T14:05:57.585+0000] {logging_mixin.py:190} INFO - [2024-10-10T14:05:57.585+0000] {dag.py:4180} INFO - Setting next_dagrun for example_external_task_marker_child to None, run_after=None
[2024-10-10T14:05:57.588+0000] {logging_mixin.py:190} INFO - [2024-10-10T14:05:57.588+0000] {dag.py:4180} INFO - Setting next_dagrun for example_external_task_marker_parent to None, run_after=None
[2024-10-10T14:05:57.601+0000] {processor.py:208} INFO - Processing /home/airflow/.local/lib/python3.12/site-packages/airflow/example_dags/example_external_task_marker_dag.py took 0.057 seconds
[2024-10-10T14:06:28.281+0000] {processor.py:186} INFO - Started process (PID=980) to work on /home/airflow/.local/lib/python3.12/site-packages/airflow/example_dags/example_external_task_marker_dag.py
[2024-10-10T14:06:28.282+0000] {processor.py:914} INFO - Processing file /home/airflow/.local/lib/python3.12/site-packages/airflow/example_dags/example_external_task_marker_dag.py for tasks to queue
[2024-10-10T14:06:28.284+0000] {logging_mixin.py:190} INFO - [2024-10-10T14:06:28.284+0000] {dagbag.py:588} INFO - Filling up the DagBag from /home/airflow/.local/lib/python3.12/site-packages/airflow/example_dags/example_external_task_marker_dag.py
[2024-10-10T14:06:28.289+0000] {processor.py:925} INFO - DAG(s) 'example_external_task_marker_child', 'example_external_task_marker_parent' retrieved from /home/airflow/.local/lib/python3.12/site-packages/airflow/example_dags/example_external_task_marker_dag.py
[2024-10-10T14:06:28.306+0000] {logging_mixin.py:190} INFO - [2024-10-10T14:06:28.306+0000] {dag.py:3239} INFO - Sync 2 DAGs
[2024-10-10T14:06:28.318+0000] {logging_mixin.py:190} INFO - [2024-10-10T14:06:28.318+0000] {dag.py:4180} INFO - Setting next_dagrun for example_external_task_marker_child to None, run_after=None
[2024-10-10T14:06:28.321+0000] {logging_mixin.py:190} INFO - [2024-10-10T14:06:28.321+0000] {dag.py:4180} INFO - Setting next_dagrun for example_external_task_marker_parent to None, run_after=None
[2024-10-10T14:06:28.333+0000] {processor.py:208} INFO - Processing /home/airflow/.local/lib/python3.12/site-packages/airflow/example_dags/example_external_task_marker_dag.py took 0.056 seconds
[2024-10-10T14:06:58.994+0000] {processor.py:186} INFO - Started process (PID=1042) to work on /home/airflow/.local/lib/python3.12/site-packages/airflow/example_dags/example_external_task_marker_dag.py
[2024-10-10T14:06:58.995+0000] {processor.py:914} INFO - Processing file /home/airflow/.local/lib/python3.12/site-packages/airflow/example_dags/example_external_task_marker_dag.py for tasks to queue
[2024-10-10T14:06:58.997+0000] {logging_mixin.py:190} INFO - [2024-10-10T14:06:58.996+0000] {dagbag.py:588} INFO - Filling up the DagBag from /home/airflow/.local/lib/python3.12/site-packages/airflow/example_dags/example_external_task_marker_dag.py
[2024-10-10T14:06:59.003+0000] {processor.py:925} INFO - DAG(s) 'example_external_task_marker_child', 'example_external_task_marker_parent' retrieved from /home/airflow/.local/lib/python3.12/site-packages/airflow/example_dags/example_external_task_marker_dag.py
[2024-10-10T14:06:59.021+0000] {logging_mixin.py:190} INFO - [2024-10-10T14:06:59.020+0000] {dag.py:3239} INFO - Sync 2 DAGs
[2024-10-10T14:06:59.032+0000] {logging_mixin.py:190} INFO - [2024-10-10T14:06:59.031+0000] {dag.py:4180} INFO - Setting next_dagrun for example_external_task_marker_child to None, run_after=None
[2024-10-10T14:06:59.035+0000] {logging_mixin.py:190} INFO - [2024-10-10T14:06:59.034+0000] {dag.py:4180} INFO - Setting next_dagrun for example_external_task_marker_parent to None, run_after=None
[2024-10-10T14:06:59.048+0000] {processor.py:208} INFO - Processing /home/airflow/.local/lib/python3.12/site-packages/airflow/example_dags/example_external_task_marker_dag.py took 0.058 seconds
[2024-10-10T14:07:29.754+0000] {processor.py:186} INFO - Started process (PID=1104) to work on /home/airflow/.local/lib/python3.12/site-packages/airflow/example_dags/example_external_task_marker_dag.py
[2024-10-10T14:07:29.755+0000] {processor.py:914} INFO - Processing file /home/airflow/.local/lib/python3.12/site-packages/airflow/example_dags/example_external_task_marker_dag.py for tasks to queue
[2024-10-10T14:07:29.757+0000] {logging_mixin.py:190} INFO - [2024-10-10T14:07:29.757+0000] {dagbag.py:588} INFO - Filling up the DagBag from /home/airflow/.local/lib/python3.12/site-packages/airflow/example_dags/example_external_task_marker_dag.py
[2024-10-10T14:07:29.763+0000] {processor.py:925} INFO - DAG(s) 'example_external_task_marker_child', 'example_external_task_marker_parent' retrieved from /home/airflow/.local/lib/python3.12/site-packages/airflow/example_dags/example_external_task_marker_dag.py
[2024-10-10T14:07:29.780+0000] {logging_mixin.py:190} INFO - [2024-10-10T14:07:29.780+0000] {dag.py:3239} INFO - Sync 2 DAGs
[2024-10-10T14:07:29.791+0000] {logging_mixin.py:190} INFO - [2024-10-10T14:07:29.791+0000] {dag.py:4180} INFO - Setting next_dagrun for example_external_task_marker_child to None, run_after=None
[2024-10-10T14:07:29.795+0000] {logging_mixin.py:190} INFO - [2024-10-10T14:07:29.794+0000] {dag.py:4180} INFO - Setting next_dagrun for example_external_task_marker_parent to None, run_after=None
[2024-10-10T14:07:29.807+0000] {processor.py:208} INFO - Processing /home/airflow/.local/lib/python3.12/site-packages/airflow/example_dags/example_external_task_marker_dag.py took 0.056 seconds
[2024-10-10T14:08:00.548+0000] {processor.py:186} INFO - Started process (PID=1166) to work on /home/airflow/.local/lib/python3.12/site-packages/airflow/example_dags/example_external_task_marker_dag.py
[2024-10-10T14:08:00.548+0000] {processor.py:914} INFO - Processing file /home/airflow/.local/lib/python3.12/site-packages/airflow/example_dags/example_external_task_marker_dag.py for tasks to queue
[2024-10-10T14:08:00.550+0000] {logging_mixin.py:190} INFO - [2024-10-10T14:08:00.550+0000] {dagbag.py:588} INFO - Filling up the DagBag from /home/airflow/.local/lib/python3.12/site-packages/airflow/example_dags/example_external_task_marker_dag.py
[2024-10-10T14:08:00.556+0000] {processor.py:925} INFO - DAG(s) 'example_external_task_marker_parent', 'example_external_task_marker_child' retrieved from /home/airflow/.local/lib/python3.12/site-packages/airflow/example_dags/example_external_task_marker_dag.py
[2024-10-10T14:08:00.574+0000] {logging_mixin.py:190} INFO - [2024-10-10T14:08:00.574+0000] {dag.py:3239} INFO - Sync 2 DAGs
[2024-10-10T14:08:00.585+0000] {logging_mixin.py:190} INFO - [2024-10-10T14:08:00.585+0000] {dag.py:4180} INFO - Setting next_dagrun for example_external_task_marker_child to None, run_after=None
[2024-10-10T14:08:00.589+0000] {logging_mixin.py:190} INFO - [2024-10-10T14:08:00.588+0000] {dag.py:4180} INFO - Setting next_dagrun for example_external_task_marker_parent to None, run_after=None
[2024-10-10T14:08:00.601+0000] {processor.py:208} INFO - Processing /home/airflow/.local/lib/python3.12/site-packages/airflow/example_dags/example_external_task_marker_dag.py took 0.058 seconds
[2024-10-10T14:08:31.265+0000] {processor.py:186} INFO - Started process (PID=1228) to work on /home/airflow/.local/lib/python3.12/site-packages/airflow/example_dags/example_external_task_marker_dag.py
[2024-10-10T14:08:31.266+0000] {processor.py:914} INFO - Processing file /home/airflow/.local/lib/python3.12/site-packages/airflow/example_dags/example_external_task_marker_dag.py for tasks to queue
[2024-10-10T14:08:31.268+0000] {logging_mixin.py:190} INFO - [2024-10-10T14:08:31.267+0000] {dagbag.py:588} INFO - Filling up the DagBag from /home/airflow/.local/lib/python3.12/site-packages/airflow/example_dags/example_external_task_marker_dag.py
[2024-10-10T14:08:31.275+0000] {processor.py:925} INFO - DAG(s) 'example_external_task_marker_parent', 'example_external_task_marker_child' retrieved from /home/airflow/.local/lib/python3.12/site-packages/airflow/example_dags/example_external_task_marker_dag.py
[2024-10-10T14:08:31.295+0000] {logging_mixin.py:190} INFO - [2024-10-10T14:08:31.295+0000] {dag.py:3239} INFO - Sync 2 DAGs
[2024-10-10T14:08:31.312+0000] {logging_mixin.py:190} INFO - [2024-10-10T14:08:31.312+0000] {dag.py:4180} INFO - Setting next_dagrun for example_external_task_marker_child to None, run_after=None
[2024-10-10T14:08:31.316+0000] {logging_mixin.py:190} INFO - [2024-10-10T14:08:31.316+0000] {dag.py:4180} INFO - Setting next_dagrun for example_external_task_marker_parent to None, run_after=None
[2024-10-10T14:08:31.333+0000] {processor.py:208} INFO - Processing /home/airflow/.local/lib/python3.12/site-packages/airflow/example_dags/example_external_task_marker_dag.py took 0.073 seconds
[2024-10-10T14:09:01.944+0000] {processor.py:186} INFO - Started process (PID=1290) to work on /home/airflow/.local/lib/python3.12/site-packages/airflow/example_dags/example_external_task_marker_dag.py
[2024-10-10T14:09:01.944+0000] {processor.py:914} INFO - Processing file /home/airflow/.local/lib/python3.12/site-packages/airflow/example_dags/example_external_task_marker_dag.py for tasks to queue
[2024-10-10T14:09:01.946+0000] {logging_mixin.py:190} INFO - [2024-10-10T14:09:01.946+0000] {dagbag.py:588} INFO - Filling up the DagBag from /home/airflow/.local/lib/python3.12/site-packages/airflow/example_dags/example_external_task_marker_dag.py
[2024-10-10T14:09:01.956+0000] {processor.py:925} INFO - DAG(s) 'example_external_task_marker_child', 'example_external_task_marker_parent' retrieved from /home/airflow/.local/lib/python3.12/site-packages/airflow/example_dags/example_external_task_marker_dag.py
[2024-10-10T14:09:01.979+0000] {logging_mixin.py:190} INFO - [2024-10-10T14:09:01.979+0000] {dag.py:3239} INFO - Sync 2 DAGs
[2024-10-10T14:09:01.991+0000] {logging_mixin.py:190} INFO - [2024-10-10T14:09:01.990+0000] {dag.py:4180} INFO - Setting next_dagrun for example_external_task_marker_child to None, run_after=None
[2024-10-10T14:09:01.994+0000] {logging_mixin.py:190} INFO - [2024-10-10T14:09:01.994+0000] {dag.py:4180} INFO - Setting next_dagrun for example_external_task_marker_parent to None, run_after=None
[2024-10-10T14:09:02.006+0000] {processor.py:208} INFO - Processing /home/airflow/.local/lib/python3.12/site-packages/airflow/example_dags/example_external_task_marker_dag.py took 0.067 seconds
[2024-10-10T14:09:32.772+0000] {processor.py:186} INFO - Started process (PID=1352) to work on /home/airflow/.local/lib/python3.12/site-packages/airflow/example_dags/example_external_task_marker_dag.py
[2024-10-10T14:09:32.773+0000] {processor.py:914} INFO - Processing file /home/airflow/.local/lib/python3.12/site-packages/airflow/example_dags/example_external_task_marker_dag.py for tasks to queue
[2024-10-10T14:09:32.774+0000] {logging_mixin.py:190} INFO - [2024-10-10T14:09:32.774+0000] {dagbag.py:588} INFO - Filling up the DagBag from /home/airflow/.local/lib/python3.12/site-packages/airflow/example_dags/example_external_task_marker_dag.py
[2024-10-10T14:09:32.780+0000] {processor.py:925} INFO - DAG(s) 'example_external_task_marker_child', 'example_external_task_marker_parent' retrieved from /home/airflow/.local/lib/python3.12/site-packages/airflow/example_dags/example_external_task_marker_dag.py
[2024-10-10T14:09:32.798+0000] {logging_mixin.py:190} INFO - [2024-10-10T14:09:32.798+0000] {dag.py:3239} INFO - Sync 2 DAGs
[2024-10-10T14:09:32.808+0000] {logging_mixin.py:190} INFO - [2024-10-10T14:09:32.808+0000] {dag.py:4180} INFO - Setting next_dagrun for example_external_task_marker_child to None, run_after=None
[2024-10-10T14:09:32.811+0000] {logging_mixin.py:190} INFO - [2024-10-10T14:09:32.811+0000] {dag.py:4180} INFO - Setting next_dagrun for example_external_task_marker_parent to None, run_after=None
[2024-10-10T14:09:32.823+0000] {processor.py:208} INFO - Processing /home/airflow/.local/lib/python3.12/site-packages/airflow/example_dags/example_external_task_marker_dag.py took 0.055 seconds
[2024-10-10T14:10:03.757+0000] {processor.py:186} INFO - Started process (PID=1414) to work on /home/airflow/.local/lib/python3.12/site-packages/airflow/example_dags/example_external_task_marker_dag.py
[2024-10-10T14:10:03.758+0000] {processor.py:914} INFO - Processing file /home/airflow/.local/lib/python3.12/site-packages/airflow/example_dags/example_external_task_marker_dag.py for tasks to queue
[2024-10-10T14:10:03.759+0000] {logging_mixin.py:190} INFO - [2024-10-10T14:10:03.759+0000] {dagbag.py:588} INFO - Filling up the DagBag from /home/airflow/.local/lib/python3.12/site-packages/airflow/example_dags/example_external_task_marker_dag.py
[2024-10-10T14:10:03.765+0000] {processor.py:925} INFO - DAG(s) 'example_external_task_marker_parent', 'example_external_task_marker_child' retrieved from /home/airflow/.local/lib/python3.12/site-packages/airflow/example_dags/example_external_task_marker_dag.py
[2024-10-10T14:10:03.783+0000] {logging_mixin.py:190} INFO - [2024-10-10T14:10:03.783+0000] {dag.py:3239} INFO - Sync 2 DAGs
[2024-10-10T14:10:03.794+0000] {logging_mixin.py:190} INFO - [2024-10-10T14:10:03.794+0000] {dag.py:4180} INFO - Setting next_dagrun for example_external_task_marker_child to None, run_after=None
[2024-10-10T14:10:03.797+0000] {logging_mixin.py:190} INFO - [2024-10-10T14:10:03.797+0000] {dag.py:4180} INFO - Setting next_dagrun for example_external_task_marker_parent to None, run_after=None
[2024-10-10T14:10:03.808+0000] {processor.py:208} INFO - Processing /home/airflow/.local/lib/python3.12/site-packages/airflow/example_dags/example_external_task_marker_dag.py took 0.055 seconds
[2024-10-10T14:10:33.981+0000] {processor.py:186} INFO - Started process (PID=1477) to work on /home/airflow/.local/lib/python3.12/site-packages/airflow/example_dags/example_external_task_marker_dag.py
[2024-10-10T14:10:33.982+0000] {processor.py:914} INFO - Processing file /home/airflow/.local/lib/python3.12/site-packages/airflow/example_dags/example_external_task_marker_dag.py for tasks to queue
[2024-10-10T14:10:33.984+0000] {logging_mixin.py:190} INFO - [2024-10-10T14:10:33.984+0000] {dagbag.py:588} INFO - Filling up the DagBag from /home/airflow/.local/lib/python3.12/site-packages/airflow/example_dags/example_external_task_marker_dag.py
[2024-10-10T14:10:33.991+0000] {processor.py:925} INFO - DAG(s) 'example_external_task_marker_child', 'example_external_task_marker_parent' retrieved from /home/airflow/.local/lib/python3.12/site-packages/airflow/example_dags/example_external_task_marker_dag.py
[2024-10-10T14:10:34.009+0000] {logging_mixin.py:190} INFO - [2024-10-10T14:10:34.009+0000] {dag.py:3239} INFO - Sync 2 DAGs
[2024-10-10T14:10:34.021+0000] {logging_mixin.py:190} INFO - [2024-10-10T14:10:34.021+0000] {dag.py:4180} INFO - Setting next_dagrun for example_external_task_marker_child to None, run_after=None
[2024-10-10T14:10:34.025+0000] {logging_mixin.py:190} INFO - [2024-10-10T14:10:34.024+0000] {dag.py:4180} INFO - Setting next_dagrun for example_external_task_marker_parent to None, run_after=None
[2024-10-10T14:10:34.037+0000] {processor.py:208} INFO - Processing /home/airflow/.local/lib/python3.12/site-packages/airflow/example_dags/example_external_task_marker_dag.py took 0.062 seconds
[2024-10-10T14:11:04.202+0000] {processor.py:186} INFO - Started process (PID=1539) to work on /home/airflow/.local/lib/python3.12/site-packages/airflow/example_dags/example_external_task_marker_dag.py
[2024-10-10T14:11:04.203+0000] {processor.py:914} INFO - Processing file /home/airflow/.local/lib/python3.12/site-packages/airflow/example_dags/example_external_task_marker_dag.py for tasks to queue
[2024-10-10T14:11:04.205+0000] {logging_mixin.py:190} INFO - [2024-10-10T14:11:04.204+0000] {dagbag.py:588} INFO - Filling up the DagBag from /home/airflow/.local/lib/python3.12/site-packages/airflow/example_dags/example_external_task_marker_dag.py
[2024-10-10T14:11:04.211+0000] {processor.py:925} INFO - DAG(s) 'example_external_task_marker_parent', 'example_external_task_marker_child' retrieved from /home/airflow/.local/lib/python3.12/site-packages/airflow/example_dags/example_external_task_marker_dag.py
[2024-10-10T14:11:04.229+0000] {logging_mixin.py:190} INFO - [2024-10-10T14:11:04.229+0000] {dag.py:3239} INFO - Sync 2 DAGs
[2024-10-10T14:11:04.240+0000] {logging_mixin.py:190} INFO - [2024-10-10T14:11:04.240+0000] {dag.py:4180} INFO - Setting next_dagrun for example_external_task_marker_child to None, run_after=None
[2024-10-10T14:11:04.243+0000] {logging_mixin.py:190} INFO - [2024-10-10T14:11:04.243+0000] {dag.py:4180} INFO - Setting next_dagrun for example_external_task_marker_parent to None, run_after=None
[2024-10-10T14:11:04.256+0000] {processor.py:208} INFO - Processing /home/airflow/.local/lib/python3.12/site-packages/airflow/example_dags/example_external_task_marker_dag.py took 0.058 seconds
[2024-10-10T14:11:35.260+0000] {processor.py:186} INFO - Started process (PID=1601) to work on /home/airflow/.local/lib/python3.12/site-packages/airflow/example_dags/example_external_task_marker_dag.py
[2024-10-10T14:11:35.261+0000] {processor.py:914} INFO - Processing file /home/airflow/.local/lib/python3.12/site-packages/airflow/example_dags/example_external_task_marker_dag.py for tasks to queue
[2024-10-10T14:11:35.263+0000] {logging_mixin.py:190} INFO - [2024-10-10T14:11:35.263+0000] {dagbag.py:588} INFO - Filling up the DagBag from /home/airflow/.local/lib/python3.12/site-packages/airflow/example_dags/example_external_task_marker_dag.py
[2024-10-10T14:11:35.269+0000] {processor.py:925} INFO - DAG(s) 'example_external_task_marker_parent', 'example_external_task_marker_child' retrieved from /home/airflow/.local/lib/python3.12/site-packages/airflow/example_dags/example_external_task_marker_dag.py
[2024-10-10T14:11:35.289+0000] {logging_mixin.py:190} INFO - [2024-10-10T14:11:35.289+0000] {dag.py:3239} INFO - Sync 2 DAGs
[2024-10-10T14:11:35.301+0000] {logging_mixin.py:190} INFO - [2024-10-10T14:11:35.301+0000] {dag.py:4180} INFO - Setting next_dagrun for example_external_task_marker_child to None, run_after=None
[2024-10-10T14:11:35.304+0000] {logging_mixin.py:190} INFO - [2024-10-10T14:11:35.304+0000] {dag.py:4180} INFO - Setting next_dagrun for example_external_task_marker_parent to None, run_after=None
[2024-10-10T14:11:35.318+0000] {processor.py:208} INFO - Processing /home/airflow/.local/lib/python3.12/site-packages/airflow/example_dags/example_external_task_marker_dag.py took 0.062 seconds
[2024-10-10T14:12:06.076+0000] {processor.py:186} INFO - Started process (PID=1663) to work on /home/airflow/.local/lib/python3.12/site-packages/airflow/example_dags/example_external_task_marker_dag.py
[2024-10-10T14:12:06.076+0000] {processor.py:914} INFO - Processing file /home/airflow/.local/lib/python3.12/site-packages/airflow/example_dags/example_external_task_marker_dag.py for tasks to queue
[2024-10-10T14:12:06.078+0000] {logging_mixin.py:190} INFO - [2024-10-10T14:12:06.078+0000] {dagbag.py:588} INFO - Filling up the DagBag from /home/airflow/.local/lib/python3.12/site-packages/airflow/example_dags/example_external_task_marker_dag.py
[2024-10-10T14:12:06.084+0000] {processor.py:925} INFO - DAG(s) 'example_external_task_marker_parent', 'example_external_task_marker_child' retrieved from /home/airflow/.local/lib/python3.12/site-packages/airflow/example_dags/example_external_task_marker_dag.py
[2024-10-10T14:12:06.102+0000] {logging_mixin.py:190} INFO - [2024-10-10T14:12:06.102+0000] {dag.py:3239} INFO - Sync 2 DAGs
[2024-10-10T14:12:06.113+0000] {logging_mixin.py:190} INFO - [2024-10-10T14:12:06.113+0000] {dag.py:4180} INFO - Setting next_dagrun for example_external_task_marker_child to None, run_after=None
[2024-10-10T14:12:06.116+0000] {logging_mixin.py:190} INFO - [2024-10-10T14:12:06.116+0000] {dag.py:4180} INFO - Setting next_dagrun for example_external_task_marker_parent to None, run_after=None
[2024-10-10T14:12:06.128+0000] {processor.py:208} INFO - Processing /home/airflow/.local/lib/python3.12/site-packages/airflow/example_dags/example_external_task_marker_dag.py took 0.056 seconds
[2024-10-10T14:12:36.860+0000] {processor.py:186} INFO - Started process (PID=1725) to work on /home/airflow/.local/lib/python3.12/site-packages/airflow/example_dags/example_external_task_marker_dag.py
[2024-10-10T14:12:36.861+0000] {processor.py:914} INFO - Processing file /home/airflow/.local/lib/python3.12/site-packages/airflow/example_dags/example_external_task_marker_dag.py for tasks to queue
[2024-10-10T14:12:36.862+0000] {logging_mixin.py:190} INFO - [2024-10-10T14:12:36.862+0000] {dagbag.py:588} INFO - Filling up the DagBag from /home/airflow/.local/lib/python3.12/site-packages/airflow/example_dags/example_external_task_marker_dag.py
[2024-10-10T14:12:36.869+0000] {processor.py:925} INFO - DAG(s) 'example_external_task_marker_child', 'example_external_task_marker_parent' retrieved from /home/airflow/.local/lib/python3.12/site-packages/airflow/example_dags/example_external_task_marker_dag.py
[2024-10-10T14:12:36.885+0000] {logging_mixin.py:190} INFO - [2024-10-10T14:12:36.885+0000] {dag.py:3239} INFO - Sync 2 DAGs
[2024-10-10T14:12:36.896+0000] {logging_mixin.py:190} INFO - [2024-10-10T14:12:36.896+0000] {dag.py:4180} INFO - Setting next_dagrun for example_external_task_marker_child to None, run_after=None
[2024-10-10T14:12:36.900+0000] {logging_mixin.py:190} INFO - [2024-10-10T14:12:36.899+0000] {dag.py:4180} INFO - Setting next_dagrun for example_external_task_marker_parent to None, run_after=None
[2024-10-10T14:12:36.912+0000] {processor.py:208} INFO - Processing /home/airflow/.local/lib/python3.12/site-packages/airflow/example_dags/example_external_task_marker_dag.py took 0.057 seconds
