[2024-10-10T13:59:18.612+0000] {processor.py:186} INFO - Started process (PID=105) to work on /home/airflow/.local/lib/python3.12/site-packages/airflow/example_dags/example_sla_dag.py
[2024-10-10T13:59:18.612+0000] {processor.py:914} INFO - Processing file /home/airflow/.local/lib/python3.12/site-packages/airflow/example_dags/example_sla_dag.py for tasks to queue
[2024-10-10T13:59:18.614+0000] {logging_mixin.py:190} INFO - [2024-10-10T13:59:18.614+0000] {dagbag.py:588} INFO - Filling up the DagBag from /home/airflow/.local/lib/python3.12/site-packages/airflow/example_dags/example_sla_dag.py
[2024-10-10T13:59:18.623+0000] {processor.py:925} INFO - DAG(s) 'example_sla_dag' retrieved from /home/airflow/.local/lib/python3.12/site-packages/airflow/example_dags/example_sla_dag.py
[2024-10-10T13:59:18.639+0000] {logging_mixin.py:190} INFO - [2024-10-10T13:59:18.639+0000] {dag.py:3239} INFO - Sync 1 DAGs
[2024-10-10T13:59:18.661+0000] {logging_mixin.py:190} INFO - [2024-10-10T13:59:18.660+0000] {dag.py:4180} INFO - Setting next_dagrun for example_sla_dag to 2024-10-10 13:56:00+00:00, run_after=2024-10-10 13:58:00+00:00
[2024-10-10T13:59:18.674+0000] {processor.py:208} INFO - Processing /home/airflow/.local/lib/python3.12/site-packages/airflow/example_dags/example_sla_dag.py took 0.067 seconds
[2024-10-10T13:59:49.845+0000] {processor.py:186} INFO - Started process (PID=167) to work on /home/airflow/.local/lib/python3.12/site-packages/airflow/example_dags/example_sla_dag.py
[2024-10-10T13:59:49.847+0000] {processor.py:914} INFO - Processing file /home/airflow/.local/lib/python3.12/site-packages/airflow/example_dags/example_sla_dag.py for tasks to queue
[2024-10-10T13:59:49.849+0000] {logging_mixin.py:190} INFO - [2024-10-10T13:59:49.849+0000] {dagbag.py:588} INFO - Filling up the DagBag from /home/airflow/.local/lib/python3.12/site-packages/airflow/example_dags/example_sla_dag.py
[2024-10-10T13:59:49.858+0000] {processor.py:925} INFO - DAG(s) 'example_sla_dag' retrieved from /home/airflow/.local/lib/python3.12/site-packages/airflow/example_dags/example_sla_dag.py
[2024-10-10T13:59:49.875+0000] {logging_mixin.py:190} INFO - [2024-10-10T13:59:49.875+0000] {dag.py:3239} INFO - Sync 1 DAGs
[2024-10-10T13:59:49.896+0000] {logging_mixin.py:190} INFO - [2024-10-10T13:59:49.896+0000] {dag.py:4180} INFO - Setting next_dagrun for example_sla_dag to 2024-10-10 13:56:00+00:00, run_after=2024-10-10 13:58:00+00:00
[2024-10-10T13:59:49.912+0000] {processor.py:208} INFO - Processing /home/airflow/.local/lib/python3.12/site-packages/airflow/example_dags/example_sla_dag.py took 0.072 seconds
[2024-10-10T14:00:20.895+0000] {processor.py:186} INFO - Started process (PID=230) to work on /home/airflow/.local/lib/python3.12/site-packages/airflow/example_dags/example_sla_dag.py
[2024-10-10T14:00:20.896+0000] {processor.py:914} INFO - Processing file /home/airflow/.local/lib/python3.12/site-packages/airflow/example_dags/example_sla_dag.py for tasks to queue
[2024-10-10T14:00:20.899+0000] {logging_mixin.py:190} INFO - [2024-10-10T14:00:20.898+0000] {dagbag.py:588} INFO - Filling up the DagBag from /home/airflow/.local/lib/python3.12/site-packages/airflow/example_dags/example_sla_dag.py
[2024-10-10T14:00:20.907+0000] {processor.py:925} INFO - DAG(s) 'example_sla_dag' retrieved from /home/airflow/.local/lib/python3.12/site-packages/airflow/example_dags/example_sla_dag.py
[2024-10-10T14:00:20.925+0000] {logging_mixin.py:190} INFO - [2024-10-10T14:00:20.925+0000] {dag.py:3239} INFO - Sync 1 DAGs
[2024-10-10T14:00:20.957+0000] {logging_mixin.py:190} INFO - [2024-10-10T14:00:20.957+0000] {dag.py:4180} INFO - Setting next_dagrun for example_sla_dag to 2024-10-10 13:58:00+00:00, run_after=2024-10-10 14:00:00+00:00
[2024-10-10T14:00:20.974+0000] {processor.py:208} INFO - Processing /home/airflow/.local/lib/python3.12/site-packages/airflow/example_dags/example_sla_dag.py took 0.083 seconds
[2024-10-10T14:00:51.262+0000] {processor.py:186} INFO - Started process (PID=292) to work on /home/airflow/.local/lib/python3.12/site-packages/airflow/example_dags/example_sla_dag.py
[2024-10-10T14:00:51.263+0000] {processor.py:914} INFO - Processing file /home/airflow/.local/lib/python3.12/site-packages/airflow/example_dags/example_sla_dag.py for tasks to queue
[2024-10-10T14:00:51.264+0000] {logging_mixin.py:190} INFO - [2024-10-10T14:00:51.264+0000] {dagbag.py:588} INFO - Filling up the DagBag from /home/airflow/.local/lib/python3.12/site-packages/airflow/example_dags/example_sla_dag.py
[2024-10-10T14:00:51.272+0000] {processor.py:925} INFO - DAG(s) 'example_sla_dag' retrieved from /home/airflow/.local/lib/python3.12/site-packages/airflow/example_dags/example_sla_dag.py
[2024-10-10T14:00:51.287+0000] {logging_mixin.py:190} INFO - [2024-10-10T14:00:51.286+0000] {dag.py:3239} INFO - Sync 1 DAGs
[2024-10-10T14:00:51.307+0000] {logging_mixin.py:190} INFO - [2024-10-10T14:00:51.307+0000] {dag.py:4180} INFO - Setting next_dagrun for example_sla_dag to 2024-10-10 13:58:00+00:00, run_after=2024-10-10 14:00:00+00:00
[2024-10-10T14:00:51.320+0000] {processor.py:208} INFO - Processing /home/airflow/.local/lib/python3.12/site-packages/airflow/example_dags/example_sla_dag.py took 0.063 seconds
[2024-10-10T14:01:21.433+0000] {processor.py:186} INFO - Started process (PID=354) to work on /home/airflow/.local/lib/python3.12/site-packages/airflow/example_dags/example_sla_dag.py
[2024-10-10T14:01:21.434+0000] {processor.py:914} INFO - Processing file /home/airflow/.local/lib/python3.12/site-packages/airflow/example_dags/example_sla_dag.py for tasks to queue
[2024-10-10T14:01:21.435+0000] {logging_mixin.py:190} INFO - [2024-10-10T14:01:21.435+0000] {dagbag.py:588} INFO - Filling up the DagBag from /home/airflow/.local/lib/python3.12/site-packages/airflow/example_dags/example_sla_dag.py
[2024-10-10T14:01:21.443+0000] {processor.py:925} INFO - DAG(s) 'example_sla_dag' retrieved from /home/airflow/.local/lib/python3.12/site-packages/airflow/example_dags/example_sla_dag.py
[2024-10-10T14:01:21.457+0000] {logging_mixin.py:190} INFO - [2024-10-10T14:01:21.456+0000] {dag.py:3239} INFO - Sync 1 DAGs
[2024-10-10T14:01:21.476+0000] {logging_mixin.py:190} INFO - [2024-10-10T14:01:21.476+0000] {dag.py:4180} INFO - Setting next_dagrun for example_sla_dag to 2024-10-10 13:58:00+00:00, run_after=2024-10-10 14:00:00+00:00
[2024-10-10T14:01:21.489+0000] {processor.py:208} INFO - Processing /home/airflow/.local/lib/python3.12/site-packages/airflow/example_dags/example_sla_dag.py took 0.060 seconds
[2024-10-10T14:01:51.627+0000] {processor.py:186} INFO - Started process (PID=416) to work on /home/airflow/.local/lib/python3.12/site-packages/airflow/example_dags/example_sla_dag.py
[2024-10-10T14:01:51.628+0000] {processor.py:914} INFO - Processing file /home/airflow/.local/lib/python3.12/site-packages/airflow/example_dags/example_sla_dag.py for tasks to queue
[2024-10-10T14:01:51.630+0000] {logging_mixin.py:190} INFO - [2024-10-10T14:01:51.630+0000] {dagbag.py:588} INFO - Filling up the DagBag from /home/airflow/.local/lib/python3.12/site-packages/airflow/example_dags/example_sla_dag.py
[2024-10-10T14:01:51.637+0000] {processor.py:925} INFO - DAG(s) 'example_sla_dag' retrieved from /home/airflow/.local/lib/python3.12/site-packages/airflow/example_dags/example_sla_dag.py
[2024-10-10T14:01:51.652+0000] {logging_mixin.py:190} INFO - [2024-10-10T14:01:51.652+0000] {dag.py:3239} INFO - Sync 1 DAGs
[2024-10-10T14:01:51.672+0000] {logging_mixin.py:190} INFO - [2024-10-10T14:01:51.672+0000] {dag.py:4180} INFO - Setting next_dagrun for example_sla_dag to 2024-10-10 13:58:00+00:00, run_after=2024-10-10 14:00:00+00:00
[2024-10-10T14:01:51.686+0000] {processor.py:208} INFO - Processing /home/airflow/.local/lib/python3.12/site-packages/airflow/example_dags/example_sla_dag.py took 0.063 seconds
[2024-10-10T14:02:21.996+0000] {processor.py:186} INFO - Started process (PID=478) to work on /home/airflow/.local/lib/python3.12/site-packages/airflow/example_dags/example_sla_dag.py
[2024-10-10T14:02:21.997+0000] {processor.py:914} INFO - Processing file /home/airflow/.local/lib/python3.12/site-packages/airflow/example_dags/example_sla_dag.py for tasks to queue
[2024-10-10T14:02:21.999+0000] {logging_mixin.py:190} INFO - [2024-10-10T14:02:21.999+0000] {dagbag.py:588} INFO - Filling up the DagBag from /home/airflow/.local/lib/python3.12/site-packages/airflow/example_dags/example_sla_dag.py
[2024-10-10T14:02:22.006+0000] {processor.py:925} INFO - DAG(s) 'example_sla_dag' retrieved from /home/airflow/.local/lib/python3.12/site-packages/airflow/example_dags/example_sla_dag.py
[2024-10-10T14:02:22.023+0000] {logging_mixin.py:190} INFO - [2024-10-10T14:02:22.023+0000] {dag.py:3239} INFO - Sync 1 DAGs
[2024-10-10T14:02:22.043+0000] {logging_mixin.py:190} INFO - [2024-10-10T14:02:22.043+0000] {dag.py:4180} INFO - Setting next_dagrun for example_sla_dag to 2024-10-10 14:00:00+00:00, run_after=2024-10-10 14:02:00+00:00
[2024-10-10T14:02:22.057+0000] {processor.py:208} INFO - Processing /home/airflow/.local/lib/python3.12/site-packages/airflow/example_dags/example_sla_dag.py took 0.065 seconds
[2024-10-10T14:02:52.662+0000] {processor.py:186} INFO - Started process (PID=540) to work on /home/airflow/.local/lib/python3.12/site-packages/airflow/example_dags/example_sla_dag.py
[2024-10-10T14:02:52.663+0000] {processor.py:914} INFO - Processing file /home/airflow/.local/lib/python3.12/site-packages/airflow/example_dags/example_sla_dag.py for tasks to queue
[2024-10-10T14:02:52.665+0000] {logging_mixin.py:190} INFO - [2024-10-10T14:02:52.665+0000] {dagbag.py:588} INFO - Filling up the DagBag from /home/airflow/.local/lib/python3.12/site-packages/airflow/example_dags/example_sla_dag.py
[2024-10-10T14:02:52.673+0000] {processor.py:925} INFO - DAG(s) 'example_sla_dag' retrieved from /home/airflow/.local/lib/python3.12/site-packages/airflow/example_dags/example_sla_dag.py
[2024-10-10T14:02:52.687+0000] {logging_mixin.py:190} INFO - [2024-10-10T14:02:52.687+0000] {dag.py:3239} INFO - Sync 1 DAGs
[2024-10-10T14:02:52.706+0000] {logging_mixin.py:190} INFO - [2024-10-10T14:02:52.706+0000] {dag.py:4180} INFO - Setting next_dagrun for example_sla_dag to 2024-10-10 14:00:00+00:00, run_after=2024-10-10 14:02:00+00:00
[2024-10-10T14:02:52.720+0000] {processor.py:208} INFO - Processing /home/airflow/.local/lib/python3.12/site-packages/airflow/example_dags/example_sla_dag.py took 0.062 seconds
[2024-10-10T14:03:23.596+0000] {processor.py:186} INFO - Started process (PID=602) to work on /home/airflow/.local/lib/python3.12/site-packages/airflow/example_dags/example_sla_dag.py
[2024-10-10T14:03:23.597+0000] {processor.py:914} INFO - Processing file /home/airflow/.local/lib/python3.12/site-packages/airflow/example_dags/example_sla_dag.py for tasks to queue
[2024-10-10T14:03:23.599+0000] {logging_mixin.py:190} INFO - [2024-10-10T14:03:23.599+0000] {dagbag.py:588} INFO - Filling up the DagBag from /home/airflow/.local/lib/python3.12/site-packages/airflow/example_dags/example_sla_dag.py
[2024-10-10T14:03:23.608+0000] {processor.py:925} INFO - DAG(s) 'example_sla_dag' retrieved from /home/airflow/.local/lib/python3.12/site-packages/airflow/example_dags/example_sla_dag.py
[2024-10-10T14:03:23.624+0000] {logging_mixin.py:190} INFO - [2024-10-10T14:03:23.624+0000] {dag.py:3239} INFO - Sync 1 DAGs
[2024-10-10T14:03:23.646+0000] {logging_mixin.py:190} INFO - [2024-10-10T14:03:23.645+0000] {dag.py:4180} INFO - Setting next_dagrun for example_sla_dag to 2024-10-10 14:00:00+00:00, run_after=2024-10-10 14:02:00+00:00
[2024-10-10T14:03:23.662+0000] {processor.py:208} INFO - Processing /home/airflow/.local/lib/python3.12/site-packages/airflow/example_dags/example_sla_dag.py took 0.071 seconds
[2024-10-10T14:03:54.276+0000] {processor.py:186} INFO - Started process (PID=664) to work on /home/airflow/.local/lib/python3.12/site-packages/airflow/example_dags/example_sla_dag.py
[2024-10-10T14:03:54.277+0000] {processor.py:914} INFO - Processing file /home/airflow/.local/lib/python3.12/site-packages/airflow/example_dags/example_sla_dag.py for tasks to queue
[2024-10-10T14:03:54.279+0000] {logging_mixin.py:190} INFO - [2024-10-10T14:03:54.278+0000] {dagbag.py:588} INFO - Filling up the DagBag from /home/airflow/.local/lib/python3.12/site-packages/airflow/example_dags/example_sla_dag.py
[2024-10-10T14:03:54.286+0000] {processor.py:925} INFO - DAG(s) 'example_sla_dag' retrieved from /home/airflow/.local/lib/python3.12/site-packages/airflow/example_dags/example_sla_dag.py
[2024-10-10T14:03:54.301+0000] {logging_mixin.py:190} INFO - [2024-10-10T14:03:54.301+0000] {dag.py:3239} INFO - Sync 1 DAGs
[2024-10-10T14:03:54.321+0000] {logging_mixin.py:190} INFO - [2024-10-10T14:03:54.321+0000] {dag.py:4180} INFO - Setting next_dagrun for example_sla_dag to 2024-10-10 14:00:00+00:00, run_after=2024-10-10 14:02:00+00:00
[2024-10-10T14:03:54.334+0000] {processor.py:208} INFO - Processing /home/airflow/.local/lib/python3.12/site-packages/airflow/example_dags/example_sla_dag.py took 0.062 seconds
[2024-10-10T14:04:25.105+0000] {processor.py:186} INFO - Started process (PID=726) to work on /home/airflow/.local/lib/python3.12/site-packages/airflow/example_dags/example_sla_dag.py
[2024-10-10T14:04:25.106+0000] {processor.py:914} INFO - Processing file /home/airflow/.local/lib/python3.12/site-packages/airflow/example_dags/example_sla_dag.py for tasks to queue
[2024-10-10T14:04:25.108+0000] {logging_mixin.py:190} INFO - [2024-10-10T14:04:25.107+0000] {dagbag.py:588} INFO - Filling up the DagBag from /home/airflow/.local/lib/python3.12/site-packages/airflow/example_dags/example_sla_dag.py
[2024-10-10T14:04:25.115+0000] {processor.py:925} INFO - DAG(s) 'example_sla_dag' retrieved from /home/airflow/.local/lib/python3.12/site-packages/airflow/example_dags/example_sla_dag.py
[2024-10-10T14:04:25.129+0000] {logging_mixin.py:190} INFO - [2024-10-10T14:04:25.129+0000] {dag.py:3239} INFO - Sync 1 DAGs
[2024-10-10T14:04:25.150+0000] {logging_mixin.py:190} INFO - [2024-10-10T14:04:25.150+0000] {dag.py:4180} INFO - Setting next_dagrun for example_sla_dag to 2024-10-10 14:02:00+00:00, run_after=2024-10-10 14:04:00+00:00
[2024-10-10T14:04:25.163+0000] {processor.py:208} INFO - Processing /home/airflow/.local/lib/python3.12/site-packages/airflow/example_dags/example_sla_dag.py took 0.062 seconds
[2024-10-10T14:04:55.836+0000] {processor.py:186} INFO - Started process (PID=788) to work on /home/airflow/.local/lib/python3.12/site-packages/airflow/example_dags/example_sla_dag.py
[2024-10-10T14:04:55.837+0000] {processor.py:914} INFO - Processing file /home/airflow/.local/lib/python3.12/site-packages/airflow/example_dags/example_sla_dag.py for tasks to queue
[2024-10-10T14:04:55.839+0000] {logging_mixin.py:190} INFO - [2024-10-10T14:04:55.839+0000] {dagbag.py:588} INFO - Filling up the DagBag from /home/airflow/.local/lib/python3.12/site-packages/airflow/example_dags/example_sla_dag.py
[2024-10-10T14:04:55.846+0000] {processor.py:925} INFO - DAG(s) 'example_sla_dag' retrieved from /home/airflow/.local/lib/python3.12/site-packages/airflow/example_dags/example_sla_dag.py
[2024-10-10T14:04:55.862+0000] {logging_mixin.py:190} INFO - [2024-10-10T14:04:55.862+0000] {dag.py:3239} INFO - Sync 1 DAGs
[2024-10-10T14:04:55.881+0000] {logging_mixin.py:190} INFO - [2024-10-10T14:04:55.881+0000] {dag.py:4180} INFO - Setting next_dagrun for example_sla_dag to 2024-10-10 14:02:00+00:00, run_after=2024-10-10 14:04:00+00:00
[2024-10-10T14:04:55.898+0000] {processor.py:208} INFO - Processing /home/airflow/.local/lib/python3.12/site-packages/airflow/example_dags/example_sla_dag.py took 0.066 seconds
[2024-10-10T14:05:26.588+0000] {processor.py:186} INFO - Started process (PID=850) to work on /home/airflow/.local/lib/python3.12/site-packages/airflow/example_dags/example_sla_dag.py
[2024-10-10T14:05:26.589+0000] {processor.py:914} INFO - Processing file /home/airflow/.local/lib/python3.12/site-packages/airflow/example_dags/example_sla_dag.py for tasks to queue
[2024-10-10T14:05:26.591+0000] {logging_mixin.py:190} INFO - [2024-10-10T14:05:26.590+0000] {dagbag.py:588} INFO - Filling up the DagBag from /home/airflow/.local/lib/python3.12/site-packages/airflow/example_dags/example_sla_dag.py
[2024-10-10T14:05:26.598+0000] {processor.py:925} INFO - DAG(s) 'example_sla_dag' retrieved from /home/airflow/.local/lib/python3.12/site-packages/airflow/example_dags/example_sla_dag.py
[2024-10-10T14:05:26.613+0000] {logging_mixin.py:190} INFO - [2024-10-10T14:05:26.613+0000] {dag.py:3239} INFO - Sync 1 DAGs
[2024-10-10T14:05:26.632+0000] {logging_mixin.py:190} INFO - [2024-10-10T14:05:26.632+0000] {dag.py:4180} INFO - Setting next_dagrun for example_sla_dag to 2024-10-10 14:02:00+00:00, run_after=2024-10-10 14:04:00+00:00
[2024-10-10T14:05:26.645+0000] {processor.py:208} INFO - Processing /home/airflow/.local/lib/python3.12/site-packages/airflow/example_dags/example_sla_dag.py took 0.062 seconds
[2024-10-10T14:05:57.302+0000] {processor.py:186} INFO - Started process (PID=912) to work on /home/airflow/.local/lib/python3.12/site-packages/airflow/example_dags/example_sla_dag.py
[2024-10-10T14:05:57.302+0000] {processor.py:914} INFO - Processing file /home/airflow/.local/lib/python3.12/site-packages/airflow/example_dags/example_sla_dag.py for tasks to queue
[2024-10-10T14:05:57.304+0000] {logging_mixin.py:190} INFO - [2024-10-10T14:05:57.304+0000] {dagbag.py:588} INFO - Filling up the DagBag from /home/airflow/.local/lib/python3.12/site-packages/airflow/example_dags/example_sla_dag.py
[2024-10-10T14:05:57.312+0000] {processor.py:925} INFO - DAG(s) 'example_sla_dag' retrieved from /home/airflow/.local/lib/python3.12/site-packages/airflow/example_dags/example_sla_dag.py
[2024-10-10T14:05:57.327+0000] {logging_mixin.py:190} INFO - [2024-10-10T14:05:57.327+0000] {dag.py:3239} INFO - Sync 1 DAGs
[2024-10-10T14:05:57.347+0000] {logging_mixin.py:190} INFO - [2024-10-10T14:05:57.346+0000] {dag.py:4180} INFO - Setting next_dagrun for example_sla_dag to 2024-10-10 14:02:00+00:00, run_after=2024-10-10 14:04:00+00:00
[2024-10-10T14:05:57.359+0000] {processor.py:208} INFO - Processing /home/airflow/.local/lib/python3.12/site-packages/airflow/example_dags/example_sla_dag.py took 0.061 seconds
[2024-10-10T14:06:28.032+0000] {processor.py:186} INFO - Started process (PID=974) to work on /home/airflow/.local/lib/python3.12/site-packages/airflow/example_dags/example_sla_dag.py
[2024-10-10T14:06:28.033+0000] {processor.py:914} INFO - Processing file /home/airflow/.local/lib/python3.12/site-packages/airflow/example_dags/example_sla_dag.py for tasks to queue
[2024-10-10T14:06:28.035+0000] {logging_mixin.py:190} INFO - [2024-10-10T14:06:28.034+0000] {dagbag.py:588} INFO - Filling up the DagBag from /home/airflow/.local/lib/python3.12/site-packages/airflow/example_dags/example_sla_dag.py
[2024-10-10T14:06:28.042+0000] {processor.py:925} INFO - DAG(s) 'example_sla_dag' retrieved from /home/airflow/.local/lib/python3.12/site-packages/airflow/example_dags/example_sla_dag.py
[2024-10-10T14:06:28.057+0000] {logging_mixin.py:190} INFO - [2024-10-10T14:06:28.057+0000] {dag.py:3239} INFO - Sync 1 DAGs
[2024-10-10T14:06:28.078+0000] {logging_mixin.py:190} INFO - [2024-10-10T14:06:28.078+0000] {dag.py:4180} INFO - Setting next_dagrun for example_sla_dag to 2024-10-10 14:04:00+00:00, run_after=2024-10-10 14:06:00+00:00
[2024-10-10T14:06:28.093+0000] {processor.py:208} INFO - Processing /home/airflow/.local/lib/python3.12/site-packages/airflow/example_dags/example_sla_dag.py took 0.066 seconds
[2024-10-10T14:06:58.737+0000] {processor.py:186} INFO - Started process (PID=1036) to work on /home/airflow/.local/lib/python3.12/site-packages/airflow/example_dags/example_sla_dag.py
[2024-10-10T14:06:58.737+0000] {processor.py:914} INFO - Processing file /home/airflow/.local/lib/python3.12/site-packages/airflow/example_dags/example_sla_dag.py for tasks to queue
[2024-10-10T14:06:58.739+0000] {logging_mixin.py:190} INFO - [2024-10-10T14:06:58.739+0000] {dagbag.py:588} INFO - Filling up the DagBag from /home/airflow/.local/lib/python3.12/site-packages/airflow/example_dags/example_sla_dag.py
[2024-10-10T14:06:58.748+0000] {processor.py:925} INFO - DAG(s) 'example_sla_dag' retrieved from /home/airflow/.local/lib/python3.12/site-packages/airflow/example_dags/example_sla_dag.py
[2024-10-10T14:06:58.763+0000] {logging_mixin.py:190} INFO - [2024-10-10T14:06:58.763+0000] {dag.py:3239} INFO - Sync 1 DAGs
[2024-10-10T14:06:58.783+0000] {logging_mixin.py:190} INFO - [2024-10-10T14:06:58.783+0000] {dag.py:4180} INFO - Setting next_dagrun for example_sla_dag to 2024-10-10 14:04:00+00:00, run_after=2024-10-10 14:06:00+00:00
[2024-10-10T14:06:58.799+0000] {processor.py:208} INFO - Processing /home/airflow/.local/lib/python3.12/site-packages/airflow/example_dags/example_sla_dag.py took 0.067 seconds
[2024-10-10T14:07:29.503+0000] {processor.py:186} INFO - Started process (PID=1098) to work on /home/airflow/.local/lib/python3.12/site-packages/airflow/example_dags/example_sla_dag.py
[2024-10-10T14:07:29.503+0000] {processor.py:914} INFO - Processing file /home/airflow/.local/lib/python3.12/site-packages/airflow/example_dags/example_sla_dag.py for tasks to queue
[2024-10-10T14:07:29.505+0000] {logging_mixin.py:190} INFO - [2024-10-10T14:07:29.505+0000] {dagbag.py:588} INFO - Filling up the DagBag from /home/airflow/.local/lib/python3.12/site-packages/airflow/example_dags/example_sla_dag.py
[2024-10-10T14:07:29.513+0000] {processor.py:925} INFO - DAG(s) 'example_sla_dag' retrieved from /home/airflow/.local/lib/python3.12/site-packages/airflow/example_dags/example_sla_dag.py
[2024-10-10T14:07:29.529+0000] {logging_mixin.py:190} INFO - [2024-10-10T14:07:29.528+0000] {dag.py:3239} INFO - Sync 1 DAGs
[2024-10-10T14:07:29.548+0000] {logging_mixin.py:190} INFO - [2024-10-10T14:07:29.548+0000] {dag.py:4180} INFO - Setting next_dagrun for example_sla_dag to 2024-10-10 14:04:00+00:00, run_after=2024-10-10 14:06:00+00:00
[2024-10-10T14:07:29.561+0000] {processor.py:208} INFO - Processing /home/airflow/.local/lib/python3.12/site-packages/airflow/example_dags/example_sla_dag.py took 0.062 seconds
[2024-10-10T14:08:00.298+0000] {processor.py:186} INFO - Started process (PID=1160) to work on /home/airflow/.local/lib/python3.12/site-packages/airflow/example_dags/example_sla_dag.py
[2024-10-10T14:08:00.299+0000] {processor.py:914} INFO - Processing file /home/airflow/.local/lib/python3.12/site-packages/airflow/example_dags/example_sla_dag.py for tasks to queue
[2024-10-10T14:08:00.301+0000] {logging_mixin.py:190} INFO - [2024-10-10T14:08:00.301+0000] {dagbag.py:588} INFO - Filling up the DagBag from /home/airflow/.local/lib/python3.12/site-packages/airflow/example_dags/example_sla_dag.py
[2024-10-10T14:08:00.308+0000] {processor.py:925} INFO - DAG(s) 'example_sla_dag' retrieved from /home/airflow/.local/lib/python3.12/site-packages/airflow/example_dags/example_sla_dag.py
[2024-10-10T14:08:00.324+0000] {logging_mixin.py:190} INFO - [2024-10-10T14:08:00.324+0000] {dag.py:3239} INFO - Sync 1 DAGs
[2024-10-10T14:08:00.344+0000] {logging_mixin.py:190} INFO - [2024-10-10T14:08:00.343+0000] {dag.py:4180} INFO - Setting next_dagrun for example_sla_dag to 2024-10-10 14:06:00+00:00, run_after=2024-10-10 14:08:00+00:00
[2024-10-10T14:08:00.357+0000] {processor.py:208} INFO - Processing /home/airflow/.local/lib/python3.12/site-packages/airflow/example_dags/example_sla_dag.py took 0.063 seconds
[2024-10-10T14:08:30.984+0000] {processor.py:186} INFO - Started process (PID=1222) to work on /home/airflow/.local/lib/python3.12/site-packages/airflow/example_dags/example_sla_dag.py
[2024-10-10T14:08:30.985+0000] {processor.py:914} INFO - Processing file /home/airflow/.local/lib/python3.12/site-packages/airflow/example_dags/example_sla_dag.py for tasks to queue
[2024-10-10T14:08:30.987+0000] {logging_mixin.py:190} INFO - [2024-10-10T14:08:30.987+0000] {dagbag.py:588} INFO - Filling up the DagBag from /home/airflow/.local/lib/python3.12/site-packages/airflow/example_dags/example_sla_dag.py
[2024-10-10T14:08:30.994+0000] {processor.py:925} INFO - DAG(s) 'example_sla_dag' retrieved from /home/airflow/.local/lib/python3.12/site-packages/airflow/example_dags/example_sla_dag.py
[2024-10-10T14:08:31.010+0000] {logging_mixin.py:190} INFO - [2024-10-10T14:08:31.010+0000] {dag.py:3239} INFO - Sync 1 DAGs
[2024-10-10T14:08:31.031+0000] {logging_mixin.py:190} INFO - [2024-10-10T14:08:31.031+0000] {dag.py:4180} INFO - Setting next_dagrun for example_sla_dag to 2024-10-10 14:06:00+00:00, run_after=2024-10-10 14:08:00+00:00
[2024-10-10T14:08:31.046+0000] {processor.py:208} INFO - Processing /home/airflow/.local/lib/python3.12/site-packages/airflow/example_dags/example_sla_dag.py took 0.066 seconds
[2024-10-10T14:09:01.700+0000] {processor.py:186} INFO - Started process (PID=1284) to work on /home/airflow/.local/lib/python3.12/site-packages/airflow/example_dags/example_sla_dag.py
[2024-10-10T14:09:01.701+0000] {processor.py:914} INFO - Processing file /home/airflow/.local/lib/python3.12/site-packages/airflow/example_dags/example_sla_dag.py for tasks to queue
[2024-10-10T14:09:01.702+0000] {logging_mixin.py:190} INFO - [2024-10-10T14:09:01.702+0000] {dagbag.py:588} INFO - Filling up the DagBag from /home/airflow/.local/lib/python3.12/site-packages/airflow/example_dags/example_sla_dag.py
[2024-10-10T14:09:01.710+0000] {processor.py:925} INFO - DAG(s) 'example_sla_dag' retrieved from /home/airflow/.local/lib/python3.12/site-packages/airflow/example_dags/example_sla_dag.py
[2024-10-10T14:09:01.724+0000] {logging_mixin.py:190} INFO - [2024-10-10T14:09:01.723+0000] {dag.py:3239} INFO - Sync 1 DAGs
[2024-10-10T14:09:01.743+0000] {logging_mixin.py:190} INFO - [2024-10-10T14:09:01.742+0000] {dag.py:4180} INFO - Setting next_dagrun for example_sla_dag to 2024-10-10 14:06:00+00:00, run_after=2024-10-10 14:08:00+00:00
[2024-10-10T14:09:01.757+0000] {processor.py:208} INFO - Processing /home/airflow/.local/lib/python3.12/site-packages/airflow/example_dags/example_sla_dag.py took 0.061 seconds
[2024-10-10T14:09:32.534+0000] {processor.py:186} INFO - Started process (PID=1346) to work on /home/airflow/.local/lib/python3.12/site-packages/airflow/example_dags/example_sla_dag.py
[2024-10-10T14:09:32.534+0000] {processor.py:914} INFO - Processing file /home/airflow/.local/lib/python3.12/site-packages/airflow/example_dags/example_sla_dag.py for tasks to queue
[2024-10-10T14:09:32.536+0000] {logging_mixin.py:190} INFO - [2024-10-10T14:09:32.536+0000] {dagbag.py:588} INFO - Filling up the DagBag from /home/airflow/.local/lib/python3.12/site-packages/airflow/example_dags/example_sla_dag.py
[2024-10-10T14:09:32.543+0000] {processor.py:925} INFO - DAG(s) 'example_sla_dag' retrieved from /home/airflow/.local/lib/python3.12/site-packages/airflow/example_dags/example_sla_dag.py
[2024-10-10T14:09:32.559+0000] {logging_mixin.py:190} INFO - [2024-10-10T14:09:32.558+0000] {dag.py:3239} INFO - Sync 1 DAGs
[2024-10-10T14:09:32.577+0000] {logging_mixin.py:190} INFO - [2024-10-10T14:09:32.577+0000] {dag.py:4180} INFO - Setting next_dagrun for example_sla_dag to 2024-10-10 14:06:00+00:00, run_after=2024-10-10 14:08:00+00:00
[2024-10-10T14:09:32.590+0000] {processor.py:208} INFO - Processing /home/airflow/.local/lib/python3.12/site-packages/airflow/example_dags/example_sla_dag.py took 0.060 seconds
[2024-10-10T14:10:03.506+0000] {processor.py:186} INFO - Started process (PID=1408) to work on /home/airflow/.local/lib/python3.12/site-packages/airflow/example_dags/example_sla_dag.py
[2024-10-10T14:10:03.507+0000] {processor.py:914} INFO - Processing file /home/airflow/.local/lib/python3.12/site-packages/airflow/example_dags/example_sla_dag.py for tasks to queue
[2024-10-10T14:10:03.509+0000] {logging_mixin.py:190} INFO - [2024-10-10T14:10:03.509+0000] {dagbag.py:588} INFO - Filling up the DagBag from /home/airflow/.local/lib/python3.12/site-packages/airflow/example_dags/example_sla_dag.py
[2024-10-10T14:10:03.517+0000] {processor.py:925} INFO - DAG(s) 'example_sla_dag' retrieved from /home/airflow/.local/lib/python3.12/site-packages/airflow/example_dags/example_sla_dag.py
[2024-10-10T14:10:03.533+0000] {logging_mixin.py:190} INFO - [2024-10-10T14:10:03.533+0000] {dag.py:3239} INFO - Sync 1 DAGs
[2024-10-10T14:10:03.553+0000] {logging_mixin.py:190} INFO - [2024-10-10T14:10:03.552+0000] {dag.py:4180} INFO - Setting next_dagrun for example_sla_dag to 2024-10-10 14:08:00+00:00, run_after=2024-10-10 14:10:00+00:00
[2024-10-10T14:10:03.566+0000] {processor.py:208} INFO - Processing /home/airflow/.local/lib/python3.12/site-packages/airflow/example_dags/example_sla_dag.py took 0.064 seconds
[2024-10-10T14:10:33.712+0000] {processor.py:186} INFO - Started process (PID=1471) to work on /home/airflow/.local/lib/python3.12/site-packages/airflow/example_dags/example_sla_dag.py
[2024-10-10T14:10:33.712+0000] {processor.py:914} INFO - Processing file /home/airflow/.local/lib/python3.12/site-packages/airflow/example_dags/example_sla_dag.py for tasks to queue
[2024-10-10T14:10:33.714+0000] {logging_mixin.py:190} INFO - [2024-10-10T14:10:33.714+0000] {dagbag.py:588} INFO - Filling up the DagBag from /home/airflow/.local/lib/python3.12/site-packages/airflow/example_dags/example_sla_dag.py
[2024-10-10T14:10:33.724+0000] {processor.py:925} INFO - DAG(s) 'example_sla_dag' retrieved from /home/airflow/.local/lib/python3.12/site-packages/airflow/example_dags/example_sla_dag.py
[2024-10-10T14:10:33.740+0000] {logging_mixin.py:190} INFO - [2024-10-10T14:10:33.740+0000] {dag.py:3239} INFO - Sync 1 DAGs
[2024-10-10T14:10:33.763+0000] {logging_mixin.py:190} INFO - [2024-10-10T14:10:33.763+0000] {dag.py:4180} INFO - Setting next_dagrun for example_sla_dag to 2024-10-10 14:08:00+00:00, run_after=2024-10-10 14:10:00+00:00
[2024-10-10T14:10:33.778+0000] {processor.py:208} INFO - Processing /home/airflow/.local/lib/python3.12/site-packages/airflow/example_dags/example_sla_dag.py took 0.070 seconds
[2024-10-10T14:11:03.926+0000] {processor.py:186} INFO - Started process (PID=1533) to work on /home/airflow/.local/lib/python3.12/site-packages/airflow/example_dags/example_sla_dag.py
[2024-10-10T14:11:03.927+0000] {processor.py:914} INFO - Processing file /home/airflow/.local/lib/python3.12/site-packages/airflow/example_dags/example_sla_dag.py for tasks to queue
[2024-10-10T14:11:03.929+0000] {logging_mixin.py:190} INFO - [2024-10-10T14:11:03.929+0000] {dagbag.py:588} INFO - Filling up the DagBag from /home/airflow/.local/lib/python3.12/site-packages/airflow/example_dags/example_sla_dag.py
[2024-10-10T14:11:03.937+0000] {processor.py:925} INFO - DAG(s) 'example_sla_dag' retrieved from /home/airflow/.local/lib/python3.12/site-packages/airflow/example_dags/example_sla_dag.py
[2024-10-10T14:11:03.956+0000] {logging_mixin.py:190} INFO - [2024-10-10T14:11:03.956+0000] {dag.py:3239} INFO - Sync 1 DAGs
[2024-10-10T14:11:03.982+0000] {logging_mixin.py:190} INFO - [2024-10-10T14:11:03.982+0000] {dag.py:4180} INFO - Setting next_dagrun for example_sla_dag to 2024-10-10 14:08:00+00:00, run_after=2024-10-10 14:10:00+00:00
[2024-10-10T14:11:03.999+0000] {processor.py:208} INFO - Processing /home/airflow/.local/lib/python3.12/site-packages/airflow/example_dags/example_sla_dag.py took 0.078 seconds
[2024-10-10T14:11:35.004+0000] {processor.py:186} INFO - Started process (PID=1595) to work on /home/airflow/.local/lib/python3.12/site-packages/airflow/example_dags/example_sla_dag.py
[2024-10-10T14:11:35.005+0000] {processor.py:914} INFO - Processing file /home/airflow/.local/lib/python3.12/site-packages/airflow/example_dags/example_sla_dag.py for tasks to queue
[2024-10-10T14:11:35.006+0000] {logging_mixin.py:190} INFO - [2024-10-10T14:11:35.006+0000] {dagbag.py:588} INFO - Filling up the DagBag from /home/airflow/.local/lib/python3.12/site-packages/airflow/example_dags/example_sla_dag.py
[2024-10-10T14:11:35.014+0000] {processor.py:925} INFO - DAG(s) 'example_sla_dag' retrieved from /home/airflow/.local/lib/python3.12/site-packages/airflow/example_dags/example_sla_dag.py
[2024-10-10T14:11:35.029+0000] {logging_mixin.py:190} INFO - [2024-10-10T14:11:35.029+0000] {dag.py:3239} INFO - Sync 1 DAGs
[2024-10-10T14:11:35.051+0000] {logging_mixin.py:190} INFO - [2024-10-10T14:11:35.051+0000] {dag.py:4180} INFO - Setting next_dagrun for example_sla_dag to 2024-10-10 14:08:00+00:00, run_after=2024-10-10 14:10:00+00:00
[2024-10-10T14:11:35.066+0000] {processor.py:208} INFO - Processing /home/airflow/.local/lib/python3.12/site-packages/airflow/example_dags/example_sla_dag.py took 0.067 seconds
[2024-10-10T14:12:05.796+0000] {processor.py:186} INFO - Started process (PID=1657) to work on /home/airflow/.local/lib/python3.12/site-packages/airflow/example_dags/example_sla_dag.py
[2024-10-10T14:12:05.797+0000] {processor.py:914} INFO - Processing file /home/airflow/.local/lib/python3.12/site-packages/airflow/example_dags/example_sla_dag.py for tasks to queue
[2024-10-10T14:12:05.799+0000] {logging_mixin.py:190} INFO - [2024-10-10T14:12:05.799+0000] {dagbag.py:588} INFO - Filling up the DagBag from /home/airflow/.local/lib/python3.12/site-packages/airflow/example_dags/example_sla_dag.py
[2024-10-10T14:12:05.807+0000] {processor.py:925} INFO - DAG(s) 'example_sla_dag' retrieved from /home/airflow/.local/lib/python3.12/site-packages/airflow/example_dags/example_sla_dag.py
[2024-10-10T14:12:05.822+0000] {logging_mixin.py:190} INFO - [2024-10-10T14:12:05.821+0000] {dag.py:3239} INFO - Sync 1 DAGs
[2024-10-10T14:12:05.842+0000] {logging_mixin.py:190} INFO - [2024-10-10T14:12:05.842+0000] {dag.py:4180} INFO - Setting next_dagrun for example_sla_dag to 2024-10-10 14:10:00+00:00, run_after=2024-10-10 14:12:00+00:00
[2024-10-10T14:12:05.855+0000] {processor.py:208} INFO - Processing /home/airflow/.local/lib/python3.12/site-packages/airflow/example_dags/example_sla_dag.py took 0.064 seconds
[2024-10-10T14:12:36.612+0000] {processor.py:186} INFO - Started process (PID=1719) to work on /home/airflow/.local/lib/python3.12/site-packages/airflow/example_dags/example_sla_dag.py
[2024-10-10T14:12:36.613+0000] {processor.py:914} INFO - Processing file /home/airflow/.local/lib/python3.12/site-packages/airflow/example_dags/example_sla_dag.py for tasks to queue
[2024-10-10T14:12:36.615+0000] {logging_mixin.py:190} INFO - [2024-10-10T14:12:36.615+0000] {dagbag.py:588} INFO - Filling up the DagBag from /home/airflow/.local/lib/python3.12/site-packages/airflow/example_dags/example_sla_dag.py
[2024-10-10T14:12:36.622+0000] {processor.py:925} INFO - DAG(s) 'example_sla_dag' retrieved from /home/airflow/.local/lib/python3.12/site-packages/airflow/example_dags/example_sla_dag.py
[2024-10-10T14:12:36.636+0000] {logging_mixin.py:190} INFO - [2024-10-10T14:12:36.636+0000] {dag.py:3239} INFO - Sync 1 DAGs
[2024-10-10T14:12:36.655+0000] {logging_mixin.py:190} INFO - [2024-10-10T14:12:36.655+0000] {dag.py:4180} INFO - Setting next_dagrun for example_sla_dag to 2024-10-10 14:10:00+00:00, run_after=2024-10-10 14:12:00+00:00
[2024-10-10T14:12:36.668+0000] {processor.py:208} INFO - Processing /home/airflow/.local/lib/python3.12/site-packages/airflow/example_dags/example_sla_dag.py took 0.059 seconds
