[2024-10-10T13:59:17.765+0000] {processor.py:186} INFO - Started process (PID=90) to work on /home/airflow/.local/lib/python3.12/site-packages/airflow/example_dags/example_latest_only_with_trigger.py
[2024-10-10T13:59:17.766+0000] {processor.py:914} INFO - Processing file /home/airflow/.local/lib/python3.12/site-packages/airflow/example_dags/example_latest_only_with_trigger.py for tasks to queue
[2024-10-10T13:59:17.768+0000] {logging_mixin.py:190} INFO - [2024-10-10T13:59:17.767+0000] {dagbag.py:588} INFO - Filling up the DagBag from /home/airflow/.local/lib/python3.12/site-packages/airflow/example_dags/example_latest_only_with_trigger.py
[2024-10-10T13:59:17.776+0000] {processor.py:925} INFO - DAG(s) 'latest_only_with_trigger' retrieved from /home/airflow/.local/lib/python3.12/site-packages/airflow/example_dags/example_latest_only_with_trigger.py
[2024-10-10T13:59:17.792+0000] {logging_mixin.py:190} INFO - [2024-10-10T13:59:17.792+0000] {dag.py:3239} INFO - Sync 1 DAGs
[2024-10-10T13:59:17.810+0000] {logging_mixin.py:190} INFO - [2024-10-10T13:59:17.810+0000] {dag.py:4180} INFO - Setting next_dagrun for latest_only_with_trigger to 2024-10-10 08:00:00+00:00, run_after=2024-10-10 12:00:00+00:00
[2024-10-10T13:59:17.826+0000] {processor.py:208} INFO - Processing /home/airflow/.local/lib/python3.12/site-packages/airflow/example_dags/example_latest_only_with_trigger.py took 0.066 seconds
[2024-10-10T13:59:47.939+0000] {processor.py:186} INFO - Started process (PID=152) to work on /home/airflow/.local/lib/python3.12/site-packages/airflow/example_dags/example_latest_only_with_trigger.py
[2024-10-10T13:59:47.940+0000] {processor.py:914} INFO - Processing file /home/airflow/.local/lib/python3.12/site-packages/airflow/example_dags/example_latest_only_with_trigger.py for tasks to queue
[2024-10-10T13:59:47.942+0000] {logging_mixin.py:190} INFO - [2024-10-10T13:59:47.942+0000] {dagbag.py:588} INFO - Filling up the DagBag from /home/airflow/.local/lib/python3.12/site-packages/airflow/example_dags/example_latest_only_with_trigger.py
[2024-10-10T13:59:47.947+0000] {processor.py:925} INFO - DAG(s) 'latest_only_with_trigger' retrieved from /home/airflow/.local/lib/python3.12/site-packages/airflow/example_dags/example_latest_only_with_trigger.py
[2024-10-10T13:59:47.963+0000] {logging_mixin.py:190} INFO - [2024-10-10T13:59:47.962+0000] {dag.py:3239} INFO - Sync 1 DAGs
[2024-10-10T13:59:47.982+0000] {logging_mixin.py:190} INFO - [2024-10-10T13:59:47.982+0000] {dag.py:4180} INFO - Setting next_dagrun for latest_only_with_trigger to 2024-10-10 08:00:00+00:00, run_after=2024-10-10 12:00:00+00:00
[2024-10-10T13:59:47.998+0000] {processor.py:208} INFO - Processing /home/airflow/.local/lib/python3.12/site-packages/airflow/example_dags/example_latest_only_with_trigger.py took 0.063 seconds
[2024-10-10T14:00:18.145+0000] {processor.py:186} INFO - Started process (PID=215) to work on /home/airflow/.local/lib/python3.12/site-packages/airflow/example_dags/example_latest_only_with_trigger.py
[2024-10-10T14:00:18.146+0000] {processor.py:914} INFO - Processing file /home/airflow/.local/lib/python3.12/site-packages/airflow/example_dags/example_latest_only_with_trigger.py for tasks to queue
[2024-10-10T14:00:18.148+0000] {logging_mixin.py:190} INFO - [2024-10-10T14:00:18.148+0000] {dagbag.py:588} INFO - Filling up the DagBag from /home/airflow/.local/lib/python3.12/site-packages/airflow/example_dags/example_latest_only_with_trigger.py
[2024-10-10T14:00:18.155+0000] {processor.py:925} INFO - DAG(s) 'latest_only_with_trigger' retrieved from /home/airflow/.local/lib/python3.12/site-packages/airflow/example_dags/example_latest_only_with_trigger.py
[2024-10-10T14:00:18.173+0000] {logging_mixin.py:190} INFO - [2024-10-10T14:00:18.173+0000] {dag.py:3239} INFO - Sync 1 DAGs
[2024-10-10T14:00:18.194+0000] {logging_mixin.py:190} INFO - [2024-10-10T14:00:18.194+0000] {dag.py:4180} INFO - Setting next_dagrun for latest_only_with_trigger to 2024-10-10 08:00:00+00:00, run_after=2024-10-10 12:00:00+00:00
[2024-10-10T14:00:18.209+0000] {processor.py:208} INFO - Processing /home/airflow/.local/lib/python3.12/site-packages/airflow/example_dags/example_latest_only_with_trigger.py took 0.069 seconds
[2024-10-10T14:00:48.502+0000] {processor.py:186} INFO - Started process (PID=277) to work on /home/airflow/.local/lib/python3.12/site-packages/airflow/example_dags/example_latest_only_with_trigger.py
[2024-10-10T14:00:48.503+0000] {processor.py:914} INFO - Processing file /home/airflow/.local/lib/python3.12/site-packages/airflow/example_dags/example_latest_only_with_trigger.py for tasks to queue
[2024-10-10T14:00:48.504+0000] {logging_mixin.py:190} INFO - [2024-10-10T14:00:48.504+0000] {dagbag.py:588} INFO - Filling up the DagBag from /home/airflow/.local/lib/python3.12/site-packages/airflow/example_dags/example_latest_only_with_trigger.py
[2024-10-10T14:00:48.510+0000] {processor.py:925} INFO - DAG(s) 'latest_only_with_trigger' retrieved from /home/airflow/.local/lib/python3.12/site-packages/airflow/example_dags/example_latest_only_with_trigger.py
[2024-10-10T14:00:48.527+0000] {logging_mixin.py:190} INFO - [2024-10-10T14:00:48.526+0000] {dag.py:3239} INFO - Sync 1 DAGs
[2024-10-10T14:00:48.547+0000] {logging_mixin.py:190} INFO - [2024-10-10T14:00:48.546+0000] {dag.py:4180} INFO - Setting next_dagrun for latest_only_with_trigger to 2024-10-10 08:00:00+00:00, run_after=2024-10-10 12:00:00+00:00
[2024-10-10T14:00:48.563+0000] {processor.py:208} INFO - Processing /home/airflow/.local/lib/python3.12/site-packages/airflow/example_dags/example_latest_only_with_trigger.py took 0.066 seconds
[2024-10-10T14:01:18.648+0000] {processor.py:186} INFO - Started process (PID=339) to work on /home/airflow/.local/lib/python3.12/site-packages/airflow/example_dags/example_latest_only_with_trigger.py
[2024-10-10T14:01:18.649+0000] {processor.py:914} INFO - Processing file /home/airflow/.local/lib/python3.12/site-packages/airflow/example_dags/example_latest_only_with_trigger.py for tasks to queue
[2024-10-10T14:01:18.650+0000] {logging_mixin.py:190} INFO - [2024-10-10T14:01:18.650+0000] {dagbag.py:588} INFO - Filling up the DagBag from /home/airflow/.local/lib/python3.12/site-packages/airflow/example_dags/example_latest_only_with_trigger.py
[2024-10-10T14:01:18.656+0000] {processor.py:925} INFO - DAG(s) 'latest_only_with_trigger' retrieved from /home/airflow/.local/lib/python3.12/site-packages/airflow/example_dags/example_latest_only_with_trigger.py
[2024-10-10T14:01:18.671+0000] {logging_mixin.py:190} INFO - [2024-10-10T14:01:18.670+0000] {dag.py:3239} INFO - Sync 1 DAGs
[2024-10-10T14:01:18.688+0000] {logging_mixin.py:190} INFO - [2024-10-10T14:01:18.688+0000] {dag.py:4180} INFO - Setting next_dagrun for latest_only_with_trigger to 2024-10-10 08:00:00+00:00, run_after=2024-10-10 12:00:00+00:00
[2024-10-10T14:01:18.700+0000] {processor.py:208} INFO - Processing /home/airflow/.local/lib/python3.12/site-packages/airflow/example_dags/example_latest_only_with_trigger.py took 0.056 seconds
[2024-10-10T14:01:48.957+0000] {processor.py:186} INFO - Started process (PID=401) to work on /home/airflow/.local/lib/python3.12/site-packages/airflow/example_dags/example_latest_only_with_trigger.py
[2024-10-10T14:01:48.958+0000] {processor.py:914} INFO - Processing file /home/airflow/.local/lib/python3.12/site-packages/airflow/example_dags/example_latest_only_with_trigger.py for tasks to queue
[2024-10-10T14:01:48.960+0000] {logging_mixin.py:190} INFO - [2024-10-10T14:01:48.960+0000] {dagbag.py:588} INFO - Filling up the DagBag from /home/airflow/.local/lib/python3.12/site-packages/airflow/example_dags/example_latest_only_with_trigger.py
[2024-10-10T14:01:48.965+0000] {processor.py:925} INFO - DAG(s) 'latest_only_with_trigger' retrieved from /home/airflow/.local/lib/python3.12/site-packages/airflow/example_dags/example_latest_only_with_trigger.py
[2024-10-10T14:01:48.981+0000] {logging_mixin.py:190} INFO - [2024-10-10T14:01:48.981+0000] {dag.py:3239} INFO - Sync 1 DAGs
[2024-10-10T14:01:48.999+0000] {logging_mixin.py:190} INFO - [2024-10-10T14:01:48.998+0000] {dag.py:4180} INFO - Setting next_dagrun for latest_only_with_trigger to 2024-10-10 08:00:00+00:00, run_after=2024-10-10 12:00:00+00:00
[2024-10-10T14:01:49.012+0000] {processor.py:208} INFO - Processing /home/airflow/.local/lib/python3.12/site-packages/airflow/example_dags/example_latest_only_with_trigger.py took 0.059 seconds
[2024-10-10T14:02:19.285+0000] {processor.py:186} INFO - Started process (PID=463) to work on /home/airflow/.local/lib/python3.12/site-packages/airflow/example_dags/example_latest_only_with_trigger.py
[2024-10-10T14:02:19.286+0000] {processor.py:914} INFO - Processing file /home/airflow/.local/lib/python3.12/site-packages/airflow/example_dags/example_latest_only_with_trigger.py for tasks to queue
[2024-10-10T14:02:19.287+0000] {logging_mixin.py:190} INFO - [2024-10-10T14:02:19.287+0000] {dagbag.py:588} INFO - Filling up the DagBag from /home/airflow/.local/lib/python3.12/site-packages/airflow/example_dags/example_latest_only_with_trigger.py
[2024-10-10T14:02:19.294+0000] {processor.py:925} INFO - DAG(s) 'latest_only_with_trigger' retrieved from /home/airflow/.local/lib/python3.12/site-packages/airflow/example_dags/example_latest_only_with_trigger.py
[2024-10-10T14:02:19.311+0000] {logging_mixin.py:190} INFO - [2024-10-10T14:02:19.311+0000] {dag.py:3239} INFO - Sync 1 DAGs
[2024-10-10T14:02:19.329+0000] {logging_mixin.py:190} INFO - [2024-10-10T14:02:19.328+0000] {dag.py:4180} INFO - Setting next_dagrun for latest_only_with_trigger to 2024-10-10 08:00:00+00:00, run_after=2024-10-10 12:00:00+00:00
[2024-10-10T14:02:19.343+0000] {processor.py:208} INFO - Processing /home/airflow/.local/lib/python3.12/site-packages/airflow/example_dags/example_latest_only_with_trigger.py took 0.063 seconds
[2024-10-10T14:02:49.977+0000] {processor.py:186} INFO - Started process (PID=525) to work on /home/airflow/.local/lib/python3.12/site-packages/airflow/example_dags/example_latest_only_with_trigger.py
[2024-10-10T14:02:49.977+0000] {processor.py:914} INFO - Processing file /home/airflow/.local/lib/python3.12/site-packages/airflow/example_dags/example_latest_only_with_trigger.py for tasks to queue
[2024-10-10T14:02:49.979+0000] {logging_mixin.py:190} INFO - [2024-10-10T14:02:49.979+0000] {dagbag.py:588} INFO - Filling up the DagBag from /home/airflow/.local/lib/python3.12/site-packages/airflow/example_dags/example_latest_only_with_trigger.py
[2024-10-10T14:02:49.984+0000] {processor.py:925} INFO - DAG(s) 'latest_only_with_trigger' retrieved from /home/airflow/.local/lib/python3.12/site-packages/airflow/example_dags/example_latest_only_with_trigger.py
[2024-10-10T14:02:49.999+0000] {logging_mixin.py:190} INFO - [2024-10-10T14:02:49.999+0000] {dag.py:3239} INFO - Sync 1 DAGs
[2024-10-10T14:02:50.016+0000] {logging_mixin.py:190} INFO - [2024-10-10T14:02:50.016+0000] {dag.py:4180} INFO - Setting next_dagrun for latest_only_with_trigger to 2024-10-10 08:00:00+00:00, run_after=2024-10-10 12:00:00+00:00
[2024-10-10T14:02:50.029+0000] {processor.py:208} INFO - Processing /home/airflow/.local/lib/python3.12/site-packages/airflow/example_dags/example_latest_only_with_trigger.py took 0.057 seconds
[2024-10-10T14:03:20.831+0000] {processor.py:186} INFO - Started process (PID=587) to work on /home/airflow/.local/lib/python3.12/site-packages/airflow/example_dags/example_latest_only_with_trigger.py
[2024-10-10T14:03:20.832+0000] {processor.py:914} INFO - Processing file /home/airflow/.local/lib/python3.12/site-packages/airflow/example_dags/example_latest_only_with_trigger.py for tasks to queue
[2024-10-10T14:03:20.834+0000] {logging_mixin.py:190} INFO - [2024-10-10T14:03:20.833+0000] {dagbag.py:588} INFO - Filling up the DagBag from /home/airflow/.local/lib/python3.12/site-packages/airflow/example_dags/example_latest_only_with_trigger.py
[2024-10-10T14:03:20.839+0000] {processor.py:925} INFO - DAG(s) 'latest_only_with_trigger' retrieved from /home/airflow/.local/lib/python3.12/site-packages/airflow/example_dags/example_latest_only_with_trigger.py
[2024-10-10T14:03:20.854+0000] {logging_mixin.py:190} INFO - [2024-10-10T14:03:20.853+0000] {dag.py:3239} INFO - Sync 1 DAGs
[2024-10-10T14:03:20.870+0000] {logging_mixin.py:190} INFO - [2024-10-10T14:03:20.870+0000] {dag.py:4180} INFO - Setting next_dagrun for latest_only_with_trigger to 2024-10-10 08:00:00+00:00, run_after=2024-10-10 12:00:00+00:00
[2024-10-10T14:03:20.882+0000] {processor.py:208} INFO - Processing /home/airflow/.local/lib/python3.12/site-packages/airflow/example_dags/example_latest_only_with_trigger.py took 0.055 seconds
[2024-10-10T14:03:51.600+0000] {processor.py:186} INFO - Started process (PID=649) to work on /home/airflow/.local/lib/python3.12/site-packages/airflow/example_dags/example_latest_only_with_trigger.py
[2024-10-10T14:03:51.601+0000] {processor.py:914} INFO - Processing file /home/airflow/.local/lib/python3.12/site-packages/airflow/example_dags/example_latest_only_with_trigger.py for tasks to queue
[2024-10-10T14:03:51.603+0000] {logging_mixin.py:190} INFO - [2024-10-10T14:03:51.602+0000] {dagbag.py:588} INFO - Filling up the DagBag from /home/airflow/.local/lib/python3.12/site-packages/airflow/example_dags/example_latest_only_with_trigger.py
[2024-10-10T14:03:51.608+0000] {processor.py:925} INFO - DAG(s) 'latest_only_with_trigger' retrieved from /home/airflow/.local/lib/python3.12/site-packages/airflow/example_dags/example_latest_only_with_trigger.py
[2024-10-10T14:03:51.623+0000] {logging_mixin.py:190} INFO - [2024-10-10T14:03:51.623+0000] {dag.py:3239} INFO - Sync 1 DAGs
[2024-10-10T14:03:51.642+0000] {logging_mixin.py:190} INFO - [2024-10-10T14:03:51.641+0000] {dag.py:4180} INFO - Setting next_dagrun for latest_only_with_trigger to 2024-10-10 08:00:00+00:00, run_after=2024-10-10 12:00:00+00:00
[2024-10-10T14:03:51.656+0000] {processor.py:208} INFO - Processing /home/airflow/.local/lib/python3.12/site-packages/airflow/example_dags/example_latest_only_with_trigger.py took 0.060 seconds
[2024-10-10T14:04:22.289+0000] {processor.py:186} INFO - Started process (PID=711) to work on /home/airflow/.local/lib/python3.12/site-packages/airflow/example_dags/example_latest_only_with_trigger.py
[2024-10-10T14:04:22.290+0000] {processor.py:914} INFO - Processing file /home/airflow/.local/lib/python3.12/site-packages/airflow/example_dags/example_latest_only_with_trigger.py for tasks to queue
[2024-10-10T14:04:22.291+0000] {logging_mixin.py:190} INFO - [2024-10-10T14:04:22.291+0000] {dagbag.py:588} INFO - Filling up the DagBag from /home/airflow/.local/lib/python3.12/site-packages/airflow/example_dags/example_latest_only_with_trigger.py
[2024-10-10T14:04:22.298+0000] {processor.py:925} INFO - DAG(s) 'latest_only_with_trigger' retrieved from /home/airflow/.local/lib/python3.12/site-packages/airflow/example_dags/example_latest_only_with_trigger.py
[2024-10-10T14:04:22.313+0000] {logging_mixin.py:190} INFO - [2024-10-10T14:04:22.313+0000] {dag.py:3239} INFO - Sync 1 DAGs
[2024-10-10T14:04:22.334+0000] {logging_mixin.py:190} INFO - [2024-10-10T14:04:22.334+0000] {dag.py:4180} INFO - Setting next_dagrun for latest_only_with_trigger to 2024-10-10 08:00:00+00:00, run_after=2024-10-10 12:00:00+00:00
[2024-10-10T14:04:22.350+0000] {processor.py:208} INFO - Processing /home/airflow/.local/lib/python3.12/site-packages/airflow/example_dags/example_latest_only_with_trigger.py took 0.065 seconds
[2024-10-10T14:04:53.161+0000] {processor.py:186} INFO - Started process (PID=773) to work on /home/airflow/.local/lib/python3.12/site-packages/airflow/example_dags/example_latest_only_with_trigger.py
[2024-10-10T14:04:53.162+0000] {processor.py:914} INFO - Processing file /home/airflow/.local/lib/python3.12/site-packages/airflow/example_dags/example_latest_only_with_trigger.py for tasks to queue
[2024-10-10T14:04:53.164+0000] {logging_mixin.py:190} INFO - [2024-10-10T14:04:53.163+0000] {dagbag.py:588} INFO - Filling up the DagBag from /home/airflow/.local/lib/python3.12/site-packages/airflow/example_dags/example_latest_only_with_trigger.py
[2024-10-10T14:04:53.170+0000] {processor.py:925} INFO - DAG(s) 'latest_only_with_trigger' retrieved from /home/airflow/.local/lib/python3.12/site-packages/airflow/example_dags/example_latest_only_with_trigger.py
[2024-10-10T14:04:53.185+0000] {logging_mixin.py:190} INFO - [2024-10-10T14:04:53.185+0000] {dag.py:3239} INFO - Sync 1 DAGs
[2024-10-10T14:04:53.203+0000] {logging_mixin.py:190} INFO - [2024-10-10T14:04:53.202+0000] {dag.py:4180} INFO - Setting next_dagrun for latest_only_with_trigger to 2024-10-10 08:00:00+00:00, run_after=2024-10-10 12:00:00+00:00
[2024-10-10T14:04:53.217+0000] {processor.py:208} INFO - Processing /home/airflow/.local/lib/python3.12/site-packages/airflow/example_dags/example_latest_only_with_trigger.py took 0.060 seconds
[2024-10-10T14:05:23.863+0000] {processor.py:186} INFO - Started process (PID=835) to work on /home/airflow/.local/lib/python3.12/site-packages/airflow/example_dags/example_latest_only_with_trigger.py
[2024-10-10T14:05:23.863+0000] {processor.py:914} INFO - Processing file /home/airflow/.local/lib/python3.12/site-packages/airflow/example_dags/example_latest_only_with_trigger.py for tasks to queue
[2024-10-10T14:05:23.865+0000] {logging_mixin.py:190} INFO - [2024-10-10T14:05:23.865+0000] {dagbag.py:588} INFO - Filling up the DagBag from /home/airflow/.local/lib/python3.12/site-packages/airflow/example_dags/example_latest_only_with_trigger.py
[2024-10-10T14:05:23.872+0000] {processor.py:925} INFO - DAG(s) 'latest_only_with_trigger' retrieved from /home/airflow/.local/lib/python3.12/site-packages/airflow/example_dags/example_latest_only_with_trigger.py
[2024-10-10T14:05:23.889+0000] {logging_mixin.py:190} INFO - [2024-10-10T14:05:23.888+0000] {dag.py:3239} INFO - Sync 1 DAGs
[2024-10-10T14:05:23.911+0000] {logging_mixin.py:190} INFO - [2024-10-10T14:05:23.911+0000] {dag.py:4180} INFO - Setting next_dagrun for latest_only_with_trigger to 2024-10-10 08:00:00+00:00, run_after=2024-10-10 12:00:00+00:00
[2024-10-10T14:05:23.927+0000] {processor.py:208} INFO - Processing /home/airflow/.local/lib/python3.12/site-packages/airflow/example_dags/example_latest_only_with_trigger.py took 0.069 seconds
[2024-10-10T14:05:54.620+0000] {processor.py:186} INFO - Started process (PID=897) to work on /home/airflow/.local/lib/python3.12/site-packages/airflow/example_dags/example_latest_only_with_trigger.py
[2024-10-10T14:05:54.621+0000] {processor.py:914} INFO - Processing file /home/airflow/.local/lib/python3.12/site-packages/airflow/example_dags/example_latest_only_with_trigger.py for tasks to queue
[2024-10-10T14:05:54.623+0000] {logging_mixin.py:190} INFO - [2024-10-10T14:05:54.622+0000] {dagbag.py:588} INFO - Filling up the DagBag from /home/airflow/.local/lib/python3.12/site-packages/airflow/example_dags/example_latest_only_with_trigger.py
[2024-10-10T14:05:54.628+0000] {processor.py:925} INFO - DAG(s) 'latest_only_with_trigger' retrieved from /home/airflow/.local/lib/python3.12/site-packages/airflow/example_dags/example_latest_only_with_trigger.py
[2024-10-10T14:05:54.644+0000] {logging_mixin.py:190} INFO - [2024-10-10T14:05:54.644+0000] {dag.py:3239} INFO - Sync 1 DAGs
[2024-10-10T14:05:54.662+0000] {logging_mixin.py:190} INFO - [2024-10-10T14:05:54.661+0000] {dag.py:4180} INFO - Setting next_dagrun for latest_only_with_trigger to 2024-10-10 08:00:00+00:00, run_after=2024-10-10 12:00:00+00:00
[2024-10-10T14:05:54.677+0000] {processor.py:208} INFO - Processing /home/airflow/.local/lib/python3.12/site-packages/airflow/example_dags/example_latest_only_with_trigger.py took 0.061 seconds
[2024-10-10T14:06:25.332+0000] {processor.py:186} INFO - Started process (PID=959) to work on /home/airflow/.local/lib/python3.12/site-packages/airflow/example_dags/example_latest_only_with_trigger.py
[2024-10-10T14:06:25.333+0000] {processor.py:914} INFO - Processing file /home/airflow/.local/lib/python3.12/site-packages/airflow/example_dags/example_latest_only_with_trigger.py for tasks to queue
[2024-10-10T14:06:25.335+0000] {logging_mixin.py:190} INFO - [2024-10-10T14:06:25.335+0000] {dagbag.py:588} INFO - Filling up the DagBag from /home/airflow/.local/lib/python3.12/site-packages/airflow/example_dags/example_latest_only_with_trigger.py
[2024-10-10T14:06:25.340+0000] {processor.py:925} INFO - DAG(s) 'latest_only_with_trigger' retrieved from /home/airflow/.local/lib/python3.12/site-packages/airflow/example_dags/example_latest_only_with_trigger.py
[2024-10-10T14:06:25.355+0000] {logging_mixin.py:190} INFO - [2024-10-10T14:06:25.354+0000] {dag.py:3239} INFO - Sync 1 DAGs
[2024-10-10T14:06:25.372+0000] {logging_mixin.py:190} INFO - [2024-10-10T14:06:25.372+0000] {dag.py:4180} INFO - Setting next_dagrun for latest_only_with_trigger to 2024-10-10 08:00:00+00:00, run_after=2024-10-10 12:00:00+00:00
[2024-10-10T14:06:25.386+0000] {processor.py:208} INFO - Processing /home/airflow/.local/lib/python3.12/site-packages/airflow/example_dags/example_latest_only_with_trigger.py took 0.057 seconds
[2024-10-10T14:06:56.069+0000] {processor.py:186} INFO - Started process (PID=1021) to work on /home/airflow/.local/lib/python3.12/site-packages/airflow/example_dags/example_latest_only_with_trigger.py
[2024-10-10T14:06:56.069+0000] {processor.py:914} INFO - Processing file /home/airflow/.local/lib/python3.12/site-packages/airflow/example_dags/example_latest_only_with_trigger.py for tasks to queue
[2024-10-10T14:06:56.071+0000] {logging_mixin.py:190} INFO - [2024-10-10T14:06:56.071+0000] {dagbag.py:588} INFO - Filling up the DagBag from /home/airflow/.local/lib/python3.12/site-packages/airflow/example_dags/example_latest_only_with_trigger.py
[2024-10-10T14:06:56.076+0000] {processor.py:925} INFO - DAG(s) 'latest_only_with_trigger' retrieved from /home/airflow/.local/lib/python3.12/site-packages/airflow/example_dags/example_latest_only_with_trigger.py
[2024-10-10T14:06:56.092+0000] {logging_mixin.py:190} INFO - [2024-10-10T14:06:56.092+0000] {dag.py:3239} INFO - Sync 1 DAGs
[2024-10-10T14:06:56.110+0000] {logging_mixin.py:190} INFO - [2024-10-10T14:06:56.110+0000] {dag.py:4180} INFO - Setting next_dagrun for latest_only_with_trigger to 2024-10-10 08:00:00+00:00, run_after=2024-10-10 12:00:00+00:00
[2024-10-10T14:06:56.124+0000] {processor.py:208} INFO - Processing /home/airflow/.local/lib/python3.12/site-packages/airflow/example_dags/example_latest_only_with_trigger.py took 0.059 seconds
[2024-10-10T14:07:26.800+0000] {processor.py:186} INFO - Started process (PID=1083) to work on /home/airflow/.local/lib/python3.12/site-packages/airflow/example_dags/example_latest_only_with_trigger.py
[2024-10-10T14:07:26.801+0000] {processor.py:914} INFO - Processing file /home/airflow/.local/lib/python3.12/site-packages/airflow/example_dags/example_latest_only_with_trigger.py for tasks to queue
[2024-10-10T14:07:26.803+0000] {logging_mixin.py:190} INFO - [2024-10-10T14:07:26.802+0000] {dagbag.py:588} INFO - Filling up the DagBag from /home/airflow/.local/lib/python3.12/site-packages/airflow/example_dags/example_latest_only_with_trigger.py
[2024-10-10T14:07:26.808+0000] {processor.py:925} INFO - DAG(s) 'latest_only_with_trigger' retrieved from /home/airflow/.local/lib/python3.12/site-packages/airflow/example_dags/example_latest_only_with_trigger.py
[2024-10-10T14:07:26.823+0000] {logging_mixin.py:190} INFO - [2024-10-10T14:07:26.823+0000] {dag.py:3239} INFO - Sync 1 DAGs
[2024-10-10T14:07:26.840+0000] {logging_mixin.py:190} INFO - [2024-10-10T14:07:26.840+0000] {dag.py:4180} INFO - Setting next_dagrun for latest_only_with_trigger to 2024-10-10 08:00:00+00:00, run_after=2024-10-10 12:00:00+00:00
[2024-10-10T14:07:26.854+0000] {processor.py:208} INFO - Processing /home/airflow/.local/lib/python3.12/site-packages/airflow/example_dags/example_latest_only_with_trigger.py took 0.058 seconds
[2024-10-10T14:07:57.601+0000] {processor.py:186} INFO - Started process (PID=1145) to work on /home/airflow/.local/lib/python3.12/site-packages/airflow/example_dags/example_latest_only_with_trigger.py
[2024-10-10T14:07:57.602+0000] {processor.py:914} INFO - Processing file /home/airflow/.local/lib/python3.12/site-packages/airflow/example_dags/example_latest_only_with_trigger.py for tasks to queue
[2024-10-10T14:07:57.603+0000] {logging_mixin.py:190} INFO - [2024-10-10T14:07:57.603+0000] {dagbag.py:588} INFO - Filling up the DagBag from /home/airflow/.local/lib/python3.12/site-packages/airflow/example_dags/example_latest_only_with_trigger.py
[2024-10-10T14:07:57.609+0000] {processor.py:925} INFO - DAG(s) 'latest_only_with_trigger' retrieved from /home/airflow/.local/lib/python3.12/site-packages/airflow/example_dags/example_latest_only_with_trigger.py
[2024-10-10T14:07:57.625+0000] {logging_mixin.py:190} INFO - [2024-10-10T14:07:57.624+0000] {dag.py:3239} INFO - Sync 1 DAGs
[2024-10-10T14:07:57.643+0000] {logging_mixin.py:190} INFO - [2024-10-10T14:07:57.643+0000] {dag.py:4180} INFO - Setting next_dagrun for latest_only_with_trigger to 2024-10-10 08:00:00+00:00, run_after=2024-10-10 12:00:00+00:00
[2024-10-10T14:07:57.658+0000] {processor.py:208} INFO - Processing /home/airflow/.local/lib/python3.12/site-packages/airflow/example_dags/example_latest_only_with_trigger.py took 0.062 seconds
[2024-10-10T14:08:28.310+0000] {processor.py:186} INFO - Started process (PID=1207) to work on /home/airflow/.local/lib/python3.12/site-packages/airflow/example_dags/example_latest_only_with_trigger.py
[2024-10-10T14:08:28.310+0000] {processor.py:914} INFO - Processing file /home/airflow/.local/lib/python3.12/site-packages/airflow/example_dags/example_latest_only_with_trigger.py for tasks to queue
[2024-10-10T14:08:28.312+0000] {logging_mixin.py:190} INFO - [2024-10-10T14:08:28.312+0000] {dagbag.py:588} INFO - Filling up the DagBag from /home/airflow/.local/lib/python3.12/site-packages/airflow/example_dags/example_latest_only_with_trigger.py
[2024-10-10T14:08:28.317+0000] {processor.py:925} INFO - DAG(s) 'latest_only_with_trigger' retrieved from /home/airflow/.local/lib/python3.12/site-packages/airflow/example_dags/example_latest_only_with_trigger.py
[2024-10-10T14:08:28.333+0000] {logging_mixin.py:190} INFO - [2024-10-10T14:08:28.332+0000] {dag.py:3239} INFO - Sync 1 DAGs
[2024-10-10T14:08:28.349+0000] {logging_mixin.py:190} INFO - [2024-10-10T14:08:28.349+0000] {dag.py:4180} INFO - Setting next_dagrun for latest_only_with_trigger to 2024-10-10 08:00:00+00:00, run_after=2024-10-10 12:00:00+00:00
[2024-10-10T14:08:28.366+0000] {processor.py:208} INFO - Processing /home/airflow/.local/lib/python3.12/site-packages/airflow/example_dags/example_latest_only_with_trigger.py took 0.061 seconds
[2024-10-10T14:08:59.102+0000] {processor.py:186} INFO - Started process (PID=1269) to work on /home/airflow/.local/lib/python3.12/site-packages/airflow/example_dags/example_latest_only_with_trigger.py
[2024-10-10T14:08:59.102+0000] {processor.py:914} INFO - Processing file /home/airflow/.local/lib/python3.12/site-packages/airflow/example_dags/example_latest_only_with_trigger.py for tasks to queue
[2024-10-10T14:08:59.104+0000] {logging_mixin.py:190} INFO - [2024-10-10T14:08:59.104+0000] {dagbag.py:588} INFO - Filling up the DagBag from /home/airflow/.local/lib/python3.12/site-packages/airflow/example_dags/example_latest_only_with_trigger.py
[2024-10-10T14:08:59.110+0000] {processor.py:925} INFO - DAG(s) 'latest_only_with_trigger' retrieved from /home/airflow/.local/lib/python3.12/site-packages/airflow/example_dags/example_latest_only_with_trigger.py
[2024-10-10T14:08:59.125+0000] {logging_mixin.py:190} INFO - [2024-10-10T14:08:59.125+0000] {dag.py:3239} INFO - Sync 1 DAGs
[2024-10-10T14:08:59.142+0000] {logging_mixin.py:190} INFO - [2024-10-10T14:08:59.142+0000] {dag.py:4180} INFO - Setting next_dagrun for latest_only_with_trigger to 2024-10-10 08:00:00+00:00, run_after=2024-10-10 12:00:00+00:00
[2024-10-10T14:08:59.156+0000] {processor.py:208} INFO - Processing /home/airflow/.local/lib/python3.12/site-packages/airflow/example_dags/example_latest_only_with_trigger.py took 0.058 seconds
[2024-10-10T14:09:29.827+0000] {processor.py:186} INFO - Started process (PID=1331) to work on /home/airflow/.local/lib/python3.12/site-packages/airflow/example_dags/example_latest_only_with_trigger.py
[2024-10-10T14:09:29.828+0000] {processor.py:914} INFO - Processing file /home/airflow/.local/lib/python3.12/site-packages/airflow/example_dags/example_latest_only_with_trigger.py for tasks to queue
[2024-10-10T14:09:29.829+0000] {logging_mixin.py:190} INFO - [2024-10-10T14:09:29.829+0000] {dagbag.py:588} INFO - Filling up the DagBag from /home/airflow/.local/lib/python3.12/site-packages/airflow/example_dags/example_latest_only_with_trigger.py
[2024-10-10T14:09:29.835+0000] {processor.py:925} INFO - DAG(s) 'latest_only_with_trigger' retrieved from /home/airflow/.local/lib/python3.12/site-packages/airflow/example_dags/example_latest_only_with_trigger.py
[2024-10-10T14:09:29.853+0000] {logging_mixin.py:190} INFO - [2024-10-10T14:09:29.853+0000] {dag.py:3239} INFO - Sync 1 DAGs
[2024-10-10T14:09:29.873+0000] {logging_mixin.py:190} INFO - [2024-10-10T14:09:29.872+0000] {dag.py:4180} INFO - Setting next_dagrun for latest_only_with_trigger to 2024-10-10 08:00:00+00:00, run_after=2024-10-10 12:00:00+00:00
[2024-10-10T14:09:29.888+0000] {processor.py:208} INFO - Processing /home/airflow/.local/lib/python3.12/site-packages/airflow/example_dags/example_latest_only_with_trigger.py took 0.065 seconds
[2024-10-10T14:10:00.784+0000] {processor.py:186} INFO - Started process (PID=1393) to work on /home/airflow/.local/lib/python3.12/site-packages/airflow/example_dags/example_latest_only_with_trigger.py
[2024-10-10T14:10:00.784+0000] {processor.py:914} INFO - Processing file /home/airflow/.local/lib/python3.12/site-packages/airflow/example_dags/example_latest_only_with_trigger.py for tasks to queue
[2024-10-10T14:10:00.786+0000] {logging_mixin.py:190} INFO - [2024-10-10T14:10:00.786+0000] {dagbag.py:588} INFO - Filling up the DagBag from /home/airflow/.local/lib/python3.12/site-packages/airflow/example_dags/example_latest_only_with_trigger.py
[2024-10-10T14:10:00.792+0000] {processor.py:925} INFO - DAG(s) 'latest_only_with_trigger' retrieved from /home/airflow/.local/lib/python3.12/site-packages/airflow/example_dags/example_latest_only_with_trigger.py
[2024-10-10T14:10:00.808+0000] {logging_mixin.py:190} INFO - [2024-10-10T14:10:00.808+0000] {dag.py:3239} INFO - Sync 1 DAGs
[2024-10-10T14:10:00.827+0000] {logging_mixin.py:190} INFO - [2024-10-10T14:10:00.826+0000] {dag.py:4180} INFO - Setting next_dagrun for latest_only_with_trigger to 2024-10-10 08:00:00+00:00, run_after=2024-10-10 12:00:00+00:00
[2024-10-10T14:10:00.841+0000] {processor.py:208} INFO - Processing /home/airflow/.local/lib/python3.12/site-packages/airflow/example_dags/example_latest_only_with_trigger.py took 0.062 seconds
[2024-10-10T14:10:31.887+0000] {processor.py:186} INFO - Started process (PID=1456) to work on /home/airflow/.local/lib/python3.12/site-packages/airflow/example_dags/example_latest_only_with_trigger.py
[2024-10-10T14:10:31.888+0000] {processor.py:914} INFO - Processing file /home/airflow/.local/lib/python3.12/site-packages/airflow/example_dags/example_latest_only_with_trigger.py for tasks to queue
[2024-10-10T14:10:31.890+0000] {logging_mixin.py:190} INFO - [2024-10-10T14:10:31.890+0000] {dagbag.py:588} INFO - Filling up the DagBag from /home/airflow/.local/lib/python3.12/site-packages/airflow/example_dags/example_latest_only_with_trigger.py
[2024-10-10T14:10:31.896+0000] {processor.py:925} INFO - DAG(s) 'latest_only_with_trigger' retrieved from /home/airflow/.local/lib/python3.12/site-packages/airflow/example_dags/example_latest_only_with_trigger.py
[2024-10-10T14:10:31.912+0000] {logging_mixin.py:190} INFO - [2024-10-10T14:10:31.912+0000] {dag.py:3239} INFO - Sync 1 DAGs
[2024-10-10T14:10:31.934+0000] {logging_mixin.py:190} INFO - [2024-10-10T14:10:31.934+0000] {dag.py:4180} INFO - Setting next_dagrun for latest_only_with_trigger to 2024-10-10 08:00:00+00:00, run_after=2024-10-10 12:00:00+00:00
[2024-10-10T14:10:31.948+0000] {processor.py:208} INFO - Processing /home/airflow/.local/lib/python3.12/site-packages/airflow/example_dags/example_latest_only_with_trigger.py took 0.065 seconds
[2024-10-10T14:11:02.114+0000] {processor.py:186} INFO - Started process (PID=1518) to work on /home/airflow/.local/lib/python3.12/site-packages/airflow/example_dags/example_latest_only_with_trigger.py
[2024-10-10T14:11:02.115+0000] {processor.py:914} INFO - Processing file /home/airflow/.local/lib/python3.12/site-packages/airflow/example_dags/example_latest_only_with_trigger.py for tasks to queue
[2024-10-10T14:11:02.117+0000] {logging_mixin.py:190} INFO - [2024-10-10T14:11:02.116+0000] {dagbag.py:588} INFO - Filling up the DagBag from /home/airflow/.local/lib/python3.12/site-packages/airflow/example_dags/example_latest_only_with_trigger.py
[2024-10-10T14:11:02.122+0000] {processor.py:925} INFO - DAG(s) 'latest_only_with_trigger' retrieved from /home/airflow/.local/lib/python3.12/site-packages/airflow/example_dags/example_latest_only_with_trigger.py
[2024-10-10T14:11:02.138+0000] {logging_mixin.py:190} INFO - [2024-10-10T14:11:02.137+0000] {dag.py:3239} INFO - Sync 1 DAGs
[2024-10-10T14:11:02.155+0000] {logging_mixin.py:190} INFO - [2024-10-10T14:11:02.155+0000] {dag.py:4180} INFO - Setting next_dagrun for latest_only_with_trigger to 2024-10-10 08:00:00+00:00, run_after=2024-10-10 12:00:00+00:00
[2024-10-10T14:11:02.169+0000] {processor.py:208} INFO - Processing /home/airflow/.local/lib/python3.12/site-packages/airflow/example_dags/example_latest_only_with_trigger.py took 0.060 seconds
[2024-10-10T14:11:33.160+0000] {processor.py:186} INFO - Started process (PID=1580) to work on /home/airflow/.local/lib/python3.12/site-packages/airflow/example_dags/example_latest_only_with_trigger.py
[2024-10-10T14:11:33.161+0000] {processor.py:914} INFO - Processing file /home/airflow/.local/lib/python3.12/site-packages/airflow/example_dags/example_latest_only_with_trigger.py for tasks to queue
[2024-10-10T14:11:33.163+0000] {logging_mixin.py:190} INFO - [2024-10-10T14:11:33.163+0000] {dagbag.py:588} INFO - Filling up the DagBag from /home/airflow/.local/lib/python3.12/site-packages/airflow/example_dags/example_latest_only_with_trigger.py
[2024-10-10T14:11:33.168+0000] {processor.py:925} INFO - DAG(s) 'latest_only_with_trigger' retrieved from /home/airflow/.local/lib/python3.12/site-packages/airflow/example_dags/example_latest_only_with_trigger.py
[2024-10-10T14:11:33.185+0000] {logging_mixin.py:190} INFO - [2024-10-10T14:11:33.185+0000] {dag.py:3239} INFO - Sync 1 DAGs
[2024-10-10T14:11:33.203+0000] {logging_mixin.py:190} INFO - [2024-10-10T14:11:33.203+0000] {dag.py:4180} INFO - Setting next_dagrun for latest_only_with_trigger to 2024-10-10 08:00:00+00:00, run_after=2024-10-10 12:00:00+00:00
[2024-10-10T14:11:33.217+0000] {processor.py:208} INFO - Processing /home/airflow/.local/lib/python3.12/site-packages/airflow/example_dags/example_latest_only_with_trigger.py took 0.061 seconds
[2024-10-10T14:12:04.048+0000] {processor.py:186} INFO - Started process (PID=1642) to work on /home/airflow/.local/lib/python3.12/site-packages/airflow/example_dags/example_latest_only_with_trigger.py
[2024-10-10T14:12:04.049+0000] {processor.py:914} INFO - Processing file /home/airflow/.local/lib/python3.12/site-packages/airflow/example_dags/example_latest_only_with_trigger.py for tasks to queue
[2024-10-10T14:12:04.051+0000] {logging_mixin.py:190} INFO - [2024-10-10T14:12:04.050+0000] {dagbag.py:588} INFO - Filling up the DagBag from /home/airflow/.local/lib/python3.12/site-packages/airflow/example_dags/example_latest_only_with_trigger.py
[2024-10-10T14:12:04.057+0000] {processor.py:925} INFO - DAG(s) 'latest_only_with_trigger' retrieved from /home/airflow/.local/lib/python3.12/site-packages/airflow/example_dags/example_latest_only_with_trigger.py
[2024-10-10T14:12:04.076+0000] {logging_mixin.py:190} INFO - [2024-10-10T14:12:04.076+0000] {dag.py:3239} INFO - Sync 1 DAGs
[2024-10-10T14:12:04.097+0000] {logging_mixin.py:190} INFO - [2024-10-10T14:12:04.097+0000] {dag.py:4180} INFO - Setting next_dagrun for latest_only_with_trigger to 2024-10-10 08:00:00+00:00, run_after=2024-10-10 12:00:00+00:00
[2024-10-10T14:12:04.113+0000] {processor.py:208} INFO - Processing /home/airflow/.local/lib/python3.12/site-packages/airflow/example_dags/example_latest_only_with_trigger.py took 0.070 seconds
[2024-10-10T14:12:34.894+0000] {processor.py:186} INFO - Started process (PID=1704) to work on /home/airflow/.local/lib/python3.12/site-packages/airflow/example_dags/example_latest_only_with_trigger.py
[2024-10-10T14:12:34.895+0000] {processor.py:914} INFO - Processing file /home/airflow/.local/lib/python3.12/site-packages/airflow/example_dags/example_latest_only_with_trigger.py for tasks to queue
[2024-10-10T14:12:34.896+0000] {logging_mixin.py:190} INFO - [2024-10-10T14:12:34.896+0000] {dagbag.py:588} INFO - Filling up the DagBag from /home/airflow/.local/lib/python3.12/site-packages/airflow/example_dags/example_latest_only_with_trigger.py
[2024-10-10T14:12:34.902+0000] {processor.py:925} INFO - DAG(s) 'latest_only_with_trigger' retrieved from /home/airflow/.local/lib/python3.12/site-packages/airflow/example_dags/example_latest_only_with_trigger.py
[2024-10-10T14:12:34.917+0000] {logging_mixin.py:190} INFO - [2024-10-10T14:12:34.917+0000] {dag.py:3239} INFO - Sync 1 DAGs
[2024-10-10T14:12:34.934+0000] {logging_mixin.py:190} INFO - [2024-10-10T14:12:34.934+0000] {dag.py:4180} INFO - Setting next_dagrun for latest_only_with_trigger to 2024-10-10 08:00:00+00:00, run_after=2024-10-10 12:00:00+00:00
[2024-10-10T14:12:34.949+0000] {processor.py:208} INFO - Processing /home/airflow/.local/lib/python3.12/site-packages/airflow/example_dags/example_latest_only_with_trigger.py took 0.060 seconds
