[2024-10-10T13:59:17.645+0000] {processor.py:186} INFO - Started process (PID=87) to work on /home/airflow/.local/lib/python3.12/site-packages/airflow/example_dags/example_params_trigger_ui.py
[2024-10-10T13:59:17.646+0000] {processor.py:914} INFO - Processing file /home/airflow/.local/lib/python3.12/site-packages/airflow/example_dags/example_params_trigger_ui.py for tasks to queue
[2024-10-10T13:59:17.648+0000] {logging_mixin.py:190} INFO - [2024-10-10T13:59:17.648+0000] {dagbag.py:588} INFO - Filling up the DagBag from /home/airflow/.local/lib/python3.12/site-packages/airflow/example_dags/example_params_trigger_ui.py
[2024-10-10T13:59:17.669+0000] {processor.py:925} INFO - DAG(s) 'example_params_trigger_ui' retrieved from /home/airflow/.local/lib/python3.12/site-packages/airflow/example_dags/example_params_trigger_ui.py
[2024-10-10T13:59:17.705+0000] {logging_mixin.py:190} INFO - [2024-10-10T13:59:17.704+0000] {dag.py:3239} INFO - Sync 1 DAGs
[2024-10-10T13:59:17.719+0000] {logging_mixin.py:190} INFO - [2024-10-10T13:59:17.719+0000] {dag.py:4180} INFO - Setting next_dagrun for example_params_trigger_ui to None, run_after=None
[2024-10-10T13:59:17.734+0000] {processor.py:208} INFO - Processing /home/airflow/.local/lib/python3.12/site-packages/airflow/example_dags/example_params_trigger_ui.py took 0.093 seconds
[2024-10-10T13:59:47.794+0000] {processor.py:186} INFO - Started process (PID=149) to work on /home/airflow/.local/lib/python3.12/site-packages/airflow/example_dags/example_params_trigger_ui.py
[2024-10-10T13:59:47.795+0000] {processor.py:914} INFO - Processing file /home/airflow/.local/lib/python3.12/site-packages/airflow/example_dags/example_params_trigger_ui.py for tasks to queue
[2024-10-10T13:59:47.797+0000] {logging_mixin.py:190} INFO - [2024-10-10T13:59:47.796+0000] {dagbag.py:588} INFO - Filling up the DagBag from /home/airflow/.local/lib/python3.12/site-packages/airflow/example_dags/example_params_trigger_ui.py
[2024-10-10T13:59:47.804+0000] {processor.py:925} INFO - DAG(s) 'example_params_trigger_ui' retrieved from /home/airflow/.local/lib/python3.12/site-packages/airflow/example_dags/example_params_trigger_ui.py
[2024-10-10T13:59:47.836+0000] {logging_mixin.py:190} INFO - [2024-10-10T13:59:47.836+0000] {dag.py:3239} INFO - Sync 1 DAGs
[2024-10-10T13:59:47.847+0000] {logging_mixin.py:190} INFO - [2024-10-10T13:59:47.847+0000] {dag.py:4180} INFO - Setting next_dagrun for example_params_trigger_ui to None, run_after=None
[2024-10-10T13:59:47.866+0000] {processor.py:208} INFO - Processing /home/airflow/.local/lib/python3.12/site-packages/airflow/example_dags/example_params_trigger_ui.py took 0.076 seconds
[2024-10-10T14:00:17.994+0000] {processor.py:186} INFO - Started process (PID=212) to work on /home/airflow/.local/lib/python3.12/site-packages/airflow/example_dags/example_params_trigger_ui.py
[2024-10-10T14:00:17.995+0000] {processor.py:914} INFO - Processing file /home/airflow/.local/lib/python3.12/site-packages/airflow/example_dags/example_params_trigger_ui.py for tasks to queue
[2024-10-10T14:00:17.997+0000] {logging_mixin.py:190} INFO - [2024-10-10T14:00:17.997+0000] {dagbag.py:588} INFO - Filling up the DagBag from /home/airflow/.local/lib/python3.12/site-packages/airflow/example_dags/example_params_trigger_ui.py
[2024-10-10T14:00:18.008+0000] {processor.py:925} INFO - DAG(s) 'example_params_trigger_ui' retrieved from /home/airflow/.local/lib/python3.12/site-packages/airflow/example_dags/example_params_trigger_ui.py
[2024-10-10T14:00:18.040+0000] {logging_mixin.py:190} INFO - [2024-10-10T14:00:18.040+0000] {dag.py:3239} INFO - Sync 1 DAGs
[2024-10-10T14:00:18.052+0000] {logging_mixin.py:190} INFO - [2024-10-10T14:00:18.052+0000] {dag.py:4180} INFO - Setting next_dagrun for example_params_trigger_ui to None, run_after=None
[2024-10-10T14:00:18.066+0000] {processor.py:208} INFO - Processing /home/airflow/.local/lib/python3.12/site-packages/airflow/example_dags/example_params_trigger_ui.py took 0.077 seconds
[2024-10-10T14:00:48.310+0000] {processor.py:186} INFO - Started process (PID=274) to work on /home/airflow/.local/lib/python3.12/site-packages/airflow/example_dags/example_params_trigger_ui.py
[2024-10-10T14:00:48.311+0000] {processor.py:914} INFO - Processing file /home/airflow/.local/lib/python3.12/site-packages/airflow/example_dags/example_params_trigger_ui.py for tasks to queue
[2024-10-10T14:00:48.313+0000] {logging_mixin.py:190} INFO - [2024-10-10T14:00:48.312+0000] {dagbag.py:588} INFO - Filling up the DagBag from /home/airflow/.local/lib/python3.12/site-packages/airflow/example_dags/example_params_trigger_ui.py
[2024-10-10T14:00:48.321+0000] {processor.py:925} INFO - DAG(s) 'example_params_trigger_ui' retrieved from /home/airflow/.local/lib/python3.12/site-packages/airflow/example_dags/example_params_trigger_ui.py
[2024-10-10T14:00:48.353+0000] {logging_mixin.py:190} INFO - [2024-10-10T14:00:48.353+0000] {dag.py:3239} INFO - Sync 1 DAGs
[2024-10-10T14:00:48.365+0000] {logging_mixin.py:190} INFO - [2024-10-10T14:00:48.364+0000] {dag.py:4180} INFO - Setting next_dagrun for example_params_trigger_ui to None, run_after=None
[2024-10-10T14:00:48.379+0000] {processor.py:208} INFO - Processing /home/airflow/.local/lib/python3.12/site-packages/airflow/example_dags/example_params_trigger_ui.py took 0.074 seconds
[2024-10-10T14:01:18.475+0000] {processor.py:186} INFO - Started process (PID=336) to work on /home/airflow/.local/lib/python3.12/site-packages/airflow/example_dags/example_params_trigger_ui.py
[2024-10-10T14:01:18.476+0000] {processor.py:914} INFO - Processing file /home/airflow/.local/lib/python3.12/site-packages/airflow/example_dags/example_params_trigger_ui.py for tasks to queue
[2024-10-10T14:01:18.477+0000] {logging_mixin.py:190} INFO - [2024-10-10T14:01:18.477+0000] {dagbag.py:588} INFO - Filling up the DagBag from /home/airflow/.local/lib/python3.12/site-packages/airflow/example_dags/example_params_trigger_ui.py
[2024-10-10T14:01:18.485+0000] {processor.py:925} INFO - DAG(s) 'example_params_trigger_ui' retrieved from /home/airflow/.local/lib/python3.12/site-packages/airflow/example_dags/example_params_trigger_ui.py
[2024-10-10T14:01:18.515+0000] {logging_mixin.py:190} INFO - [2024-10-10T14:01:18.515+0000] {dag.py:3239} INFO - Sync 1 DAGs
[2024-10-10T14:01:18.526+0000] {logging_mixin.py:190} INFO - [2024-10-10T14:01:18.526+0000] {dag.py:4180} INFO - Setting next_dagrun for example_params_trigger_ui to None, run_after=None
[2024-10-10T14:01:18.539+0000] {processor.py:208} INFO - Processing /home/airflow/.local/lib/python3.12/site-packages/airflow/example_dags/example_params_trigger_ui.py took 0.068 seconds
[2024-10-10T14:01:48.779+0000] {processor.py:186} INFO - Started process (PID=398) to work on /home/airflow/.local/lib/python3.12/site-packages/airflow/example_dags/example_params_trigger_ui.py
[2024-10-10T14:01:48.780+0000] {processor.py:914} INFO - Processing file /home/airflow/.local/lib/python3.12/site-packages/airflow/example_dags/example_params_trigger_ui.py for tasks to queue
[2024-10-10T14:01:48.782+0000] {logging_mixin.py:190} INFO - [2024-10-10T14:01:48.781+0000] {dagbag.py:588} INFO - Filling up the DagBag from /home/airflow/.local/lib/python3.12/site-packages/airflow/example_dags/example_params_trigger_ui.py
[2024-10-10T14:01:48.790+0000] {processor.py:925} INFO - DAG(s) 'example_params_trigger_ui' retrieved from /home/airflow/.local/lib/python3.12/site-packages/airflow/example_dags/example_params_trigger_ui.py
[2024-10-10T14:01:48.820+0000] {logging_mixin.py:190} INFO - [2024-10-10T14:01:48.820+0000] {dag.py:3239} INFO - Sync 1 DAGs
[2024-10-10T14:01:48.831+0000] {logging_mixin.py:190} INFO - [2024-10-10T14:01:48.830+0000] {dag.py:4180} INFO - Setting next_dagrun for example_params_trigger_ui to None, run_after=None
[2024-10-10T14:01:48.844+0000] {processor.py:208} INFO - Processing /home/airflow/.local/lib/python3.12/site-packages/airflow/example_dags/example_params_trigger_ui.py took 0.070 seconds
[2024-10-10T14:02:19.024+0000] {processor.py:186} INFO - Started process (PID=460) to work on /home/airflow/.local/lib/python3.12/site-packages/airflow/example_dags/example_params_trigger_ui.py
[2024-10-10T14:02:19.025+0000] {processor.py:914} INFO - Processing file /home/airflow/.local/lib/python3.12/site-packages/airflow/example_dags/example_params_trigger_ui.py for tasks to queue
[2024-10-10T14:02:19.028+0000] {logging_mixin.py:190} INFO - [2024-10-10T14:02:19.028+0000] {dagbag.py:588} INFO - Filling up the DagBag from /home/airflow/.local/lib/python3.12/site-packages/airflow/example_dags/example_params_trigger_ui.py
[2024-10-10T14:02:19.044+0000] {processor.py:925} INFO - DAG(s) 'example_params_trigger_ui' retrieved from /home/airflow/.local/lib/python3.12/site-packages/airflow/example_dags/example_params_trigger_ui.py
[2024-10-10T14:02:19.087+0000] {logging_mixin.py:190} INFO - [2024-10-10T14:02:19.087+0000] {dag.py:3239} INFO - Sync 1 DAGs
[2024-10-10T14:02:19.110+0000] {logging_mixin.py:190} INFO - [2024-10-10T14:02:19.109+0000] {dag.py:4180} INFO - Setting next_dagrun for example_params_trigger_ui to None, run_after=None
[2024-10-10T14:02:19.137+0000] {processor.py:208} INFO - Processing /home/airflow/.local/lib/python3.12/site-packages/airflow/example_dags/example_params_trigger_ui.py took 0.121 seconds
[2024-10-10T14:02:49.857+0000] {processor.py:186} INFO - Started process (PID=522) to work on /home/airflow/.local/lib/python3.12/site-packages/airflow/example_dags/example_params_trigger_ui.py
[2024-10-10T14:02:49.858+0000] {processor.py:914} INFO - Processing file /home/airflow/.local/lib/python3.12/site-packages/airflow/example_dags/example_params_trigger_ui.py for tasks to queue
[2024-10-10T14:02:49.859+0000] {logging_mixin.py:190} INFO - [2024-10-10T14:02:49.859+0000] {dagbag.py:588} INFO - Filling up the DagBag from /home/airflow/.local/lib/python3.12/site-packages/airflow/example_dags/example_params_trigger_ui.py
[2024-10-10T14:02:49.868+0000] {processor.py:925} INFO - DAG(s) 'example_params_trigger_ui' retrieved from /home/airflow/.local/lib/python3.12/site-packages/airflow/example_dags/example_params_trigger_ui.py
[2024-10-10T14:02:49.899+0000] {logging_mixin.py:190} INFO - [2024-10-10T14:02:49.899+0000] {dag.py:3239} INFO - Sync 1 DAGs
[2024-10-10T14:02:49.910+0000] {logging_mixin.py:190} INFO - [2024-10-10T14:02:49.910+0000] {dag.py:4180} INFO - Setting next_dagrun for example_params_trigger_ui to None, run_after=None
[2024-10-10T14:02:49.924+0000] {processor.py:208} INFO - Processing /home/airflow/.local/lib/python3.12/site-packages/airflow/example_dags/example_params_trigger_ui.py took 0.071 seconds
[2024-10-10T14:03:20.655+0000] {processor.py:186} INFO - Started process (PID=584) to work on /home/airflow/.local/lib/python3.12/site-packages/airflow/example_dags/example_params_trigger_ui.py
[2024-10-10T14:03:20.656+0000] {processor.py:914} INFO - Processing file /home/airflow/.local/lib/python3.12/site-packages/airflow/example_dags/example_params_trigger_ui.py for tasks to queue
[2024-10-10T14:03:20.657+0000] {logging_mixin.py:190} INFO - [2024-10-10T14:03:20.657+0000] {dagbag.py:588} INFO - Filling up the DagBag from /home/airflow/.local/lib/python3.12/site-packages/airflow/example_dags/example_params_trigger_ui.py
[2024-10-10T14:03:20.666+0000] {processor.py:925} INFO - DAG(s) 'example_params_trigger_ui' retrieved from /home/airflow/.local/lib/python3.12/site-packages/airflow/example_dags/example_params_trigger_ui.py
[2024-10-10T14:03:20.696+0000] {logging_mixin.py:190} INFO - [2024-10-10T14:03:20.696+0000] {dag.py:3239} INFO - Sync 1 DAGs
[2024-10-10T14:03:20.707+0000] {logging_mixin.py:190} INFO - [2024-10-10T14:03:20.707+0000] {dag.py:4180} INFO - Setting next_dagrun for example_params_trigger_ui to None, run_after=None
[2024-10-10T14:03:20.720+0000] {processor.py:208} INFO - Processing /home/airflow/.local/lib/python3.12/site-packages/airflow/example_dags/example_params_trigger_ui.py took 0.070 seconds
[2024-10-10T14:03:51.485+0000] {processor.py:186} INFO - Started process (PID=646) to work on /home/airflow/.local/lib/python3.12/site-packages/airflow/example_dags/example_params_trigger_ui.py
[2024-10-10T14:03:51.486+0000] {processor.py:914} INFO - Processing file /home/airflow/.local/lib/python3.12/site-packages/airflow/example_dags/example_params_trigger_ui.py for tasks to queue
[2024-10-10T14:03:51.488+0000] {logging_mixin.py:190} INFO - [2024-10-10T14:03:51.487+0000] {dagbag.py:588} INFO - Filling up the DagBag from /home/airflow/.local/lib/python3.12/site-packages/airflow/example_dags/example_params_trigger_ui.py
[2024-10-10T14:03:51.497+0000] {processor.py:925} INFO - DAG(s) 'example_params_trigger_ui' retrieved from /home/airflow/.local/lib/python3.12/site-packages/airflow/example_dags/example_params_trigger_ui.py
[2024-10-10T14:03:51.529+0000] {logging_mixin.py:190} INFO - [2024-10-10T14:03:51.528+0000] {dag.py:3239} INFO - Sync 1 DAGs
[2024-10-10T14:03:51.540+0000] {logging_mixin.py:190} INFO - [2024-10-10T14:03:51.540+0000] {dag.py:4180} INFO - Setting next_dagrun for example_params_trigger_ui to None, run_after=None
[2024-10-10T14:03:51.553+0000] {processor.py:208} INFO - Processing /home/airflow/.local/lib/python3.12/site-packages/airflow/example_dags/example_params_trigger_ui.py took 0.073 seconds
[2024-10-10T14:04:22.159+0000] {processor.py:186} INFO - Started process (PID=708) to work on /home/airflow/.local/lib/python3.12/site-packages/airflow/example_dags/example_params_trigger_ui.py
[2024-10-10T14:04:22.160+0000] {processor.py:914} INFO - Processing file /home/airflow/.local/lib/python3.12/site-packages/airflow/example_dags/example_params_trigger_ui.py for tasks to queue
[2024-10-10T14:04:22.162+0000] {logging_mixin.py:190} INFO - [2024-10-10T14:04:22.162+0000] {dagbag.py:588} INFO - Filling up the DagBag from /home/airflow/.local/lib/python3.12/site-packages/airflow/example_dags/example_params_trigger_ui.py
[2024-10-10T14:04:22.171+0000] {processor.py:925} INFO - DAG(s) 'example_params_trigger_ui' retrieved from /home/airflow/.local/lib/python3.12/site-packages/airflow/example_dags/example_params_trigger_ui.py
[2024-10-10T14:04:22.204+0000] {logging_mixin.py:190} INFO - [2024-10-10T14:04:22.203+0000] {dag.py:3239} INFO - Sync 1 DAGs
[2024-10-10T14:04:22.217+0000] {logging_mixin.py:190} INFO - [2024-10-10T14:04:22.217+0000] {dag.py:4180} INFO - Setting next_dagrun for example_params_trigger_ui to None, run_after=None
[2024-10-10T14:04:22.233+0000] {processor.py:208} INFO - Processing /home/airflow/.local/lib/python3.12/site-packages/airflow/example_dags/example_params_trigger_ui.py took 0.078 seconds
[2024-10-10T14:04:53.047+0000] {processor.py:186} INFO - Started process (PID=770) to work on /home/airflow/.local/lib/python3.12/site-packages/airflow/example_dags/example_params_trigger_ui.py
[2024-10-10T14:04:53.048+0000] {processor.py:914} INFO - Processing file /home/airflow/.local/lib/python3.12/site-packages/airflow/example_dags/example_params_trigger_ui.py for tasks to queue
[2024-10-10T14:04:53.050+0000] {logging_mixin.py:190} INFO - [2024-10-10T14:04:53.050+0000] {dagbag.py:588} INFO - Filling up the DagBag from /home/airflow/.local/lib/python3.12/site-packages/airflow/example_dags/example_params_trigger_ui.py
[2024-10-10T14:04:53.059+0000] {processor.py:925} INFO - DAG(s) 'example_params_trigger_ui' retrieved from /home/airflow/.local/lib/python3.12/site-packages/airflow/example_dags/example_params_trigger_ui.py
[2024-10-10T14:04:53.090+0000] {logging_mixin.py:190} INFO - [2024-10-10T14:04:53.090+0000] {dag.py:3239} INFO - Sync 1 DAGs
[2024-10-10T14:04:53.101+0000] {logging_mixin.py:190} INFO - [2024-10-10T14:04:53.101+0000] {dag.py:4180} INFO - Setting next_dagrun for example_params_trigger_ui to None, run_after=None
[2024-10-10T14:04:53.115+0000] {processor.py:208} INFO - Processing /home/airflow/.local/lib/python3.12/site-packages/airflow/example_dags/example_params_trigger_ui.py took 0.072 seconds
[2024-10-10T14:05:23.727+0000] {processor.py:186} INFO - Started process (PID=832) to work on /home/airflow/.local/lib/python3.12/site-packages/airflow/example_dags/example_params_trigger_ui.py
[2024-10-10T14:05:23.728+0000] {processor.py:914} INFO - Processing file /home/airflow/.local/lib/python3.12/site-packages/airflow/example_dags/example_params_trigger_ui.py for tasks to queue
[2024-10-10T14:05:23.730+0000] {logging_mixin.py:190} INFO - [2024-10-10T14:05:23.729+0000] {dagbag.py:588} INFO - Filling up the DagBag from /home/airflow/.local/lib/python3.12/site-packages/airflow/example_dags/example_params_trigger_ui.py
[2024-10-10T14:05:23.740+0000] {processor.py:925} INFO - DAG(s) 'example_params_trigger_ui' retrieved from /home/airflow/.local/lib/python3.12/site-packages/airflow/example_dags/example_params_trigger_ui.py
[2024-10-10T14:05:23.779+0000] {logging_mixin.py:190} INFO - [2024-10-10T14:05:23.779+0000] {dag.py:3239} INFO - Sync 1 DAGs
[2024-10-10T14:05:23.791+0000] {logging_mixin.py:190} INFO - [2024-10-10T14:05:23.791+0000] {dag.py:4180} INFO - Setting next_dagrun for example_params_trigger_ui to None, run_after=None
[2024-10-10T14:05:23.809+0000] {processor.py:208} INFO - Processing /home/airflow/.local/lib/python3.12/site-packages/airflow/example_dags/example_params_trigger_ui.py took 0.087 seconds
[2024-10-10T14:05:54.527+0000] {processor.py:186} INFO - Started process (PID=894) to work on /home/airflow/.local/lib/python3.12/site-packages/airflow/example_dags/example_params_trigger_ui.py
[2024-10-10T14:05:54.528+0000] {processor.py:914} INFO - Processing file /home/airflow/.local/lib/python3.12/site-packages/airflow/example_dags/example_params_trigger_ui.py for tasks to queue
[2024-10-10T14:05:54.530+0000] {logging_mixin.py:190} INFO - [2024-10-10T14:05:54.530+0000] {dagbag.py:588} INFO - Filling up the DagBag from /home/airflow/.local/lib/python3.12/site-packages/airflow/example_dags/example_params_trigger_ui.py
[2024-10-10T14:05:54.538+0000] {processor.py:925} INFO - DAG(s) 'example_params_trigger_ui' retrieved from /home/airflow/.local/lib/python3.12/site-packages/airflow/example_dags/example_params_trigger_ui.py
[2024-10-10T14:05:54.567+0000] {logging_mixin.py:190} INFO - [2024-10-10T14:05:54.567+0000] {dag.py:3239} INFO - Sync 1 DAGs
[2024-10-10T14:05:54.578+0000] {logging_mixin.py:190} INFO - [2024-10-10T14:05:54.578+0000] {dag.py:4180} INFO - Setting next_dagrun for example_params_trigger_ui to None, run_after=None
[2024-10-10T14:05:54.592+0000] {processor.py:208} INFO - Processing /home/airflow/.local/lib/python3.12/site-packages/airflow/example_dags/example_params_trigger_ui.py took 0.069 seconds
[2024-10-10T14:06:25.162+0000] {processor.py:186} INFO - Started process (PID=956) to work on /home/airflow/.local/lib/python3.12/site-packages/airflow/example_dags/example_params_trigger_ui.py
[2024-10-10T14:06:25.163+0000] {processor.py:914} INFO - Processing file /home/airflow/.local/lib/python3.12/site-packages/airflow/example_dags/example_params_trigger_ui.py for tasks to queue
[2024-10-10T14:06:25.165+0000] {logging_mixin.py:190} INFO - [2024-10-10T14:06:25.165+0000] {dagbag.py:588} INFO - Filling up the DagBag from /home/airflow/.local/lib/python3.12/site-packages/airflow/example_dags/example_params_trigger_ui.py
[2024-10-10T14:06:25.173+0000] {processor.py:925} INFO - DAG(s) 'example_params_trigger_ui' retrieved from /home/airflow/.local/lib/python3.12/site-packages/airflow/example_dags/example_params_trigger_ui.py
[2024-10-10T14:06:25.203+0000] {logging_mixin.py:190} INFO - [2024-10-10T14:06:25.202+0000] {dag.py:3239} INFO - Sync 1 DAGs
[2024-10-10T14:06:25.213+0000] {logging_mixin.py:190} INFO - [2024-10-10T14:06:25.213+0000] {dag.py:4180} INFO - Setting next_dagrun for example_params_trigger_ui to None, run_after=None
[2024-10-10T14:06:25.228+0000] {processor.py:208} INFO - Processing /home/airflow/.local/lib/python3.12/site-packages/airflow/example_dags/example_params_trigger_ui.py took 0.070 seconds
[2024-10-10T14:06:55.893+0000] {processor.py:186} INFO - Started process (PID=1018) to work on /home/airflow/.local/lib/python3.12/site-packages/airflow/example_dags/example_params_trigger_ui.py
[2024-10-10T14:06:55.894+0000] {processor.py:914} INFO - Processing file /home/airflow/.local/lib/python3.12/site-packages/airflow/example_dags/example_params_trigger_ui.py for tasks to queue
[2024-10-10T14:06:55.896+0000] {logging_mixin.py:190} INFO - [2024-10-10T14:06:55.895+0000] {dagbag.py:588} INFO - Filling up the DagBag from /home/airflow/.local/lib/python3.12/site-packages/airflow/example_dags/example_params_trigger_ui.py
[2024-10-10T14:06:55.904+0000] {processor.py:925} INFO - DAG(s) 'example_params_trigger_ui' retrieved from /home/airflow/.local/lib/python3.12/site-packages/airflow/example_dags/example_params_trigger_ui.py
[2024-10-10T14:06:55.933+0000] {logging_mixin.py:190} INFO - [2024-10-10T14:06:55.933+0000] {dag.py:3239} INFO - Sync 1 DAGs
[2024-10-10T14:06:55.944+0000] {logging_mixin.py:190} INFO - [2024-10-10T14:06:55.944+0000] {dag.py:4180} INFO - Setting next_dagrun for example_params_trigger_ui to None, run_after=None
[2024-10-10T14:06:55.959+0000] {processor.py:208} INFO - Processing /home/airflow/.local/lib/python3.12/site-packages/airflow/example_dags/example_params_trigger_ui.py took 0.070 seconds
[2024-10-10T14:07:26.654+0000] {processor.py:186} INFO - Started process (PID=1080) to work on /home/airflow/.local/lib/python3.12/site-packages/airflow/example_dags/example_params_trigger_ui.py
[2024-10-10T14:07:26.654+0000] {processor.py:914} INFO - Processing file /home/airflow/.local/lib/python3.12/site-packages/airflow/example_dags/example_params_trigger_ui.py for tasks to queue
[2024-10-10T14:07:26.656+0000] {logging_mixin.py:190} INFO - [2024-10-10T14:07:26.656+0000] {dagbag.py:588} INFO - Filling up the DagBag from /home/airflow/.local/lib/python3.12/site-packages/airflow/example_dags/example_params_trigger_ui.py
[2024-10-10T14:07:26.665+0000] {processor.py:925} INFO - DAG(s) 'example_params_trigger_ui' retrieved from /home/airflow/.local/lib/python3.12/site-packages/airflow/example_dags/example_params_trigger_ui.py
[2024-10-10T14:07:26.698+0000] {logging_mixin.py:190} INFO - [2024-10-10T14:07:26.697+0000] {dag.py:3239} INFO - Sync 1 DAGs
[2024-10-10T14:07:26.710+0000] {logging_mixin.py:190} INFO - [2024-10-10T14:07:26.710+0000] {dag.py:4180} INFO - Setting next_dagrun for example_params_trigger_ui to None, run_after=None
[2024-10-10T14:07:26.725+0000] {processor.py:208} INFO - Processing /home/airflow/.local/lib/python3.12/site-packages/airflow/example_dags/example_params_trigger_ui.py took 0.076 seconds
[2024-10-10T14:07:57.500+0000] {processor.py:186} INFO - Started process (PID=1142) to work on /home/airflow/.local/lib/python3.12/site-packages/airflow/example_dags/example_params_trigger_ui.py
[2024-10-10T14:07:57.501+0000] {processor.py:914} INFO - Processing file /home/airflow/.local/lib/python3.12/site-packages/airflow/example_dags/example_params_trigger_ui.py for tasks to queue
[2024-10-10T14:07:57.503+0000] {logging_mixin.py:190} INFO - [2024-10-10T14:07:57.503+0000] {dagbag.py:588} INFO - Filling up the DagBag from /home/airflow/.local/lib/python3.12/site-packages/airflow/example_dags/example_params_trigger_ui.py
[2024-10-10T14:07:57.511+0000] {processor.py:925} INFO - DAG(s) 'example_params_trigger_ui' retrieved from /home/airflow/.local/lib/python3.12/site-packages/airflow/example_dags/example_params_trigger_ui.py
[2024-10-10T14:07:57.543+0000] {logging_mixin.py:190} INFO - [2024-10-10T14:07:57.542+0000] {dag.py:3239} INFO - Sync 1 DAGs
[2024-10-10T14:07:57.555+0000] {logging_mixin.py:190} INFO - [2024-10-10T14:07:57.555+0000] {dag.py:4180} INFO - Setting next_dagrun for example_params_trigger_ui to None, run_after=None
[2024-10-10T14:07:57.572+0000] {processor.py:208} INFO - Processing /home/airflow/.local/lib/python3.12/site-packages/airflow/example_dags/example_params_trigger_ui.py took 0.076 seconds
[2024-10-10T14:08:28.165+0000] {processor.py:186} INFO - Started process (PID=1204) to work on /home/airflow/.local/lib/python3.12/site-packages/airflow/example_dags/example_params_trigger_ui.py
[2024-10-10T14:08:28.166+0000] {processor.py:914} INFO - Processing file /home/airflow/.local/lib/python3.12/site-packages/airflow/example_dags/example_params_trigger_ui.py for tasks to queue
[2024-10-10T14:08:28.168+0000] {logging_mixin.py:190} INFO - [2024-10-10T14:08:28.167+0000] {dagbag.py:588} INFO - Filling up the DagBag from /home/airflow/.local/lib/python3.12/site-packages/airflow/example_dags/example_params_trigger_ui.py
[2024-10-10T14:08:28.176+0000] {processor.py:925} INFO - DAG(s) 'example_params_trigger_ui' retrieved from /home/airflow/.local/lib/python3.12/site-packages/airflow/example_dags/example_params_trigger_ui.py
[2024-10-10T14:08:28.208+0000] {logging_mixin.py:190} INFO - [2024-10-10T14:08:28.208+0000] {dag.py:3239} INFO - Sync 1 DAGs
[2024-10-10T14:08:28.219+0000] {logging_mixin.py:190} INFO - [2024-10-10T14:08:28.219+0000] {dag.py:4180} INFO - Setting next_dagrun for example_params_trigger_ui to None, run_after=None
[2024-10-10T14:08:28.235+0000] {processor.py:208} INFO - Processing /home/airflow/.local/lib/python3.12/site-packages/airflow/example_dags/example_params_trigger_ui.py took 0.074 seconds
[2024-10-10T14:08:58.964+0000] {processor.py:186} INFO - Started process (PID=1266) to work on /home/airflow/.local/lib/python3.12/site-packages/airflow/example_dags/example_params_trigger_ui.py
[2024-10-10T14:08:58.965+0000] {processor.py:914} INFO - Processing file /home/airflow/.local/lib/python3.12/site-packages/airflow/example_dags/example_params_trigger_ui.py for tasks to queue
[2024-10-10T14:08:58.967+0000] {logging_mixin.py:190} INFO - [2024-10-10T14:08:58.967+0000] {dagbag.py:588} INFO - Filling up the DagBag from /home/airflow/.local/lib/python3.12/site-packages/airflow/example_dags/example_params_trigger_ui.py
[2024-10-10T14:08:58.975+0000] {processor.py:925} INFO - DAG(s) 'example_params_trigger_ui' retrieved from /home/airflow/.local/lib/python3.12/site-packages/airflow/example_dags/example_params_trigger_ui.py
[2024-10-10T14:08:59.006+0000] {logging_mixin.py:190} INFO - [2024-10-10T14:08:59.006+0000] {dag.py:3239} INFO - Sync 1 DAGs
[2024-10-10T14:08:59.018+0000] {logging_mixin.py:190} INFO - [2024-10-10T14:08:59.018+0000] {dag.py:4180} INFO - Setting next_dagrun for example_params_trigger_ui to None, run_after=None
[2024-10-10T14:08:59.032+0000] {processor.py:208} INFO - Processing /home/airflow/.local/lib/python3.12/site-packages/airflow/example_dags/example_params_trigger_ui.py took 0.072 seconds
[2024-10-10T14:09:29.676+0000] {processor.py:186} INFO - Started process (PID=1328) to work on /home/airflow/.local/lib/python3.12/site-packages/airflow/example_dags/example_params_trigger_ui.py
[2024-10-10T14:09:29.677+0000] {processor.py:914} INFO - Processing file /home/airflow/.local/lib/python3.12/site-packages/airflow/example_dags/example_params_trigger_ui.py for tasks to queue
[2024-10-10T14:09:29.679+0000] {logging_mixin.py:190} INFO - [2024-10-10T14:09:29.678+0000] {dagbag.py:588} INFO - Filling up the DagBag from /home/airflow/.local/lib/python3.12/site-packages/airflow/example_dags/example_params_trigger_ui.py
[2024-10-10T14:09:29.687+0000] {processor.py:925} INFO - DAG(s) 'example_params_trigger_ui' retrieved from /home/airflow/.local/lib/python3.12/site-packages/airflow/example_dags/example_params_trigger_ui.py
[2024-10-10T14:09:29.720+0000] {logging_mixin.py:190} INFO - [2024-10-10T14:09:29.720+0000] {dag.py:3239} INFO - Sync 1 DAGs
[2024-10-10T14:09:29.733+0000] {logging_mixin.py:190} INFO - [2024-10-10T14:09:29.733+0000] {dag.py:4180} INFO - Setting next_dagrun for example_params_trigger_ui to None, run_after=None
[2024-10-10T14:09:29.750+0000] {processor.py:208} INFO - Processing /home/airflow/.local/lib/python3.12/site-packages/airflow/example_dags/example_params_trigger_ui.py took 0.078 seconds
[2024-10-10T14:10:00.635+0000] {processor.py:186} INFO - Started process (PID=1390) to work on /home/airflow/.local/lib/python3.12/site-packages/airflow/example_dags/example_params_trigger_ui.py
[2024-10-10T14:10:00.636+0000] {processor.py:914} INFO - Processing file /home/airflow/.local/lib/python3.12/site-packages/airflow/example_dags/example_params_trigger_ui.py for tasks to queue
[2024-10-10T14:10:00.638+0000] {logging_mixin.py:190} INFO - [2024-10-10T14:10:00.638+0000] {dagbag.py:588} INFO - Filling up the DagBag from /home/airflow/.local/lib/python3.12/site-packages/airflow/example_dags/example_params_trigger_ui.py
[2024-10-10T14:10:00.647+0000] {processor.py:925} INFO - DAG(s) 'example_params_trigger_ui' retrieved from /home/airflow/.local/lib/python3.12/site-packages/airflow/example_dags/example_params_trigger_ui.py
[2024-10-10T14:10:00.682+0000] {logging_mixin.py:190} INFO - [2024-10-10T14:10:00.682+0000] {dag.py:3239} INFO - Sync 1 DAGs
[2024-10-10T14:10:00.696+0000] {logging_mixin.py:190} INFO - [2024-10-10T14:10:00.695+0000] {dag.py:4180} INFO - Setting next_dagrun for example_params_trigger_ui to None, run_after=None
[2024-10-10T14:10:00.714+0000] {processor.py:208} INFO - Processing /home/airflow/.local/lib/python3.12/site-packages/airflow/example_dags/example_params_trigger_ui.py took 0.083 seconds
[2024-10-10T14:10:31.746+0000] {processor.py:186} INFO - Started process (PID=1453) to work on /home/airflow/.local/lib/python3.12/site-packages/airflow/example_dags/example_params_trigger_ui.py
[2024-10-10T14:10:31.746+0000] {processor.py:914} INFO - Processing file /home/airflow/.local/lib/python3.12/site-packages/airflow/example_dags/example_params_trigger_ui.py for tasks to queue
[2024-10-10T14:10:31.748+0000] {logging_mixin.py:190} INFO - [2024-10-10T14:10:31.748+0000] {dagbag.py:588} INFO - Filling up the DagBag from /home/airflow/.local/lib/python3.12/site-packages/airflow/example_dags/example_params_trigger_ui.py
[2024-10-10T14:10:31.756+0000] {processor.py:925} INFO - DAG(s) 'example_params_trigger_ui' retrieved from /home/airflow/.local/lib/python3.12/site-packages/airflow/example_dags/example_params_trigger_ui.py
[2024-10-10T14:10:31.791+0000] {logging_mixin.py:190} INFO - [2024-10-10T14:10:31.791+0000] {dag.py:3239} INFO - Sync 1 DAGs
[2024-10-10T14:10:31.802+0000] {logging_mixin.py:190} INFO - [2024-10-10T14:10:31.802+0000] {dag.py:4180} INFO - Setting next_dagrun for example_params_trigger_ui to None, run_after=None
[2024-10-10T14:10:31.819+0000] {processor.py:208} INFO - Processing /home/airflow/.local/lib/python3.12/site-packages/airflow/example_dags/example_params_trigger_ui.py took 0.078 seconds
[2024-10-10T14:11:01.975+0000] {processor.py:186} INFO - Started process (PID=1515) to work on /home/airflow/.local/lib/python3.12/site-packages/airflow/example_dags/example_params_trigger_ui.py
[2024-10-10T14:11:01.976+0000] {processor.py:914} INFO - Processing file /home/airflow/.local/lib/python3.12/site-packages/airflow/example_dags/example_params_trigger_ui.py for tasks to queue
[2024-10-10T14:11:01.978+0000] {logging_mixin.py:190} INFO - [2024-10-10T14:11:01.978+0000] {dagbag.py:588} INFO - Filling up the DagBag from /home/airflow/.local/lib/python3.12/site-packages/airflow/example_dags/example_params_trigger_ui.py
[2024-10-10T14:11:01.986+0000] {processor.py:925} INFO - DAG(s) 'example_params_trigger_ui' retrieved from /home/airflow/.local/lib/python3.12/site-packages/airflow/example_dags/example_params_trigger_ui.py
[2024-10-10T14:11:02.017+0000] {logging_mixin.py:190} INFO - [2024-10-10T14:11:02.016+0000] {dag.py:3239} INFO - Sync 1 DAGs
[2024-10-10T14:11:02.028+0000] {logging_mixin.py:190} INFO - [2024-10-10T14:11:02.028+0000] {dag.py:4180} INFO - Setting next_dagrun for example_params_trigger_ui to None, run_after=None
[2024-10-10T14:11:02.042+0000] {processor.py:208} INFO - Processing /home/airflow/.local/lib/python3.12/site-packages/airflow/example_dags/example_params_trigger_ui.py took 0.071 seconds
[2024-10-10T14:11:33.059+0000] {processor.py:186} INFO - Started process (PID=1577) to work on /home/airflow/.local/lib/python3.12/site-packages/airflow/example_dags/example_params_trigger_ui.py
[2024-10-10T14:11:33.060+0000] {processor.py:914} INFO - Processing file /home/airflow/.local/lib/python3.12/site-packages/airflow/example_dags/example_params_trigger_ui.py for tasks to queue
[2024-10-10T14:11:33.062+0000] {logging_mixin.py:190} INFO - [2024-10-10T14:11:33.061+0000] {dagbag.py:588} INFO - Filling up the DagBag from /home/airflow/.local/lib/python3.12/site-packages/airflow/example_dags/example_params_trigger_ui.py
[2024-10-10T14:11:33.070+0000] {processor.py:925} INFO - DAG(s) 'example_params_trigger_ui' retrieved from /home/airflow/.local/lib/python3.12/site-packages/airflow/example_dags/example_params_trigger_ui.py
[2024-10-10T14:11:33.104+0000] {logging_mixin.py:190} INFO - [2024-10-10T14:11:33.104+0000] {dag.py:3239} INFO - Sync 1 DAGs
[2024-10-10T14:11:33.116+0000] {logging_mixin.py:190} INFO - [2024-10-10T14:11:33.116+0000] {dag.py:4180} INFO - Setting next_dagrun for example_params_trigger_ui to None, run_after=None
[2024-10-10T14:11:33.130+0000] {processor.py:208} INFO - Processing /home/airflow/.local/lib/python3.12/site-packages/airflow/example_dags/example_params_trigger_ui.py took 0.076 seconds
[2024-10-10T14:12:03.925+0000] {processor.py:186} INFO - Started process (PID=1639) to work on /home/airflow/.local/lib/python3.12/site-packages/airflow/example_dags/example_params_trigger_ui.py
[2024-10-10T14:12:03.926+0000] {processor.py:914} INFO - Processing file /home/airflow/.local/lib/python3.12/site-packages/airflow/example_dags/example_params_trigger_ui.py for tasks to queue
[2024-10-10T14:12:03.928+0000] {logging_mixin.py:190} INFO - [2024-10-10T14:12:03.927+0000] {dagbag.py:588} INFO - Filling up the DagBag from /home/airflow/.local/lib/python3.12/site-packages/airflow/example_dags/example_params_trigger_ui.py
[2024-10-10T14:12:03.936+0000] {processor.py:925} INFO - DAG(s) 'example_params_trigger_ui' retrieved from /home/airflow/.local/lib/python3.12/site-packages/airflow/example_dags/example_params_trigger_ui.py
[2024-10-10T14:12:03.967+0000] {logging_mixin.py:190} INFO - [2024-10-10T14:12:03.966+0000] {dag.py:3239} INFO - Sync 1 DAGs
[2024-10-10T14:12:03.977+0000] {logging_mixin.py:190} INFO - [2024-10-10T14:12:03.977+0000] {dag.py:4180} INFO - Setting next_dagrun for example_params_trigger_ui to None, run_after=None
[2024-10-10T14:12:03.991+0000] {processor.py:208} INFO - Processing /home/airflow/.local/lib/python3.12/site-packages/airflow/example_dags/example_params_trigger_ui.py took 0.070 seconds
[2024-10-10T14:12:34.724+0000] {processor.py:186} INFO - Started process (PID=1701) to work on /home/airflow/.local/lib/python3.12/site-packages/airflow/example_dags/example_params_trigger_ui.py
[2024-10-10T14:12:34.725+0000] {processor.py:914} INFO - Processing file /home/airflow/.local/lib/python3.12/site-packages/airflow/example_dags/example_params_trigger_ui.py for tasks to queue
[2024-10-10T14:12:34.726+0000] {logging_mixin.py:190} INFO - [2024-10-10T14:12:34.726+0000] {dagbag.py:588} INFO - Filling up the DagBag from /home/airflow/.local/lib/python3.12/site-packages/airflow/example_dags/example_params_trigger_ui.py
[2024-10-10T14:12:34.735+0000] {processor.py:925} INFO - DAG(s) 'example_params_trigger_ui' retrieved from /home/airflow/.local/lib/python3.12/site-packages/airflow/example_dags/example_params_trigger_ui.py
[2024-10-10T14:12:34.793+0000] {logging_mixin.py:190} INFO - [2024-10-10T14:12:34.793+0000] {dag.py:3239} INFO - Sync 1 DAGs
[2024-10-10T14:12:34.813+0000] {logging_mixin.py:190} INFO - [2024-10-10T14:12:34.813+0000] {dag.py:4180} INFO - Setting next_dagrun for example_params_trigger_ui to None, run_after=None
[2024-10-10T14:12:34.836+0000] {processor.py:208} INFO - Processing /home/airflow/.local/lib/python3.12/site-packages/airflow/example_dags/example_params_trigger_ui.py took 0.116 seconds
