[2024-10-10T13:59:18.531+0000] {processor.py:186} INFO - Started process (PID=103) to work on /home/airflow/.local/lib/python3.12/site-packages/airflow/example_dags/tutorial_objectstorage.py
[2024-10-10T13:59:18.532+0000] {processor.py:914} INFO - Processing file /home/airflow/.local/lib/python3.12/site-packages/airflow/example_dags/tutorial_objectstorage.py for tasks to queue
[2024-10-10T13:59:18.534+0000] {logging_mixin.py:190} INFO - [2024-10-10T13:59:18.534+0000] {dagbag.py:588} INFO - Filling up the DagBag from /home/airflow/.local/lib/python3.12/site-packages/airflow/example_dags/tutorial_objectstorage.py
[2024-10-10T13:59:18.542+0000] {processor.py:925} INFO - DAG(s) 'tutorial_objectstorage' retrieved from /home/airflow/.local/lib/python3.12/site-packages/airflow/example_dags/tutorial_objectstorage.py
[2024-10-10T13:59:18.558+0000] {logging_mixin.py:190} INFO - [2024-10-10T13:59:18.558+0000] {dag.py:3239} INFO - Sync 1 DAGs
[2024-10-10T13:59:18.570+0000] {logging_mixin.py:190} INFO - [2024-10-10T13:59:18.570+0000] {dag.py:4180} INFO - Setting next_dagrun for tutorial_objectstorage to None, run_after=None
[2024-10-10T13:59:18.584+0000] {processor.py:208} INFO - Processing /home/airflow/.local/lib/python3.12/site-packages/airflow/example_dags/tutorial_objectstorage.py took 0.058 seconds
[2024-10-10T13:59:49.760+0000] {processor.py:186} INFO - Started process (PID=165) to work on /home/airflow/.local/lib/python3.12/site-packages/airflow/example_dags/tutorial_objectstorage.py
[2024-10-10T13:59:49.761+0000] {processor.py:914} INFO - Processing file /home/airflow/.local/lib/python3.12/site-packages/airflow/example_dags/tutorial_objectstorage.py for tasks to queue
[2024-10-10T13:59:49.762+0000] {logging_mixin.py:190} INFO - [2024-10-10T13:59:49.762+0000] {dagbag.py:588} INFO - Filling up the DagBag from /home/airflow/.local/lib/python3.12/site-packages/airflow/example_dags/tutorial_objectstorage.py
[2024-10-10T13:59:49.770+0000] {processor.py:925} INFO - DAG(s) 'tutorial_objectstorage' retrieved from /home/airflow/.local/lib/python3.12/site-packages/airflow/example_dags/tutorial_objectstorage.py
[2024-10-10T13:59:49.785+0000] {logging_mixin.py:190} INFO - [2024-10-10T13:59:49.785+0000] {dag.py:3239} INFO - Sync 1 DAGs
[2024-10-10T13:59:49.798+0000] {logging_mixin.py:190} INFO - [2024-10-10T13:59:49.798+0000] {dag.py:4180} INFO - Setting next_dagrun for tutorial_objectstorage to None, run_after=None
[2024-10-10T13:59:49.814+0000] {processor.py:208} INFO - Processing /home/airflow/.local/lib/python3.12/site-packages/airflow/example_dags/tutorial_objectstorage.py took 0.059 seconds
[2024-10-10T14:00:20.809+0000] {processor.py:186} INFO - Started process (PID=228) to work on /home/airflow/.local/lib/python3.12/site-packages/airflow/example_dags/tutorial_objectstorage.py
[2024-10-10T14:00:20.810+0000] {processor.py:914} INFO - Processing file /home/airflow/.local/lib/python3.12/site-packages/airflow/example_dags/tutorial_objectstorage.py for tasks to queue
[2024-10-10T14:00:20.812+0000] {logging_mixin.py:190} INFO - [2024-10-10T14:00:20.812+0000] {dagbag.py:588} INFO - Filling up the DagBag from /home/airflow/.local/lib/python3.12/site-packages/airflow/example_dags/tutorial_objectstorage.py
[2024-10-10T14:00:20.820+0000] {processor.py:925} INFO - DAG(s) 'tutorial_objectstorage' retrieved from /home/airflow/.local/lib/python3.12/site-packages/airflow/example_dags/tutorial_objectstorage.py
[2024-10-10T14:00:20.835+0000] {logging_mixin.py:190} INFO - [2024-10-10T14:00:20.835+0000] {dag.py:3239} INFO - Sync 1 DAGs
[2024-10-10T14:00:20.847+0000] {logging_mixin.py:190} INFO - [2024-10-10T14:00:20.847+0000] {dag.py:4180} INFO - Setting next_dagrun for tutorial_objectstorage to None, run_after=None
[2024-10-10T14:00:20.863+0000] {processor.py:208} INFO - Processing /home/airflow/.local/lib/python3.12/site-packages/airflow/example_dags/tutorial_objectstorage.py took 0.059 seconds
[2024-10-10T14:00:51.183+0000] {processor.py:186} INFO - Started process (PID=290) to work on /home/airflow/.local/lib/python3.12/site-packages/airflow/example_dags/tutorial_objectstorage.py
[2024-10-10T14:00:51.184+0000] {processor.py:914} INFO - Processing file /home/airflow/.local/lib/python3.12/site-packages/airflow/example_dags/tutorial_objectstorage.py for tasks to queue
[2024-10-10T14:00:51.185+0000] {logging_mixin.py:190} INFO - [2024-10-10T14:00:51.185+0000] {dagbag.py:588} INFO - Filling up the DagBag from /home/airflow/.local/lib/python3.12/site-packages/airflow/example_dags/tutorial_objectstorage.py
[2024-10-10T14:00:51.193+0000] {processor.py:925} INFO - DAG(s) 'tutorial_objectstorage' retrieved from /home/airflow/.local/lib/python3.12/site-packages/airflow/example_dags/tutorial_objectstorage.py
[2024-10-10T14:00:51.208+0000] {logging_mixin.py:190} INFO - [2024-10-10T14:00:51.208+0000] {dag.py:3239} INFO - Sync 1 DAGs
[2024-10-10T14:00:51.219+0000] {logging_mixin.py:190} INFO - [2024-10-10T14:00:51.219+0000] {dag.py:4180} INFO - Setting next_dagrun for tutorial_objectstorage to None, run_after=None
[2024-10-10T14:00:51.234+0000] {processor.py:208} INFO - Processing /home/airflow/.local/lib/python3.12/site-packages/airflow/example_dags/tutorial_objectstorage.py took 0.056 seconds
[2024-10-10T14:01:21.358+0000] {processor.py:186} INFO - Started process (PID=352) to work on /home/airflow/.local/lib/python3.12/site-packages/airflow/example_dags/tutorial_objectstorage.py
[2024-10-10T14:01:21.359+0000] {processor.py:914} INFO - Processing file /home/airflow/.local/lib/python3.12/site-packages/airflow/example_dags/tutorial_objectstorage.py for tasks to queue
[2024-10-10T14:01:21.361+0000] {logging_mixin.py:190} INFO - [2024-10-10T14:01:21.360+0000] {dagbag.py:588} INFO - Filling up the DagBag from /home/airflow/.local/lib/python3.12/site-packages/airflow/example_dags/tutorial_objectstorage.py
[2024-10-10T14:01:21.367+0000] {processor.py:925} INFO - DAG(s) 'tutorial_objectstorage' retrieved from /home/airflow/.local/lib/python3.12/site-packages/airflow/example_dags/tutorial_objectstorage.py
[2024-10-10T14:01:21.382+0000] {logging_mixin.py:190} INFO - [2024-10-10T14:01:21.382+0000] {dag.py:3239} INFO - Sync 1 DAGs
[2024-10-10T14:01:21.393+0000] {logging_mixin.py:190} INFO - [2024-10-10T14:01:21.393+0000] {dag.py:4180} INFO - Setting next_dagrun for tutorial_objectstorage to None, run_after=None
[2024-10-10T14:01:21.406+0000] {processor.py:208} INFO - Processing /home/airflow/.local/lib/python3.12/site-packages/airflow/example_dags/tutorial_objectstorage.py took 0.053 seconds
[2024-10-10T14:01:51.551+0000] {processor.py:186} INFO - Started process (PID=414) to work on /home/airflow/.local/lib/python3.12/site-packages/airflow/example_dags/tutorial_objectstorage.py
[2024-10-10T14:01:51.552+0000] {processor.py:914} INFO - Processing file /home/airflow/.local/lib/python3.12/site-packages/airflow/example_dags/tutorial_objectstorage.py for tasks to queue
[2024-10-10T14:01:51.554+0000] {logging_mixin.py:190} INFO - [2024-10-10T14:01:51.554+0000] {dagbag.py:588} INFO - Filling up the DagBag from /home/airflow/.local/lib/python3.12/site-packages/airflow/example_dags/tutorial_objectstorage.py
[2024-10-10T14:01:51.561+0000] {processor.py:925} INFO - DAG(s) 'tutorial_objectstorage' retrieved from /home/airflow/.local/lib/python3.12/site-packages/airflow/example_dags/tutorial_objectstorage.py
[2024-10-10T14:01:51.576+0000] {logging_mixin.py:190} INFO - [2024-10-10T14:01:51.575+0000] {dag.py:3239} INFO - Sync 1 DAGs
[2024-10-10T14:01:51.587+0000] {logging_mixin.py:190} INFO - [2024-10-10T14:01:51.586+0000] {dag.py:4180} INFO - Setting next_dagrun for tutorial_objectstorage to None, run_after=None
[2024-10-10T14:01:51.602+0000] {processor.py:208} INFO - Processing /home/airflow/.local/lib/python3.12/site-packages/airflow/example_dags/tutorial_objectstorage.py took 0.055 seconds
[2024-10-10T14:02:21.916+0000] {processor.py:186} INFO - Started process (PID=476) to work on /home/airflow/.local/lib/python3.12/site-packages/airflow/example_dags/tutorial_objectstorage.py
[2024-10-10T14:02:21.917+0000] {processor.py:914} INFO - Processing file /home/airflow/.local/lib/python3.12/site-packages/airflow/example_dags/tutorial_objectstorage.py for tasks to queue
[2024-10-10T14:02:21.918+0000] {logging_mixin.py:190} INFO - [2024-10-10T14:02:21.918+0000] {dagbag.py:588} INFO - Filling up the DagBag from /home/airflow/.local/lib/python3.12/site-packages/airflow/example_dags/tutorial_objectstorage.py
[2024-10-10T14:02:21.925+0000] {processor.py:925} INFO - DAG(s) 'tutorial_objectstorage' retrieved from /home/airflow/.local/lib/python3.12/site-packages/airflow/example_dags/tutorial_objectstorage.py
[2024-10-10T14:02:21.941+0000] {logging_mixin.py:190} INFO - [2024-10-10T14:02:21.941+0000] {dag.py:3239} INFO - Sync 1 DAGs
[2024-10-10T14:02:21.954+0000] {logging_mixin.py:190} INFO - [2024-10-10T14:02:21.953+0000] {dag.py:4180} INFO - Setting next_dagrun for tutorial_objectstorage to None, run_after=None
[2024-10-10T14:02:21.970+0000] {processor.py:208} INFO - Processing /home/airflow/.local/lib/python3.12/site-packages/airflow/example_dags/tutorial_objectstorage.py took 0.058 seconds
[2024-10-10T14:02:52.585+0000] {processor.py:186} INFO - Started process (PID=538) to work on /home/airflow/.local/lib/python3.12/site-packages/airflow/example_dags/tutorial_objectstorage.py
[2024-10-10T14:02:52.586+0000] {processor.py:914} INFO - Processing file /home/airflow/.local/lib/python3.12/site-packages/airflow/example_dags/tutorial_objectstorage.py for tasks to queue
[2024-10-10T14:02:52.588+0000] {logging_mixin.py:190} INFO - [2024-10-10T14:02:52.587+0000] {dagbag.py:588} INFO - Filling up the DagBag from /home/airflow/.local/lib/python3.12/site-packages/airflow/example_dags/tutorial_objectstorage.py
[2024-10-10T14:02:52.595+0000] {processor.py:925} INFO - DAG(s) 'tutorial_objectstorage' retrieved from /home/airflow/.local/lib/python3.12/site-packages/airflow/example_dags/tutorial_objectstorage.py
[2024-10-10T14:02:52.609+0000] {logging_mixin.py:190} INFO - [2024-10-10T14:02:52.609+0000] {dag.py:3239} INFO - Sync 1 DAGs
[2024-10-10T14:02:52.620+0000] {logging_mixin.py:190} INFO - [2024-10-10T14:02:52.619+0000] {dag.py:4180} INFO - Setting next_dagrun for tutorial_objectstorage to None, run_after=None
[2024-10-10T14:02:52.635+0000] {processor.py:208} INFO - Processing /home/airflow/.local/lib/python3.12/site-packages/airflow/example_dags/tutorial_objectstorage.py took 0.054 seconds
[2024-10-10T14:03:23.518+0000] {processor.py:186} INFO - Started process (PID=600) to work on /home/airflow/.local/lib/python3.12/site-packages/airflow/example_dags/tutorial_objectstorage.py
[2024-10-10T14:03:23.519+0000] {processor.py:914} INFO - Processing file /home/airflow/.local/lib/python3.12/site-packages/airflow/example_dags/tutorial_objectstorage.py for tasks to queue
[2024-10-10T14:03:23.521+0000] {logging_mixin.py:190} INFO - [2024-10-10T14:03:23.520+0000] {dagbag.py:588} INFO - Filling up the DagBag from /home/airflow/.local/lib/python3.12/site-packages/airflow/example_dags/tutorial_objectstorage.py
[2024-10-10T14:03:23.527+0000] {processor.py:925} INFO - DAG(s) 'tutorial_objectstorage' retrieved from /home/airflow/.local/lib/python3.12/site-packages/airflow/example_dags/tutorial_objectstorage.py
[2024-10-10T14:03:23.541+0000] {logging_mixin.py:190} INFO - [2024-10-10T14:03:23.541+0000] {dag.py:3239} INFO - Sync 1 DAGs
[2024-10-10T14:03:23.553+0000] {logging_mixin.py:190} INFO - [2024-10-10T14:03:23.553+0000] {dag.py:4180} INFO - Setting next_dagrun for tutorial_objectstorage to None, run_after=None
[2024-10-10T14:03:23.569+0000] {processor.py:208} INFO - Processing /home/airflow/.local/lib/python3.12/site-packages/airflow/example_dags/tutorial_objectstorage.py took 0.055 seconds
[2024-10-10T14:03:54.198+0000] {processor.py:186} INFO - Started process (PID=662) to work on /home/airflow/.local/lib/python3.12/site-packages/airflow/example_dags/tutorial_objectstorage.py
[2024-10-10T14:03:54.199+0000] {processor.py:914} INFO - Processing file /home/airflow/.local/lib/python3.12/site-packages/airflow/example_dags/tutorial_objectstorage.py for tasks to queue
[2024-10-10T14:03:54.201+0000] {logging_mixin.py:190} INFO - [2024-10-10T14:03:54.200+0000] {dagbag.py:588} INFO - Filling up the DagBag from /home/airflow/.local/lib/python3.12/site-packages/airflow/example_dags/tutorial_objectstorage.py
[2024-10-10T14:03:54.207+0000] {processor.py:925} INFO - DAG(s) 'tutorial_objectstorage' retrieved from /home/airflow/.local/lib/python3.12/site-packages/airflow/example_dags/tutorial_objectstorage.py
[2024-10-10T14:03:54.223+0000] {logging_mixin.py:190} INFO - [2024-10-10T14:03:54.223+0000] {dag.py:3239} INFO - Sync 1 DAGs
[2024-10-10T14:03:54.235+0000] {logging_mixin.py:190} INFO - [2024-10-10T14:03:54.235+0000] {dag.py:4180} INFO - Setting next_dagrun for tutorial_objectstorage to None, run_after=None
[2024-10-10T14:03:54.250+0000] {processor.py:208} INFO - Processing /home/airflow/.local/lib/python3.12/site-packages/airflow/example_dags/tutorial_objectstorage.py took 0.056 seconds
[2024-10-10T14:04:25.026+0000] {processor.py:186} INFO - Started process (PID=724) to work on /home/airflow/.local/lib/python3.12/site-packages/airflow/example_dags/tutorial_objectstorage.py
[2024-10-10T14:04:25.027+0000] {processor.py:914} INFO - Processing file /home/airflow/.local/lib/python3.12/site-packages/airflow/example_dags/tutorial_objectstorage.py for tasks to queue
[2024-10-10T14:04:25.029+0000] {logging_mixin.py:190} INFO - [2024-10-10T14:04:25.028+0000] {dagbag.py:588} INFO - Filling up the DagBag from /home/airflow/.local/lib/python3.12/site-packages/airflow/example_dags/tutorial_objectstorage.py
[2024-10-10T14:04:25.035+0000] {processor.py:925} INFO - DAG(s) 'tutorial_objectstorage' retrieved from /home/airflow/.local/lib/python3.12/site-packages/airflow/example_dags/tutorial_objectstorage.py
[2024-10-10T14:04:25.048+0000] {logging_mixin.py:190} INFO - [2024-10-10T14:04:25.048+0000] {dag.py:3239} INFO - Sync 1 DAGs
[2024-10-10T14:04:25.059+0000] {logging_mixin.py:190} INFO - [2024-10-10T14:04:25.059+0000] {dag.py:4180} INFO - Setting next_dagrun for tutorial_objectstorage to None, run_after=None
[2024-10-10T14:04:25.073+0000] {processor.py:208} INFO - Processing /home/airflow/.local/lib/python3.12/site-packages/airflow/example_dags/tutorial_objectstorage.py took 0.051 seconds
[2024-10-10T14:04:55.757+0000] {processor.py:186} INFO - Started process (PID=786) to work on /home/airflow/.local/lib/python3.12/site-packages/airflow/example_dags/tutorial_objectstorage.py
[2024-10-10T14:04:55.758+0000] {processor.py:914} INFO - Processing file /home/airflow/.local/lib/python3.12/site-packages/airflow/example_dags/tutorial_objectstorage.py for tasks to queue
[2024-10-10T14:04:55.759+0000] {logging_mixin.py:190} INFO - [2024-10-10T14:04:55.759+0000] {dagbag.py:588} INFO - Filling up the DagBag from /home/airflow/.local/lib/python3.12/site-packages/airflow/example_dags/tutorial_objectstorage.py
[2024-10-10T14:04:55.766+0000] {processor.py:925} INFO - DAG(s) 'tutorial_objectstorage' retrieved from /home/airflow/.local/lib/python3.12/site-packages/airflow/example_dags/tutorial_objectstorage.py
[2024-10-10T14:04:55.782+0000] {logging_mixin.py:190} INFO - [2024-10-10T14:04:55.782+0000] {dag.py:3239} INFO - Sync 1 DAGs
[2024-10-10T14:04:55.794+0000] {logging_mixin.py:190} INFO - [2024-10-10T14:04:55.794+0000] {dag.py:4180} INFO - Setting next_dagrun for tutorial_objectstorage to None, run_after=None
[2024-10-10T14:04:55.809+0000] {processor.py:208} INFO - Processing /home/airflow/.local/lib/python3.12/site-packages/airflow/example_dags/tutorial_objectstorage.py took 0.056 seconds
[2024-10-10T14:05:26.509+0000] {processor.py:186} INFO - Started process (PID=848) to work on /home/airflow/.local/lib/python3.12/site-packages/airflow/example_dags/tutorial_objectstorage.py
[2024-10-10T14:05:26.510+0000] {processor.py:914} INFO - Processing file /home/airflow/.local/lib/python3.12/site-packages/airflow/example_dags/tutorial_objectstorage.py for tasks to queue
[2024-10-10T14:05:26.512+0000] {logging_mixin.py:190} INFO - [2024-10-10T14:05:26.511+0000] {dagbag.py:588} INFO - Filling up the DagBag from /home/airflow/.local/lib/python3.12/site-packages/airflow/example_dags/tutorial_objectstorage.py
[2024-10-10T14:05:26.519+0000] {processor.py:925} INFO - DAG(s) 'tutorial_objectstorage' retrieved from /home/airflow/.local/lib/python3.12/site-packages/airflow/example_dags/tutorial_objectstorage.py
[2024-10-10T14:05:26.536+0000] {logging_mixin.py:190} INFO - [2024-10-10T14:05:26.535+0000] {dag.py:3239} INFO - Sync 1 DAGs
[2024-10-10T14:05:26.547+0000] {logging_mixin.py:190} INFO - [2024-10-10T14:05:26.547+0000] {dag.py:4180} INFO - Setting next_dagrun for tutorial_objectstorage to None, run_after=None
[2024-10-10T14:05:26.561+0000] {processor.py:208} INFO - Processing /home/airflow/.local/lib/python3.12/site-packages/airflow/example_dags/tutorial_objectstorage.py took 0.056 seconds
[2024-10-10T14:05:57.228+0000] {processor.py:186} INFO - Started process (PID=910) to work on /home/airflow/.local/lib/python3.12/site-packages/airflow/example_dags/tutorial_objectstorage.py
[2024-10-10T14:05:57.228+0000] {processor.py:914} INFO - Processing file /home/airflow/.local/lib/python3.12/site-packages/airflow/example_dags/tutorial_objectstorage.py for tasks to queue
[2024-10-10T14:05:57.230+0000] {logging_mixin.py:190} INFO - [2024-10-10T14:05:57.230+0000] {dagbag.py:588} INFO - Filling up the DagBag from /home/airflow/.local/lib/python3.12/site-packages/airflow/example_dags/tutorial_objectstorage.py
[2024-10-10T14:05:57.237+0000] {processor.py:925} INFO - DAG(s) 'tutorial_objectstorage' retrieved from /home/airflow/.local/lib/python3.12/site-packages/airflow/example_dags/tutorial_objectstorage.py
[2024-10-10T14:05:57.251+0000] {logging_mixin.py:190} INFO - [2024-10-10T14:05:57.250+0000] {dag.py:3239} INFO - Sync 1 DAGs
[2024-10-10T14:05:57.262+0000] {logging_mixin.py:190} INFO - [2024-10-10T14:05:57.261+0000] {dag.py:4180} INFO - Setting next_dagrun for tutorial_objectstorage to None, run_after=None
[2024-10-10T14:05:57.276+0000] {processor.py:208} INFO - Processing /home/airflow/.local/lib/python3.12/site-packages/airflow/example_dags/tutorial_objectstorage.py took 0.053 seconds
[2024-10-10T14:06:27.947+0000] {processor.py:186} INFO - Started process (PID=972) to work on /home/airflow/.local/lib/python3.12/site-packages/airflow/example_dags/tutorial_objectstorage.py
[2024-10-10T14:06:27.948+0000] {processor.py:914} INFO - Processing file /home/airflow/.local/lib/python3.12/site-packages/airflow/example_dags/tutorial_objectstorage.py for tasks to queue
[2024-10-10T14:06:27.950+0000] {logging_mixin.py:190} INFO - [2024-10-10T14:06:27.949+0000] {dagbag.py:588} INFO - Filling up the DagBag from /home/airflow/.local/lib/python3.12/site-packages/airflow/example_dags/tutorial_objectstorage.py
[2024-10-10T14:06:27.956+0000] {processor.py:925} INFO - DAG(s) 'tutorial_objectstorage' retrieved from /home/airflow/.local/lib/python3.12/site-packages/airflow/example_dags/tutorial_objectstorage.py
[2024-10-10T14:06:27.972+0000] {logging_mixin.py:190} INFO - [2024-10-10T14:06:27.972+0000] {dag.py:3239} INFO - Sync 1 DAGs
[2024-10-10T14:06:27.985+0000] {logging_mixin.py:190} INFO - [2024-10-10T14:06:27.985+0000] {dag.py:4180} INFO - Setting next_dagrun for tutorial_objectstorage to None, run_after=None
[2024-10-10T14:06:28.001+0000] {processor.py:208} INFO - Processing /home/airflow/.local/lib/python3.12/site-packages/airflow/example_dags/tutorial_objectstorage.py took 0.058 seconds
[2024-10-10T14:06:58.659+0000] {processor.py:186} INFO - Started process (PID=1034) to work on /home/airflow/.local/lib/python3.12/site-packages/airflow/example_dags/tutorial_objectstorage.py
[2024-10-10T14:06:58.659+0000] {processor.py:914} INFO - Processing file /home/airflow/.local/lib/python3.12/site-packages/airflow/example_dags/tutorial_objectstorage.py for tasks to queue
[2024-10-10T14:06:58.661+0000] {logging_mixin.py:190} INFO - [2024-10-10T14:06:58.661+0000] {dagbag.py:588} INFO - Filling up the DagBag from /home/airflow/.local/lib/python3.12/site-packages/airflow/example_dags/tutorial_objectstorage.py
[2024-10-10T14:06:58.668+0000] {processor.py:925} INFO - DAG(s) 'tutorial_objectstorage' retrieved from /home/airflow/.local/lib/python3.12/site-packages/airflow/example_dags/tutorial_objectstorage.py
[2024-10-10T14:06:58.683+0000] {logging_mixin.py:190} INFO - [2024-10-10T14:06:58.683+0000] {dag.py:3239} INFO - Sync 1 DAGs
[2024-10-10T14:06:58.694+0000] {logging_mixin.py:190} INFO - [2024-10-10T14:06:58.694+0000] {dag.py:4180} INFO - Setting next_dagrun for tutorial_objectstorage to None, run_after=None
[2024-10-10T14:06:58.709+0000] {processor.py:208} INFO - Processing /home/airflow/.local/lib/python3.12/site-packages/airflow/example_dags/tutorial_objectstorage.py took 0.055 seconds
[2024-10-10T14:07:29.429+0000] {processor.py:186} INFO - Started process (PID=1096) to work on /home/airflow/.local/lib/python3.12/site-packages/airflow/example_dags/tutorial_objectstorage.py
[2024-10-10T14:07:29.429+0000] {processor.py:914} INFO - Processing file /home/airflow/.local/lib/python3.12/site-packages/airflow/example_dags/tutorial_objectstorage.py for tasks to queue
[2024-10-10T14:07:29.431+0000] {logging_mixin.py:190} INFO - [2024-10-10T14:07:29.431+0000] {dagbag.py:588} INFO - Filling up the DagBag from /home/airflow/.local/lib/python3.12/site-packages/airflow/example_dags/tutorial_objectstorage.py
[2024-10-10T14:07:29.438+0000] {processor.py:925} INFO - DAG(s) 'tutorial_objectstorage' retrieved from /home/airflow/.local/lib/python3.12/site-packages/airflow/example_dags/tutorial_objectstorage.py
[2024-10-10T14:07:29.452+0000] {logging_mixin.py:190} INFO - [2024-10-10T14:07:29.451+0000] {dag.py:3239} INFO - Sync 1 DAGs
[2024-10-10T14:07:29.462+0000] {logging_mixin.py:190} INFO - [2024-10-10T14:07:29.462+0000] {dag.py:4180} INFO - Setting next_dagrun for tutorial_objectstorage to None, run_after=None
[2024-10-10T14:07:29.477+0000] {processor.py:208} INFO - Processing /home/airflow/.local/lib/python3.12/site-packages/airflow/example_dags/tutorial_objectstorage.py took 0.053 seconds
[2024-10-10T14:08:00.223+0000] {processor.py:186} INFO - Started process (PID=1158) to work on /home/airflow/.local/lib/python3.12/site-packages/airflow/example_dags/tutorial_objectstorage.py
[2024-10-10T14:08:00.224+0000] {processor.py:914} INFO - Processing file /home/airflow/.local/lib/python3.12/site-packages/airflow/example_dags/tutorial_objectstorage.py for tasks to queue
[2024-10-10T14:08:00.225+0000] {logging_mixin.py:190} INFO - [2024-10-10T14:08:00.225+0000] {dagbag.py:588} INFO - Filling up the DagBag from /home/airflow/.local/lib/python3.12/site-packages/airflow/example_dags/tutorial_objectstorage.py
[2024-10-10T14:08:00.231+0000] {processor.py:925} INFO - DAG(s) 'tutorial_objectstorage' retrieved from /home/airflow/.local/lib/python3.12/site-packages/airflow/example_dags/tutorial_objectstorage.py
[2024-10-10T14:08:00.246+0000] {logging_mixin.py:190} INFO - [2024-10-10T14:08:00.246+0000] {dag.py:3239} INFO - Sync 1 DAGs
[2024-10-10T14:08:00.258+0000] {logging_mixin.py:190} INFO - [2024-10-10T14:08:00.257+0000] {dag.py:4180} INFO - Setting next_dagrun for tutorial_objectstorage to None, run_after=None
[2024-10-10T14:08:00.273+0000] {processor.py:208} INFO - Processing /home/airflow/.local/lib/python3.12/site-packages/airflow/example_dags/tutorial_objectstorage.py took 0.054 seconds
[2024-10-10T14:08:30.907+0000] {processor.py:186} INFO - Started process (PID=1220) to work on /home/airflow/.local/lib/python3.12/site-packages/airflow/example_dags/tutorial_objectstorage.py
[2024-10-10T14:08:30.908+0000] {processor.py:914} INFO - Processing file /home/airflow/.local/lib/python3.12/site-packages/airflow/example_dags/tutorial_objectstorage.py for tasks to queue
[2024-10-10T14:08:30.910+0000] {logging_mixin.py:190} INFO - [2024-10-10T14:08:30.909+0000] {dagbag.py:588} INFO - Filling up the DagBag from /home/airflow/.local/lib/python3.12/site-packages/airflow/example_dags/tutorial_objectstorage.py
[2024-10-10T14:08:30.917+0000] {processor.py:925} INFO - DAG(s) 'tutorial_objectstorage' retrieved from /home/airflow/.local/lib/python3.12/site-packages/airflow/example_dags/tutorial_objectstorage.py
[2024-10-10T14:08:30.932+0000] {logging_mixin.py:190} INFO - [2024-10-10T14:08:30.932+0000] {dag.py:3239} INFO - Sync 1 DAGs
[2024-10-10T14:08:30.944+0000] {logging_mixin.py:190} INFO - [2024-10-10T14:08:30.944+0000] {dag.py:4180} INFO - Setting next_dagrun for tutorial_objectstorage to None, run_after=None
[2024-10-10T14:08:30.959+0000] {processor.py:208} INFO - Processing /home/airflow/.local/lib/python3.12/site-packages/airflow/example_dags/tutorial_objectstorage.py took 0.056 seconds
[2024-10-10T14:09:01.627+0000] {processor.py:186} INFO - Started process (PID=1282) to work on /home/airflow/.local/lib/python3.12/site-packages/airflow/example_dags/tutorial_objectstorage.py
[2024-10-10T14:09:01.627+0000] {processor.py:914} INFO - Processing file /home/airflow/.local/lib/python3.12/site-packages/airflow/example_dags/tutorial_objectstorage.py for tasks to queue
[2024-10-10T14:09:01.629+0000] {logging_mixin.py:190} INFO - [2024-10-10T14:09:01.629+0000] {dagbag.py:588} INFO - Filling up the DagBag from /home/airflow/.local/lib/python3.12/site-packages/airflow/example_dags/tutorial_objectstorage.py
[2024-10-10T14:09:01.635+0000] {processor.py:925} INFO - DAG(s) 'tutorial_objectstorage' retrieved from /home/airflow/.local/lib/python3.12/site-packages/airflow/example_dags/tutorial_objectstorage.py
[2024-10-10T14:09:01.649+0000] {logging_mixin.py:190} INFO - [2024-10-10T14:09:01.649+0000] {dag.py:3239} INFO - Sync 1 DAGs
[2024-10-10T14:09:01.660+0000] {logging_mixin.py:190} INFO - [2024-10-10T14:09:01.660+0000] {dag.py:4180} INFO - Setting next_dagrun for tutorial_objectstorage to None, run_after=None
[2024-10-10T14:09:01.674+0000] {processor.py:208} INFO - Processing /home/airflow/.local/lib/python3.12/site-packages/airflow/example_dags/tutorial_objectstorage.py took 0.051 seconds
[2024-10-10T14:09:32.459+0000] {processor.py:186} INFO - Started process (PID=1344) to work on /home/airflow/.local/lib/python3.12/site-packages/airflow/example_dags/tutorial_objectstorage.py
[2024-10-10T14:09:32.460+0000] {processor.py:914} INFO - Processing file /home/airflow/.local/lib/python3.12/site-packages/airflow/example_dags/tutorial_objectstorage.py for tasks to queue
[2024-10-10T14:09:32.461+0000] {logging_mixin.py:190} INFO - [2024-10-10T14:09:32.461+0000] {dagbag.py:588} INFO - Filling up the DagBag from /home/airflow/.local/lib/python3.12/site-packages/airflow/example_dags/tutorial_objectstorage.py
[2024-10-10T14:09:32.468+0000] {processor.py:925} INFO - DAG(s) 'tutorial_objectstorage' retrieved from /home/airflow/.local/lib/python3.12/site-packages/airflow/example_dags/tutorial_objectstorage.py
[2024-10-10T14:09:32.483+0000] {logging_mixin.py:190} INFO - [2024-10-10T14:09:32.483+0000] {dag.py:3239} INFO - Sync 1 DAGs
[2024-10-10T14:09:32.494+0000] {logging_mixin.py:190} INFO - [2024-10-10T14:09:32.493+0000] {dag.py:4180} INFO - Setting next_dagrun for tutorial_objectstorage to None, run_after=None
[2024-10-10T14:09:32.508+0000] {processor.py:208} INFO - Processing /home/airflow/.local/lib/python3.12/site-packages/airflow/example_dags/tutorial_objectstorage.py took 0.054 seconds
[2024-10-10T14:10:03.423+0000] {processor.py:186} INFO - Started process (PID=1406) to work on /home/airflow/.local/lib/python3.12/site-packages/airflow/example_dags/tutorial_objectstorage.py
[2024-10-10T14:10:03.424+0000] {processor.py:914} INFO - Processing file /home/airflow/.local/lib/python3.12/site-packages/airflow/example_dags/tutorial_objectstorage.py for tasks to queue
[2024-10-10T14:10:03.426+0000] {logging_mixin.py:190} INFO - [2024-10-10T14:10:03.426+0000] {dagbag.py:588} INFO - Filling up the DagBag from /home/airflow/.local/lib/python3.12/site-packages/airflow/example_dags/tutorial_objectstorage.py
[2024-10-10T14:10:03.434+0000] {processor.py:925} INFO - DAG(s) 'tutorial_objectstorage' retrieved from /home/airflow/.local/lib/python3.12/site-packages/airflow/example_dags/tutorial_objectstorage.py
[2024-10-10T14:10:03.451+0000] {logging_mixin.py:190} INFO - [2024-10-10T14:10:03.450+0000] {dag.py:3239} INFO - Sync 1 DAGs
[2024-10-10T14:10:03.463+0000] {logging_mixin.py:190} INFO - [2024-10-10T14:10:03.463+0000] {dag.py:4180} INFO - Setting next_dagrun for tutorial_objectstorage to None, run_after=None
[2024-10-10T14:10:03.478+0000] {processor.py:208} INFO - Processing /home/airflow/.local/lib/python3.12/site-packages/airflow/example_dags/tutorial_objectstorage.py took 0.059 seconds
[2024-10-10T14:10:33.633+0000] {processor.py:186} INFO - Started process (PID=1469) to work on /home/airflow/.local/lib/python3.12/site-packages/airflow/example_dags/tutorial_objectstorage.py
[2024-10-10T14:10:33.634+0000] {processor.py:914} INFO - Processing file /home/airflow/.local/lib/python3.12/site-packages/airflow/example_dags/tutorial_objectstorage.py for tasks to queue
[2024-10-10T14:10:33.635+0000] {logging_mixin.py:190} INFO - [2024-10-10T14:10:33.635+0000] {dagbag.py:588} INFO - Filling up the DagBag from /home/airflow/.local/lib/python3.12/site-packages/airflow/example_dags/tutorial_objectstorage.py
[2024-10-10T14:10:33.643+0000] {processor.py:925} INFO - DAG(s) 'tutorial_objectstorage' retrieved from /home/airflow/.local/lib/python3.12/site-packages/airflow/example_dags/tutorial_objectstorage.py
[2024-10-10T14:10:33.658+0000] {logging_mixin.py:190} INFO - [2024-10-10T14:10:33.657+0000] {dag.py:3239} INFO - Sync 1 DAGs
[2024-10-10T14:10:33.669+0000] {logging_mixin.py:190} INFO - [2024-10-10T14:10:33.669+0000] {dag.py:4180} INFO - Setting next_dagrun for tutorial_objectstorage to None, run_after=None
[2024-10-10T14:10:33.684+0000] {processor.py:208} INFO - Processing /home/airflow/.local/lib/python3.12/site-packages/airflow/example_dags/tutorial_objectstorage.py took 0.056 seconds
[2024-10-10T14:11:03.842+0000] {processor.py:186} INFO - Started process (PID=1531) to work on /home/airflow/.local/lib/python3.12/site-packages/airflow/example_dags/tutorial_objectstorage.py
[2024-10-10T14:11:03.843+0000] {processor.py:914} INFO - Processing file /home/airflow/.local/lib/python3.12/site-packages/airflow/example_dags/tutorial_objectstorage.py for tasks to queue
[2024-10-10T14:11:03.845+0000] {logging_mixin.py:190} INFO - [2024-10-10T14:11:03.845+0000] {dagbag.py:588} INFO - Filling up the DagBag from /home/airflow/.local/lib/python3.12/site-packages/airflow/example_dags/tutorial_objectstorage.py
[2024-10-10T14:11:03.853+0000] {processor.py:925} INFO - DAG(s) 'tutorial_objectstorage' retrieved from /home/airflow/.local/lib/python3.12/site-packages/airflow/example_dags/tutorial_objectstorage.py
[2024-10-10T14:11:03.872+0000] {logging_mixin.py:190} INFO - [2024-10-10T14:11:03.872+0000] {dag.py:3239} INFO - Sync 1 DAGs
[2024-10-10T14:11:03.884+0000] {logging_mixin.py:190} INFO - [2024-10-10T14:11:03.884+0000] {dag.py:4180} INFO - Setting next_dagrun for tutorial_objectstorage to None, run_after=None
[2024-10-10T14:11:03.899+0000] {processor.py:208} INFO - Processing /home/airflow/.local/lib/python3.12/site-packages/airflow/example_dags/tutorial_objectstorage.py took 0.062 seconds
[2024-10-10T14:11:34.897+0000] {processor.py:186} INFO - Started process (PID=1593) to work on /home/airflow/.local/lib/python3.12/site-packages/airflow/example_dags/tutorial_objectstorage.py
[2024-10-10T14:11:34.897+0000] {processor.py:914} INFO - Processing file /home/airflow/.local/lib/python3.12/site-packages/airflow/example_dags/tutorial_objectstorage.py for tasks to queue
[2024-10-10T14:11:34.899+0000] {logging_mixin.py:190} INFO - [2024-10-10T14:11:34.899+0000] {dagbag.py:588} INFO - Filling up the DagBag from /home/airflow/.local/lib/python3.12/site-packages/airflow/example_dags/tutorial_objectstorage.py
[2024-10-10T14:11:34.906+0000] {processor.py:925} INFO - DAG(s) 'tutorial_objectstorage' retrieved from /home/airflow/.local/lib/python3.12/site-packages/airflow/example_dags/tutorial_objectstorage.py
[2024-10-10T14:11:34.920+0000] {logging_mixin.py:190} INFO - [2024-10-10T14:11:34.920+0000] {dag.py:3239} INFO - Sync 1 DAGs
[2024-10-10T14:11:34.930+0000] {logging_mixin.py:190} INFO - [2024-10-10T14:11:34.930+0000] {dag.py:4180} INFO - Setting next_dagrun for tutorial_objectstorage to None, run_after=None
[2024-10-10T14:11:34.947+0000] {processor.py:208} INFO - Processing /home/airflow/.local/lib/python3.12/site-packages/airflow/example_dags/tutorial_objectstorage.py took 0.055 seconds
[2024-10-10T14:12:05.643+0000] {processor.py:186} INFO - Started process (PID=1655) to work on /home/airflow/.local/lib/python3.12/site-packages/airflow/example_dags/tutorial_objectstorage.py
[2024-10-10T14:12:05.643+0000] {processor.py:914} INFO - Processing file /home/airflow/.local/lib/python3.12/site-packages/airflow/example_dags/tutorial_objectstorage.py for tasks to queue
[2024-10-10T14:12:05.645+0000] {logging_mixin.py:190} INFO - [2024-10-10T14:12:05.645+0000] {dagbag.py:588} INFO - Filling up the DagBag from /home/airflow/.local/lib/python3.12/site-packages/airflow/example_dags/tutorial_objectstorage.py
[2024-10-10T14:12:05.652+0000] {processor.py:925} INFO - DAG(s) 'tutorial_objectstorage' retrieved from /home/airflow/.local/lib/python3.12/site-packages/airflow/example_dags/tutorial_objectstorage.py
[2024-10-10T14:12:05.666+0000] {logging_mixin.py:190} INFO - [2024-10-10T14:12:05.666+0000] {dag.py:3239} INFO - Sync 1 DAGs
[2024-10-10T14:12:05.677+0000] {logging_mixin.py:190} INFO - [2024-10-10T14:12:05.677+0000] {dag.py:4180} INFO - Setting next_dagrun for tutorial_objectstorage to None, run_after=None
[2024-10-10T14:12:05.690+0000] {processor.py:208} INFO - Processing /home/airflow/.local/lib/python3.12/site-packages/airflow/example_dags/tutorial_objectstorage.py took 0.052 seconds
[2024-10-10T14:12:36.511+0000] {processor.py:186} INFO - Started process (PID=1717) to work on /home/airflow/.local/lib/python3.12/site-packages/airflow/example_dags/tutorial_objectstorage.py
[2024-10-10T14:12:36.512+0000] {processor.py:914} INFO - Processing file /home/airflow/.local/lib/python3.12/site-packages/airflow/example_dags/tutorial_objectstorage.py for tasks to queue
[2024-10-10T14:12:36.514+0000] {logging_mixin.py:190} INFO - [2024-10-10T14:12:36.514+0000] {dagbag.py:588} INFO - Filling up the DagBag from /home/airflow/.local/lib/python3.12/site-packages/airflow/example_dags/tutorial_objectstorage.py
[2024-10-10T14:12:36.520+0000] {processor.py:925} INFO - DAG(s) 'tutorial_objectstorage' retrieved from /home/airflow/.local/lib/python3.12/site-packages/airflow/example_dags/tutorial_objectstorage.py
[2024-10-10T14:12:36.534+0000] {logging_mixin.py:190} INFO - [2024-10-10T14:12:36.534+0000] {dag.py:3239} INFO - Sync 1 DAGs
[2024-10-10T14:12:36.545+0000] {logging_mixin.py:190} INFO - [2024-10-10T14:12:36.544+0000] {dag.py:4180} INFO - Setting next_dagrun for tutorial_objectstorage to None, run_after=None
[2024-10-10T14:12:36.559+0000] {processor.py:208} INFO - Processing /home/airflow/.local/lib/python3.12/site-packages/airflow/example_dags/tutorial_objectstorage.py took 0.052 seconds
