[2024-10-10T13:59:18.717+0000] {processor.py:186} INFO - Started process (PID=108) to work on /home/airflow/.local/lib/python3.12/site-packages/airflow/example_dags/tutorial.py
[2024-10-10T13:59:18.718+0000] {processor.py:914} INFO - Processing file /home/airflow/.local/lib/python3.12/site-packages/airflow/example_dags/tutorial.py for tasks to queue
[2024-10-10T13:59:18.719+0000] {logging_mixin.py:190} INFO - [2024-10-10T13:59:18.719+0000] {dagbag.py:588} INFO - Filling up the DagBag from /home/airflow/.local/lib/python3.12/site-packages/airflow/example_dags/tutorial.py
[2024-10-10T13:59:18.726+0000] {processor.py:925} INFO - DAG(s) 'tutorial' retrieved from /home/airflow/.local/lib/python3.12/site-packages/airflow/example_dags/tutorial.py
[2024-10-10T13:59:18.743+0000] {logging_mixin.py:190} INFO - [2024-10-10T13:59:18.742+0000] {dag.py:3239} INFO - Sync 1 DAGs
[2024-10-10T13:59:18.761+0000] {logging_mixin.py:190} INFO - [2024-10-10T13:59:18.761+0000] {dag.py:4180} INFO - Setting next_dagrun for tutorial to 2024-10-09 00:00:00+00:00, run_after=2024-10-10 00:00:00+00:00
[2024-10-10T13:59:18.776+0000] {processor.py:208} INFO - Processing /home/airflow/.local/lib/python3.12/site-packages/airflow/example_dags/tutorial.py took 0.063 seconds
[2024-10-10T13:59:49.951+0000] {processor.py:186} INFO - Started process (PID=170) to work on /home/airflow/.local/lib/python3.12/site-packages/airflow/example_dags/tutorial.py
[2024-10-10T13:59:49.952+0000] {processor.py:914} INFO - Processing file /home/airflow/.local/lib/python3.12/site-packages/airflow/example_dags/tutorial.py for tasks to queue
[2024-10-10T13:59:49.954+0000] {logging_mixin.py:190} INFO - [2024-10-10T13:59:49.954+0000] {dagbag.py:588} INFO - Filling up the DagBag from /home/airflow/.local/lib/python3.12/site-packages/airflow/example_dags/tutorial.py
[2024-10-10T13:59:49.960+0000] {processor.py:925} INFO - DAG(s) 'tutorial' retrieved from /home/airflow/.local/lib/python3.12/site-packages/airflow/example_dags/tutorial.py
[2024-10-10T13:59:49.975+0000] {logging_mixin.py:190} INFO - [2024-10-10T13:59:49.975+0000] {dag.py:3239} INFO - Sync 1 DAGs
[2024-10-10T13:59:49.993+0000] {logging_mixin.py:190} INFO - [2024-10-10T13:59:49.993+0000] {dag.py:4180} INFO - Setting next_dagrun for tutorial to 2024-10-09 00:00:00+00:00, run_after=2024-10-10 00:00:00+00:00
[2024-10-10T13:59:50.008+0000] {processor.py:208} INFO - Processing /home/airflow/.local/lib/python3.12/site-packages/airflow/example_dags/tutorial.py took 0.061 seconds
[2024-10-10T14:00:21.067+0000] {processor.py:186} INFO - Started process (PID=233) to work on /home/airflow/.local/lib/python3.12/site-packages/airflow/example_dags/tutorial.py
[2024-10-10T14:00:21.068+0000] {processor.py:914} INFO - Processing file /home/airflow/.local/lib/python3.12/site-packages/airflow/example_dags/tutorial.py for tasks to queue
[2024-10-10T14:00:21.070+0000] {logging_mixin.py:190} INFO - [2024-10-10T14:00:21.070+0000] {dagbag.py:588} INFO - Filling up the DagBag from /home/airflow/.local/lib/python3.12/site-packages/airflow/example_dags/tutorial.py
[2024-10-10T14:00:21.079+0000] {processor.py:925} INFO - DAG(s) 'tutorial' retrieved from /home/airflow/.local/lib/python3.12/site-packages/airflow/example_dags/tutorial.py
[2024-10-10T14:00:21.099+0000] {logging_mixin.py:190} INFO - [2024-10-10T14:00:21.099+0000] {dag.py:3239} INFO - Sync 1 DAGs
[2024-10-10T14:00:21.122+0000] {logging_mixin.py:190} INFO - [2024-10-10T14:00:21.122+0000] {dag.py:4180} INFO - Setting next_dagrun for tutorial to 2024-10-09 00:00:00+00:00, run_after=2024-10-10 00:00:00+00:00
[2024-10-10T14:00:21.140+0000] {processor.py:208} INFO - Processing /home/airflow/.local/lib/python3.12/site-packages/airflow/example_dags/tutorial.py took 0.079 seconds
[2024-10-10T14:00:51.388+0000] {processor.py:186} INFO - Started process (PID=295) to work on /home/airflow/.local/lib/python3.12/site-packages/airflow/example_dags/tutorial.py
[2024-10-10T14:00:51.389+0000] {processor.py:914} INFO - Processing file /home/airflow/.local/lib/python3.12/site-packages/airflow/example_dags/tutorial.py for tasks to queue
[2024-10-10T14:00:51.391+0000] {logging_mixin.py:190} INFO - [2024-10-10T14:00:51.391+0000] {dagbag.py:588} INFO - Filling up the DagBag from /home/airflow/.local/lib/python3.12/site-packages/airflow/example_dags/tutorial.py
[2024-10-10T14:00:51.397+0000] {processor.py:925} INFO - DAG(s) 'tutorial' retrieved from /home/airflow/.local/lib/python3.12/site-packages/airflow/example_dags/tutorial.py
[2024-10-10T14:00:51.413+0000] {logging_mixin.py:190} INFO - [2024-10-10T14:00:51.413+0000] {dag.py:3239} INFO - Sync 1 DAGs
[2024-10-10T14:00:51.433+0000] {logging_mixin.py:190} INFO - [2024-10-10T14:00:51.433+0000] {dag.py:4180} INFO - Setting next_dagrun for tutorial to 2024-10-09 00:00:00+00:00, run_after=2024-10-10 00:00:00+00:00
[2024-10-10T14:00:51.448+0000] {processor.py:208} INFO - Processing /home/airflow/.local/lib/python3.12/site-packages/airflow/example_dags/tutorial.py took 0.065 seconds
[2024-10-10T14:01:21.556+0000] {processor.py:186} INFO - Started process (PID=357) to work on /home/airflow/.local/lib/python3.12/site-packages/airflow/example_dags/tutorial.py
[2024-10-10T14:01:21.557+0000] {processor.py:914} INFO - Processing file /home/airflow/.local/lib/python3.12/site-packages/airflow/example_dags/tutorial.py for tasks to queue
[2024-10-10T14:01:21.559+0000] {logging_mixin.py:190} INFO - [2024-10-10T14:01:21.558+0000] {dagbag.py:588} INFO - Filling up the DagBag from /home/airflow/.local/lib/python3.12/site-packages/airflow/example_dags/tutorial.py
[2024-10-10T14:01:21.565+0000] {processor.py:925} INFO - DAG(s) 'tutorial' retrieved from /home/airflow/.local/lib/python3.12/site-packages/airflow/example_dags/tutorial.py
[2024-10-10T14:01:21.580+0000] {logging_mixin.py:190} INFO - [2024-10-10T14:01:21.580+0000] {dag.py:3239} INFO - Sync 1 DAGs
[2024-10-10T14:01:21.598+0000] {logging_mixin.py:190} INFO - [2024-10-10T14:01:21.598+0000] {dag.py:4180} INFO - Setting next_dagrun for tutorial to 2024-10-09 00:00:00+00:00, run_after=2024-10-10 00:00:00+00:00
[2024-10-10T14:01:21.612+0000] {processor.py:208} INFO - Processing /home/airflow/.local/lib/python3.12/site-packages/airflow/example_dags/tutorial.py took 0.060 seconds
[2024-10-10T14:01:51.734+0000] {processor.py:186} INFO - Started process (PID=419) to work on /home/airflow/.local/lib/python3.12/site-packages/airflow/example_dags/tutorial.py
[2024-10-10T14:01:51.734+0000] {processor.py:914} INFO - Processing file /home/airflow/.local/lib/python3.12/site-packages/airflow/example_dags/tutorial.py for tasks to queue
[2024-10-10T14:01:51.736+0000] {logging_mixin.py:190} INFO - [2024-10-10T14:01:51.736+0000] {dagbag.py:588} INFO - Filling up the DagBag from /home/airflow/.local/lib/python3.12/site-packages/airflow/example_dags/tutorial.py
[2024-10-10T14:01:51.742+0000] {processor.py:925} INFO - DAG(s) 'tutorial' retrieved from /home/airflow/.local/lib/python3.12/site-packages/airflow/example_dags/tutorial.py
[2024-10-10T14:01:51.757+0000] {logging_mixin.py:190} INFO - [2024-10-10T14:01:51.757+0000] {dag.py:3239} INFO - Sync 1 DAGs
[2024-10-10T14:01:51.774+0000] {logging_mixin.py:190} INFO - [2024-10-10T14:01:51.774+0000] {dag.py:4180} INFO - Setting next_dagrun for tutorial to 2024-10-09 00:00:00+00:00, run_after=2024-10-10 00:00:00+00:00
[2024-10-10T14:01:51.789+0000] {processor.py:208} INFO - Processing /home/airflow/.local/lib/python3.12/site-packages/airflow/example_dags/tutorial.py took 0.059 seconds
[2024-10-10T14:02:22.109+0000] {processor.py:186} INFO - Started process (PID=481) to work on /home/airflow/.local/lib/python3.12/site-packages/airflow/example_dags/tutorial.py
[2024-10-10T14:02:22.109+0000] {processor.py:914} INFO - Processing file /home/airflow/.local/lib/python3.12/site-packages/airflow/example_dags/tutorial.py for tasks to queue
[2024-10-10T14:02:22.111+0000] {logging_mixin.py:190} INFO - [2024-10-10T14:02:22.111+0000] {dagbag.py:588} INFO - Filling up the DagBag from /home/airflow/.local/lib/python3.12/site-packages/airflow/example_dags/tutorial.py
[2024-10-10T14:02:22.117+0000] {processor.py:925} INFO - DAG(s) 'tutorial' retrieved from /home/airflow/.local/lib/python3.12/site-packages/airflow/example_dags/tutorial.py
[2024-10-10T14:02:22.132+0000] {logging_mixin.py:190} INFO - [2024-10-10T14:02:22.132+0000] {dag.py:3239} INFO - Sync 1 DAGs
[2024-10-10T14:02:22.151+0000] {logging_mixin.py:190} INFO - [2024-10-10T14:02:22.151+0000] {dag.py:4180} INFO - Setting next_dagrun for tutorial to 2024-10-09 00:00:00+00:00, run_after=2024-10-10 00:00:00+00:00
[2024-10-10T14:02:22.168+0000] {processor.py:208} INFO - Processing /home/airflow/.local/lib/python3.12/site-packages/airflow/example_dags/tutorial.py took 0.063 seconds
[2024-10-10T14:02:52.787+0000] {processor.py:186} INFO - Started process (PID=543) to work on /home/airflow/.local/lib/python3.12/site-packages/airflow/example_dags/tutorial.py
[2024-10-10T14:02:52.788+0000] {processor.py:914} INFO - Processing file /home/airflow/.local/lib/python3.12/site-packages/airflow/example_dags/tutorial.py for tasks to queue
[2024-10-10T14:02:52.790+0000] {logging_mixin.py:190} INFO - [2024-10-10T14:02:52.789+0000] {dagbag.py:588} INFO - Filling up the DagBag from /home/airflow/.local/lib/python3.12/site-packages/airflow/example_dags/tutorial.py
[2024-10-10T14:02:52.795+0000] {processor.py:925} INFO - DAG(s) 'tutorial' retrieved from /home/airflow/.local/lib/python3.12/site-packages/airflow/example_dags/tutorial.py
[2024-10-10T14:02:52.810+0000] {logging_mixin.py:190} INFO - [2024-10-10T14:02:52.810+0000] {dag.py:3239} INFO - Sync 1 DAGs
[2024-10-10T14:02:52.829+0000] {logging_mixin.py:190} INFO - [2024-10-10T14:02:52.829+0000] {dag.py:4180} INFO - Setting next_dagrun for tutorial to 2024-10-09 00:00:00+00:00, run_after=2024-10-10 00:00:00+00:00
[2024-10-10T14:02:52.842+0000] {processor.py:208} INFO - Processing /home/airflow/.local/lib/python3.12/site-packages/airflow/example_dags/tutorial.py took 0.059 seconds
[2024-10-10T14:03:23.718+0000] {processor.py:186} INFO - Started process (PID=605) to work on /home/airflow/.local/lib/python3.12/site-packages/airflow/example_dags/tutorial.py
[2024-10-10T14:03:23.719+0000] {processor.py:914} INFO - Processing file /home/airflow/.local/lib/python3.12/site-packages/airflow/example_dags/tutorial.py for tasks to queue
[2024-10-10T14:03:23.720+0000] {logging_mixin.py:190} INFO - [2024-10-10T14:03:23.720+0000] {dagbag.py:588} INFO - Filling up the DagBag from /home/airflow/.local/lib/python3.12/site-packages/airflow/example_dags/tutorial.py
[2024-10-10T14:03:23.726+0000] {processor.py:925} INFO - DAG(s) 'tutorial' retrieved from /home/airflow/.local/lib/python3.12/site-packages/airflow/example_dags/tutorial.py
[2024-10-10T14:03:23.741+0000] {logging_mixin.py:190} INFO - [2024-10-10T14:03:23.741+0000] {dag.py:3239} INFO - Sync 1 DAGs
[2024-10-10T14:03:23.759+0000] {logging_mixin.py:190} INFO - [2024-10-10T14:03:23.759+0000] {dag.py:4180} INFO - Setting next_dagrun for tutorial to 2024-10-09 00:00:00+00:00, run_after=2024-10-10 00:00:00+00:00
[2024-10-10T14:03:23.774+0000] {processor.py:208} INFO - Processing /home/airflow/.local/lib/python3.12/site-packages/airflow/example_dags/tutorial.py took 0.060 seconds
[2024-10-10T14:03:54.401+0000] {processor.py:186} INFO - Started process (PID=667) to work on /home/airflow/.local/lib/python3.12/site-packages/airflow/example_dags/tutorial.py
[2024-10-10T14:03:54.402+0000] {processor.py:914} INFO - Processing file /home/airflow/.local/lib/python3.12/site-packages/airflow/example_dags/tutorial.py for tasks to queue
[2024-10-10T14:03:54.404+0000] {logging_mixin.py:190} INFO - [2024-10-10T14:03:54.403+0000] {dagbag.py:588} INFO - Filling up the DagBag from /home/airflow/.local/lib/python3.12/site-packages/airflow/example_dags/tutorial.py
[2024-10-10T14:03:54.409+0000] {processor.py:925} INFO - DAG(s) 'tutorial' retrieved from /home/airflow/.local/lib/python3.12/site-packages/airflow/example_dags/tutorial.py
[2024-10-10T14:03:54.425+0000] {logging_mixin.py:190} INFO - [2024-10-10T14:03:54.425+0000] {dag.py:3239} INFO - Sync 1 DAGs
[2024-10-10T14:03:54.442+0000] {logging_mixin.py:190} INFO - [2024-10-10T14:03:54.442+0000] {dag.py:4180} INFO - Setting next_dagrun for tutorial to 2024-10-09 00:00:00+00:00, run_after=2024-10-10 00:00:00+00:00
[2024-10-10T14:03:54.457+0000] {processor.py:208} INFO - Processing /home/airflow/.local/lib/python3.12/site-packages/airflow/example_dags/tutorial.py took 0.060 seconds
[2024-10-10T14:04:25.270+0000] {processor.py:186} INFO - Started process (PID=729) to work on /home/airflow/.local/lib/python3.12/site-packages/airflow/example_dags/tutorial.py
[2024-10-10T14:04:25.271+0000] {processor.py:914} INFO - Processing file /home/airflow/.local/lib/python3.12/site-packages/airflow/example_dags/tutorial.py for tasks to queue
[2024-10-10T14:04:25.272+0000] {logging_mixin.py:190} INFO - [2024-10-10T14:04:25.272+0000] {dagbag.py:588} INFO - Filling up the DagBag from /home/airflow/.local/lib/python3.12/site-packages/airflow/example_dags/tutorial.py
[2024-10-10T14:04:25.278+0000] {processor.py:925} INFO - DAG(s) 'tutorial' retrieved from /home/airflow/.local/lib/python3.12/site-packages/airflow/example_dags/tutorial.py
[2024-10-10T14:04:25.295+0000] {logging_mixin.py:190} INFO - [2024-10-10T14:04:25.295+0000] {dag.py:3239} INFO - Sync 1 DAGs
[2024-10-10T14:04:25.314+0000] {logging_mixin.py:190} INFO - [2024-10-10T14:04:25.314+0000] {dag.py:4180} INFO - Setting next_dagrun for tutorial to 2024-10-09 00:00:00+00:00, run_after=2024-10-10 00:00:00+00:00
[2024-10-10T14:04:25.327+0000] {processor.py:208} INFO - Processing /home/airflow/.local/lib/python3.12/site-packages/airflow/example_dags/tutorial.py took 0.061 seconds
[2024-10-10T14:04:55.951+0000] {processor.py:186} INFO - Started process (PID=791) to work on /home/airflow/.local/lib/python3.12/site-packages/airflow/example_dags/tutorial.py
[2024-10-10T14:04:55.951+0000] {processor.py:914} INFO - Processing file /home/airflow/.local/lib/python3.12/site-packages/airflow/example_dags/tutorial.py for tasks to queue
[2024-10-10T14:04:55.953+0000] {logging_mixin.py:190} INFO - [2024-10-10T14:04:55.953+0000] {dagbag.py:588} INFO - Filling up the DagBag from /home/airflow/.local/lib/python3.12/site-packages/airflow/example_dags/tutorial.py
[2024-10-10T14:04:55.959+0000] {processor.py:925} INFO - DAG(s) 'tutorial' retrieved from /home/airflow/.local/lib/python3.12/site-packages/airflow/example_dags/tutorial.py
[2024-10-10T14:04:55.974+0000] {logging_mixin.py:190} INFO - [2024-10-10T14:04:55.974+0000] {dag.py:3239} INFO - Sync 1 DAGs
[2024-10-10T14:04:55.991+0000] {logging_mixin.py:190} INFO - [2024-10-10T14:04:55.991+0000] {dag.py:4180} INFO - Setting next_dagrun for tutorial to 2024-10-09 00:00:00+00:00, run_after=2024-10-10 00:00:00+00:00
[2024-10-10T14:04:56.006+0000] {processor.py:208} INFO - Processing /home/airflow/.local/lib/python3.12/site-packages/airflow/example_dags/tutorial.py took 0.059 seconds
[2024-10-10T14:05:26.700+0000] {processor.py:186} INFO - Started process (PID=853) to work on /home/airflow/.local/lib/python3.12/site-packages/airflow/example_dags/tutorial.py
[2024-10-10T14:05:26.701+0000] {processor.py:914} INFO - Processing file /home/airflow/.local/lib/python3.12/site-packages/airflow/example_dags/tutorial.py for tasks to queue
[2024-10-10T14:05:26.704+0000] {logging_mixin.py:190} INFO - [2024-10-10T14:05:26.703+0000] {dagbag.py:588} INFO - Filling up the DagBag from /home/airflow/.local/lib/python3.12/site-packages/airflow/example_dags/tutorial.py
[2024-10-10T14:05:26.711+0000] {processor.py:925} INFO - DAG(s) 'tutorial' retrieved from /home/airflow/.local/lib/python3.12/site-packages/airflow/example_dags/tutorial.py
[2024-10-10T14:05:26.730+0000] {logging_mixin.py:190} INFO - [2024-10-10T14:05:26.730+0000] {dag.py:3239} INFO - Sync 1 DAGs
[2024-10-10T14:05:26.750+0000] {logging_mixin.py:190} INFO - [2024-10-10T14:05:26.750+0000] {dag.py:4180} INFO - Setting next_dagrun for tutorial to 2024-10-09 00:00:00+00:00, run_after=2024-10-10 00:00:00+00:00
[2024-10-10T14:05:26.764+0000] {processor.py:208} INFO - Processing /home/airflow/.local/lib/python3.12/site-packages/airflow/example_dags/tutorial.py took 0.070 seconds
[2024-10-10T14:05:57.416+0000] {processor.py:186} INFO - Started process (PID=915) to work on /home/airflow/.local/lib/python3.12/site-packages/airflow/example_dags/tutorial.py
[2024-10-10T14:05:57.417+0000] {processor.py:914} INFO - Processing file /home/airflow/.local/lib/python3.12/site-packages/airflow/example_dags/tutorial.py for tasks to queue
[2024-10-10T14:05:57.419+0000] {logging_mixin.py:190} INFO - [2024-10-10T14:05:57.418+0000] {dagbag.py:588} INFO - Filling up the DagBag from /home/airflow/.local/lib/python3.12/site-packages/airflow/example_dags/tutorial.py
[2024-10-10T14:05:57.425+0000] {processor.py:925} INFO - DAG(s) 'tutorial' retrieved from /home/airflow/.local/lib/python3.12/site-packages/airflow/example_dags/tutorial.py
[2024-10-10T14:05:57.439+0000] {logging_mixin.py:190} INFO - [2024-10-10T14:05:57.439+0000] {dag.py:3239} INFO - Sync 1 DAGs
[2024-10-10T14:05:57.458+0000] {logging_mixin.py:190} INFO - [2024-10-10T14:05:57.458+0000] {dag.py:4180} INFO - Setting next_dagrun for tutorial to 2024-10-09 00:00:00+00:00, run_after=2024-10-10 00:00:00+00:00
[2024-10-10T14:05:57.473+0000] {processor.py:208} INFO - Processing /home/airflow/.local/lib/python3.12/site-packages/airflow/example_dags/tutorial.py took 0.061 seconds
[2024-10-10T14:06:28.141+0000] {processor.py:186} INFO - Started process (PID=977) to work on /home/airflow/.local/lib/python3.12/site-packages/airflow/example_dags/tutorial.py
[2024-10-10T14:06:28.142+0000] {processor.py:914} INFO - Processing file /home/airflow/.local/lib/python3.12/site-packages/airflow/example_dags/tutorial.py for tasks to queue
[2024-10-10T14:06:28.144+0000] {logging_mixin.py:190} INFO - [2024-10-10T14:06:28.144+0000] {dagbag.py:588} INFO - Filling up the DagBag from /home/airflow/.local/lib/python3.12/site-packages/airflow/example_dags/tutorial.py
[2024-10-10T14:06:28.152+0000] {processor.py:925} INFO - DAG(s) 'tutorial' retrieved from /home/airflow/.local/lib/python3.12/site-packages/airflow/example_dags/tutorial.py
[2024-10-10T14:06:28.170+0000] {logging_mixin.py:190} INFO - [2024-10-10T14:06:28.169+0000] {dag.py:3239} INFO - Sync 1 DAGs
[2024-10-10T14:06:28.191+0000] {logging_mixin.py:190} INFO - [2024-10-10T14:06:28.190+0000] {dag.py:4180} INFO - Setting next_dagrun for tutorial to 2024-10-09 00:00:00+00:00, run_after=2024-10-10 00:00:00+00:00
[2024-10-10T14:06:28.206+0000] {processor.py:208} INFO - Processing /home/airflow/.local/lib/python3.12/site-packages/airflow/example_dags/tutorial.py took 0.071 seconds
[2024-10-10T14:06:58.855+0000] {processor.py:186} INFO - Started process (PID=1039) to work on /home/airflow/.local/lib/python3.12/site-packages/airflow/example_dags/tutorial.py
[2024-10-10T14:06:58.856+0000] {processor.py:914} INFO - Processing file /home/airflow/.local/lib/python3.12/site-packages/airflow/example_dags/tutorial.py for tasks to queue
[2024-10-10T14:06:58.858+0000] {logging_mixin.py:190} INFO - [2024-10-10T14:06:58.857+0000] {dagbag.py:588} INFO - Filling up the DagBag from /home/airflow/.local/lib/python3.12/site-packages/airflow/example_dags/tutorial.py
[2024-10-10T14:06:58.864+0000] {processor.py:925} INFO - DAG(s) 'tutorial' retrieved from /home/airflow/.local/lib/python3.12/site-packages/airflow/example_dags/tutorial.py
[2024-10-10T14:06:58.879+0000] {logging_mixin.py:190} INFO - [2024-10-10T14:06:58.879+0000] {dag.py:3239} INFO - Sync 1 DAGs
[2024-10-10T14:06:58.899+0000] {logging_mixin.py:190} INFO - [2024-10-10T14:06:58.899+0000] {dag.py:4180} INFO - Setting next_dagrun for tutorial to 2024-10-09 00:00:00+00:00, run_after=2024-10-10 00:00:00+00:00
[2024-10-10T14:06:58.916+0000] {processor.py:208} INFO - Processing /home/airflow/.local/lib/python3.12/site-packages/airflow/example_dags/tutorial.py took 0.065 seconds
[2024-10-10T14:07:29.626+0000] {processor.py:186} INFO - Started process (PID=1101) to work on /home/airflow/.local/lib/python3.12/site-packages/airflow/example_dags/tutorial.py
[2024-10-10T14:07:29.627+0000] {processor.py:914} INFO - Processing file /home/airflow/.local/lib/python3.12/site-packages/airflow/example_dags/tutorial.py for tasks to queue
[2024-10-10T14:07:29.629+0000] {logging_mixin.py:190} INFO - [2024-10-10T14:07:29.629+0000] {dagbag.py:588} INFO - Filling up the DagBag from /home/airflow/.local/lib/python3.12/site-packages/airflow/example_dags/tutorial.py
[2024-10-10T14:07:29.635+0000] {processor.py:925} INFO - DAG(s) 'tutorial' retrieved from /home/airflow/.local/lib/python3.12/site-packages/airflow/example_dags/tutorial.py
[2024-10-10T14:07:29.650+0000] {logging_mixin.py:190} INFO - [2024-10-10T14:07:29.650+0000] {dag.py:3239} INFO - Sync 1 DAGs
[2024-10-10T14:07:29.669+0000] {logging_mixin.py:190} INFO - [2024-10-10T14:07:29.669+0000] {dag.py:4180} INFO - Setting next_dagrun for tutorial to 2024-10-09 00:00:00+00:00, run_after=2024-10-10 00:00:00+00:00
[2024-10-10T14:07:29.684+0000] {processor.py:208} INFO - Processing /home/airflow/.local/lib/python3.12/site-packages/airflow/example_dags/tutorial.py took 0.062 seconds
[2024-10-10T14:08:00.419+0000] {processor.py:186} INFO - Started process (PID=1163) to work on /home/airflow/.local/lib/python3.12/site-packages/airflow/example_dags/tutorial.py
[2024-10-10T14:08:00.419+0000] {processor.py:914} INFO - Processing file /home/airflow/.local/lib/python3.12/site-packages/airflow/example_dags/tutorial.py for tasks to queue
[2024-10-10T14:08:00.421+0000] {logging_mixin.py:190} INFO - [2024-10-10T14:08:00.421+0000] {dagbag.py:588} INFO - Filling up the DagBag from /home/airflow/.local/lib/python3.12/site-packages/airflow/example_dags/tutorial.py
[2024-10-10T14:08:00.427+0000] {processor.py:925} INFO - DAG(s) 'tutorial' retrieved from /home/airflow/.local/lib/python3.12/site-packages/airflow/example_dags/tutorial.py
[2024-10-10T14:08:00.442+0000] {logging_mixin.py:190} INFO - [2024-10-10T14:08:00.442+0000] {dag.py:3239} INFO - Sync 1 DAGs
[2024-10-10T14:08:00.460+0000] {logging_mixin.py:190} INFO - [2024-10-10T14:08:00.460+0000] {dag.py:4180} INFO - Setting next_dagrun for tutorial to 2024-10-09 00:00:00+00:00, run_after=2024-10-10 00:00:00+00:00
[2024-10-10T14:08:00.474+0000] {processor.py:208} INFO - Processing /home/airflow/.local/lib/python3.12/site-packages/airflow/example_dags/tutorial.py took 0.059 seconds
[2024-10-10T14:08:31.101+0000] {processor.py:186} INFO - Started process (PID=1225) to work on /home/airflow/.local/lib/python3.12/site-packages/airflow/example_dags/tutorial.py
[2024-10-10T14:08:31.102+0000] {processor.py:914} INFO - Processing file /home/airflow/.local/lib/python3.12/site-packages/airflow/example_dags/tutorial.py for tasks to queue
[2024-10-10T14:08:31.104+0000] {logging_mixin.py:190} INFO - [2024-10-10T14:08:31.104+0000] {dagbag.py:588} INFO - Filling up the DagBag from /home/airflow/.local/lib/python3.12/site-packages/airflow/example_dags/tutorial.py
[2024-10-10T14:08:31.109+0000] {processor.py:925} INFO - DAG(s) 'tutorial' retrieved from /home/airflow/.local/lib/python3.12/site-packages/airflow/example_dags/tutorial.py
[2024-10-10T14:08:31.124+0000] {logging_mixin.py:190} INFO - [2024-10-10T14:08:31.124+0000] {dag.py:3239} INFO - Sync 1 DAGs
[2024-10-10T14:08:31.146+0000] {logging_mixin.py:190} INFO - [2024-10-10T14:08:31.146+0000] {dag.py:4180} INFO - Setting next_dagrun for tutorial to 2024-10-09 00:00:00+00:00, run_after=2024-10-10 00:00:00+00:00
[2024-10-10T14:08:31.164+0000] {processor.py:208} INFO - Processing /home/airflow/.local/lib/python3.12/site-packages/airflow/example_dags/tutorial.py took 0.068 seconds
[2024-10-10T14:09:01.818+0000] {processor.py:186} INFO - Started process (PID=1287) to work on /home/airflow/.local/lib/python3.12/site-packages/airflow/example_dags/tutorial.py
[2024-10-10T14:09:01.818+0000] {processor.py:914} INFO - Processing file /home/airflow/.local/lib/python3.12/site-packages/airflow/example_dags/tutorial.py for tasks to queue
[2024-10-10T14:09:01.820+0000] {logging_mixin.py:190} INFO - [2024-10-10T14:09:01.820+0000] {dagbag.py:588} INFO - Filling up the DagBag from /home/airflow/.local/lib/python3.12/site-packages/airflow/example_dags/tutorial.py
[2024-10-10T14:09:01.826+0000] {processor.py:925} INFO - DAG(s) 'tutorial' retrieved from /home/airflow/.local/lib/python3.12/site-packages/airflow/example_dags/tutorial.py
[2024-10-10T14:09:01.842+0000] {logging_mixin.py:190} INFO - [2024-10-10T14:09:01.842+0000] {dag.py:3239} INFO - Sync 1 DAGs
[2024-10-10T14:09:01.863+0000] {logging_mixin.py:190} INFO - [2024-10-10T14:09:01.862+0000] {dag.py:4180} INFO - Setting next_dagrun for tutorial to 2024-10-09 00:00:00+00:00, run_after=2024-10-10 00:00:00+00:00
[2024-10-10T14:09:01.877+0000] {processor.py:208} INFO - Processing /home/airflow/.local/lib/python3.12/site-packages/airflow/example_dags/tutorial.py took 0.063 seconds
[2024-10-10T14:09:32.640+0000] {processor.py:186} INFO - Started process (PID=1349) to work on /home/airflow/.local/lib/python3.12/site-packages/airflow/example_dags/tutorial.py
[2024-10-10T14:09:32.641+0000] {processor.py:914} INFO - Processing file /home/airflow/.local/lib/python3.12/site-packages/airflow/example_dags/tutorial.py for tasks to queue
[2024-10-10T14:09:32.643+0000] {logging_mixin.py:190} INFO - [2024-10-10T14:09:32.642+0000] {dagbag.py:588} INFO - Filling up the DagBag from /home/airflow/.local/lib/python3.12/site-packages/airflow/example_dags/tutorial.py
[2024-10-10T14:09:32.648+0000] {processor.py:925} INFO - DAG(s) 'tutorial' retrieved from /home/airflow/.local/lib/python3.12/site-packages/airflow/example_dags/tutorial.py
[2024-10-10T14:09:32.663+0000] {logging_mixin.py:190} INFO - [2024-10-10T14:09:32.662+0000] {dag.py:3239} INFO - Sync 1 DAGs
[2024-10-10T14:09:32.679+0000] {logging_mixin.py:190} INFO - [2024-10-10T14:09:32.679+0000] {dag.py:4180} INFO - Setting next_dagrun for tutorial to 2024-10-09 00:00:00+00:00, run_after=2024-10-10 00:00:00+00:00
[2024-10-10T14:09:32.694+0000] {processor.py:208} INFO - Processing /home/airflow/.local/lib/python3.12/site-packages/airflow/example_dags/tutorial.py took 0.058 seconds
[2024-10-10T14:10:03.625+0000] {processor.py:186} INFO - Started process (PID=1411) to work on /home/airflow/.local/lib/python3.12/site-packages/airflow/example_dags/tutorial.py
[2024-10-10T14:10:03.625+0000] {processor.py:914} INFO - Processing file /home/airflow/.local/lib/python3.12/site-packages/airflow/example_dags/tutorial.py for tasks to queue
[2024-10-10T14:10:03.627+0000] {logging_mixin.py:190} INFO - [2024-10-10T14:10:03.627+0000] {dagbag.py:588} INFO - Filling up the DagBag from /home/airflow/.local/lib/python3.12/site-packages/airflow/example_dags/tutorial.py
[2024-10-10T14:10:03.633+0000] {processor.py:925} INFO - DAG(s) 'tutorial' retrieved from /home/airflow/.local/lib/python3.12/site-packages/airflow/example_dags/tutorial.py
[2024-10-10T14:10:03.647+0000] {logging_mixin.py:190} INFO - [2024-10-10T14:10:03.647+0000] {dag.py:3239} INFO - Sync 1 DAGs
[2024-10-10T14:10:03.665+0000] {logging_mixin.py:190} INFO - [2024-10-10T14:10:03.664+0000] {dag.py:4180} INFO - Setting next_dagrun for tutorial to 2024-10-09 00:00:00+00:00, run_after=2024-10-10 00:00:00+00:00
[2024-10-10T14:10:03.678+0000] {processor.py:208} INFO - Processing /home/airflow/.local/lib/python3.12/site-packages/airflow/example_dags/tutorial.py took 0.058 seconds
[2024-10-10T14:10:33.854+0000] {processor.py:186} INFO - Started process (PID=1474) to work on /home/airflow/.local/lib/python3.12/site-packages/airflow/example_dags/tutorial.py
[2024-10-10T14:10:33.855+0000] {processor.py:914} INFO - Processing file /home/airflow/.local/lib/python3.12/site-packages/airflow/example_dags/tutorial.py for tasks to queue
[2024-10-10T14:10:33.856+0000] {logging_mixin.py:190} INFO - [2024-10-10T14:10:33.856+0000] {dagbag.py:588} INFO - Filling up the DagBag from /home/airflow/.local/lib/python3.12/site-packages/airflow/example_dags/tutorial.py
[2024-10-10T14:10:33.863+0000] {processor.py:925} INFO - DAG(s) 'tutorial' retrieved from /home/airflow/.local/lib/python3.12/site-packages/airflow/example_dags/tutorial.py
[2024-10-10T14:10:33.879+0000] {logging_mixin.py:190} INFO - [2024-10-10T14:10:33.878+0000] {dag.py:3239} INFO - Sync 1 DAGs
[2024-10-10T14:10:33.897+0000] {logging_mixin.py:190} INFO - [2024-10-10T14:10:33.897+0000] {dag.py:4180} INFO - Setting next_dagrun for tutorial to 2024-10-09 00:00:00+00:00, run_after=2024-10-10 00:00:00+00:00
[2024-10-10T14:10:33.915+0000] {processor.py:208} INFO - Processing /home/airflow/.local/lib/python3.12/site-packages/airflow/example_dags/tutorial.py took 0.065 seconds
[2024-10-10T14:11:04.055+0000] {processor.py:186} INFO - Started process (PID=1536) to work on /home/airflow/.local/lib/python3.12/site-packages/airflow/example_dags/tutorial.py
[2024-10-10T14:11:04.056+0000] {processor.py:914} INFO - Processing file /home/airflow/.local/lib/python3.12/site-packages/airflow/example_dags/tutorial.py for tasks to queue
[2024-10-10T14:11:04.058+0000] {logging_mixin.py:190} INFO - [2024-10-10T14:11:04.058+0000] {dagbag.py:588} INFO - Filling up the DagBag from /home/airflow/.local/lib/python3.12/site-packages/airflow/example_dags/tutorial.py
[2024-10-10T14:11:04.064+0000] {processor.py:925} INFO - DAG(s) 'tutorial' retrieved from /home/airflow/.local/lib/python3.12/site-packages/airflow/example_dags/tutorial.py
[2024-10-10T14:11:04.080+0000] {logging_mixin.py:190} INFO - [2024-10-10T14:11:04.079+0000] {dag.py:3239} INFO - Sync 1 DAGs
[2024-10-10T14:11:04.099+0000] {logging_mixin.py:190} INFO - [2024-10-10T14:11:04.098+0000] {dag.py:4180} INFO - Setting next_dagrun for tutorial to 2024-10-09 00:00:00+00:00, run_after=2024-10-10 00:00:00+00:00
[2024-10-10T14:11:04.114+0000] {processor.py:208} INFO - Processing /home/airflow/.local/lib/python3.12/site-packages/airflow/example_dags/tutorial.py took 0.064 seconds
[2024-10-10T14:11:35.126+0000] {processor.py:186} INFO - Started process (PID=1598) to work on /home/airflow/.local/lib/python3.12/site-packages/airflow/example_dags/tutorial.py
[2024-10-10T14:11:35.127+0000] {processor.py:914} INFO - Processing file /home/airflow/.local/lib/python3.12/site-packages/airflow/example_dags/tutorial.py for tasks to queue
[2024-10-10T14:11:35.129+0000] {logging_mixin.py:190} INFO - [2024-10-10T14:11:35.129+0000] {dagbag.py:588} INFO - Filling up the DagBag from /home/airflow/.local/lib/python3.12/site-packages/airflow/example_dags/tutorial.py
[2024-10-10T14:11:35.135+0000] {processor.py:925} INFO - DAG(s) 'tutorial' retrieved from /home/airflow/.local/lib/python3.12/site-packages/airflow/example_dags/tutorial.py
[2024-10-10T14:11:35.151+0000] {logging_mixin.py:190} INFO - [2024-10-10T14:11:35.151+0000] {dag.py:3239} INFO - Sync 1 DAGs
[2024-10-10T14:11:35.169+0000] {logging_mixin.py:190} INFO - [2024-10-10T14:11:35.169+0000] {dag.py:4180} INFO - Setting next_dagrun for tutorial to 2024-10-09 00:00:00+00:00, run_after=2024-10-10 00:00:00+00:00
[2024-10-10T14:11:35.184+0000] {processor.py:208} INFO - Processing /home/airflow/.local/lib/python3.12/site-packages/airflow/example_dags/tutorial.py took 0.062 seconds
[2024-10-10T14:12:05.952+0000] {processor.py:186} INFO - Started process (PID=1660) to work on /home/airflow/.local/lib/python3.12/site-packages/airflow/example_dags/tutorial.py
[2024-10-10T14:12:05.952+0000] {processor.py:914} INFO - Processing file /home/airflow/.local/lib/python3.12/site-packages/airflow/example_dags/tutorial.py for tasks to queue
[2024-10-10T14:12:05.954+0000] {logging_mixin.py:190} INFO - [2024-10-10T14:12:05.954+0000] {dagbag.py:588} INFO - Filling up the DagBag from /home/airflow/.local/lib/python3.12/site-packages/airflow/example_dags/tutorial.py
[2024-10-10T14:12:05.960+0000] {processor.py:925} INFO - DAG(s) 'tutorial' retrieved from /home/airflow/.local/lib/python3.12/site-packages/airflow/example_dags/tutorial.py
[2024-10-10T14:12:05.974+0000] {logging_mixin.py:190} INFO - [2024-10-10T14:12:05.974+0000] {dag.py:3239} INFO - Sync 1 DAGs
[2024-10-10T14:12:05.992+0000] {logging_mixin.py:190} INFO - [2024-10-10T14:12:05.992+0000] {dag.py:4180} INFO - Setting next_dagrun for tutorial to 2024-10-09 00:00:00+00:00, run_after=2024-10-10 00:00:00+00:00
[2024-10-10T14:12:06.005+0000] {processor.py:208} INFO - Processing /home/airflow/.local/lib/python3.12/site-packages/airflow/example_dags/tutorial.py took 0.057 seconds
[2024-10-10T14:12:36.736+0000] {processor.py:186} INFO - Started process (PID=1722) to work on /home/airflow/.local/lib/python3.12/site-packages/airflow/example_dags/tutorial.py
[2024-10-10T14:12:36.737+0000] {processor.py:914} INFO - Processing file /home/airflow/.local/lib/python3.12/site-packages/airflow/example_dags/tutorial.py for tasks to queue
[2024-10-10T14:12:36.739+0000] {logging_mixin.py:190} INFO - [2024-10-10T14:12:36.739+0000] {dagbag.py:588} INFO - Filling up the DagBag from /home/airflow/.local/lib/python3.12/site-packages/airflow/example_dags/tutorial.py
[2024-10-10T14:12:36.745+0000] {processor.py:925} INFO - DAG(s) 'tutorial' retrieved from /home/airflow/.local/lib/python3.12/site-packages/airflow/example_dags/tutorial.py
[2024-10-10T14:12:36.761+0000] {logging_mixin.py:190} INFO - [2024-10-10T14:12:36.761+0000] {dag.py:3239} INFO - Sync 1 DAGs
[2024-10-10T14:12:36.780+0000] {logging_mixin.py:190} INFO - [2024-10-10T14:12:36.780+0000] {dag.py:4180} INFO - Setting next_dagrun for tutorial to 2024-10-09 00:00:00+00:00, run_after=2024-10-10 00:00:00+00:00
[2024-10-10T14:12:36.796+0000] {processor.py:208} INFO - Processing /home/airflow/.local/lib/python3.12/site-packages/airflow/example_dags/tutorial.py took 0.065 seconds
