[2024-10-10T13:59:17.835+0000] {processor.py:186} INFO - Started process (PID=91) to work on /home/airflow/.local/lib/python3.12/site-packages/airflow/example_dags/tutorial_dag.py
[2024-10-10T13:59:17.836+0000] {processor.py:914} INFO - Processing file /home/airflow/.local/lib/python3.12/site-packages/airflow/example_dags/tutorial_dag.py for tasks to queue
[2024-10-10T13:59:17.838+0000] {logging_mixin.py:190} INFO - [2024-10-10T13:59:17.837+0000] {dagbag.py:588} INFO - Filling up the DagBag from /home/airflow/.local/lib/python3.12/site-packages/airflow/example_dags/tutorial_dag.py
[2024-10-10T13:59:17.844+0000] {processor.py:925} INFO - DAG(s) 'tutorial_dag' retrieved from /home/airflow/.local/lib/python3.12/site-packages/airflow/example_dags/tutorial_dag.py
[2024-10-10T13:59:17.862+0000] {logging_mixin.py:190} INFO - [2024-10-10T13:59:17.861+0000] {dag.py:3239} INFO - Sync 1 DAGs
[2024-10-10T13:59:17.873+0000] {logging_mixin.py:190} INFO - [2024-10-10T13:59:17.872+0000] {dag.py:4180} INFO - Setting next_dagrun for tutorial_dag to None, run_after=None
[2024-10-10T13:59:17.887+0000] {processor.py:208} INFO - Processing /home/airflow/.local/lib/python3.12/site-packages/airflow/example_dags/tutorial_dag.py took 0.057 seconds
[2024-10-10T13:59:47.980+0000] {processor.py:186} INFO - Started process (PID=153) to work on /home/airflow/.local/lib/python3.12/site-packages/airflow/example_dags/tutorial_dag.py
[2024-10-10T13:59:47.981+0000] {processor.py:914} INFO - Processing file /home/airflow/.local/lib/python3.12/site-packages/airflow/example_dags/tutorial_dag.py for tasks to queue
[2024-10-10T13:59:47.983+0000] {logging_mixin.py:190} INFO - [2024-10-10T13:59:47.982+0000] {dagbag.py:588} INFO - Filling up the DagBag from /home/airflow/.local/lib/python3.12/site-packages/airflow/example_dags/tutorial_dag.py
[2024-10-10T13:59:47.988+0000] {processor.py:925} INFO - DAG(s) 'tutorial_dag' retrieved from /home/airflow/.local/lib/python3.12/site-packages/airflow/example_dags/tutorial_dag.py
[2024-10-10T13:59:48.002+0000] {logging_mixin.py:190} INFO - [2024-10-10T13:59:48.002+0000] {dag.py:3239} INFO - Sync 1 DAGs
[2024-10-10T13:59:48.013+0000] {logging_mixin.py:190} INFO - [2024-10-10T13:59:48.013+0000] {dag.py:4180} INFO - Setting next_dagrun for tutorial_dag to None, run_after=None
[2024-10-10T13:59:48.027+0000] {processor.py:208} INFO - Processing /home/airflow/.local/lib/python3.12/site-packages/airflow/example_dags/tutorial_dag.py took 0.052 seconds
[2024-10-10T14:00:18.182+0000] {processor.py:186} INFO - Started process (PID=216) to work on /home/airflow/.local/lib/python3.12/site-packages/airflow/example_dags/tutorial_dag.py
[2024-10-10T14:00:18.184+0000] {processor.py:914} INFO - Processing file /home/airflow/.local/lib/python3.12/site-packages/airflow/example_dags/tutorial_dag.py for tasks to queue
[2024-10-10T14:00:18.185+0000] {logging_mixin.py:190} INFO - [2024-10-10T14:00:18.185+0000] {dagbag.py:588} INFO - Filling up the DagBag from /home/airflow/.local/lib/python3.12/site-packages/airflow/example_dags/tutorial_dag.py
[2024-10-10T14:00:18.192+0000] {processor.py:925} INFO - DAG(s) 'tutorial_dag' retrieved from /home/airflow/.local/lib/python3.12/site-packages/airflow/example_dags/tutorial_dag.py
[2024-10-10T14:00:18.207+0000] {logging_mixin.py:190} INFO - [2024-10-10T14:00:18.207+0000] {dag.py:3239} INFO - Sync 1 DAGs
[2024-10-10T14:00:18.218+0000] {logging_mixin.py:190} INFO - [2024-10-10T14:00:18.218+0000] {dag.py:4180} INFO - Setting next_dagrun for tutorial_dag to None, run_after=None
[2024-10-10T14:00:18.234+0000] {processor.py:208} INFO - Processing /home/airflow/.local/lib/python3.12/site-packages/airflow/example_dags/tutorial_dag.py took 0.056 seconds
[2024-10-10T14:00:48.502+0000] {processor.py:186} INFO - Started process (PID=278) to work on /home/airflow/.local/lib/python3.12/site-packages/airflow/example_dags/tutorial_dag.py
[2024-10-10T14:00:48.503+0000] {processor.py:914} INFO - Processing file /home/airflow/.local/lib/python3.12/site-packages/airflow/example_dags/tutorial_dag.py for tasks to queue
[2024-10-10T14:00:48.504+0000] {logging_mixin.py:190} INFO - [2024-10-10T14:00:48.504+0000] {dagbag.py:588} INFO - Filling up the DagBag from /home/airflow/.local/lib/python3.12/site-packages/airflow/example_dags/tutorial_dag.py
[2024-10-10T14:00:48.511+0000] {processor.py:925} INFO - DAG(s) 'tutorial_dag' retrieved from /home/airflow/.local/lib/python3.12/site-packages/airflow/example_dags/tutorial_dag.py
[2024-10-10T14:00:48.526+0000] {logging_mixin.py:190} INFO - [2024-10-10T14:00:48.525+0000] {dag.py:3239} INFO - Sync 1 DAGs
[2024-10-10T14:00:48.538+0000] {logging_mixin.py:190} INFO - [2024-10-10T14:00:48.537+0000] {dag.py:4180} INFO - Setting next_dagrun for tutorial_dag to None, run_after=None
[2024-10-10T14:00:48.553+0000] {processor.py:208} INFO - Processing /home/airflow/.local/lib/python3.12/site-packages/airflow/example_dags/tutorial_dag.py took 0.055 seconds
[2024-10-10T14:01:18.733+0000] {processor.py:186} INFO - Started process (PID=340) to work on /home/airflow/.local/lib/python3.12/site-packages/airflow/example_dags/tutorial_dag.py
[2024-10-10T14:01:18.734+0000] {processor.py:914} INFO - Processing file /home/airflow/.local/lib/python3.12/site-packages/airflow/example_dags/tutorial_dag.py for tasks to queue
[2024-10-10T14:01:18.736+0000] {logging_mixin.py:190} INFO - [2024-10-10T14:01:18.735+0000] {dagbag.py:588} INFO - Filling up the DagBag from /home/airflow/.local/lib/python3.12/site-packages/airflow/example_dags/tutorial_dag.py
[2024-10-10T14:01:18.741+0000] {processor.py:925} INFO - DAG(s) 'tutorial_dag' retrieved from /home/airflow/.local/lib/python3.12/site-packages/airflow/example_dags/tutorial_dag.py
[2024-10-10T14:01:18.757+0000] {logging_mixin.py:190} INFO - [2024-10-10T14:01:18.757+0000] {dag.py:3239} INFO - Sync 1 DAGs
[2024-10-10T14:01:18.768+0000] {logging_mixin.py:190} INFO - [2024-10-10T14:01:18.768+0000] {dag.py:4180} INFO - Setting next_dagrun for tutorial_dag to None, run_after=None
[2024-10-10T14:01:18.784+0000] {processor.py:208} INFO - Processing /home/airflow/.local/lib/python3.12/site-packages/airflow/example_dags/tutorial_dag.py took 0.055 seconds
[2024-10-10T14:01:48.958+0000] {processor.py:186} INFO - Started process (PID=402) to work on /home/airflow/.local/lib/python3.12/site-packages/airflow/example_dags/tutorial_dag.py
[2024-10-10T14:01:48.959+0000] {processor.py:914} INFO - Processing file /home/airflow/.local/lib/python3.12/site-packages/airflow/example_dags/tutorial_dag.py for tasks to queue
[2024-10-10T14:01:48.961+0000] {logging_mixin.py:190} INFO - [2024-10-10T14:01:48.960+0000] {dagbag.py:588} INFO - Filling up the DagBag from /home/airflow/.local/lib/python3.12/site-packages/airflow/example_dags/tutorial_dag.py
[2024-10-10T14:01:48.966+0000] {processor.py:925} INFO - DAG(s) 'tutorial_dag' retrieved from /home/airflow/.local/lib/python3.12/site-packages/airflow/example_dags/tutorial_dag.py
[2024-10-10T14:01:48.980+0000] {logging_mixin.py:190} INFO - [2024-10-10T14:01:48.980+0000] {dag.py:3239} INFO - Sync 1 DAGs
[2024-10-10T14:01:48.991+0000] {logging_mixin.py:190} INFO - [2024-10-10T14:01:48.991+0000] {dag.py:4180} INFO - Setting next_dagrun for tutorial_dag to None, run_after=None
[2024-10-10T14:01:49.005+0000] {processor.py:208} INFO - Processing /home/airflow/.local/lib/python3.12/site-packages/airflow/example_dags/tutorial_dag.py took 0.051 seconds
[2024-10-10T14:02:19.372+0000] {processor.py:186} INFO - Started process (PID=464) to work on /home/airflow/.local/lib/python3.12/site-packages/airflow/example_dags/tutorial_dag.py
[2024-10-10T14:02:19.373+0000] {processor.py:914} INFO - Processing file /home/airflow/.local/lib/python3.12/site-packages/airflow/example_dags/tutorial_dag.py for tasks to queue
[2024-10-10T14:02:19.375+0000] {logging_mixin.py:190} INFO - [2024-10-10T14:02:19.374+0000] {dagbag.py:588} INFO - Filling up the DagBag from /home/airflow/.local/lib/python3.12/site-packages/airflow/example_dags/tutorial_dag.py
[2024-10-10T14:02:19.380+0000] {processor.py:925} INFO - DAG(s) 'tutorial_dag' retrieved from /home/airflow/.local/lib/python3.12/site-packages/airflow/example_dags/tutorial_dag.py
[2024-10-10T14:02:19.395+0000] {logging_mixin.py:190} INFO - [2024-10-10T14:02:19.395+0000] {dag.py:3239} INFO - Sync 1 DAGs
[2024-10-10T14:02:19.407+0000] {logging_mixin.py:190} INFO - [2024-10-10T14:02:19.407+0000] {dag.py:4180} INFO - Setting next_dagrun for tutorial_dag to None, run_after=None
[2024-10-10T14:02:19.421+0000] {processor.py:208} INFO - Processing /home/airflow/.local/lib/python3.12/site-packages/airflow/example_dags/tutorial_dag.py took 0.053 seconds
[2024-10-10T14:02:50.025+0000] {processor.py:186} INFO - Started process (PID=526) to work on /home/airflow/.local/lib/python3.12/site-packages/airflow/example_dags/tutorial_dag.py
[2024-10-10T14:02:50.026+0000] {processor.py:914} INFO - Processing file /home/airflow/.local/lib/python3.12/site-packages/airflow/example_dags/tutorial_dag.py for tasks to queue
[2024-10-10T14:02:50.028+0000] {logging_mixin.py:190} INFO - [2024-10-10T14:02:50.027+0000] {dagbag.py:588} INFO - Filling up the DagBag from /home/airflow/.local/lib/python3.12/site-packages/airflow/example_dags/tutorial_dag.py
[2024-10-10T14:02:50.033+0000] {processor.py:925} INFO - DAG(s) 'tutorial_dag' retrieved from /home/airflow/.local/lib/python3.12/site-packages/airflow/example_dags/tutorial_dag.py
[2024-10-10T14:02:50.048+0000] {logging_mixin.py:190} INFO - [2024-10-10T14:02:50.047+0000] {dag.py:3239} INFO - Sync 1 DAGs
[2024-10-10T14:02:50.059+0000] {logging_mixin.py:190} INFO - [2024-10-10T14:02:50.058+0000] {dag.py:4180} INFO - Setting next_dagrun for tutorial_dag to None, run_after=None
[2024-10-10T14:02:50.074+0000] {processor.py:208} INFO - Processing /home/airflow/.local/lib/python3.12/site-packages/airflow/example_dags/tutorial_dag.py took 0.053 seconds
[2024-10-10T14:03:20.913+0000] {processor.py:186} INFO - Started process (PID=588) to work on /home/airflow/.local/lib/python3.12/site-packages/airflow/example_dags/tutorial_dag.py
[2024-10-10T14:03:20.913+0000] {processor.py:914} INFO - Processing file /home/airflow/.local/lib/python3.12/site-packages/airflow/example_dags/tutorial_dag.py for tasks to queue
[2024-10-10T14:03:20.916+0000] {logging_mixin.py:190} INFO - [2024-10-10T14:03:20.915+0000] {dagbag.py:588} INFO - Filling up the DagBag from /home/airflow/.local/lib/python3.12/site-packages/airflow/example_dags/tutorial_dag.py
[2024-10-10T14:03:20.923+0000] {processor.py:925} INFO - DAG(s) 'tutorial_dag' retrieved from /home/airflow/.local/lib/python3.12/site-packages/airflow/example_dags/tutorial_dag.py
[2024-10-10T14:03:20.941+0000] {logging_mixin.py:190} INFO - [2024-10-10T14:03:20.941+0000] {dag.py:3239} INFO - Sync 1 DAGs
[2024-10-10T14:03:20.956+0000] {logging_mixin.py:190} INFO - [2024-10-10T14:03:20.956+0000] {dag.py:4180} INFO - Setting next_dagrun for tutorial_dag to None, run_after=None
[2024-10-10T14:03:20.974+0000] {processor.py:208} INFO - Processing /home/airflow/.local/lib/python3.12/site-packages/airflow/example_dags/tutorial_dag.py took 0.066 seconds
[2024-10-10T14:03:51.657+0000] {processor.py:186} INFO - Started process (PID=650) to work on /home/airflow/.local/lib/python3.12/site-packages/airflow/example_dags/tutorial_dag.py
[2024-10-10T14:03:51.658+0000] {processor.py:914} INFO - Processing file /home/airflow/.local/lib/python3.12/site-packages/airflow/example_dags/tutorial_dag.py for tasks to queue
[2024-10-10T14:03:51.659+0000] {logging_mixin.py:190} INFO - [2024-10-10T14:03:51.659+0000] {dagbag.py:588} INFO - Filling up the DagBag from /home/airflow/.local/lib/python3.12/site-packages/airflow/example_dags/tutorial_dag.py
[2024-10-10T14:03:51.665+0000] {processor.py:925} INFO - DAG(s) 'tutorial_dag' retrieved from /home/airflow/.local/lib/python3.12/site-packages/airflow/example_dags/tutorial_dag.py
[2024-10-10T14:03:51.679+0000] {logging_mixin.py:190} INFO - [2024-10-10T14:03:51.679+0000] {dag.py:3239} INFO - Sync 1 DAGs
[2024-10-10T14:03:51.690+0000] {logging_mixin.py:190} INFO - [2024-10-10T14:03:51.690+0000] {dag.py:4180} INFO - Setting next_dagrun for tutorial_dag to None, run_after=None
[2024-10-10T14:03:51.705+0000] {processor.py:208} INFO - Processing /home/airflow/.local/lib/python3.12/site-packages/airflow/example_dags/tutorial_dag.py took 0.052 seconds
[2024-10-10T14:04:22.341+0000] {processor.py:186} INFO - Started process (PID=712) to work on /home/airflow/.local/lib/python3.12/site-packages/airflow/example_dags/tutorial_dag.py
[2024-10-10T14:04:22.342+0000] {processor.py:914} INFO - Processing file /home/airflow/.local/lib/python3.12/site-packages/airflow/example_dags/tutorial_dag.py for tasks to queue
[2024-10-10T14:04:22.343+0000] {logging_mixin.py:190} INFO - [2024-10-10T14:04:22.343+0000] {dagbag.py:588} INFO - Filling up the DagBag from /home/airflow/.local/lib/python3.12/site-packages/airflow/example_dags/tutorial_dag.py
[2024-10-10T14:04:22.349+0000] {processor.py:925} INFO - DAG(s) 'tutorial_dag' retrieved from /home/airflow/.local/lib/python3.12/site-packages/airflow/example_dags/tutorial_dag.py
[2024-10-10T14:04:22.367+0000] {logging_mixin.py:190} INFO - [2024-10-10T14:04:22.366+0000] {dag.py:3239} INFO - Sync 1 DAGs
[2024-10-10T14:04:22.378+0000] {logging_mixin.py:190} INFO - [2024-10-10T14:04:22.378+0000] {dag.py:4180} INFO - Setting next_dagrun for tutorial_dag to None, run_after=None
[2024-10-10T14:04:22.391+0000] {processor.py:208} INFO - Processing /home/airflow/.local/lib/python3.12/site-packages/airflow/example_dags/tutorial_dag.py took 0.054 seconds
[2024-10-10T14:04:53.221+0000] {processor.py:186} INFO - Started process (PID=774) to work on /home/airflow/.local/lib/python3.12/site-packages/airflow/example_dags/tutorial_dag.py
[2024-10-10T14:04:53.222+0000] {processor.py:914} INFO - Processing file /home/airflow/.local/lib/python3.12/site-packages/airflow/example_dags/tutorial_dag.py for tasks to queue
[2024-10-10T14:04:53.223+0000] {logging_mixin.py:190} INFO - [2024-10-10T14:04:53.223+0000] {dagbag.py:588} INFO - Filling up the DagBag from /home/airflow/.local/lib/python3.12/site-packages/airflow/example_dags/tutorial_dag.py
[2024-10-10T14:04:53.229+0000] {processor.py:925} INFO - DAG(s) 'tutorial_dag' retrieved from /home/airflow/.local/lib/python3.12/site-packages/airflow/example_dags/tutorial_dag.py
[2024-10-10T14:04:53.243+0000] {logging_mixin.py:190} INFO - [2024-10-10T14:04:53.243+0000] {dag.py:3239} INFO - Sync 1 DAGs
[2024-10-10T14:04:53.255+0000] {logging_mixin.py:190} INFO - [2024-10-10T14:04:53.255+0000] {dag.py:4180} INFO - Setting next_dagrun for tutorial_dag to None, run_after=None
[2024-10-10T14:04:53.268+0000] {processor.py:208} INFO - Processing /home/airflow/.local/lib/python3.12/site-packages/airflow/example_dags/tutorial_dag.py took 0.051 seconds
[2024-10-10T14:05:23.931+0000] {processor.py:186} INFO - Started process (PID=836) to work on /home/airflow/.local/lib/python3.12/site-packages/airflow/example_dags/tutorial_dag.py
[2024-10-10T14:05:23.932+0000] {processor.py:914} INFO - Processing file /home/airflow/.local/lib/python3.12/site-packages/airflow/example_dags/tutorial_dag.py for tasks to queue
[2024-10-10T14:05:23.934+0000] {logging_mixin.py:190} INFO - [2024-10-10T14:05:23.934+0000] {dagbag.py:588} INFO - Filling up the DagBag from /home/airflow/.local/lib/python3.12/site-packages/airflow/example_dags/tutorial_dag.py
[2024-10-10T14:05:23.941+0000] {processor.py:925} INFO - DAG(s) 'tutorial_dag' retrieved from /home/airflow/.local/lib/python3.12/site-packages/airflow/example_dags/tutorial_dag.py
[2024-10-10T14:05:23.959+0000] {logging_mixin.py:190} INFO - [2024-10-10T14:05:23.959+0000] {dag.py:3239} INFO - Sync 1 DAGs
[2024-10-10T14:05:23.979+0000] {logging_mixin.py:190} INFO - [2024-10-10T14:05:23.979+0000] {dag.py:4180} INFO - Setting next_dagrun for tutorial_dag to None, run_after=None
[2024-10-10T14:05:23.995+0000] {processor.py:208} INFO - Processing /home/airflow/.local/lib/python3.12/site-packages/airflow/example_dags/tutorial_dag.py took 0.069 seconds
[2024-10-10T14:05:54.683+0000] {processor.py:186} INFO - Started process (PID=898) to work on /home/airflow/.local/lib/python3.12/site-packages/airflow/example_dags/tutorial_dag.py
[2024-10-10T14:05:54.683+0000] {processor.py:914} INFO - Processing file /home/airflow/.local/lib/python3.12/site-packages/airflow/example_dags/tutorial_dag.py for tasks to queue
[2024-10-10T14:05:54.685+0000] {logging_mixin.py:190} INFO - [2024-10-10T14:05:54.685+0000] {dagbag.py:588} INFO - Filling up the DagBag from /home/airflow/.local/lib/python3.12/site-packages/airflow/example_dags/tutorial_dag.py
[2024-10-10T14:05:54.691+0000] {processor.py:925} INFO - DAG(s) 'tutorial_dag' retrieved from /home/airflow/.local/lib/python3.12/site-packages/airflow/example_dags/tutorial_dag.py
[2024-10-10T14:05:54.705+0000] {logging_mixin.py:190} INFO - [2024-10-10T14:05:54.705+0000] {dag.py:3239} INFO - Sync 1 DAGs
[2024-10-10T14:05:54.716+0000] {logging_mixin.py:190} INFO - [2024-10-10T14:05:54.716+0000] {dag.py:4180} INFO - Setting next_dagrun for tutorial_dag to None, run_after=None
[2024-10-10T14:05:54.730+0000] {processor.py:208} INFO - Processing /home/airflow/.local/lib/python3.12/site-packages/airflow/example_dags/tutorial_dag.py took 0.051 seconds
[2024-10-10T14:06:25.333+0000] {processor.py:186} INFO - Started process (PID=960) to work on /home/airflow/.local/lib/python3.12/site-packages/airflow/example_dags/tutorial_dag.py
[2024-10-10T14:06:25.333+0000] {processor.py:914} INFO - Processing file /home/airflow/.local/lib/python3.12/site-packages/airflow/example_dags/tutorial_dag.py for tasks to queue
[2024-10-10T14:06:25.335+0000] {logging_mixin.py:190} INFO - [2024-10-10T14:06:25.335+0000] {dagbag.py:588} INFO - Filling up the DagBag from /home/airflow/.local/lib/python3.12/site-packages/airflow/example_dags/tutorial_dag.py
[2024-10-10T14:06:25.340+0000] {processor.py:925} INFO - DAG(s) 'tutorial_dag' retrieved from /home/airflow/.local/lib/python3.12/site-packages/airflow/example_dags/tutorial_dag.py
[2024-10-10T14:06:25.354+0000] {logging_mixin.py:190} INFO - [2024-10-10T14:06:25.354+0000] {dag.py:3239} INFO - Sync 1 DAGs
[2024-10-10T14:06:25.365+0000] {logging_mixin.py:190} INFO - [2024-10-10T14:06:25.365+0000] {dag.py:4180} INFO - Setting next_dagrun for tutorial_dag to None, run_after=None
[2024-10-10T14:06:25.379+0000] {processor.py:208} INFO - Processing /home/airflow/.local/lib/python3.12/site-packages/airflow/example_dags/tutorial_dag.py took 0.050 seconds
[2024-10-10T14:06:56.069+0000] {processor.py:186} INFO - Started process (PID=1022) to work on /home/airflow/.local/lib/python3.12/site-packages/airflow/example_dags/tutorial_dag.py
[2024-10-10T14:06:56.070+0000] {processor.py:914} INFO - Processing file /home/airflow/.local/lib/python3.12/site-packages/airflow/example_dags/tutorial_dag.py for tasks to queue
[2024-10-10T14:06:56.071+0000] {logging_mixin.py:190} INFO - [2024-10-10T14:06:56.071+0000] {dagbag.py:588} INFO - Filling up the DagBag from /home/airflow/.local/lib/python3.12/site-packages/airflow/example_dags/tutorial_dag.py
[2024-10-10T14:06:56.077+0000] {processor.py:925} INFO - DAG(s) 'tutorial_dag' retrieved from /home/airflow/.local/lib/python3.12/site-packages/airflow/example_dags/tutorial_dag.py
[2024-10-10T14:06:56.091+0000] {logging_mixin.py:190} INFO - [2024-10-10T14:06:56.091+0000] {dag.py:3239} INFO - Sync 1 DAGs
[2024-10-10T14:06:56.103+0000] {logging_mixin.py:190} INFO - [2024-10-10T14:06:56.103+0000] {dag.py:4180} INFO - Setting next_dagrun for tutorial_dag to None, run_after=None
[2024-10-10T14:06:56.118+0000] {processor.py:208} INFO - Processing /home/airflow/.local/lib/python3.12/site-packages/airflow/example_dags/tutorial_dag.py took 0.053 seconds
[2024-10-10T14:07:26.833+0000] {processor.py:186} INFO - Started process (PID=1084) to work on /home/airflow/.local/lib/python3.12/site-packages/airflow/example_dags/tutorial_dag.py
[2024-10-10T14:07:26.833+0000] {processor.py:914} INFO - Processing file /home/airflow/.local/lib/python3.12/site-packages/airflow/example_dags/tutorial_dag.py for tasks to queue
[2024-10-10T14:07:26.835+0000] {logging_mixin.py:190} INFO - [2024-10-10T14:07:26.835+0000] {dagbag.py:588} INFO - Filling up the DagBag from /home/airflow/.local/lib/python3.12/site-packages/airflow/example_dags/tutorial_dag.py
[2024-10-10T14:07:26.841+0000] {processor.py:925} INFO - DAG(s) 'tutorial_dag' retrieved from /home/airflow/.local/lib/python3.12/site-packages/airflow/example_dags/tutorial_dag.py
[2024-10-10T14:07:26.855+0000] {logging_mixin.py:190} INFO - [2024-10-10T14:07:26.855+0000] {dag.py:3239} INFO - Sync 1 DAGs
[2024-10-10T14:07:26.866+0000] {logging_mixin.py:190} INFO - [2024-10-10T14:07:26.865+0000] {dag.py:4180} INFO - Setting next_dagrun for tutorial_dag to None, run_after=None
[2024-10-10T14:07:26.879+0000] {processor.py:208} INFO - Processing /home/airflow/.local/lib/python3.12/site-packages/airflow/example_dags/tutorial_dag.py took 0.050 seconds
[2024-10-10T14:07:57.665+0000] {processor.py:186} INFO - Started process (PID=1146) to work on /home/airflow/.local/lib/python3.12/site-packages/airflow/example_dags/tutorial_dag.py
[2024-10-10T14:07:57.666+0000] {processor.py:914} INFO - Processing file /home/airflow/.local/lib/python3.12/site-packages/airflow/example_dags/tutorial_dag.py for tasks to queue
[2024-10-10T14:07:57.668+0000] {logging_mixin.py:190} INFO - [2024-10-10T14:07:57.668+0000] {dagbag.py:588} INFO - Filling up the DagBag from /home/airflow/.local/lib/python3.12/site-packages/airflow/example_dags/tutorial_dag.py
[2024-10-10T14:07:57.674+0000] {processor.py:925} INFO - DAG(s) 'tutorial_dag' retrieved from /home/airflow/.local/lib/python3.12/site-packages/airflow/example_dags/tutorial_dag.py
[2024-10-10T14:07:57.689+0000] {logging_mixin.py:190} INFO - [2024-10-10T14:07:57.689+0000] {dag.py:3239} INFO - Sync 1 DAGs
[2024-10-10T14:07:57.701+0000] {logging_mixin.py:190} INFO - [2024-10-10T14:07:57.700+0000] {dag.py:4180} INFO - Setting next_dagrun for tutorial_dag to None, run_after=None
[2024-10-10T14:07:57.715+0000] {processor.py:208} INFO - Processing /home/airflow/.local/lib/python3.12/site-packages/airflow/example_dags/tutorial_dag.py took 0.054 seconds
[2024-10-10T14:08:28.339+0000] {processor.py:186} INFO - Started process (PID=1208) to work on /home/airflow/.local/lib/python3.12/site-packages/airflow/example_dags/tutorial_dag.py
[2024-10-10T14:08:28.340+0000] {processor.py:914} INFO - Processing file /home/airflow/.local/lib/python3.12/site-packages/airflow/example_dags/tutorial_dag.py for tasks to queue
[2024-10-10T14:08:28.342+0000] {logging_mixin.py:190} INFO - [2024-10-10T14:08:28.341+0000] {dagbag.py:588} INFO - Filling up the DagBag from /home/airflow/.local/lib/python3.12/site-packages/airflow/example_dags/tutorial_dag.py
[2024-10-10T14:08:28.347+0000] {processor.py:925} INFO - DAG(s) 'tutorial_dag' retrieved from /home/airflow/.local/lib/python3.12/site-packages/airflow/example_dags/tutorial_dag.py
[2024-10-10T14:08:28.363+0000] {logging_mixin.py:190} INFO - [2024-10-10T14:08:28.363+0000] {dag.py:3239} INFO - Sync 1 DAGs
[2024-10-10T14:08:28.375+0000] {logging_mixin.py:190} INFO - [2024-10-10T14:08:28.375+0000] {dag.py:4180} INFO - Setting next_dagrun for tutorial_dag to None, run_after=None
[2024-10-10T14:08:28.390+0000] {processor.py:208} INFO - Processing /home/airflow/.local/lib/python3.12/site-packages/airflow/example_dags/tutorial_dag.py took 0.055 seconds
[2024-10-10T14:08:59.138+0000] {processor.py:186} INFO - Started process (PID=1270) to work on /home/airflow/.local/lib/python3.12/site-packages/airflow/example_dags/tutorial_dag.py
[2024-10-10T14:08:59.139+0000] {processor.py:914} INFO - Processing file /home/airflow/.local/lib/python3.12/site-packages/airflow/example_dags/tutorial_dag.py for tasks to queue
[2024-10-10T14:08:59.141+0000] {logging_mixin.py:190} INFO - [2024-10-10T14:08:59.140+0000] {dagbag.py:588} INFO - Filling up the DagBag from /home/airflow/.local/lib/python3.12/site-packages/airflow/example_dags/tutorial_dag.py
[2024-10-10T14:08:59.146+0000] {processor.py:925} INFO - DAG(s) 'tutorial_dag' retrieved from /home/airflow/.local/lib/python3.12/site-packages/airflow/example_dags/tutorial_dag.py
[2024-10-10T14:08:59.160+0000] {logging_mixin.py:190} INFO - [2024-10-10T14:08:59.160+0000] {dag.py:3239} INFO - Sync 1 DAGs
[2024-10-10T14:08:59.171+0000] {logging_mixin.py:190} INFO - [2024-10-10T14:08:59.171+0000] {dag.py:4180} INFO - Setting next_dagrun for tutorial_dag to None, run_after=None
[2024-10-10T14:08:59.186+0000] {processor.py:208} INFO - Processing /home/airflow/.local/lib/python3.12/site-packages/airflow/example_dags/tutorial_dag.py took 0.052 seconds
[2024-10-10T14:09:29.861+0000] {processor.py:186} INFO - Started process (PID=1332) to work on /home/airflow/.local/lib/python3.12/site-packages/airflow/example_dags/tutorial_dag.py
[2024-10-10T14:09:29.862+0000] {processor.py:914} INFO - Processing file /home/airflow/.local/lib/python3.12/site-packages/airflow/example_dags/tutorial_dag.py for tasks to queue
[2024-10-10T14:09:29.864+0000] {logging_mixin.py:190} INFO - [2024-10-10T14:09:29.863+0000] {dagbag.py:588} INFO - Filling up the DagBag from /home/airflow/.local/lib/python3.12/site-packages/airflow/example_dags/tutorial_dag.py
[2024-10-10T14:09:29.869+0000] {processor.py:925} INFO - DAG(s) 'tutorial_dag' retrieved from /home/airflow/.local/lib/python3.12/site-packages/airflow/example_dags/tutorial_dag.py
[2024-10-10T14:09:29.885+0000] {logging_mixin.py:190} INFO - [2024-10-10T14:09:29.884+0000] {dag.py:3239} INFO - Sync 1 DAGs
[2024-10-10T14:09:29.896+0000] {logging_mixin.py:190} INFO - [2024-10-10T14:09:29.896+0000] {dag.py:4180} INFO - Setting next_dagrun for tutorial_dag to None, run_after=None
[2024-10-10T14:09:29.914+0000] {processor.py:208} INFO - Processing /home/airflow/.local/lib/python3.12/site-packages/airflow/example_dags/tutorial_dag.py took 0.057 seconds
[2024-10-10T14:10:00.825+0000] {processor.py:186} INFO - Started process (PID=1394) to work on /home/airflow/.local/lib/python3.12/site-packages/airflow/example_dags/tutorial_dag.py
[2024-10-10T14:10:00.826+0000] {processor.py:914} INFO - Processing file /home/airflow/.local/lib/python3.12/site-packages/airflow/example_dags/tutorial_dag.py for tasks to queue
[2024-10-10T14:10:00.828+0000] {logging_mixin.py:190} INFO - [2024-10-10T14:10:00.828+0000] {dagbag.py:588} INFO - Filling up the DagBag from /home/airflow/.local/lib/python3.12/site-packages/airflow/example_dags/tutorial_dag.py
[2024-10-10T14:10:00.835+0000] {processor.py:925} INFO - DAG(s) 'tutorial_dag' retrieved from /home/airflow/.local/lib/python3.12/site-packages/airflow/example_dags/tutorial_dag.py
[2024-10-10T14:10:00.851+0000] {logging_mixin.py:190} INFO - [2024-10-10T14:10:00.851+0000] {dag.py:3239} INFO - Sync 1 DAGs
[2024-10-10T14:10:00.863+0000] {logging_mixin.py:190} INFO - [2024-10-10T14:10:00.863+0000] {dag.py:4180} INFO - Setting next_dagrun for tutorial_dag to None, run_after=None
[2024-10-10T14:10:00.878+0000] {processor.py:208} INFO - Processing /home/airflow/.local/lib/python3.12/site-packages/airflow/example_dags/tutorial_dag.py took 0.057 seconds
[2024-10-10T14:10:31.933+0000] {processor.py:186} INFO - Started process (PID=1457) to work on /home/airflow/.local/lib/python3.12/site-packages/airflow/example_dags/tutorial_dag.py
[2024-10-10T14:10:31.933+0000] {processor.py:914} INFO - Processing file /home/airflow/.local/lib/python3.12/site-packages/airflow/example_dags/tutorial_dag.py for tasks to queue
[2024-10-10T14:10:31.935+0000] {logging_mixin.py:190} INFO - [2024-10-10T14:10:31.935+0000] {dagbag.py:588} INFO - Filling up the DagBag from /home/airflow/.local/lib/python3.12/site-packages/airflow/example_dags/tutorial_dag.py
[2024-10-10T14:10:31.942+0000] {processor.py:925} INFO - DAG(s) 'tutorial_dag' retrieved from /home/airflow/.local/lib/python3.12/site-packages/airflow/example_dags/tutorial_dag.py
[2024-10-10T14:10:31.956+0000] {logging_mixin.py:190} INFO - [2024-10-10T14:10:31.956+0000] {dag.py:3239} INFO - Sync 1 DAGs
[2024-10-10T14:10:31.968+0000] {logging_mixin.py:190} INFO - [2024-10-10T14:10:31.968+0000] {dag.py:4180} INFO - Setting next_dagrun for tutorial_dag to None, run_after=None
[2024-10-10T14:10:31.985+0000] {processor.py:208} INFO - Processing /home/airflow/.local/lib/python3.12/site-packages/airflow/example_dags/tutorial_dag.py took 0.057 seconds
[2024-10-10T14:11:02.152+0000] {processor.py:186} INFO - Started process (PID=1519) to work on /home/airflow/.local/lib/python3.12/site-packages/airflow/example_dags/tutorial_dag.py
[2024-10-10T14:11:02.153+0000] {processor.py:914} INFO - Processing file /home/airflow/.local/lib/python3.12/site-packages/airflow/example_dags/tutorial_dag.py for tasks to queue
[2024-10-10T14:11:02.155+0000] {logging_mixin.py:190} INFO - [2024-10-10T14:11:02.155+0000] {dagbag.py:588} INFO - Filling up the DagBag from /home/airflow/.local/lib/python3.12/site-packages/airflow/example_dags/tutorial_dag.py
[2024-10-10T14:11:02.160+0000] {processor.py:925} INFO - DAG(s) 'tutorial_dag' retrieved from /home/airflow/.local/lib/python3.12/site-packages/airflow/example_dags/tutorial_dag.py
[2024-10-10T14:11:02.174+0000] {logging_mixin.py:190} INFO - [2024-10-10T14:11:02.174+0000] {dag.py:3239} INFO - Sync 1 DAGs
[2024-10-10T14:11:02.186+0000] {logging_mixin.py:190} INFO - [2024-10-10T14:11:02.185+0000] {dag.py:4180} INFO - Setting next_dagrun for tutorial_dag to None, run_after=None
[2024-10-10T14:11:02.201+0000] {processor.py:208} INFO - Processing /home/airflow/.local/lib/python3.12/site-packages/airflow/example_dags/tutorial_dag.py took 0.053 seconds
[2024-10-10T14:11:33.243+0000] {processor.py:186} INFO - Started process (PID=1581) to work on /home/airflow/.local/lib/python3.12/site-packages/airflow/example_dags/tutorial_dag.py
[2024-10-10T14:11:33.244+0000] {processor.py:914} INFO - Processing file /home/airflow/.local/lib/python3.12/site-packages/airflow/example_dags/tutorial_dag.py for tasks to queue
[2024-10-10T14:11:33.246+0000] {logging_mixin.py:190} INFO - [2024-10-10T14:11:33.246+0000] {dagbag.py:588} INFO - Filling up the DagBag from /home/airflow/.local/lib/python3.12/site-packages/airflow/example_dags/tutorial_dag.py
[2024-10-10T14:11:33.251+0000] {processor.py:925} INFO - DAG(s) 'tutorial_dag' retrieved from /home/airflow/.local/lib/python3.12/site-packages/airflow/example_dags/tutorial_dag.py
[2024-10-10T14:11:33.266+0000] {logging_mixin.py:190} INFO - [2024-10-10T14:11:33.266+0000] {dag.py:3239} INFO - Sync 1 DAGs
[2024-10-10T14:11:33.276+0000] {logging_mixin.py:190} INFO - [2024-10-10T14:11:33.276+0000] {dag.py:4180} INFO - Setting next_dagrun for tutorial_dag to None, run_after=None
[2024-10-10T14:11:33.290+0000] {processor.py:208} INFO - Processing /home/airflow/.local/lib/python3.12/site-packages/airflow/example_dags/tutorial_dag.py took 0.050 seconds
[2024-10-10T14:12:04.111+0000] {processor.py:186} INFO - Started process (PID=1643) to work on /home/airflow/.local/lib/python3.12/site-packages/airflow/example_dags/tutorial_dag.py
[2024-10-10T14:12:04.112+0000] {processor.py:914} INFO - Processing file /home/airflow/.local/lib/python3.12/site-packages/airflow/example_dags/tutorial_dag.py for tasks to queue
[2024-10-10T14:12:04.114+0000] {logging_mixin.py:190} INFO - [2024-10-10T14:12:04.114+0000] {dagbag.py:588} INFO - Filling up the DagBag from /home/airflow/.local/lib/python3.12/site-packages/airflow/example_dags/tutorial_dag.py
[2024-10-10T14:12:04.120+0000] {processor.py:925} INFO - DAG(s) 'tutorial_dag' retrieved from /home/airflow/.local/lib/python3.12/site-packages/airflow/example_dags/tutorial_dag.py
[2024-10-10T14:12:04.135+0000] {logging_mixin.py:190} INFO - [2024-10-10T14:12:04.135+0000] {dag.py:3239} INFO - Sync 1 DAGs
[2024-10-10T14:12:04.146+0000] {logging_mixin.py:190} INFO - [2024-10-10T14:12:04.146+0000] {dag.py:4180} INFO - Setting next_dagrun for tutorial_dag to None, run_after=None
[2024-10-10T14:12:04.160+0000] {processor.py:208} INFO - Processing /home/airflow/.local/lib/python3.12/site-packages/airflow/example_dags/tutorial_dag.py took 0.054 seconds
[2024-10-10T14:12:34.949+0000] {processor.py:186} INFO - Started process (PID=1705) to work on /home/airflow/.local/lib/python3.12/site-packages/airflow/example_dags/tutorial_dag.py
[2024-10-10T14:12:34.949+0000] {processor.py:914} INFO - Processing file /home/airflow/.local/lib/python3.12/site-packages/airflow/example_dags/tutorial_dag.py for tasks to queue
[2024-10-10T14:12:34.951+0000] {logging_mixin.py:190} INFO - [2024-10-10T14:12:34.951+0000] {dagbag.py:588} INFO - Filling up the DagBag from /home/airflow/.local/lib/python3.12/site-packages/airflow/example_dags/tutorial_dag.py
[2024-10-10T14:12:34.957+0000] {processor.py:925} INFO - DAG(s) 'tutorial_dag' retrieved from /home/airflow/.local/lib/python3.12/site-packages/airflow/example_dags/tutorial_dag.py
[2024-10-10T14:12:34.972+0000] {logging_mixin.py:190} INFO - [2024-10-10T14:12:34.972+0000] {dag.py:3239} INFO - Sync 1 DAGs
[2024-10-10T14:12:34.983+0000] {logging_mixin.py:190} INFO - [2024-10-10T14:12:34.983+0000] {dag.py:4180} INFO - Setting next_dagrun for tutorial_dag to None, run_after=None
[2024-10-10T14:12:34.998+0000] {processor.py:208} INFO - Processing /home/airflow/.local/lib/python3.12/site-packages/airflow/example_dags/tutorial_dag.py took 0.054 seconds
